19:54:04 [INFO] Epoch 1/100 (115.0s) | loss=52.0389 (raw=52.2523) pos=1.9667 siz=-1.1439 ori=1.0143 vel=0.0000 nis=0.7101 ua=0.00 contrast=2.8022 | val=48.8292 val_pos=1.8541 | k_m=322.60 k_s=470.15 k_reg=0.0000 dp_reg=0.0000 | NaN=0
19:54:04 [INFO]   Saved checkpoint → checkpoints/mamba_dekf/checkpoint_epoch1.pt
19:54:04 [INFO]   New best model → checkpoints/mamba_dekf/best.pt (val_loss=48.8292)
19:56:44 [INFO] Epoch 2/100 (114.1s) | loss=51.9462 (raw=52.1503) pos=1.9613 siz=-1.1512 ori=1.0263 vel=0.0000 nis=0.7106 ua=0.00 contrast=2.7392 | val=48.7824 val_pos=1.8544 | k_m=322.58 k_s=470.28 k_reg=0.0000 dp_reg=0.0000 | NaN=0
19:56:44 [INFO]   Saved checkpoint → checkpoints/mamba_dekf/checkpoint_epoch2.pt
19:56:44 [INFO]   New best model → checkpoints/mamba_dekf/best.pt (val_loss=48.7824)
19:59:25 [INFO] Epoch 3/100 (114.6s) | loss=51.9880 (raw=52.1438) pos=1.9635 siz=-1.1404 ori=1.0243 vel=0.0000 nis=0.7109 ua=0.00 contrast=2.4053 | val=48.7563 val_pos=1.8523 | k_m=322.47 k_s=470.12 k_reg=0.0000 dp_reg=0.0000 | NaN=0
19:59:25 [INFO]   Saved checkpoint → checkpoints/mamba_dekf/checkpoint_epoch3.pt
19:59:25 [INFO]   New best model → checkpoints/mamba_dekf/best.pt (val_loss=48.7563)
20:02:07 [INFO] Epoch 4/100 (116.1s) | loss=51.8396 (raw=51.9751) pos=1.9646 siz=-1.1458 ori=1.0073 vel=0.0000 nis=0.7083 ua=0.00 contrast=2.2685 | val=48.7218 val_pos=1.8522 | k_m=322.50 k_s=470.24 k_reg=0.0000 dp_reg=0.0000 | NaN=0
20:02:07 [INFO]   Saved checkpoint → checkpoints/mamba_dekf/checkpoint_epoch4.pt
20:02:07 [INFO]   New best model → checkpoints/mamba_dekf/best.pt (val_loss=48.7218)
20:04:47 [INFO] Epoch 5/100 (115.1s) | loss=52.0451 (raw=52.1513) pos=1.9693 siz=-1.1465 ori=1.0235 vel=0.0000 nis=0.7111 ua=0.00 contrast=2.0604 | val=48.7850 val_pos=1.8546 | k_m=322.49 k_s=470.20 k_reg=0.0000 dp_reg=0.0000 | NaN=0
20:07:26 [INFO] Epoch 6/100 (112.6s) | loss=51.8543 (raw=51.9437) pos=1.9618 siz=-1.1424 ori=1.0227 vel=0.0000 nis=0.7110 ua=0.00 contrast=1.9447 | val=48.6912 val_pos=1.8504 | k_m=322.50 k_s=469.77 k_reg=0.0000 dp_reg=0.0000 | NaN=0
20:07:26 [INFO]   Saved checkpoint → checkpoints/mamba_dekf/checkpoint_epoch6.pt
20:07:26 [INFO]   New best model → checkpoints/mamba_dekf/best.pt (val_loss=48.6912)
20:10:03 [INFO] Epoch 7/100 (111.9s) | loss=51.8822 (raw=51.9833) pos=1.9599 siz=-1.1389 ori=1.0294 vel=0.0000 nis=0.7108 ua=0.00 contrast=2.0165 | val=48.7177 val_pos=1.8520 | k_m=322.52 k_s=470.17 k_reg=0.0000 dp_reg=0.0000 | NaN=0
20:12:43 [INFO] Epoch 8/100 (112.1s) | loss=51.6800 (raw=51.7439) pos=1.9626 siz=-1.1529 ori=1.0082 vel=0.0000 nis=0.7090 ua=0.00 contrast=1.7559 | val=48.8112 val_pos=1.8561 | k_m=322.54 k_s=469.82 k_reg=0.0000 dp_reg=0.0000 | NaN=0
20:15:24 [INFO] Epoch 9/100 (114.6s) | loss=44.4964 (raw=44.5300) pos=1.6734 siz=-1.1646 ori=1.0145 vel=0.0000 nis=0.7098 ua=0.12 contrast=1.8434 | val=28.9701 val_pos=1.0657 | k_m=322.54 k_s=469.87 k_reg=0.0000 dp_reg=0.0000 | NaN=0
20:15:24 [INFO]   Saved checkpoint → checkpoints/mamba_dekf/checkpoint_epoch9.pt
20:15:24 [INFO]   New best model → checkpoints/mamba_dekf/best.pt (val_loss=28.9701)
20:18:09 [INFO] Epoch 10/100 (118.8s) | loss=48.2387 (raw=48.2003) pos=1.8250 siz=-1.1837 ori=1.0191 vel=1.4047 nis=0.6563 ua=0.25 contrast=1.7413 | val=17.9026 val_pos=0.6219 | k_m=322.46 k_s=469.73 k_reg=0.0000 dp_reg=0.0000 | NaN=0
20:18:09 [INFO]   Saved checkpoint → checkpoints/mamba_dekf/checkpoint_epoch10.pt
20:18:09 [INFO]   New best model → checkpoints/mamba_dekf/best.pt (val_loss=17.9026)
20:20:55 [INFO] Epoch 11/100 (120.0s) | loss=42.9693 (raw=42.8694) pos=1.6104 siz=-1.1889 ori=1.0305 vel=1.2348 nis=0.6632 ua=0.38 contrast=1.6469 | val=11.5721 val_pos=0.3679 | k_m=322.42 k_s=469.88 k_reg=0.0000 dp_reg=0.0000 | NaN=0
20:20:55 [INFO]   Saved checkpoint → checkpoints/mamba_dekf/checkpoint_epoch11.pt
20:20:55 [INFO]   New best model → checkpoints/mamba_dekf/best.pt (val_loss=11.5721)
20:23:40 [INFO] Epoch 12/100 (119.8s) | loss=39.4093 (raw=39.2767) pos=1.4778 siz=-1.1898 ori=0.9929 vel=1.1266 nis=0.6584 ua=0.50 contrast=1.6850 | val=6.9002 val_pos=0.1972 | k_m=322.44 k_s=470.06 k_reg=0.0000 dp_reg=0.0000 | NaN=0
20:23:40 [INFO]   Saved checkpoint → checkpoints/mamba_dekf/checkpoint_epoch12.pt
20:23:40 [INFO]   New best model → checkpoints/mamba_dekf/best.pt (val_loss=6.9002)
20:26:28 [INFO] Epoch 13/100 (120.8s) | loss=36.8251 (raw=36.6662) pos=1.3849 siz=-1.1956 ori=0.9597 vel=1.0453 nis=0.6485 ua=0.62 contrast=1.6612 | val=4.6756 val_pos=0.1112 | k_m=322.33 k_s=469.73 k_reg=0.0000 dp_reg=0.0000 | NaN=0
20:26:28 [INFO]   Saved checkpoint → checkpoints/mamba_dekf/checkpoint_epoch13.pt
20:26:28 [INFO]   New best model → checkpoints/mamba_dekf/best.pt (val_loss=4.6756)
20:29:14 [INFO] Epoch 14/100 (121.0s) | loss=35.2334 (raw=35.0435) pos=1.3266 siz=-1.1958 ori=0.9420 vel=0.9972 nis=0.6459 ua=0.75 contrast=1.5607 | val=3.6672 val_pos=0.0709 | k_m=322.64 k_s=469.80 k_reg=0.0000 dp_reg=0.0000 | NaN=0
20:29:14 [INFO]   Saved checkpoint → checkpoints/mamba_dekf/checkpoint_epoch14.pt
20:29:14 [INFO]   New best model → checkpoints/mamba_dekf/best.pt (val_loss=3.6672)
20:31:58 [INFO] Epoch 15/100 (118.4s) | loss=34.6551 (raw=34.4610) pos=1.3064 siz=-1.2045 ori=0.9370 vel=0.9719 nis=0.6432 ua=0.88 contrast=1.5820 | val=2.2668 val_pos=0.0163 | k_m=322.96 k_s=469.42 k_reg=0.0000 dp_reg=0.0000 | NaN=0
20:31:58 [INFO]   Saved checkpoint → checkpoints/mamba_dekf/checkpoint_epoch15.pt
20:31:58 [INFO]   New best model → checkpoints/mamba_dekf/best.pt (val_loss=2.2668)
20:34:45 [INFO] Epoch 16/100 (120.9s) | loss=34.2104 (raw=34.0040) pos=1.2887 siz=-1.2078 ori=0.9382 vel=0.9601 nis=0.6435 ua=1.00 contrast=1.5571 | val=1.3456 val_pos=-0.0203 | k_m=323.43 k_s=469.34 k_reg=0.0000 dp_reg=0.0000 | NaN=0
20:34:45 [INFO]   Saved checkpoint → checkpoints/mamba_dekf/checkpoint_epoch16.pt
20:34:45 [INFO]   New best model → checkpoints/mamba_dekf/best.pt (val_loss=1.3456)
20:37:30 [INFO] Epoch 17/100 (119.8s) | loss=33.5643 (raw=33.3539) pos=1.2631 siz=-1.2096 ori=0.9372 vel=0.9344 nis=0.6445 ua=1.00 contrast=1.5781 | val=1.0635 val_pos=-0.0314 | k_m=323.49 k_s=469.08 k_reg=0.0000 dp_reg=0.0000 | NaN=0
20:37:31 [INFO]   Saved checkpoint → checkpoints/mamba_dekf/checkpoint_epoch17.pt
20:37:31 [INFO]   New best model → checkpoints/mamba_dekf/best.pt (val_loss=1.0635)
20:40:16 [INFO] Epoch 18/100 (119.7s) | loss=33.3334 (raw=33.1143) pos=1.2509 siz=-1.2074 ori=0.9438 vel=0.9229 nis=0.6449 ua=1.00 contrast=1.5887 | val=0.5228 val_pos=-0.0528 | k_m=323.83 k_s=468.87 k_reg=0.0000 dp_reg=0.0000 | NaN=0
20:40:17 [INFO]   Saved checkpoint → checkpoints/mamba_dekf/checkpoint_epoch18.pt
20:40:17 [INFO]   New best model → checkpoints/mamba_dekf/best.pt (val_loss=0.5228)
20:43:02 [INFO] Epoch 19/100 (120.3s) | loss=33.1089 (raw=32.8858) pos=1.2406 siz=-1.2088 ori=0.9479 vel=0.9074 nis=0.6455 ua=1.00 contrast=1.6062 | val=0.1483 val_pos=-0.0707 | k_m=323.94 k_s=468.70 k_reg=0.0000 dp_reg=0.0000 | NaN=0
20:43:03 [INFO]   Saved checkpoint → checkpoints/mamba_dekf/checkpoint_epoch19.pt
20:43:03 [INFO]   New best model → checkpoints/mamba_dekf/best.pt (val_loss=0.1483)
20:45:47 [INFO] Epoch 20/100 (119.7s) | loss=32.9181 (raw=32.6750) pos=1.2371 siz=-1.2058 ori=0.9327 vel=0.8976 nis=0.6443 ua=1.00 contrast=1.5306 | val=-0.2243 val_pos=-0.0825 | k_m=323.98 k_s=468.73 k_reg=0.0000 dp_reg=0.0001 | NaN=0
20:45:47 [INFO]   Saved checkpoint → checkpoints/mamba_dekf/checkpoint_epoch20.pt
20:45:47 [INFO]   New best model → checkpoints/mamba_dekf/best.pt (val_loss=-0.2243)
20:48:32 [INFO] Epoch 21/100 (120.3s) | loss=32.6584 (raw=32.4106) pos=1.2232 siz=-1.2047 ori=0.9422 vel=0.8847 nis=0.6460 ua=1.00 contrast=1.5513 | val=-0.3887 val_pos=-0.0899 | k_m=324.07 k_s=468.72 k_reg=0.0000 dp_reg=0.0001 | NaN=0
20:48:32 [INFO]   Saved checkpoint → checkpoints/mamba_dekf/checkpoint_epoch21.pt
20:48:32 [INFO]   New best model → checkpoints/mamba_dekf/best.pt (val_loss=-0.3887)
20:51:16 [INFO] Epoch 22/100 (120.0s) | loss=32.7669 (raw=32.5027) pos=1.2260 siz=-1.1987 ori=0.9435 vel=0.8812 nis=0.6459 ua=1.00 contrast=1.4922 | val=-0.5728 val_pos=-0.0972 | k_m=323.90 k_s=468.77 k_reg=0.0000 dp_reg=0.0001 | NaN=0
20:51:16 [INFO]   Saved checkpoint → checkpoints/mamba_dekf/checkpoint_epoch22.pt
20:51:16 [INFO]   New best model → checkpoints/mamba_dekf/best.pt (val_loss=-0.5728)
20:54:01 [INFO] Epoch 23/100 (119.3s) | loss=32.6739 (raw=32.4145) pos=1.2230 siz=-1.2032 ori=0.9416 vel=0.8717 nis=0.6458 ua=1.00 contrast=1.5666 | val=-0.8498 val_pos=-0.1090 | k_m=324.00 k_s=468.62 k_reg=0.0000 dp_reg=0.0001 | NaN=0
20:54:01 [INFO]   Saved checkpoint → checkpoints/mamba_dekf/checkpoint_epoch23.pt
20:54:01 [INFO]   New best model → checkpoints/mamba_dekf/best.pt (val_loss=-0.8498)
20:56:49 [INFO] Epoch 24/100 (120.6s) | loss=32.2989 (raw=32.0263) pos=1.2074 siz=-1.2060 ori=0.9463 vel=0.8634 nis=0.6447 ua=1.00 contrast=1.5099 | val=-1.0500 val_pos=-0.1177 | k_m=323.83 k_s=468.68 k_reg=0.0000 dp_reg=0.0001 | NaN=0
20:56:49 [INFO]   Saved checkpoint → checkpoints/mamba_dekf/checkpoint_epoch24.pt
20:56:49 [INFO]   New best model → checkpoints/mamba_dekf/best.pt (val_loss=-1.0500)
20:59:36 [INFO] Epoch 25/100 (120.9s) | loss=32.0809 (raw=31.7949) pos=1.2042 siz=-1.2033 ori=0.9264 vel=0.8564 nis=0.6425 ua=1.00 contrast=1.4532 | val=-1.2807 val_pos=-0.1266 | k_m=323.82 k_s=468.80 k_reg=0.0000 dp_reg=0.0001 | NaN=0
20:59:36 [INFO]   Saved checkpoint → checkpoints/mamba_dekf/checkpoint_epoch25.pt
20:59:36 [INFO]   New best model → checkpoints/mamba_dekf/best.pt (val_loss=-1.2807)
21:02:22 [INFO] Epoch 26/100 (119.6s) | loss=31.9654 (raw=31.6828) pos=1.1965 siz=-1.2089 ori=0.9388 vel=0.8522 nis=0.6425 ua=1.00 contrast=1.5107 | val=-1.4766 val_pos=-0.1353 | k_m=323.96 k_s=468.58 k_reg=0.0000 dp_reg=0.0001 | NaN=0
21:02:22 [INFO]   Saved checkpoint → checkpoints/mamba_dekf/checkpoint_epoch26.pt
21:02:22 [INFO]   New best model → checkpoints/mamba_dekf/best.pt (val_loss=-1.4766)
21:05:08 [INFO] Epoch 27/100 (120.4s) | loss=32.1242 (raw=31.8381) pos=1.2008 siz=-1.2125 ori=0.9467 vel=0.8492 nis=0.6441 ua=1.00 contrast=1.5241 | val=-1.5240 val_pos=-0.1374 | k_m=324.04 k_s=468.59 k_reg=0.0000 dp_reg=0.0001 | NaN=0
21:05:08 [INFO]   Saved checkpoint → checkpoints/mamba_dekf/checkpoint_epoch27.pt
21:05:08 [INFO]   New best model → checkpoints/mamba_dekf/best.pt (val_loss=-1.5240)
21:07:52 [INFO] Epoch 28/100 (119.9s) | loss=31.9863 (raw=31.6928) pos=1.1981 siz=-1.2134 ori=0.9378 vel=0.8427 nis=0.6420 ua=1.00 contrast=1.5068 | val=-1.6489 val_pos=-0.1417 | k_m=324.04 k_s=468.76 k_reg=0.0000 dp_reg=0.0001 | NaN=0
21:07:52 [INFO]   Saved checkpoint → checkpoints/mamba_dekf/checkpoint_epoch28.pt
21:07:52 [INFO]   New best model → checkpoints/mamba_dekf/best.pt (val_loss=-1.6489)
21:10:36 [INFO] Epoch 29/100 (119.9s) | loss=31.7282 (raw=31.4290) pos=1.1918 siz=-1.2096 ori=0.9214 vel=0.8425 nis=0.6405 ua=1.00 contrast=1.5020 | val=-1.7633 val_pos=-0.1463 | k_m=323.84 k_s=468.79 k_reg=0.0000 dp_reg=0.0001 | NaN=0
21:10:37 [INFO]   Saved checkpoint → checkpoints/mamba_dekf/checkpoint_epoch29.pt
21:10:37 [INFO]   New best model → checkpoints/mamba_dekf/best.pt (val_loss=-1.7633)
21:13:22 [INFO] Epoch 30/100 (120.0s) | loss=31.5822 (raw=31.2720) pos=1.1795 siz=-1.2021 ori=0.9380 vel=0.8330 nis=0.6418 ua=1.00 contrast=1.4598 | val=-1.8447 val_pos=-0.1511 | k_m=323.97 k_s=468.81 k_reg=0.0000 dp_reg=0.0001 | NaN=0
21:13:22 [INFO]   Saved checkpoint → checkpoints/mamba_dekf/checkpoint_epoch30.pt
21:13:22 [INFO]   New best model → checkpoints/mamba_dekf/best.pt (val_loss=-1.8447)
21:16:07 [INFO] Epoch 31/100 (119.6s) | loss=31.4322 (raw=31.1148) pos=1.1772 siz=-1.2080 ori=0.9295 vel=0.8283 nis=0.6397 ua=1.00 contrast=1.4480 | val=-2.0251 val_pos=-0.1569 | k_m=323.85 k_s=469.09 k_reg=0.0000 dp_reg=0.0001 | NaN=0
21:16:07 [INFO]   Saved checkpoint → checkpoints/mamba_dekf/checkpoint_epoch31.pt
21:16:07 [INFO]   New best model → checkpoints/mamba_dekf/best.pt (val_loss=-2.0251)
21:18:54 [INFO] Epoch 32/100 (120.2s) | loss=31.4107 (raw=31.0955) pos=1.1773 siz=-1.2085 ori=0.9248 vel=0.8259 nis=0.6400 ua=1.00 contrast=1.4956 | val=-1.9693 val_pos=-0.1543 | k_m=323.90 k_s=468.83 k_reg=0.0000 dp_reg=0.0001 | NaN=0
21:21:38 [INFO] Epoch 33/100 (118.9s) | loss=31.3828 (raw=31.0632) pos=1.1730 siz=-1.2112 ori=0.9364 vel=0.8260 nis=0.6410 ua=1.00 contrast=1.4985 | val=-2.1585 val_pos=-0.1615 | k_m=323.70 k_s=468.91 k_reg=0.0000 dp_reg=0.0001 | NaN=0
21:21:38 [INFO]   Saved checkpoint → checkpoints/mamba_dekf/checkpoint_epoch33.pt
21:21:38 [INFO]   New best model → checkpoints/mamba_dekf/best.pt (val_loss=-2.1585)
21:24:24 [INFO] Epoch 34/100 (120.6s) | loss=31.2974 (raw=30.9607) pos=1.1701 siz=-1.2121 ori=0.9370 vel=0.8257 nis=0.6405 ua=1.00 contrast=1.4060 | val=-2.3126 val_pos=-0.1686 | k_m=323.62 k_s=469.06 k_reg=0.0000 dp_reg=0.0001 | NaN=0
21:24:24 [INFO]   Saved checkpoint → checkpoints/mamba_dekf/checkpoint_epoch34.pt
21:24:24 [INFO]   New best model → checkpoints/mamba_dekf/best.pt (val_loss=-2.3126)
21:27:09 [INFO] Epoch 35/100 (120.7s) | loss=31.3151 (raw=30.9847) pos=1.1718 siz=-1.2107 ori=0.9301 vel=0.8275 nis=0.6390 ua=1.00 contrast=1.4920 | val=-2.2507 val_pos=-0.1655 | k_m=323.86 k_s=469.10 k_reg=0.0000 dp_reg=0.0001 | NaN=0
21:29:55 [INFO] Epoch 36/100 (120.2s) | loss=31.4231 (raw=31.0757) pos=1.1749 siz=-1.2039 ori=0.9314 vel=0.8218 nis=0.6379 ua=1.00 contrast=1.3928 | val=-2.4473 val_pos=-0.1737 | k_m=323.73 k_s=468.94 k_reg=0.0000 dp_reg=0.0001 | NaN=0
21:29:55 [INFO]   Saved checkpoint → checkpoints/mamba_dekf/checkpoint_epoch36.pt
21:29:55 [INFO]   New best model → checkpoints/mamba_dekf/best.pt (val_loss=-2.4473)
21:32:35 [INFO] Epoch 37/100 (113.9s) | loss=31.2024 (raw=30.8553) pos=1.1635 siz=-1.2068 ori=0.9413 vel=0.8138 nis=0.6386 ua=1.00 contrast=1.4105 | val=-2.5619 val_pos=-0.1786 | k_m=323.90 k_s=469.03 k_reg=0.0000 dp_reg=0.0001 | NaN=0
21:32:35 [INFO]   Saved checkpoint → checkpoints/mamba_dekf/checkpoint_epoch37.pt
21:32:35 [INFO]   New best model → checkpoints/mamba_dekf/best.pt (val_loss=-2.5619)
