Computing metrics for class bicycle...

Computed thresholds                                                                                                                                                                                                                                     

                MOTAR   MOTP    Recall  Frames  GT      GT-Mtch GT-Miss GT-IDS  Pred    Pred-TP Pred-FP Pred-IDS                                                                                                                                        
thr_0.5685      0.000   0.211   0.480   1589    1993    441     1036    516     1959    441     1002    516
                MOTAR   MOTP    Recall  Frames  GT      GT-Mtch GT-Miss GT-IDS  Pred    Pred-TP Pred-FP Pred-IDS                                                                                                                                        
thr_0.5957      0.000   0.209   0.456   1515    1993    424     1085    484     1749    424     841     484
                MOTAR   MOTP    Recall  Frames  GT      GT-Mtch GT-Miss GT-IDS  Pred    Pred-TP Pred-FP Pred-IDS                                                                                                                                        
thr_0.6143      0.000   0.211   0.431   1487    1993    398     1134    461     1611    398     752     461
                MOTAR   MOTP    Recall  Frames  GT      GT-Mtch GT-Miss GT-IDS  Pred    Pred-TP Pred-FP Pred-IDS                                                                                                                                        
thr_0.6533      0.000   0.218   0.395   1438    1993    373     1206    414     1380    373     593     414
                MOTAR   MOTP    Recall  Frames  GT      GT-Mtch GT-Miss GT-IDS  Pred    Pred-TP Pred-FP Pred-IDS                                                                                                                                        
thr_0.6780      0.000   0.220   0.361   1404    1993    348     1273    372     1194    348     474     372
                MOTAR   MOTP    Recall  Frames  GT      GT-Mtch GT-Miss GT-IDS  Pred    Pred-TP Pred-FP Pred-IDS                                                                                                                                        
thr_0.7130      0.000   0.221   0.316   1385    1993    316     1363    314     979     316     349     314

Computing metrics for class bus...

Computed thresholds                                                                                                                                                                                                                                     

                MOTAR   MOTP    Recall  Frames  GT      GT-Mtch GT-Miss GT-IDS  Pred    Pred-TP Pred-FP Pred-IDS                                                                                                                                        
thr_0.3996      0.000   0.431   0.821   1787    2112    723     379     1010    5228    723     3495    1010

                MOTAR   MOTP    Recall  Frames  GT      GT-Mtch GT-Miss GT-IDS  Pred    Pred-TP Pred-FP Pred-IDS                                                                                                                                        
thr_0.4550      0.000   0.428   0.795   1722    2112    702     434     976     4923    702     3245    976

                MOTAR   MOTP    Recall  Frames  GT      GT-Mtch GT-Miss GT-IDS  Pred    Pred-TP Pred-FP Pred-IDS                                                                                                                                        
thr_0.5423      0.000   0.424   0.759   1631    2112    680     508     924     4498    680     2894    924

                MOTAR   MOTP    Recall  Frames  GT      GT-Mtch GT-Miss GT-IDS  Pred    Pred-TP Pred-FP Pred-IDS                                                                                                                                        
thr_0.6064      0.000   0.415   0.714   1589    2112    646     603     863     4139    646     2630    863

                MOTAR   MOTP    Recall  Frames  GT      GT-Mtch GT-Miss GT-IDS  Pred    Pred-TP Pred-FP Pred-IDS                                                                                                                                        
thr_0.6780      0.000   0.403   0.656   1551    2112    607     727     778     3688    607     2303    778

                MOTAR   MOTP    Recall  Frames  GT      GT-Mtch GT-Miss GT-IDS  Pred    Pred-TP Pred-FP Pred-IDS                                                                                                                                        
thr_0.7226      0.000   0.396   0.607   1547    2112    574     830     708     3385    574     2103    708

                MOTAR   MOTP    Recall  Frames  GT      GT-Mtch GT-Miss GT-IDS  Pred    Pred-TP Pred-FP Pred-IDS                                                                                                                                        
thr_0.7540      0.000   0.380   0.546   1547    2112    530     959     623     3005    530     1852    623

                MOTAR   MOTP    Recall  Frames  GT      GT-Mtch GT-Miss GT-IDS  Pred    Pred-TP Pred-FP Pred-IDS                                                                                                                                        
thr_0.7932      0.000   0.354   0.467   1536    2112    471     1126    515     2533    471     1547    515

                MOTAR   MOTP    Recall  Frames  GT      GT-Mtch GT-Miss GT-IDS  Pred    Pred-TP Pred-FP Pred-IDS                                                                                                                                        
thr_0.8140      0.000   0.342   0.405   1531    2112    433     1257    422     2124    433     1269    422

                MOTAR   MOTP    Recall  Frames  GT      GT-Mtch GT-Miss GT-IDS  Pred    Pred-TP Pred-FP Pred-IDS                                                                                                                                        
thr_0.8342      0.000   0.330   0.353   1530    2112    392     1367    353     1763    392     1018    353

                MOTAR   MOTP    Recall  Frames  GT      GT-Mtch GT-Miss GT-IDS  Pred    Pred-TP Pred-FP Pred-IDS                                                                                                                                        
thr_0.8535      0.000   0.321   0.296   1529    2112    345     1487    280     1380    345     755     280

Computing metrics for class car...

Computed thresholds                                                                                                                                                                                                                                     

                MOTAR   MOTP    Recall  Frames  GT      GT-Mtch GT-Miss GT-IDS  Pred    Pred-TP Pred-FP Pred-IDS                                                                                                                                        
thr_0.4215      0.000   0.253   0.810   5785    58317   23901   11074   23342   134469  23901   87226   23342

                MOTAR   MOTP    Recall  Frames  GT      GT-Mtch GT-Miss GT-IDS  Pred    Pred-TP Pred-FP Pred-IDS                                                                                                                                        
thr_0.4533      0.000   0.249   0.789   5784    58317   23318   12319   22680   128691  23318   82693   22680

                MOTAR   MOTP    Recall  Frames  GT      GT-Mtch GT-Miss GT-IDS  Pred    Pred-TP Pred-FP Pred-IDS                                                                                                                                        
thr_0.4840      0.000   0.243   0.765   5770    58317   22661   13695   21961   123036  22661   78414   21961

                MOTAR   MOTP    Recall  Frames  GT      GT-Mtch GT-Miss GT-IDS  Pred    Pred-TP Pred-FP Pred-IDS                                                                                                                                        
thr_0.5158      0.000   0.238   0.738   5770    58317   21907   15302   21108   116967  21907   73952   21108

                MOTAR   MOTP    Recall  Frames  GT      GT-Mtch GT-Miss GT-IDS  Pred    Pred-TP Pred-FP Pred-IDS                                                                                                                                        
thr_0.5471      0.000   0.233   0.707   5754    58317   21055   17112   20150   110565  21055   69360   20150

                MOTAR   MOTP    Recall  Frames  GT      GT-Mtch GT-Miss GT-IDS  Pred    Pred-TP Pred-FP Pred-IDS                                                                                                                                        
thr_0.5758      0.000   0.227   0.675   5743    58317   20176   18941   19200   104093  20176   64717   19200

                MOTAR   MOTP    Recall  Frames  GT      GT-Mtch GT-Miss GT-IDS  Pred    Pred-TP Pred-FP Pred-IDS                                                                                                                                        
thr_0.6016      0.000   0.223   0.640   5742    58317   19213   20982   18122   97080   19213   59745   18122

                MOTAR   MOTP    Recall  Frames  GT      GT-Mtch GT-Miss GT-IDS  Pred    Pred-TP Pred-FP Pred-IDS                                                                                                                                        
thr_0.6265      0.000   0.218   0.602   5741    58317   18169   23215   16933   89680   18169   54578   16933

                MOTAR   MOTP    Recall  Frames  GT      GT-Mtch GT-Miss GT-IDS  Pred    Pred-TP Pred-FP Pred-IDS                                                                                                                                        
thr_0.6497      0.000   0.214   0.563   5736    58317   17157   25490   15670   82182   17157   49355   15670

                MOTAR   MOTP    Recall  Frames  GT      GT-Mtch GT-Miss GT-IDS  Pred    Pred-TP Pred-FP Pred-IDS                                                                                                                                        
thr_0.6730      0.000   0.212   0.519   5735    58317   15973   28076   14268   73915   15973   43674   14268

                MOTAR   MOTP    Recall  Frames  GT      GT-Mtch GT-Miss GT-IDS  Pred    Pred-TP Pred-FP Pred-IDS                                                                                                                                        
thr_0.6963      0.000   0.208   0.470   5734    58317   14722   30916   12679   65122   14722   37721   12679

                MOTAR   MOTP    Recall  Frames  GT      GT-Mtch GT-Miss GT-IDS  Pred    Pred-TP Pred-FP Pred-IDS                                                                                                                                        
thr_0.7191      0.000   0.206   0.417   5731    58317   13337   34026   10954   55757   13337   31466   10954

                MOTAR   MOTP    Recall  Frames  GT      GT-Mtch GT-Miss GT-IDS  Pred    Pred-TP Pred-FP Pred-IDS                                                                                                                                        
thr_0.7411      0.000   0.203   0.362   5731    58317   11857   37219   9241    46616   11857   25518   9241

                MOTAR   MOTP    Recall  Frames  GT      GT-Mtch GT-Miss GT-IDS  Pred    Pred-TP Pred-FP Pred-IDS                                                                                                                                        
thr_0.7628      0.000   0.198   0.305   5730    58317   10326   40557   7434    37541   10326   19781   7434

Computing metrics for class motorcycle...

Computed thresholds                                                                                                                                                                                                                                     

                MOTAR   MOTP    Recall  Frames  GT      GT-Mtch GT-Miss GT-IDS  Pred    Pred-TP Pred-FP Pred-IDS                                                                                                                                        
thr_0.5110      0.000   0.290   0.627   1575    1977    526     737     714     2588    526     1348    714

                MOTAR   MOTP    Recall  Frames  GT      GT-Mtch GT-Miss GT-IDS  Pred    Pred-TP Pred-FP Pred-IDS                                                                                                                                        
thr_0.5391      0.000   0.286   0.599   1486    1977    504     792     681     2354    504     1169    681

                MOTAR   MOTP    Recall  Frames  GT      GT-Mtch GT-Miss GT-IDS  Pred    Pred-TP Pred-FP Pred-IDS                                                                                                                                        
thr_0.5835      0.000   0.274   0.556   1404    1977    481     877     619     2069    481     969     619

                MOTAR   MOTP    Recall  Frames  GT      GT-Mtch GT-Miss GT-IDS  Pred    Pred-TP Pred-FP Pred-IDS                                                                                                                                                 
thr_0.6233      0.000   0.264   0.517   1362    1977    457     955     565     1839    457     817     565

                MOTAR   MOTP    Recall  Frames  GT      GT-Mtch GT-Miss GT-IDS  Pred    Pred-TP Pred-FP Pred-IDS                                                                                                                                                 
thr_0.6450      0.000   0.256   0.481   1343    1977    431     1027    519     1682    431     732     519

                MOTAR   MOTP    Recall  Frames  GT      GT-Mtch GT-Miss GT-IDS  Pred    Pred-TP Pred-FP Pred-IDS                                                                                                                                                 
thr_0.6694      0.000   0.261   0.432   1331    1977    397     1122    458     1492    397     637     458

                MOTAR   MOTP    Recall  Frames  GT      GT-Mtch GT-Miss GT-IDS  Pred    Pred-TP Pred-FP Pred-IDS                                                                                                                                                 
thr_0.7046      0.000   0.273   0.381   1308    1977    364     1223    390     1236    364     482     390

                MOTAR   MOTP    Recall  Frames  GT      GT-Mtch GT-Miss GT-IDS  Pred    Pred-TP Pred-FP Pred-IDS                                                                                                                                                 
thr_0.7405      0.000   0.264   0.313   1296    1977    318     1358    301     971     318     352     301

Computing metrics for class pedestrian...

Computed thresholds                                                                                                                                                                                                                                              

                MOTAR   MOTP    Recall  Frames  GT      GT-Mtch GT-Miss GT-IDS  Pred    Pred-TP Pred-FP Pred-IDS                                                                                                                                                 
thr_0.4560      0.000   0.359   0.861   4527    25423   11380   3544    10499   44034   11380   22155   10499

                MOTAR   MOTP    Recall  Frames  GT      GT-Mtch GT-Miss GT-IDS  Pred    Pred-TP Pred-FP Pred-IDS                                                                 
thr_0.4913      0.000   0.361   0.840   4471    25423   11130   4060    10233   41858   11130   20495   10233

                MOTAR   MOTP    Recall  Frames  GT      GT-Mtch GT-Miss GT-IDS  Pred    Pred-TP Pred-FP Pred-IDS                                                                                                                                                 
thr_0.5275      0.000   0.363   0.818   4436    25423   10865   4626    9932    39620   10865   18823   9932

                MOTAR   MOTP    Recall  Frames  GT      GT-Mtch GT-Miss GT-IDS  Pred    Pred-TP Pred-FP Pred-IDS                                                                                                                                                 
thr_0.5583      0.000   0.366   0.793   4403    25423   10556   5269    9598    37438   10556   17284   9598

                MOTAR   MOTP    Recall  Frames  GT      GT-Mtch GT-Miss GT-IDS  Pred    Pred-TP Pred-FP Pred-IDS                                                                                                                                                 
thr_0.5882      0.000   0.369   0.766   4379    25423   10224   5950    9249    35216   10224   15743   9249

                MOTAR   MOTP    Recall  Frames  GT      GT-Mtch GT-Miss GT-IDS  Pred    Pred-TP Pred-FP Pred-IDS                                                                                                                                                 
thr_0.6132      0.000   0.374   0.735   4360    25423   9846    6732    8845    33105   9846    14414   8845

                MOTAR   MOTP    Recall  Frames  GT      GT-Mtch GT-Miss GT-IDS  Pred    Pred-TP Pred-FP Pred-IDS                                                                                                                                                 
thr_0.6366      0.000   0.380   0.702   4340    25423   9420    7575    8428    30885   9420    13037   8428

                MOTAR   MOTP    Recall  Frames  GT      GT-Mtch GT-Miss GT-IDS  Pred    Pred-TP Pred-FP Pred-IDS                                                                                                                                        
thr_0.6603      0.000   0.386   0.667   4317    25423   8987    8459    7977    28583   8987    11619   7977

                MOTAR   MOTP    Recall  Frames  GT      GT-Mtch GT-Miss GT-IDS  Pred    Pred-TP Pred-FP Pred-IDS                                                                                                                                        
thr_0.6784      0.000   0.391   0.634   4298    25423   8580    9302    7541    26455   8580    10334   7541

                MOTAR   MOTP    Recall  Frames  GT      GT-Mtch GT-Miss GT-IDS  Pred    Pred-TP Pred-FP Pred-IDS                                                                                                                                        
thr_0.6952      0.000   0.397   0.599   4286    25423   8101    10190   7132    24333   8101    9100    7132

                MOTAR   MOTP    Recall  Frames  GT      GT-Mtch GT-Miss GT-IDS  Pred    Pred-TP Pred-FP Pred-IDS                                                                                                                                        
thr_0.7112      0.000   0.405   0.564   4277    25423   7624    11078   6721    22184   7624    7839    6721

                MOTAR   MOTP    Recall  Frames  GT      GT-Mtch GT-Miss GT-IDS  Pred    Pred-TP Pred-FP Pred-IDS                                                                                                                                        
thr_0.7277      0.086   0.417   0.523   4277    25423   7112    12137   6174    19784   7112    6498    6174

                MOTAR   MOTP    Recall  Frames  GT      GT-Mtch GT-Miss GT-IDS  Pred    Pred-TP Pred-FP Pred-IDS                                                                                                                                        
thr_0.7434      0.183   0.425   0.476   4276    25423   6495    13322   5606    17407   6495    5306    5606

                MOTAR   MOTP    Recall  Frames  GT      GT-Mtch GT-Miss GT-IDS  Pred    Pred-TP Pred-FP Pred-IDS                                                                                                                                        
thr_0.7585      0.304   0.435   0.428   4273    25423   5904    14543   4976    14990   5904    4110    4976

                MOTAR   MOTP    Recall  Frames  GT      GT-Mtch GT-Miss GT-IDS  Pred    Pred-TP Pred-FP Pred-IDS                                                                                                                                        
thr_0.7733      0.414   0.444   0.376   4267    25423   5284    15863   4276    12656   5284    3096    4276

                MOTAR   MOTP    Recall  Frames  GT      GT-Mtch GT-Miss GT-IDS  Pred    Pred-TP Pred-FP Pred-IDS                                                                                                                                        
thr_0.7884      0.514   0.454   0.321   4266    25423   4575    17262   3586    10384   4575    2223    3586

Computing metrics for class trailer...

Computed thresholds                                                                                                                                                                                                                                     

                MOTAR   MOTP    Recall  Frames  GT      GT-Mtch GT-Miss GT-IDS  Pred    Pred-TP Pred-FP Pred-IDS                                                                                                                                        
thr_0.3534      0.000   0.578   0.634   1384    2425    639     887     899     4388    639     2850    899

                MOTAR   MOTP    Recall  Frames  GT      GT-Mtch GT-Miss GT-IDS  Pred    Pred-TP Pred-FP Pred-IDS                                                                                                                                        
thr_0.4045      0.000   0.557   0.601   1235    2425    608     968     849     3834    608     2377    849

                MOTAR   MOTP    Recall  Frames  GT      GT-Mtch GT-Miss GT-IDS  Pred    Pred-TP Pred-FP Pred-IDS                                                                                                                                        
thr_0.4401      0.000   0.529   0.567   1179    2425    574     1050    801     3476    574     2101    801

                MOTAR   MOTP    Recall  Frames  GT      GT-Mtch GT-Miss GT-IDS  Pred    Pred-TP Pred-FP Pred-IDS                                                                                                                                        
thr_0.4885      0.000   0.515   0.525   1126    2425    526     1151    748     3065    526     1791    748

                MOTAR   MOTP    Recall  Frames  GT      GT-Mtch GT-Miss GT-IDS  Pred    Pred-TP Pred-FP Pred-IDS                                                                                                                                        
thr_0.5538      0.000   0.497   0.482   1074    2425    491     1255    679     2657    491     1487    679

                MOTAR   MOTP    Recall  Frames  GT      GT-Mtch GT-Miss GT-IDS  Pred    Pred-TP Pred-FP Pred-IDS                                                                                                                                        
thr_0.6049      0.000   0.496   0.436   1043    2425    453     1367    605     2283    453     1225    605

                MOTAR   MOTP    Recall  Frames  GT      GT-Mtch GT-Miss GT-IDS  Pred    Pred-TP Pred-FP Pred-IDS                                                                                                                                        
thr_0.6511      0.000   0.476   0.394   1024    2425    406     1470    549     1965    406     1010    549

                MOTAR   MOTP    Recall  Frames  GT      GT-Mtch GT-Miss GT-IDS  Pred    Pred-TP Pred-FP Pred-IDS                                                                                                                                        
thr_0.7092      0.000   0.454   0.321   1006    2425    348     1647    430     1472    348     694     430

Computing metrics for class truck...

Computed thresholds                                                                                                                                                                                                                                     

                MOTAR   MOTP    Recall  Frames  GT      GT-Mtch GT-Miss GT-IDS  Pred    Pred-TP Pred-FP Pred-IDS                                                                                                                                        
thr_0.3548      0.000   0.342   0.728   4034    9650    2763    2622    4265    17128   2763    10100   4265

                MOTAR   MOTP    Recall  Frames  GT      GT-Mtch GT-Miss GT-IDS  Pred    Pred-TP Pred-FP Pred-IDS                                                                                                                                        
thr_0.3833      0.000   0.338   0.700   3969    9650    2651    2899    4100    15876   2651    9125    4100

                MOTAR   MOTP    Recall  Frames  GT      GT-Mtch GT-Miss GT-IDS  Pred    Pred-TP Pred-FP Pred-IDS                                                                                                                                        
thr_0.4261      0.000   0.336   0.665   3867    9650    2537    3232    3881    14431   2537    8013    3881

                MOTAR   MOTP    Recall  Frames  GT      GT-Mtch GT-Miss GT-IDS  Pred    Pred-TP Pred-FP Pred-IDS                                                                                                                                        
thr_0.4608      0.000   0.329   0.628   3793    9650    2406    3592    3652    13237   2406    7179    3652

                MOTAR   MOTP    Recall  Frames  GT      GT-Mtch GT-Miss GT-IDS  Pred    Pred-TP Pred-FP Pred-IDS                                                                                                                                        
thr_0.5003      0.000   0.323   0.581   3754    9650    2249    4047    3354    11912   2249    6309    3354

                MOTAR   MOTP    Recall  Frames  GT      GT-Mtch GT-Miss GT-IDS  Pred    Pred-TP Pred-FP Pred-IDS                                                                                                                                        
thr_0.5418      0.000   0.314   0.529   3718    9650    2080    4548    3022    10487   2080    5385    3022

                MOTAR   MOTP    Recall  Frames  GT      GT-Mtch GT-Miss GT-IDS  Pred    Pred-TP Pred-FP Pred-IDS                                                                                                                                        
thr_0.5812      0.000   0.307   0.471   3668    9650    1892    5109    2649    9020    1892    4479    2649

                MOTAR   MOTP    Recall  Frames  GT      GT-Mtch GT-Miss GT-IDS  Pred    Pred-TP Pred-FP Pred-IDS                                                                                                                                        
thr_0.6128      0.000   0.294   0.412   3642    9650    1701    5676    2273    7637    1701    3663    2273

                MOTAR   MOTP    Recall  Frames  GT      GT-Mtch GT-Miss GT-IDS  Pred    Pred-TP Pred-FP Pred-IDS                                                                                                                                        
thr_0.6482      0.000   0.283   0.343   3621    9650    1457    6337    1856    6068    1457    2755    1856

Calculating metrics...
Saving metrics to: /root/autodl-tmp/results/nuscenes/nuscenes/20260520_092341/eval_result/

### Final results ###

Per-class results:
                AMOTA   AMOTP   RECALL  MOTAR   GT      MOTA    MOTP    MT      ML      FAF     TP      FP      FN      IDS     FRAG    TID     LGD
bicycle         0.000   1.732   0.480   0.000   1993    0.000   0.211   31      58      63.1    441     1002    1036    516     29      1.66    2.38
bus             0.000   1.556   0.821   0.000   2112    0.000   0.431   67      5       195.6   723     3495    379     1010    38      0.71    1.29
car             0.000   1.378   0.810   0.000   58317   0.000   0.253   2350    434     1507.8  23901   87226   11074   23342   844     0.62    1.00
motorcy         0.000   1.654   0.627   0.000   1977    0.000   0.290   40      18      85.6    526     1348    737     714     62      1.31    1.90
pedestr         0.038   1.358   0.321   0.514   25423   0.093   0.454   80      907     52.1    4575    2223    17262   3586    711     2.50    3.45
trailer         0.000   1.703   0.634   0.000   2425    0.000   0.578   58      41      205.9   639     2850    887     899     38      1.55    2.09
truck           0.000   1.622   0.728   0.000   9650    0.000   0.342   260     87      250.4   2763    10100   2622    4265    202     0.86    1.80

Aggregated results:
AMOTA   0.005
AMOTP   1.572
RECALL  0.632
MOTAR   0.073
GT      14556
MOTA    0.013
MOTP    0.365
MT      2886
ML      1550
FAF     337.2
TP      33568
FP      108244
FN      33997
IDS     34332
FRAG    1924
TID     1.32
LGD     1.99
Eval time: 1125.8s


result in /root/autodl-tmp/results/nuscenes/nuscenes/20260521_103921/results.json
Accumulating metric data...
Computing metrics for class bicycle...

Computed thresholds                                                                                                                                                                                                                                     

Computing metrics for class bus...

Computed thresholds                                                                                                                                                                                                                                     

Computing metrics for class car...

Computed thresholds                                                                                                                                                                                                                                     

Computing metrics for class motorcycle...

Computed thresholds                                                                                                                                                                                                                                     

Computing metrics for class pedestrian...

Computed thresholds                                                                                                                                                                                                                                     

Computing metrics for class trailer...

Computed thresholds                                                                                                                                                                                                                                     

Computing metrics for class truck...

Computed thresholds                                                                                                                                                                                                                                     

Calculating metrics...
Saving metrics to: /root/autodl-tmp/results/nuscenes/nuscenes/20260521_103921/eval_result/

### Final results ###

Per-class results:
                AMOTA   AMOTP   RECALL  MOTAR   GT      MOTA    MOTP    MT      ML      FAF     TP      FP      FN      IDS     FRAG    TID     LGD
bicycle         0.000   2.000   0.000   0.000   1993    0.000   2.000   0       156     500.0   0       nan     1993    nan     nan     20.00   20.00
bus             0.000   2.000   0.000   0.000   2112    0.000   2.000   0       108     500.0   0       nan     2112    nan     nan     20.00   20.00
car             0.000   2.000   0.000   0.000   58317   0.000   2.000   0       3697    500.0   0       nan     58317   nan     nan     20.00   20.00
motorcy         0.000   2.000   0.000   0.000   1977    0.000   2.000   0       132     500.0   0       nan     1977    nan     nan     20.00   20.00
pedestr         0.000   2.000   0.000   0.000   25423   0.000   2.000   0       1702    500.0   0       nan     25423   nan     nan     20.00   20.00
trailer         0.000   2.000   0.000   0.000   2425    0.000   2.000   0       133     500.0   0       nan     2425    nan     nan     20.00   20.00
truck           0.000   2.000   0.000   0.000   9650    0.000   2.000   0       542     500.0   0       nan     9650    nan     nan     20.00   20.00

Aggregated results:
AMOTA   0.000
AMOTP   2.000
RECALL  0.000
MOTAR   0.000
GT      14556
MOTA    0.000
MOTP    2.000
MT      0
ML      6470
FAF     500.0
TP      0
FP      0
FN      101897
IDS     0
FRAG    0
TID     20.00
LGD     20.00
Eval time: 44.1s

Rendering curves
/root/miniconda3/envs/mamba-dekf/lib/python3.10/site-packages/nuscenes/eval/tracking/render.py:102: UserWarning: No artists with labels found to put in legend.  Note that artists whose label start with an underscore are ignored when legend() is called with no argument.
  ax.legend(loc='upper right', borderaxespad=0)
/root/miniconda3/envs/mamba-dekf/lib/python3.10/site-packages/nuscenes/eval/tracking/render.py:102: UserWarning: No artists with labels found to put in legend.  Note that artists whose label start with an underscore are ignored when legend() is called with no argument.
  ax.legend(loc='upper right', borderaxespad=0)
/root/miniconda3/envs/mamba-dekf/lib/python3.10/site-packages/nuscenes/eval/tracking/render.py:102: UserWarning: No artists with labels found to put in legend.  Note that artists whose label start with an underscore are ignored when legend() is called with no argument.
  ax.legend(loc='upper right', borderaxespad=0)
/root/miniconda3/envs/mamba-dekf/lib/python3.10/site-packages/nuscenes/eval/tracking/render.py:102: UserWarning: No artists with labels found to put in legend.  Note that artists whose label start with an underscore are ignored when legend() is called with no argument.
  ax.legend(loc='upper right', borderaxespad=0)
/root/miniconda3/envs/mamba-dekf/lib/python3.10/site-packages/nuscenes/eval/tracking/render.py:102: UserWarning: No artists with labels found to put in legend.  Note that artists whose label start with an underscore are ignored when legend() is called with no argument.
  ax.legend(loc='upper right', borderaxespad=0)
/root/miniconda3/envs/mamba-dekf/lib/python3.10/site-packages/nuscenes/eval/tracking/render.py:102: UserWarning: No artists with labels found to put in legend.  Note that artists whose label start with an underscore are ignored when legend() is called with no argument.
  ax.legend(loc='upper right', borderaxespad=0)
/root/miniconda3/envs/mamba-dekf/lib/python3.10/site-packages/nuscenes/eval/tracking/render.py:102: UserWarning: No artists with labels found to put in legend.  Note that artists whose label start with an underscore are ignored when legend() is called with no argument.
  ax.legend(loc='upper right', borderaxespad=0)
/root/miniconda3/envs/mamba-dekf/lib/python3.10/site-packages/nuscenes/eval/tracking/render.py:102: UserWarning: No artists with labels found to put in legend.  Note that artists whose label start with an underscore are ignored when legend() is called with no argument.
  ax.legend(loc='upper right', borderaxespad=0)
/root/miniconda3/envs/mamba-dekf/lib/python3.10/site-packages/nuscenes/eval/tracking/render.py:102: UserWarning: No artists with labels found to put in legend.  Note that artists whose label start with an underscore are ignored when legend() is called with no argument.
  ax.legend(loc='upper right', borderaxespad=0)
/root/miniconda3/envs/mamba-dekf/lib/python3.10/site-packages/nuscenes/eval/tracking/render.py:102: UserWarning: No artists with labels found to put in legend.  Note that artists whose label start with an underscore are ignored when legend() is called with no argument.
  ax.legend(loc='upper right', borderaxespad=0)
/root/miniconda3/envs/mamba-dekf/lib/python3.10/site-packages/nuscenes/eval/tracking/render.py:102: UserWarning: No artists with labels found to put in legend.  Note that artists whose label start with an underscore are ignored when legend() is called with no argument.
  ax.legend(loc='upper right', borderaxespad=0)
/root/miniconda3/envs/mamba-dekf/lib/python3.10/site-packages/nuscenes/eval/tracking/render.py:102: UserWarning: No artists with labels found to put in legend.  Note that artists whose label start with an underscore are ignored when legend() is called with no argument.
  ax.legend(loc='upper right', borderaxespad=0)
/root/miniconda3/envs/mamba-dekf/lib/python3.10/site-packages/nuscenes/eval/tracking/render.py:102: UserWarning: No artists with labels found to put in legend.  Note that artists whose label start with an underscore are ignored when legend() is called with no argument.
  ax.legend(loc='upper right', borderaxespad=0)
Elapsed time: 3069.758409023285 seconds