21:09:54 [INFO] Epoch 1/100 (116.1s) | loss=50.1008 (raw=47.2001) pos=1.9813 siz=-1.0923 ori=0.2460 vel=0.0000 nis=0.7528 ua=0.00 contrast=3.0253 | val=51.9359 val_pos=1.8674 | k_m=278.06 k_s=408.88 k_reg=0.0000 dp_reg=0.0000 | NaN=0
21:09:54 [INFO]   New best class 0 model -> checkpoints/mamba_dekf/best_class_0.pt (class_val_loss=34.0881)
21:09:54 [INFO]   New best class 1 model -> checkpoints/mamba_dekf/best_class_1.pt (class_val_loss=44.4088)
21:09:54 [INFO]   New best class 2 model -> checkpoints/mamba_dekf/best_class_2.pt (class_val_loss=49.0564)
21:09:54 [INFO]   New best class 3 model -> checkpoints/mamba_dekf/best_class_3.pt (class_val_loss=77.6102)
21:09:54 [INFO]   New best class 4 model -> checkpoints/mamba_dekf/best_class_4.pt (class_val_loss=146.9495)
21:09:54 [INFO]   New best class 5 model -> checkpoints/mamba_dekf/best_class_5.pt (class_val_loss=154.5563)
21:09:54 [INFO]   New best class 6 model -> checkpoints/mamba_dekf/best_class_6.pt (class_val_loss=120.4925)
21:09:54 [INFO]   Saved checkpoint → checkpoints/mamba_dekf/checkpoint_epoch1.pt
21:09:54 [INFO]   New best model → checkpoints/mamba_dekf/best.pt (val_loss=51.9359)
21:12:38 [INFO] Epoch 2/100 (115.9s) | loss=47.8965 (raw=47.1667) pos=1.9824 siz=-1.0866 ori=0.2462 vel=0.0000 nis=0.7542 ua=0.00 contrast=2.7175 | val=50.1693 val_pos=1.8656 | k_m=80.58 k_s=116.36 k_reg=0.0000 dp_reg=0.0000 | NaN=0
21:12:38 [INFO]   New best class 0 model -> checkpoints/mamba_dekf/best_class_0.pt (class_val_loss=34.0155)
21:12:38 [INFO]   New best class 2 model -> checkpoints/mamba_dekf/best_class_2.pt (class_val_loss=48.3782)
21:12:38 [INFO]   New best class 3 model -> checkpoints/mamba_dekf/best_class_3.pt (class_val_loss=76.2935)
21:12:38 [INFO]   New best class 4 model -> checkpoints/mamba_dekf/best_class_4.pt (class_val_loss=146.5072)
21:12:38 [INFO]   New best class 5 model -> checkpoints/mamba_dekf/best_class_5.pt (class_val_loss=153.7358)
21:12:38 [INFO]   New best class 6 model -> checkpoints/mamba_dekf/best_class_6.pt (class_val_loss=120.4378)
21:12:39 [INFO]   Saved checkpoint → checkpoints/mamba_dekf/checkpoint_epoch2.pt
21:12:39 [INFO]   New best model → checkpoints/mamba_dekf/best.pt (val_loss=50.1693)
21:15:19 [INFO] Epoch 3/100 (112.3s) | loss=47.6386 (raw=46.9714) pos=1.9801 siz=-1.0946 ori=0.2457 vel=0.0000 nis=0.7520 ua=0.00 contrast=2.4118 | val=50.1456 val_pos=1.8666 | k_m=61.97 k_s=89.05 k_reg=0.0000 dp_reg=0.0000 | NaN=0
21:15:19 [INFO]   New best class 1 model -> checkpoints/mamba_dekf/best_class_1.pt (class_val_loss=44.2904)
21:15:19 [INFO]   New best class 6 model -> checkpoints/mamba_dekf/best_class_6.pt (class_val_loss=120.2296)
21:15:19 [INFO]   Saved checkpoint → checkpoints/mamba_dekf/checkpoint_epoch3.pt
21:15:19 [INFO]   New best model → checkpoints/mamba_dekf/best.pt (val_loss=50.1456)
21:18:02 [INFO] Epoch 4/100 (113.0s) | loss=47.3963 (raw=46.7253) pos=1.9760 siz=-1.1048 ori=0.2452 vel=0.0000 nis=0.7496 ua=0.00 contrast=2.1185 | val=50.1585 val_pos=1.8680 | k_m=51.59 k_s=73.33 k_reg=0.0000 dp_reg=0.0000 | NaN=0
21:18:02 [INFO]   New best class 2 model -> checkpoints/mamba_dekf/best_class_2.pt (class_val_loss=48.3724)
21:20:46 [INFO] Epoch 5/100 (113.2s) | loss=47.5143 (raw=46.8508) pos=1.9800 siz=-1.0952 ori=0.2459 vel=0.0000 nis=0.7532 ua=0.00 contrast=2.0159 | val=50.1171 val_pos=1.8681 | k_m=43.30 k_s=60.59 k_reg=0.0000 dp_reg=0.0000 | NaN=0
21:20:46 [INFO]   New best class 2 model -> checkpoints/mamba_dekf/best_class_2.pt (class_val_loss=48.3602)
21:20:46 [INFO]   Saved checkpoint → checkpoints/mamba_dekf/checkpoint_epoch5.pt
21:20:46 [INFO]   New best model → checkpoints/mamba_dekf/best.pt (val_loss=50.1171)
21:23:30 [INFO] Epoch 6/100 (110.6s) | loss=47.5897 (raw=46.9225) pos=1.9828 siz=-1.0836 ori=0.2445 vel=0.0000 nis=0.7507 ua=0.00 contrast=1.8695 | val=49.9781 val_pos=1.8643 | k_m=37.36 k_s=51.26 k_reg=0.0000 dp_reg=0.0000 | NaN=0
21:23:30 [INFO]   New best class 3 model -> checkpoints/mamba_dekf/best_class_3.pt (class_val_loss=76.0655)
21:23:30 [INFO]   New best class 4 model -> checkpoints/mamba_dekf/best_class_4.pt (class_val_loss=145.8177)
21:23:30 [INFO]   New best class 6 model -> checkpoints/mamba_dekf/best_class_6.pt (class_val_loss=120.1085)
21:23:30 [INFO]   Saved checkpoint → checkpoints/mamba_dekf/checkpoint_epoch6.pt
21:23:30 [INFO]   New best model → checkpoints/mamba_dekf/best.pt (val_loss=49.9781)
21:26:11 [INFO] Epoch 7/100 (112.8s) | loss=47.5855 (raw=46.9438) pos=1.9838 siz=-1.0947 ori=0.2466 vel=0.0000 nis=0.7535 ua=0.00 contrast=1.9861 | val=50.0901 val_pos=1.8670 | k_m=32.76 k_s=43.96 k_reg=0.0000 dp_reg=0.0000 | NaN=0
21:28:58 [INFO] Epoch 8/100 (116.8s) | loss=47.5910 (raw=46.9402) pos=1.9849 siz=-1.0917 ori=0.2450 vel=0.0000 nis=0.7521 ua=0.00 contrast=1.8727 | val=50.1322 val_pos=1.8701 | k_m=29.03 k_s=38.03 k_reg=0.0000 dp_reg=0.0000 | NaN=0
21:31:46 [INFO] Epoch 9/100 (118.2s) | loss=40.6120 (raw=39.8383) pos=1.6731 siz=-1.1099 ori=0.3579 vel=0.0000 nis=0.7475 ua=0.12 contrast=1.6744 | val=29.4724 val_pos=1.0560 | k_m=26.43 k_s=34.05 k_reg=0.0000 dp_reg=0.0000 | NaN=0
21:31:46 [INFO]   New best class 0 model -> checkpoints/mamba_dekf/best_class_0.pt (class_val_loss=14.9785)
21:31:46 [INFO]   New best class 1 model -> checkpoints/mamba_dekf/best_class_1.pt (class_val_loss=19.6144)
21:31:46 [INFO]   New best class 2 model -> checkpoints/mamba_dekf/best_class_2.pt (class_val_loss=30.1633)
21:31:46 [INFO]   New best class 3 model -> checkpoints/mamba_dekf/best_class_3.pt (class_val_loss=60.9438)
21:31:46 [INFO]   New best class 4 model -> checkpoints/mamba_dekf/best_class_4.pt (class_val_loss=139.5240)
21:31:46 [INFO]   New best class 5 model -> checkpoints/mamba_dekf/best_class_5.pt (class_val_loss=131.3228)
21:31:46 [INFO]   New best class 6 model -> checkpoints/mamba_dekf/best_class_6.pt (class_val_loss=106.8395)
21:31:46 [INFO]   Saved checkpoint → checkpoints/mamba_dekf/checkpoint_epoch9.pt
21:31:46 [INFO]   New best model → checkpoints/mamba_dekf/best.pt (val_loss=29.4724)
21:34:37 [INFO] Epoch 10/100 (121.9s) | loss=45.6912 (raw=44.7864) pos=1.8465 siz=-1.1216 ori=0.4472 vel=1.4190 nis=0.6674 ua=0.25 contrast=1.8099 | val=18.3355 val_pos=0.6228 | k_m=24.53 k_s=31.66 k_reg=0.0000 dp_reg=0.0000 | NaN=0
21:34:37 [INFO]   New best class 0 model -> checkpoints/mamba_dekf/best_class_0.pt (class_val_loss=5.9634)
21:34:37 [INFO]   New best class 1 model -> checkpoints/mamba_dekf/best_class_1.pt (class_val_loss=4.9356)
21:34:37 [INFO]   New best class 2 model -> checkpoints/mamba_dekf/best_class_2.pt (class_val_loss=21.7973)
21:34:37 [INFO]   New best class 3 model -> checkpoints/mamba_dekf/best_class_3.pt (class_val_loss=52.4482)
21:34:37 [INFO]   New best class 4 model -> checkpoints/mamba_dekf/best_class_4.pt (class_val_loss=133.1474)
21:34:37 [INFO]   New best class 5 model -> checkpoints/mamba_dekf/best_class_5.pt (class_val_loss=121.8774)
21:34:37 [INFO]   New best class 6 model -> checkpoints/mamba_dekf/best_class_6.pt (class_val_loss=95.4370)
21:34:37 [INFO]   Saved checkpoint → checkpoints/mamba_dekf/checkpoint_epoch10.pt
21:34:37 [INFO]   New best model → checkpoints/mamba_dekf/best.pt (val_loss=18.3355)
21:37:27 [INFO] Epoch 11/100 (120.0s) | loss=41.3284 (raw=40.2683) pos=1.6395 siz=-1.1259 ori=0.5426 vel=1.2556 nis=0.6675 ua=0.38 contrast=1.6881 | val=12.0874 val_pos=0.3719 | k_m=23.08 k_s=29.39 k_reg=0.0000 dp_reg=0.0000 | NaN=0
21:37:27 [INFO]   New best class 0 model -> checkpoints/mamba_dekf/best_class_0.pt (class_val_loss=2.0031)
21:37:27 [INFO]   New best class 1 model -> checkpoints/mamba_dekf/best_class_1.pt (class_val_loss=-5.8405)
21:37:27 [INFO]   New best class 2 model -> checkpoints/mamba_dekf/best_class_2.pt (class_val_loss=16.8467)
21:37:27 [INFO]   New best class 3 model -> checkpoints/mamba_dekf/best_class_3.pt (class_val_loss=47.1325)
21:37:27 [INFO]   New best class 4 model -> checkpoints/mamba_dekf/best_class_4.pt (class_val_loss=131.4084)
21:37:27 [INFO]   New best class 5 model -> checkpoints/mamba_dekf/best_class_5.pt (class_val_loss=118.9493)
21:37:27 [INFO]   New best class 6 model -> checkpoints/mamba_dekf/best_class_6.pt (class_val_loss=88.8248)
21:37:27 [INFO]   Saved checkpoint → checkpoints/mamba_dekf/checkpoint_epoch11.pt
21:37:27 [INFO]   New best model → checkpoints/mamba_dekf/best.pt (val_loss=12.0874)
21:40:15 [INFO] Epoch 12/100 (119.6s) | loss=38.5593 (raw=37.3875) pos=1.4966 siz=-1.1320 ori=0.6425 vel=1.1364 nis=0.6658 ua=0.50 contrast=1.6058 | val=8.0018 val_pos=0.2095 | k_m=21.79 k_s=27.35 k_reg=0.0000 dp_reg=0.0000 | NaN=0
21:40:15 [INFO]   New best class 0 model -> checkpoints/mamba_dekf/best_class_0.pt (class_val_loss=-0.0979)
21:40:15 [INFO]   New best class 1 model -> checkpoints/mamba_dekf/best_class_1.pt (class_val_loss=-13.4196)
21:40:15 [INFO]   New best class 2 model -> checkpoints/mamba_dekf/best_class_2.pt (class_val_loss=11.7924)
21:40:15 [INFO]   New best class 3 model -> checkpoints/mamba_dekf/best_class_3.pt (class_val_loss=42.7630)
21:40:15 [INFO]   New best class 4 model -> checkpoints/mamba_dekf/best_class_4.pt (class_val_loss=125.5444)
21:40:15 [INFO]   New best class 5 model -> checkpoints/mamba_dekf/best_class_5.pt (class_val_loss=113.9104)
21:40:15 [INFO]   New best class 6 model -> checkpoints/mamba_dekf/best_class_6.pt (class_val_loss=84.7650)
21:40:15 [INFO]   Saved checkpoint → checkpoints/mamba_dekf/checkpoint_epoch12.pt
21:40:15 [INFO]   New best model → checkpoints/mamba_dekf/best.pt (val_loss=8.0018)
21:43:05 [INFO] Epoch 13/100 (121.1s) | loss=37.0527 (raw=35.8239) pos=1.4070 siz=-1.1371 ori=0.7322 vel=1.0530 nis=0.6605 ua=0.62 contrast=1.7115 | val=5.5046 val_pos=0.1099 | k_m=20.81 k_s=25.58 k_reg=0.0000 dp_reg=0.0000 | NaN=0
21:43:05 [INFO]   New best class 0 model -> checkpoints/mamba_dekf/best_class_0.pt (class_val_loss=-1.0047)
21:43:05 [INFO]   New best class 1 model -> checkpoints/mamba_dekf/best_class_1.pt (class_val_loss=-18.3180)
21:43:05 [INFO]   New best class 2 model -> checkpoints/mamba_dekf/best_class_2.pt (class_val_loss=9.2903)
21:43:05 [INFO]   New best class 3 model -> checkpoints/mamba_dekf/best_class_3.pt (class_val_loss=39.4382)
21:43:05 [INFO]   New best class 4 model -> checkpoints/mamba_dekf/best_class_4.pt (class_val_loss=124.1085)
21:43:05 [INFO]   New best class 5 model -> checkpoints/mamba_dekf/best_class_5.pt (class_val_loss=111.0529)
21:43:05 [INFO]   New best class 6 model -> checkpoints/mamba_dekf/best_class_6.pt (class_val_loss=80.4058)
21:43:05 [INFO]   Saved checkpoint → checkpoints/mamba_dekf/checkpoint_epoch13.pt
21:43:05 [INFO]   New best model → checkpoints/mamba_dekf/best.pt (val_loss=5.5046)
21:45:57 [INFO] Epoch 14/100 (122.7s) | loss=35.9710 (raw=34.6609) pos=1.3391 siz=-1.1450 ori=0.8145 vel=0.9992 nis=0.6567 ua=0.75 contrast=1.5699 | val=3.9233 val_pos=0.0475 | k_m=20.00 k_s=24.04 k_reg=0.0000 dp_reg=0.0000 | NaN=0
21:45:57 [INFO]   New best class 0 model -> checkpoints/mamba_dekf/best_class_0.pt (class_val_loss=-2.3532)
21:45:57 [INFO]   New best class 1 model -> checkpoints/mamba_dekf/best_class_1.pt (class_val_loss=-19.6206)
21:45:57 [INFO]   New best class 2 model -> checkpoints/mamba_dekf/best_class_2.pt (class_val_loss=7.8728)
21:45:57 [INFO]   New best class 3 model -> checkpoints/mamba_dekf/best_class_3.pt (class_val_loss=36.0345)
21:45:57 [INFO]   New best class 4 model -> checkpoints/mamba_dekf/best_class_4.pt (class_val_loss=121.5568)
21:45:57 [INFO]   New best class 5 model -> checkpoints/mamba_dekf/best_class_5.pt (class_val_loss=110.0065)
21:45:57 [INFO]   New best class 6 model -> checkpoints/mamba_dekf/best_class_6.pt (class_val_loss=77.6184)
21:45:57 [INFO]   Saved checkpoint → checkpoints/mamba_dekf/checkpoint_epoch14.pt
21:45:57 [INFO]   New best model → checkpoints/mamba_dekf/best.pt (val_loss=3.9233)
21:48:47 [INFO] Epoch 15/100 (121.3s) | loss=36.4511 (raw=35.1022) pos=1.3274 siz=-1.1501 ori=0.9167 vel=0.9812 nis=0.6577 ua=0.88 contrast=1.5480 | val=3.5276 val_pos=0.0327 | k_m=19.23 k_s=22.57 k_reg=0.0000 dp_reg=0.0000 | NaN=0
21:48:47 [INFO]   New best class 1 model -> checkpoints/mamba_dekf/best_class_1.pt (class_val_loss=-19.8657)
21:48:47 [INFO]   New best class 2 model -> checkpoints/mamba_dekf/best_class_2.pt (class_val_loss=7.5098)
21:48:47 [INFO]   New best class 3 model -> checkpoints/mamba_dekf/best_class_3.pt (class_val_loss=32.6825)
21:48:47 [INFO]   New best class 4 model -> checkpoints/mamba_dekf/best_class_4.pt (class_val_loss=119.0175)
21:48:47 [INFO]   New best class 5 model -> checkpoints/mamba_dekf/best_class_5.pt (class_val_loss=107.7048)
21:48:47 [INFO]   New best class 6 model -> checkpoints/mamba_dekf/best_class_6.pt (class_val_loss=75.7516)
21:48:47 [INFO]   Saved checkpoint → checkpoints/mamba_dekf/checkpoint_epoch15.pt
21:48:47 [INFO]   New best model → checkpoints/mamba_dekf/best.pt (val_loss=3.5276)
21:51:37 [INFO] Epoch 16/100 (120.2s) | loss=36.7703 (raw=35.3817) pos=1.3103 siz=-1.1454 ori=1.0097 vel=0.9599 nis=0.6542 ua=1.00 contrast=1.5004 | val=3.0539 val_pos=0.0130 | k_m=18.49 k_s=21.22 k_reg=0.0000 dp_reg=0.0000 | NaN=0
21:51:37 [INFO]   New best class 0 model -> checkpoints/mamba_dekf/best_class_0.pt (class_val_loss=-2.4346)
21:51:37 [INFO]   New best class 1 model -> checkpoints/mamba_dekf/best_class_1.pt (class_val_loss=-20.1618)
21:51:37 [INFO]   New best class 3 model -> checkpoints/mamba_dekf/best_class_3.pt (class_val_loss=31.5994)
21:51:37 [INFO]   New best class 4 model -> checkpoints/mamba_dekf/best_class_4.pt (class_val_loss=116.5891)
21:51:37 [INFO]   New best class 5 model -> checkpoints/mamba_dekf/best_class_5.pt (class_val_loss=105.7146)
21:51:37 [INFO]   New best class 6 model -> checkpoints/mamba_dekf/best_class_6.pt (class_val_loss=73.3756)
21:51:38 [INFO]   Saved checkpoint → checkpoints/mamba_dekf/checkpoint_epoch16.pt
21:51:38 [INFO]   New best model → checkpoints/mamba_dekf/best.pt (val_loss=3.0539)
21:54:30 [INFO] Epoch 17/100 (121.9s) | loss=36.4954 (raw=35.0957) pos=1.2987 siz=-1.1541 ori=1.0117 vel=0.9441 nis=0.6546 ua=1.00 contrast=1.6137 | val=2.8479 val_pos=0.0047 | k_m=17.81 k_s=19.81 k_reg=0.0000 dp_reg=0.0000 | NaN=0
21:54:30 [INFO]   New best class 1 model -> checkpoints/mamba_dekf/best_class_1.pt (class_val_loss=-20.3809)
21:54:30 [INFO]   New best class 2 model -> checkpoints/mamba_dekf/best_class_2.pt (class_val_loss=7.2363)
21:54:30 [INFO]   New best class 3 model -> checkpoints/mamba_dekf/best_class_3.pt (class_val_loss=29.1874)
21:54:30 [INFO]   New best class 4 model -> checkpoints/mamba_dekf/best_class_4.pt (class_val_loss=114.4015)
21:54:30 [INFO]   New best class 6 model -> checkpoints/mamba_dekf/best_class_6.pt (class_val_loss=71.9571)
21:54:30 [INFO]   Saved checkpoint → checkpoints/mamba_dekf/checkpoint_epoch17.pt
21:54:30 [INFO]   New best model → checkpoints/mamba_dekf/best.pt (val_loss=2.8479)
21:57:18 [INFO] Epoch 18/100 (118.6s) | loss=36.0529 (raw=34.6259) pos=1.2850 siz=-1.1487 ori=0.9923 vel=0.9217 nis=0.6530 ua=1.00 contrast=1.5848 | val=2.3116 val_pos=-0.0172 | k_m=17.04 k_s=18.37 k_reg=0.0000 dp_reg=0.0001 | NaN=0
21:57:18 [INFO]   New best class 0 model -> checkpoints/mamba_dekf/best_class_0.pt (class_val_loss=-2.5799)
21:57:18 [INFO]   New best class 1 model -> checkpoints/mamba_dekf/best_class_1.pt (class_val_loss=-20.5810)
21:57:18 [INFO]   New best class 3 model -> checkpoints/mamba_dekf/best_class_3.pt (class_val_loss=27.2617)
21:57:18 [INFO]   New best class 4 model -> checkpoints/mamba_dekf/best_class_4.pt (class_val_loss=112.4512)
21:57:18 [INFO]   New best class 5 model -> checkpoints/mamba_dekf/best_class_5.pt (class_val_loss=103.7219)
21:57:18 [INFO]   New best class 6 model -> checkpoints/mamba_dekf/best_class_6.pt (class_val_loss=69.9921)
21:57:18 [INFO]   Saved checkpoint → checkpoints/mamba_dekf/checkpoint_epoch18.pt
21:57:18 [INFO]   New best model → checkpoints/mamba_dekf/best.pt (val_loss=2.3116)
22:00:06 [INFO] Epoch 19/100 (120.1s) | loss=35.7981 (raw=34.3332) pos=1.2735 siz=-1.1487 ori=0.9950 vel=0.9082 nis=0.6526 ua=1.00 contrast=1.4996 | val=1.9357 val_pos=-0.0317 | k_m=16.21 k_s=16.92 k_reg=0.0000 dp_reg=0.0001 | NaN=0
22:00:06 [INFO]   New best class 0 model -> checkpoints/mamba_dekf/best_class_0.pt (class_val_loss=-2.9453)
22:00:06 [INFO]   New best class 1 model -> checkpoints/mamba_dekf/best_class_1.pt (class_val_loss=-20.6961)
22:00:06 [INFO]   New best class 3 model -> checkpoints/mamba_dekf/best_class_3.pt (class_val_loss=25.0782)
22:00:06 [INFO]   New best class 4 model -> checkpoints/mamba_dekf/best_class_4.pt (class_val_loss=110.0897)
22:00:06 [INFO]   New best class 6 model -> checkpoints/mamba_dekf/best_class_6.pt (class_val_loss=69.3175)
22:00:06 [INFO]   Saved checkpoint → checkpoints/mamba_dekf/checkpoint_epoch19.pt
22:00:06 [INFO]   New best model → checkpoints/mamba_dekf/best.pt (val_loss=1.9357)
22:02:55 [INFO] Epoch 20/100 (121.1s) | loss=35.4730 (raw=33.9994) pos=1.2629 siz=-1.1563 ori=0.9889 vel=0.8996 nis=0.6524 ua=1.00 contrast=1.5520 | val=1.1000 val_pos=-0.0650 | k_m=15.49 k_s=15.53 k_reg=0.0000 dp_reg=0.0001 | NaN=0
22:02:55 [INFO]   New best class 1 model -> checkpoints/mamba_dekf/best_class_1.pt (class_val_loss=-20.7838)
22:02:55 [INFO]   New best class 2 model -> checkpoints/mamba_dekf/best_class_2.pt (class_val_loss=6.8778)
22:02:55 [INFO]   New best class 3 model -> checkpoints/mamba_dekf/best_class_3.pt (class_val_loss=24.2605)
22:02:55 [INFO]   New best class 4 model -> checkpoints/mamba_dekf/best_class_4.pt (class_val_loss=108.6338)
22:02:55 [INFO]   New best class 5 model -> checkpoints/mamba_dekf/best_class_5.pt (class_val_loss=101.9984)
22:02:55 [INFO]   New best class 6 model -> checkpoints/mamba_dekf/best_class_6.pt (class_val_loss=61.0309)
22:02:55 [INFO]   Saved checkpoint → checkpoints/mamba_dekf/checkpoint_epoch20.pt
22:02:55 [INFO]   New best model → checkpoints/mamba_dekf/best.pt (val_loss=1.1000)
22:05:45 [INFO] Epoch 21/100 (122.0s) | loss=35.3610 (raw=33.8601) pos=1.2550 siz=-1.1565 ori=0.9998 vel=0.8917 nis=0.6555 ua=1.00 contrast=1.4733 | val=0.9090 val_pos=-0.0738 | k_m=14.87 k_s=14.38 k_reg=0.0000 dp_reg=0.0001 | NaN=0
22:05:45 [INFO]   New best class 0 model -> checkpoints/mamba_dekf/best_class_0.pt (class_val_loss=-3.2193)
22:05:45 [INFO]   New best class 1 model -> checkpoints/mamba_dekf/best_class_1.pt (class_val_loss=-20.8119)
22:05:45 [INFO]   New best class 3 model -> checkpoints/mamba_dekf/best_class_3.pt (class_val_loss=22.1967)
22:05:45 [INFO]   New best class 4 model -> checkpoints/mamba_dekf/best_class_4.pt (class_val_loss=106.7333)
22:05:45 [INFO]   New best class 5 model -> checkpoints/mamba_dekf/best_class_5.pt (class_val_loss=101.4829)
22:05:45 [INFO]   Saved checkpoint → checkpoints/mamba_dekf/checkpoint_epoch21.pt
22:05:45 [INFO]   New best model → checkpoints/mamba_dekf/best.pt (val_loss=0.9090)
22:08:37 [INFO] Epoch 22/100 (121.7s) | loss=34.8055 (raw=33.2880) pos=1.2342 siz=-1.1571 ori=0.9924 vel=0.8803 nis=0.6522 ua=1.00 contrast=1.4965 | val=0.6439 val_pos=-0.0846 | k_m=14.23 k_s=13.35 k_reg=0.0000 dp_reg=0.0001 | NaN=0
22:08:37 [INFO]   New best class 1 model -> checkpoints/mamba_dekf/best_class_1.pt (class_val_loss=-20.8551)
22:08:37 [INFO]   New best class 3 model -> checkpoints/mamba_dekf/best_class_3.pt (class_val_loss=20.3885)
22:08:37 [INFO]   New best class 4 model -> checkpoints/mamba_dekf/best_class_4.pt (class_val_loss=104.6442)
22:08:37 [INFO]   New best class 5 model -> checkpoints/mamba_dekf/best_class_5.pt (class_val_loss=100.7077)
22:08:37 [INFO]   New best class 6 model -> checkpoints/mamba_dekf/best_class_6.pt (class_val_loss=60.6373)
22:08:37 [INFO]   Saved checkpoint → checkpoints/mamba_dekf/checkpoint_epoch22.pt
22:08:37 [INFO]   New best model → checkpoints/mamba_dekf/best.pt (val_loss=0.6439)
22:11:29 [INFO] Epoch 23/100 (120.7s) | loss=34.8671 (raw=33.3465) pos=1.2363 siz=-1.1585 ori=0.9911 vel=0.8695 nis=0.6525 ua=1.00 contrast=1.5739 | val=0.4407 val_pos=-0.0954 | k_m=13.55 k_s=12.43 k_reg=0.0000 dp_reg=0.0001 | NaN=0
22:11:29 [INFO]   New best class 1 model -> checkpoints/mamba_dekf/best_class_1.pt (class_val_loss=-20.8955)
22:11:29 [INFO]   New best class 3 model -> checkpoints/mamba_dekf/best_class_3.pt (class_val_loss=18.1221)
22:11:29 [INFO]   New best class 4 model -> checkpoints/mamba_dekf/best_class_4.pt (class_val_loss=102.8897)
22:11:29 [INFO]   New best class 6 model -> checkpoints/mamba_dekf/best_class_6.pt (class_val_loss=59.5681)
22:11:29 [INFO]   Saved checkpoint → checkpoints/mamba_dekf/checkpoint_epoch23.pt
22:11:29 [INFO]   New best model → checkpoints/mamba_dekf/best.pt (val_loss=0.4407)
22:14:22 [INFO] Epoch 24/100 (125.2s) | loss=34.6151 (raw=33.0713) pos=1.2285 siz=-1.1496 ori=0.9779 vel=0.8631 nis=0.6495 ua=1.00 contrast=1.4934 | val=0.0079 val_pos=-0.1086 | k_m=13.00 k_s=11.70 k_reg=0.0000 dp_reg=0.0001 | NaN=0
22:14:22 [INFO]   New best class 0 model -> checkpoints/mamba_dekf/best_class_0.pt (class_val_loss=-3.5338)
22:14:22 [INFO]   New best class 1 model -> checkpoints/mamba_dekf/best_class_1.pt (class_val_loss=-21.0075)
22:14:22 [INFO]   New best class 3 model -> checkpoints/mamba_dekf/best_class_3.pt (class_val_loss=17.5294)
22:14:22 [INFO]   New best class 4 model -> checkpoints/mamba_dekf/best_class_4.pt (class_val_loss=100.6707)
22:14:22 [INFO]   New best class 6 model -> checkpoints/mamba_dekf/best_class_6.pt (class_val_loss=58.5042)
22:14:22 [INFO]   Saved checkpoint → checkpoints/mamba_dekf/checkpoint_epoch24.pt
22:14:22 [INFO]   New best model → checkpoints/mamba_dekf/best.pt (val_loss=0.0079)
22:17:15 [INFO] Epoch 25/100 (121.5s) | loss=34.5167 (raw=32.9614) pos=1.2197 siz=-1.1518 ori=0.9940 vel=0.8531 nis=0.6516 ua=1.00 contrast=1.4887 | val=-0.1203 val_pos=-0.1151 | k_m=12.32 k_s=10.99 k_reg=0.0000 dp_reg=0.0001 | NaN=0
22:17:15 [INFO]   New best class 1 model -> checkpoints/mamba_dekf/best_class_1.pt (class_val_loss=-21.1089)
22:17:15 [INFO]   New best class 2 model -> checkpoints/mamba_dekf/best_class_2.pt (class_val_loss=6.8743)
22:17:15 [INFO]   New best class 3 model -> checkpoints/mamba_dekf/best_class_3.pt (class_val_loss=16.1565)
22:17:15 [INFO]   New best class 4 model -> checkpoints/mamba_dekf/best_class_4.pt (class_val_loss=95.1762)
22:17:15 [INFO]   New best class 5 model -> checkpoints/mamba_dekf/best_class_5.pt (class_val_loss=100.3230)
22:17:15 [INFO]   Saved checkpoint → checkpoints/mamba_dekf/checkpoint_epoch25.pt
22:17:15 [INFO]   New best model → checkpoints/mamba_dekf/best.pt (val_loss=-0.1203)
22:20:15 [INFO] Epoch 26/100 (127.9s) | loss=34.6245 (raw=33.0571) pos=1.2252 siz=-1.1467 ori=0.9857 vel=0.8550 nis=0.6495 ua=1.00 contrast=1.4761 | val=-0.2179 val_pos=-0.1202 | k_m=11.90 k_s=10.59 k_reg=0.0000 dp_reg=0.0001 | NaN=0
22:20:15 [INFO]   New best class 1 model -> checkpoints/mamba_dekf/best_class_1.pt (class_val_loss=-21.1812)
22:20:15 [INFO]   New best class 4 model -> checkpoints/mamba_dekf/best_class_4.pt (class_val_loss=93.3973)
22:20:15 [INFO]   Saved checkpoint → checkpoints/mamba_dekf/checkpoint_epoch26.pt
22:20:15 [INFO]   New best model → checkpoints/mamba_dekf/best.pt (val_loss=-0.2179)
22:23:09 [INFO] Epoch 27/100 (123.0s) | loss=34.4087 (raw=32.8414) pos=1.2171 siz=-1.1518 ori=0.9848 vel=0.8506 nis=0.6497 ua=1.00 contrast=1.5428 | val=-0.2392 val_pos=-0.1206 | k_m=11.49 k_s=10.36 k_reg=0.0000 dp_reg=0.0001 | NaN=0
22:23:09 [INFO]   New best class 1 model -> checkpoints/mamba_dekf/best_class_1.pt (class_val_loss=-21.2212)
22:23:09 [INFO]   New best class 2 model -> checkpoints/mamba_dekf/best_class_2.pt (class_val_loss=6.8080)
22:23:09 [INFO]   New best class 4 model -> checkpoints/mamba_dekf/best_class_4.pt (class_val_loss=92.6414)
22:23:09 [INFO]   New best class 5 model -> checkpoints/mamba_dekf/best_class_5.pt (class_val_loss=97.9266)
22:23:09 [INFO]   New best class 6 model -> checkpoints/mamba_dekf/best_class_6.pt (class_val_loss=58.4838)
22:23:09 [INFO]   Saved checkpoint → checkpoints/mamba_dekf/checkpoint_epoch27.pt
22:23:09 [INFO]   New best model → checkpoints/mamba_dekf/best.pt (val_loss=-0.2392)
22:26:01 [INFO] Epoch 28/100 (121.4s) | loss=34.2271 (raw=32.6385) pos=1.2094 siz=-1.1584 ori=0.9908 vel=0.8429 nis=0.6481 ua=1.00 contrast=1.4673 | val=-0.3715 val_pos=-0.1265 | k_m=10.99 k_s=10.14 k_reg=0.0000 dp_reg=0.0001 | NaN=0
22:26:01 [INFO]   New best class 1 model -> checkpoints/mamba_dekf/best_class_1.pt (class_val_loss=-21.2834)
22:26:01 [INFO]   New best class 4 model -> checkpoints/mamba_dekf/best_class_4.pt (class_val_loss=89.0457)
22:26:01 [INFO]   Saved checkpoint → checkpoints/mamba_dekf/checkpoint_epoch28.pt
22:26:01 [INFO]   New best model → checkpoints/mamba_dekf/best.pt (val_loss=-0.3715)
22:28:51 [INFO] Epoch 29/100 (121.4s) | loss=33.9969 (raw=32.4002) pos=1.2004 siz=-1.1563 ori=0.9878 vel=0.8419 nis=0.6467 ua=1.00 contrast=1.4643 | val=-0.3807 val_pos=-0.1269 | k_m=10.41 k_s=9.62 k_reg=0.0000 dp_reg=0.0001 | NaN=0
22:28:51 [INFO]   New best class 0 model -> checkpoints/mamba_dekf/best_class_0.pt (class_val_loss=-3.6168)
22:28:51 [INFO]   New best class 1 model -> checkpoints/mamba_dekf/best_class_1.pt (class_val_loss=-21.3056)
22:28:51 [INFO]   New best class 4 model -> checkpoints/mamba_dekf/best_class_4.pt (class_val_loss=86.9374)
22:28:51 [INFO]   New best class 5 model -> checkpoints/mamba_dekf/best_class_5.pt (class_val_loss=96.9519)
22:28:51 [INFO]   Saved checkpoint → checkpoints/mamba_dekf/checkpoint_epoch29.pt
22:28:51 [INFO]   New best model → checkpoints/mamba_dekf/best.pt (val_loss=-0.3807)
22:31:42 [INFO] Epoch 30/100 (122.7s) | loss=34.1095 (raw=32.5099) pos=1.2050 siz=-1.1602 ori=0.9892 vel=0.8413 nis=0.6484 ua=1.00 contrast=1.4770 | val=-0.7022 val_pos=-0.1392 | k_m=10.21 k_s=9.92 k_reg=0.0000 dp_reg=0.0001 | NaN=0
22:31:42 [INFO]   New best class 0 model -> checkpoints/mamba_dekf/best_class_0.pt (class_val_loss=-3.9019)
22:31:42 [INFO]   New best class 1 model -> checkpoints/mamba_dekf/best_class_1.pt (class_val_loss=-21.3505)
22:31:42 [INFO]   New best class 2 model -> checkpoints/mamba_dekf/best_class_2.pt (class_val_loss=6.3833)
22:31:42 [INFO]   New best class 3 model -> checkpoints/mamba_dekf/best_class_3.pt (class_val_loss=16.0862)
22:31:42 [INFO]   New best class 4 model -> checkpoints/mamba_dekf/best_class_4.pt (class_val_loss=84.6535)
22:31:43 [INFO]   New best class 6 model -> checkpoints/mamba_dekf/best_class_6.pt (class_val_loss=58.3618)
22:31:43 [INFO]   Saved checkpoint → checkpoints/mamba_dekf/checkpoint_epoch30.pt
22:31:43 [INFO]   New best model → checkpoints/mamba_dekf/best.pt (val_loss=-0.7022)
22:34:35 [INFO] Epoch 31/100 (123.3s) | loss=34.2160 (raw=32.6124) pos=1.2081 siz=-1.1573 ori=0.9898 vel=0.8383 nis=0.6467 ua=1.00 contrast=1.4977 | val=-0.3449 val_pos=-0.1249 | k_m=9.90 k_s=9.95 k_reg=0.0000 dp_reg=0.0001 | NaN=0
22:34:35 [INFO]   New best class 4 model -> checkpoints/mamba_dekf/best_class_4.pt (class_val_loss=82.2166)
22:37:25 [INFO] Epoch 32/100 (120.7s) | loss=33.6542 (raw=32.0509) pos=1.1861 siz=-1.1623 ori=0.9907 vel=0.8281 nis=0.6473 ua=1.00 contrast=1.5178 | val=-0.8157 val_pos=-0.1447 | k_m=9.51 k_s=9.86 k_reg=0.0000 dp_reg=0.0001 | NaN=0
22:37:25 [INFO]   New best class 1 model -> checkpoints/mamba_dekf/best_class_1.pt (class_val_loss=-21.4799)
22:37:25 [INFO]   New best class 4 model -> checkpoints/mamba_dekf/best_class_4.pt (class_val_loss=78.9019)
22:37:25 [INFO]   New best class 5 model -> checkpoints/mamba_dekf/best_class_5.pt (class_val_loss=96.6509)
22:37:25 [INFO]   Saved checkpoint → checkpoints/mamba_dekf/checkpoint_epoch32.pt
22:37:25 [INFO]   New best model → checkpoints/mamba_dekf/best.pt (val_loss=-0.8157)
22:40:18 [INFO] Epoch 33/100 (123.0s) | loss=34.0661 (raw=32.4554) pos=1.2030 siz=-1.1582 ori=0.9860 vel=0.8349 nis=0.6477 ua=1.00 contrast=1.5102 | val=-1.0667 val_pos=-0.1548 | k_m=9.20 k_s=9.94 k_reg=0.0000 dp_reg=0.0001 | NaN=0
22:40:18 [INFO]   New best class 0 model -> checkpoints/mamba_dekf/best_class_0.pt (class_val_loss=-4.0672)
22:40:18 [INFO]   New best class 1 model -> checkpoints/mamba_dekf/best_class_1.pt (class_val_loss=-21.5115)
22:40:18 [INFO]   New best class 3 model -> checkpoints/mamba_dekf/best_class_3.pt (class_val_loss=16.0476)
22:40:18 [INFO]   New best class 4 model -> checkpoints/mamba_dekf/best_class_4.pt (class_val_loss=77.0524)
22:40:18 [INFO]   New best class 6 model -> checkpoints/mamba_dekf/best_class_6.pt (class_val_loss=57.7309)
22:40:18 [INFO]   Saved checkpoint → checkpoints/mamba_dekf/checkpoint_epoch33.pt
22:40:18 [INFO]   New best model → checkpoints/mamba_dekf/best.pt (val_loss=-1.0667)
22:43:09 [INFO] Epoch 34/100 (122.9s) | loss=33.7122 (raw=32.0848) pos=1.1893 siz=-1.1601 ori=0.9861 vel=0.8282 nis=0.6448 ua=1.00 contrast=1.4444 | val=-0.9366 val_pos=-0.1485 | k_m=8.88 k_s=9.91 k_reg=0.0000 dp_reg=0.0001 | NaN=0
22:43:09 [INFO]   New best class 1 model -> checkpoints/mamba_dekf/best_class_1.pt (class_val_loss=-21.6208)
22:43:10 [INFO]   New best class 2 model -> checkpoints/mamba_dekf/best_class_2.pt (class_val_loss=6.3589)
22:43:10 [INFO]   New best class 4 model -> checkpoints/mamba_dekf/best_class_4.pt (class_val_loss=76.1280)
22:45:58 [INFO] Epoch 35/100 (119.4s) | loss=33.6482 (raw=32.0341) pos=1.1847 siz=-1.1608 ori=0.9911 vel=0.8260 nis=0.6450 ua=1.00 contrast=1.5514 | val=-1.1517 val_pos=-0.1576 | k_m=8.66 k_s=9.86 k_reg=0.0000 dp_reg=0.0001 | NaN=0
22:45:58 [INFO]   New best class 0 model -> checkpoints/mamba_dekf/best_class_0.pt (class_val_loss=-4.0984)
22:45:59 [INFO]   New best class 1 model -> checkpoints/mamba_dekf/best_class_1.pt (class_val_loss=-21.7066)
22:45:59 [INFO]   New best class 3 model -> checkpoints/mamba_dekf/best_class_3.pt (class_val_loss=15.9304)
22:45:59 [INFO]   New best class 4 model -> checkpoints/mamba_dekf/best_class_4.pt (class_val_loss=73.3280)
22:45:59 [INFO]   Saved checkpoint → checkpoints/mamba_dekf/checkpoint_epoch35.pt
22:45:59 [INFO]   New best model → checkpoints/mamba_dekf/best.pt (val_loss=-1.1517)
22:48:48 [INFO] Epoch 36/100 (120.6s) | loss=34.0991 (raw=32.4652) pos=1.2031 siz=-1.1511 ori=0.9836 vel=0.8328 nis=0.6464 ua=1.00 contrast=1.4784 | val=-1.2314 val_pos=-0.1616 | k_m=8.46 k_s=9.94 k_reg=0.0000 dp_reg=0.0001 | NaN=0
22:48:48 [INFO]   New best class 1 model -> checkpoints/mamba_dekf/best_class_1.pt (class_val_loss=-21.9687)
22:48:48 [INFO]   New best class 4 model -> checkpoints/mamba_dekf/best_class_4.pt (class_val_loss=70.5327)
22:48:48 [INFO]   Saved checkpoint → checkpoints/mamba_dekf/checkpoint_epoch36.pt
22:48:48 [INFO]   New best model → checkpoints/mamba_dekf/best.pt (val_loss=-1.2314)
22:51:36 [INFO] Epoch 37/100 (119.8s) | loss=33.4920 (raw=31.8432) pos=1.1808 siz=-1.1626 ori=0.9852 vel=0.8238 nis=0.6446 ua=1.00 contrast=1.4161 | val=-1.3333 val_pos=-0.1646 | k_m=8.03 k_s=9.34 k_reg=0.0000 dp_reg=0.0001 | NaN=0
22:51:36 [INFO]   New best class 0 model -> checkpoints/mamba_dekf/best_class_0.pt (class_val_loss=-4.2520)
22:51:36 [INFO]   New best class 1 model -> checkpoints/mamba_dekf/best_class_1.pt (class_val_loss=-22.0595)
22:51:36 [INFO]   Saved checkpoint → checkpoints/mamba_dekf/checkpoint_epoch37.pt
22:51:36 [INFO]   New best model → checkpoints/mamba_dekf/best.pt (val_loss=-1.3333)
22:54:28 [INFO] Epoch 38/100 (121.2s) | loss=33.3856 (raw=31.7426) pos=1.1738 siz=-1.1586 ori=0.9884 vel=0.8195 nis=0.6444 ua=1.00 contrast=1.5179 | val=-1.3202 val_pos=-0.1651 | k_m=8.12 k_s=9.98 k_reg=0.0000 dp_reg=0.0002 | NaN=0
22:54:29 [INFO]   New best class 1 model -> checkpoints/mamba_dekf/best_class_1.pt (class_val_loss=-22.2411)
22:54:29 [INFO]   New best class 4 model -> checkpoints/mamba_dekf/best_class_4.pt (class_val_loss=68.0614)
22:57:22 [INFO] Epoch 39/100 (121.6s) | loss=33.3113 (raw=31.6455) pos=1.1711 siz=-1.1568 ori=0.9861 vel=0.8145 nis=0.6434 ua=1.00 contrast=1.4450 | val=-1.5203 val_pos=-0.1731 | k_m=7.95 k_s=9.97 k_reg=0.0000 dp_reg=0.0002 | NaN=0
22:57:22 [INFO]   New best class 1 model -> checkpoints/mamba_dekf/best_class_1.pt (class_val_loss=-22.3244)
22:57:23 [INFO]   New best class 2 model -> checkpoints/mamba_dekf/best_class_2.pt (class_val_loss=6.1020)
22:57:23 [INFO]   New best class 4 model -> checkpoints/mamba_dekf/best_class_4.pt (class_val_loss=65.6718)
22:57:23 [INFO]   New best class 5 model -> checkpoints/mamba_dekf/best_class_5.pt (class_val_loss=95.2412)
22:57:23 [INFO]   Saved checkpoint → checkpoints/mamba_dekf/checkpoint_epoch39.pt
22:57:23 [INFO]   New best model → checkpoints/mamba_dekf/best.pt (val_loss=-1.5203)
23:00:16 [INFO] Epoch 40/100 (125.3s) | loss=33.1930 (raw=31.5260) pos=1.1658 siz=-1.1560 ori=0.9850 vel=0.8132 nis=0.6437 ua=1.00 contrast=1.5060 | val=-1.3321 val_pos=-0.1669 | k_m=7.77 k_s=9.92 k_reg=0.0000 dp_reg=0.0001 | NaN=0
23:00:16 [INFO]   New best class 1 model -> checkpoints/mamba_dekf/best_class_1.pt (class_val_loss=-22.3767)
23:00:16 [INFO]   Saved checkpoint → checkpoints/mamba_dekf/checkpoint_epoch40.pt
23:03:08 [INFO] Epoch 41/100 (121.8s) | loss=32.8075 (raw=31.1188) pos=1.1558 siz=-1.1634 ori=0.9723 vel=0.8070 nis=0.6423 ua=1.00 contrast=1.4272 | val=-1.8446 val_pos=-0.1874 | k_m=7.68 k_s=9.96 k_reg=0.0000 dp_reg=0.0002 | NaN=0
23:03:08 [INFO]   New best class 1 model -> checkpoints/mamba_dekf/best_class_1.pt (class_val_loss=-22.4203)
23:03:08 [INFO]   New best class 4 model -> checkpoints/mamba_dekf/best_class_4.pt (class_val_loss=63.6904)
23:03:08 [INFO]   New best class 5 model -> checkpoints/mamba_dekf/best_class_5.pt (class_val_loss=90.1644)
23:03:08 [INFO]   New best class 6 model -> checkpoints/mamba_dekf/best_class_6.pt (class_val_loss=57.1401)
23:03:08 [INFO]   Saved checkpoint → checkpoints/mamba_dekf/checkpoint_epoch41.pt
23:03:08 [INFO]   New best model → checkpoints/mamba_dekf/best.pt (val_loss=-1.8446)
23:05:56 [INFO] Epoch 42/100 (119.8s) | loss=33.0549 (raw=31.3605) pos=1.1634 siz=-1.1585 ori=0.9747 vel=0.8142 nis=0.6430 ua=1.00 contrast=1.4570 | val=-1.6977 val_pos=-0.1822 | k_m=7.37 k_s=9.40 k_reg=0.0000 dp_reg=0.0002 | NaN=0
23:05:56 [INFO]   New best class 1 model -> checkpoints/mamba_dekf/best_class_1.pt (class_val_loss=-22.5154)
23:05:56 [INFO]   New best class 3 model -> checkpoints/mamba_dekf/best_class_3.pt (class_val_loss=15.9093)
23:05:56 [INFO]   New best class 4 model -> checkpoints/mamba_dekf/best_class_4.pt (class_val_loss=61.2671)
23:08:46 [INFO] Epoch 43/100 (121.9s) | loss=33.3322 (raw=31.6195) pos=1.1676 siz=-1.1548 ori=0.9960 vel=0.8169 nis=0.6475 ua=1.00 contrast=1.3613 | val=-1.9764 val_pos=-0.1931 | k_m=7.26 k_s=9.35 k_reg=0.0000 dp_reg=0.0002 | NaN=0
23:08:46 [INFO]   New best class 1 model -> checkpoints/mamba_dekf/best_class_1.pt (class_val_loss=-22.6772)
23:08:46 [INFO]   New best class 2 model -> checkpoints/mamba_dekf/best_class_2.pt (class_val_loss=5.9385)
23:08:46 [INFO]   New best class 4 model -> checkpoints/mamba_dekf/best_class_4.pt (class_val_loss=60.0399)
23:08:46 [INFO]   New best class 5 model -> checkpoints/mamba_dekf/best_class_5.pt (class_val_loss=88.8455)
23:08:46 [INFO]   Saved checkpoint → checkpoints/mamba_dekf/checkpoint_epoch43.pt
23:08:46 [INFO]   New best model → checkpoints/mamba_dekf/best.pt (val_loss=-1.9764)
23:11:35 [INFO] Epoch 44/100 (122.2s) | loss=33.0214 (raw=31.3165) pos=1.1574 siz=-1.1588 ori=0.9890 vel=0.8051 nis=0.6437 ua=1.00 contrast=1.4566 | val=-1.9657 val_pos=-0.1928 | k_m=7.10 k_s=9.02 k_reg=0.0000 dp_reg=0.0002 | NaN=0
23:11:35 [INFO]   New best class 1 model -> checkpoints/mamba_dekf/best_class_1.pt (class_val_loss=-22.6865)
23:11:35 [INFO]   New best class 5 model -> checkpoints/mamba_dekf/best_class_5.pt (class_val_loss=88.6746)
23:14:25 [INFO] Epoch 45/100 (120.6s) | loss=33.0842 (raw=31.3759) pos=1.1642 siz=-1.1592 ori=0.9749 vel=0.8090 nis=0.6429 ua=1.00 contrast=1.4424 | val=-1.7226 val_pos=-0.1830 | k_m=7.24 k_s=9.58 k_reg=0.0000 dp_reg=0.0002 | NaN=0
23:14:25 [INFO]   New best class 2 model -> checkpoints/mamba_dekf/best_class_2.pt (class_val_loss=5.6970)
23:14:25 [INFO]   New best class 4 model -> checkpoints/mamba_dekf/best_class_4.pt (class_val_loss=59.1595)
23:17:14 [INFO] Epoch 46/100 (120.0s) | loss=33.3032 (raw=31.5941) pos=1.1684 siz=-1.1617 ori=0.9930 vel=0.8138 nis=0.6449 ua=1.00 contrast=1.4048 | val=-2.1471 val_pos=-0.1995 | k_m=7.03 k_s=9.05 k_reg=0.0000 dp_reg=0.0002 | NaN=0
23:17:14 [INFO]   New best class 0 model -> checkpoints/mamba_dekf/best_class_0.pt (class_val_loss=-4.5416)
23:17:14 [INFO]   New best class 1 model -> checkpoints/mamba_dekf/best_class_1.pt (class_val_loss=-22.7336)
23:17:14 [INFO]   Saved checkpoint → checkpoints/mamba_dekf/checkpoint_epoch46.pt
23:17:14 [INFO]   New best model → checkpoints/mamba_dekf/best.pt (val_loss=-2.1471)
23:20:05 [INFO] Epoch 47/100 (121.3s) | loss=32.8616 (raw=31.1488) pos=1.1542 siz=-1.1586 ori=0.9802 vel=0.8039 nis=0.6423 ua=1.00 contrast=1.3830 | val=-2.1919 val_pos=-0.2004 | k_m=7.11 k_s=9.31 k_reg=0.0000 dp_reg=0.0002 | NaN=0
23:20:05 [INFO]   New best class 2 model -> checkpoints/mamba_dekf/best_class_2.pt (class_val_loss=5.5476)
23:20:05 [INFO]   New best class 4 model -> checkpoints/mamba_dekf/best_class_4.pt (class_val_loss=57.0082)
23:20:05 [INFO]   Saved checkpoint → checkpoints/mamba_dekf/checkpoint_epoch47.pt
23:20:05 [INFO]   New best model → checkpoints/mamba_dekf/best.pt (val_loss=-2.1919)
23:22:57 [INFO] Epoch 48/100 (123.1s) | loss=33.2028 (raw=31.4940) pos=1.1662 siz=-1.1624 ori=0.9858 vel=0.8113 nis=0.6445 ua=1.00 contrast=1.4477 | val=-2.1567 val_pos=-0.2007 | k_m=6.99 k_s=8.97 k_reg=0.0000 dp_reg=0.0002 | NaN=0
23:22:57 [INFO]   New best class 1 model -> checkpoints/mamba_dekf/best_class_1.pt (class_val_loss=-22.7625)
23:25:47 [INFO] Epoch 49/100 (123.3s) | loss=32.9159 (raw=31.1898) pos=1.1667 siz=-1.1536 ori=0.9366 vel=0.8112 nis=0.6395 ua=1.00 contrast=1.4815 | val=-2.5552 val_pos=-0.1932 | k_m=6.96 k_s=9.12 k_reg=0.0000 dp_reg=0.0002 | NaN=0
23:25:47 [INFO]   New best class 1 model -> checkpoints/mamba_dekf/best_class_1.pt (class_val_loss=-25.1323)
23:25:47 [INFO]   New best class 4 model -> checkpoints/mamba_dekf/best_class_4.pt (class_val_loss=56.9044)
23:25:47 [INFO]   Saved checkpoint → checkpoints/mamba_dekf/checkpoint_epoch49.pt
23:25:47 [INFO]   New best model → checkpoints/mamba_dekf/best.pt (val_loss=-2.5552)
23:28:38 [INFO] Epoch 50/100 (121.0s) | loss=32.2923 (raw=30.5255) pos=1.1600 siz=-1.1623 ori=0.8793 vel=0.8081 nis=0.6321 ua=1.00 contrast=1.4201 | val=-3.1947 val_pos=-0.2027 | k_m=7.39 k_s=10.32 k_reg=0.0000 dp_reg=0.0002 | NaN=0
23:28:38 [INFO]   New best class 1 model -> checkpoints/mamba_dekf/best_class_1.pt (class_val_loss=-26.6783)
23:28:38 [INFO]   New best class 5 model -> checkpoints/mamba_dekf/best_class_5.pt (class_val_loss=88.5341)
23:28:38 [INFO]   Saved checkpoint → checkpoints/mamba_dekf/checkpoint_epoch50.pt
23:28:38 [INFO]   New best model → checkpoints/mamba_dekf/best.pt (val_loss=-3.1947)
23:31:30 [INFO] Epoch 51/100 (120.9s) | loss=31.6949 (raw=29.8987) pos=1.1544 siz=-1.1715 ori=0.8232 vel=0.8067 nis=0.6234 ua=1.00 contrast=1.3674 | val=-3.4893 val_pos=-0.2047 | k_m=7.95 k_s=12.33 k_reg=0.0000 dp_reg=0.0002 | NaN=0
23:31:30 [INFO]   New best class 1 model -> checkpoints/mamba_dekf/best_class_1.pt (class_val_loss=-27.6718)
23:31:30 [INFO]   New best class 4 model -> checkpoints/mamba_dekf/best_class_4.pt (class_val_loss=55.9715)
23:31:30 [INFO]   Saved checkpoint → checkpoints/mamba_dekf/checkpoint_epoch51.pt
23:31:30 [INFO]   New best model → checkpoints/mamba_dekf/best.pt (val_loss=-3.4893)
23:34:22 [INFO] Epoch 52/100 (122.0s) | loss=31.4291 (raw=29.6280) pos=1.1506 siz=-1.1555 ori=0.7877 vel=0.8080 nis=0.6188 ua=1.00 contrast=1.4153 | val=-3.7466 val_pos=-0.2081 | k_m=8.72 k_s=14.10 k_reg=0.0000 dp_reg=0.0002 | NaN=0
23:34:22 [INFO]   New best class 1 model -> checkpoints/mamba_dekf/best_class_1.pt (class_val_loss=-28.3441)
23:34:22 [INFO]   New best class 2 model -> checkpoints/mamba_dekf/best_class_2.pt (class_val_loss=5.5296)
23:34:22 [INFO]   New best class 4 model -> checkpoints/mamba_dekf/best_class_4.pt (class_val_loss=54.5412)
23:34:22 [INFO]   New best class 5 model -> checkpoints/mamba_dekf/best_class_5.pt (class_val_loss=87.2904)
23:34:22 [INFO]   Saved checkpoint → checkpoints/mamba_dekf/checkpoint_epoch52.pt
23:34:22 [INFO]   New best model → checkpoints/mamba_dekf/best.pt (val_loss=-3.7466)
23:37:11 [INFO] Epoch 53/100 (121.4s) | loss=31.3886 (raw=29.5745) pos=1.1530 siz=-1.1555 ori=0.7730 vel=0.8041 nis=0.6161 ua=1.00 contrast=1.4075 | val=-3.7812 val_pos=-0.2046 | k_m=8.94 k_s=14.64 k_reg=0.0000 dp_reg=0.0002 | NaN=0
23:37:11 [INFO]   New best class 1 model -> checkpoints/mamba_dekf/best_class_1.pt (class_val_loss=-28.8666)
23:37:11 [INFO]   New best class 4 model -> checkpoints/mamba_dekf/best_class_4.pt (class_val_loss=54.0139)
23:37:11 [INFO]   Saved checkpoint → checkpoints/mamba_dekf/checkpoint_epoch53.pt
23:37:11 [INFO]   New best model → checkpoints/mamba_dekf/best.pt (val_loss=-3.7812)
23:40:02 [INFO] Epoch 54/100 (122.8s) | loss=31.2302 (raw=29.3925) pos=1.1543 siz=-1.1549 ori=0.7467 vel=0.8012 nis=0.6128 ua=1.00 contrast=1.3441 | val=-3.9376 val_pos=-0.2075 | k_m=9.16 k_s=15.09 k_reg=0.0000 dp_reg=0.0002 | NaN=0
23:40:03 [INFO]   New best class 1 model -> checkpoints/mamba_dekf/best_class_1.pt (class_val_loss=-29.3893)
23:40:03 [INFO]   New best class 3 model -> checkpoints/mamba_dekf/best_class_3.pt (class_val_loss=15.5282)
23:40:03 [INFO]   Saved checkpoint → checkpoints/mamba_dekf/checkpoint_epoch54.pt
23:40:03 [INFO]   New best model → checkpoints/mamba_dekf/best.pt (val_loss=-3.9376)
23:42:55 [INFO] Epoch 55/100 (120.2s) | loss=31.1403 (raw=29.3007) pos=1.1535 siz=-1.1598 ori=0.7378 vel=0.8074 nis=0.6092 ua=1.00 contrast=1.4126 | val=-4.0666 val_pos=-0.2085 | k_m=9.27 k_s=15.05 k_reg=0.0000 dp_reg=0.0002 | NaN=0
23:42:55 [INFO]   New best class 1 model -> checkpoints/mamba_dekf/best_class_1.pt (class_val_loss=-29.7587)
23:42:55 [INFO]   New best class 2 model -> checkpoints/mamba_dekf/best_class_2.pt (class_val_loss=5.4865)
23:42:55 [INFO]   New best class 4 model -> checkpoints/mamba_dekf/best_class_4.pt (class_val_loss=52.8457)
23:42:55 [INFO]   Saved checkpoint → checkpoints/mamba_dekf/checkpoint_epoch55.pt
23:42:55 [INFO]   New best model → checkpoints/mamba_dekf/best.pt (val_loss=-4.0666)
23:45:47 [INFO] Epoch 56/100 (122.8s) | loss=30.9395 (raw=29.0901) pos=1.1461 siz=-1.1564 ori=0.7335 vel=0.8021 nis=0.6077 ua=1.00 contrast=1.3787 | val=-4.1363 val_pos=-0.2085 | k_m=9.38 k_s=15.39 k_reg=0.0000 dp_reg=0.0002 | NaN=0
23:45:47 [INFO]   New best class 0 model -> checkpoints/mamba_dekf/best_class_0.pt (class_val_loss=-4.6706)
23:45:47 [INFO]   New best class 1 model -> checkpoints/mamba_dekf/best_class_1.pt (class_val_loss=-30.0970)
23:45:47 [INFO]   Saved checkpoint → checkpoints/mamba_dekf/checkpoint_epoch56.pt
23:45:47 [INFO]   New best model → checkpoints/mamba_dekf/best.pt (val_loss=-4.1363)
23:48:41 [INFO] Epoch 57/100 (124.4s) | loss=30.7621 (raw=28.8998) pos=1.1445 siz=-1.1632 ori=0.7189 vel=0.7946 nis=0.6036 ua=1.00 contrast=1.3634 | val=-4.3007 val_pos=-0.2127 | k_m=9.59 k_s=15.53 k_reg=0.0000 dp_reg=0.0002 | NaN=0
23:48:41 [INFO]   New best class 1 model -> checkpoints/mamba_dekf/best_class_1.pt (class_val_loss=-30.3569)
23:48:41 [INFO]   Saved checkpoint → checkpoints/mamba_dekf/checkpoint_epoch57.pt
23:48:41 [INFO]   New best model → checkpoints/mamba_dekf/best.pt (val_loss=-4.3007)
23:51:31 [INFO] Epoch 58/100 (120.0s) | loss=30.9350 (raw=29.0712) pos=1.1535 siz=-1.1528 ori=0.7027 vel=0.8067 nis=0.5999 ua=1.00 contrast=1.4232 | val=-4.4171 val_pos=-0.2136 | k_m=9.54 k_s=15.10 k_reg=0.0000 dp_reg=0.0002 | NaN=0
23:51:31 [INFO]   New best class 1 model -> checkpoints/mamba_dekf/best_class_1.pt (class_val_loss=-30.5709)
23:51:31 [INFO]   New best class 6 model -> checkpoints/mamba_dekf/best_class_6.pt (class_val_loss=56.4066)
23:51:31 [INFO]   Saved checkpoint → checkpoints/mamba_dekf/checkpoint_epoch58.pt
23:51:31 [INFO]   New best model → checkpoints/mamba_dekf/best.pt (val_loss=-4.4171)
23:54:21 [INFO] Epoch 59/100 (119.8s) | loss=30.7536 (raw=28.8676) pos=1.1541 siz=-1.1593 ori=0.6819 vel=0.8044 nis=0.5967 ua=1.00 contrast=1.3305 | val=-4.5034 val_pos=-0.2155 | k_m=9.91 k_s=16.39 k_reg=0.0000 dp_reg=0.0002 | NaN=0
23:54:21 [INFO]   New best class 0 model -> checkpoints/mamba_dekf/best_class_0.pt (class_val_loss=-4.6914)
23:54:21 [INFO]   New best class 1 model -> checkpoints/mamba_dekf/best_class_1.pt (class_val_loss=-30.7929)
23:54:21 [INFO]   New best class 3 model -> checkpoints/mamba_dekf/best_class_3.pt (class_val_loss=15.3300)
23:54:21 [INFO]   New best class 5 model -> checkpoints/mamba_dekf/best_class_5.pt (class_val_loss=86.9927)
23:54:21 [INFO]   Saved checkpoint → checkpoints/mamba_dekf/checkpoint_epoch59.pt
23:54:21 [INFO]   New best model → checkpoints/mamba_dekf/best.pt (val_loss=-4.5034)
23:57:10 [INFO] Epoch 60/100 (119.5s) | loss=30.7241 (raw=28.8372) pos=1.1482 siz=-1.1568 ori=0.6954 vel=0.8004 nis=0.5974 ua=1.00 contrast=1.3422 | val=-4.4306 val_pos=-0.2108 | k_m=9.63 k_s=15.68 k_reg=0.0000 dp_reg=0.0002 | NaN=0
23:57:10 [INFO]   New best class 1 model -> checkpoints/mamba_dekf/best_class_1.pt (class_val_loss=-31.0014)
23:57:10 [INFO]   New best class 4 model -> checkpoints/mamba_dekf/best_class_4.pt (class_val_loss=52.1722)
23:57:10 [INFO]   Saved checkpoint → checkpoints/mamba_dekf/checkpoint_epoch60.pt
00:00:00 [INFO] Epoch 61/100 (120.8s) | loss=30.8508 (raw=28.9507) pos=1.1549 siz=-1.1622 ori=0.6936 vel=0.8052 nis=0.5966 ua=1.00 contrast=1.2976 | val=-4.5948 val_pos=-0.2175 | k_m=9.89 k_s=15.79 k_reg=0.0000 dp_reg=0.0002 | NaN=0
00:00:00 [INFO]   New best class 1 model -> checkpoints/mamba_dekf/best_class_1.pt (class_val_loss=-31.2147)
00:00:00 [INFO]   New best class 3 model -> checkpoints/mamba_dekf/best_class_3.pt (class_val_loss=15.3148)
00:00:00 [INFO]   Saved checkpoint → checkpoints/mamba_dekf/checkpoint_epoch61.pt
00:00:00 [INFO]   New best model → checkpoints/mamba_dekf/best.pt (val_loss=-4.5948)
00:02:50 [INFO] Epoch 62/100 (122.3s) | loss=30.5552 (raw=28.6663) pos=1.1467 siz=-1.1552 ori=0.6737 vel=0.8008 nis=0.5932 ua=1.00 contrast=1.4177 | val=-4.6914 val_pos=-0.2199 | k_m=9.77 k_s=15.58 k_reg=0.0000 dp_reg=0.0002 | NaN=0
00:02:50 [INFO]   New best class 1 model -> checkpoints/mamba_dekf/best_class_1.pt (class_val_loss=-31.2709)
00:02:51 [INFO]   New best class 4 model -> checkpoints/mamba_dekf/best_class_4.pt (class_val_loss=51.0499)
00:02:51 [INFO]   Saved checkpoint → checkpoints/mamba_dekf/checkpoint_epoch62.pt
00:02:51 [INFO]   New best model → checkpoints/mamba_dekf/best.pt (val_loss=-4.6914)
00:05:42 [INFO] Epoch 63/100 (121.2s) | loss=30.4470 (raw=28.5345) pos=1.1465 siz=-1.1637 ori=0.6664 vel=0.8010 nis=0.5915 ua=1.00 contrast=1.3205 | val=-4.6237 val_pos=-0.2156 | k_m=9.60 k_s=15.19 k_reg=0.0000 dp_reg=0.0002 | NaN=0
00:05:42 [INFO]   New best class 1 model -> checkpoints/mamba_dekf/best_class_1.pt (class_val_loss=-31.3921)
00:08:31 [INFO] Epoch 64/100 (121.2s) | loss=30.5501 (raw=28.6359) pos=1.1494 siz=-1.1580 ori=0.6656 vel=0.7998 nis=0.5896 ua=1.00 contrast=1.3442 | val=-4.4713 val_pos=-0.2086 | k_m=9.90 k_s=15.65 k_reg=0.0000 dp_reg=0.0002 | NaN=0
00:08:31 [INFO]   New best class 1 model -> checkpoints/mamba_dekf/best_class_1.pt (class_val_loss=-31.4791)
00:08:31 [INFO]   New best class 2 model -> checkpoints/mamba_dekf/best_class_2.pt (class_val_loss=5.1475)
00:11:19 [INFO] Epoch 65/100 (118.0s) | loss=30.6531 (raw=28.7348) pos=1.1533 siz=-1.1600 ori=0.6666 vel=0.8020 nis=0.5894 ua=1.00 contrast=1.3620 | val=-4.5975 val_pos=-0.2142 | k_m=9.75 k_s=15.37 k_reg=0.0000 dp_reg=0.0002 | NaN=0
00:11:19 [INFO]   New best class 1 model -> checkpoints/mamba_dekf/best_class_1.pt (class_val_loss=-31.5638)
00:11:19 [INFO]   New best class 5 model -> checkpoints/mamba_dekf/best_class_5.pt (class_val_loss=86.7952)
00:14:08 [INFO] Epoch 66/100 (120.5s) | loss=30.3227 (raw=28.4013) pos=1.1428 siz=-1.1603 ori=0.6585 vel=0.7983 nis=0.5876 ua=1.00 contrast=1.3381 | val=-4.7866 val_pos=-0.2204 | k_m=9.68 k_s=15.10 k_reg=0.0000 dp_reg=0.0002 | NaN=0
00:14:08 [INFO]   New best class 0 model -> checkpoints/mamba_dekf/best_class_0.pt (class_val_loss=-4.7384)
00:14:08 [INFO]   New best class 1 model -> checkpoints/mamba_dekf/best_class_1.pt (class_val_loss=-31.6713)
00:14:08 [INFO]   Saved checkpoint → checkpoints/mamba_dekf/checkpoint_epoch66.pt
00:14:08 [INFO]   New best model → checkpoints/mamba_dekf/best.pt (val_loss=-4.7866)
00:16:52 [INFO] Epoch 67/100 (116.4s) | loss=30.2465 (raw=28.3237) pos=1.1418 siz=-1.1609 ori=0.6515 vel=0.7993 nis=0.5860 ua=1.00 contrast=1.3502 | val=-4.7889 val_pos=-0.2184 | k_m=9.55 k_s=14.78 k_reg=0.0000 dp_reg=0.0002 | NaN=0
00:16:52 [INFO]   New best class 1 model -> checkpoints/mamba_dekf/best_class_1.pt (class_val_loss=-31.7707)
00:16:52 [INFO]   New best class 2 model -> checkpoints/mamba_dekf/best_class_2.pt (class_val_loss=2.0640)
00:16:52 [INFO]   New best class 5 model -> checkpoints/mamba_dekf/best_class_5.pt (class_val_loss=85.4297)
00:16:52 [INFO]   Saved checkpoint → checkpoints/mamba_dekf/checkpoint_epoch67.pt
00:16:52 [INFO]   New best model → checkpoints/mamba_dekf/best.pt (val_loss=-4.7889)
00:19:45 [INFO] Epoch 68/100 (121.6s) | loss=30.0215 (raw=28.0869) pos=1.1366 siz=-1.1611 ori=0.6386 vel=0.7951 nis=0.5836 ua=1.00 contrast=1.3192 | val=-4.8863 val_pos=-0.2206 | k_m=9.43 k_s=14.30 k_reg=0.0000 dp_reg=0.0002 | NaN=0
00:19:45 [INFO]   New best class 0 model -> checkpoints/mamba_dekf/best_class_0.pt (class_val_loss=-4.7621)
00:19:45 [INFO]   New best class 1 model -> checkpoints/mamba_dekf/best_class_1.pt (class_val_loss=-31.7856)
00:19:45 [INFO]   Saved checkpoint → checkpoints/mamba_dekf/checkpoint_epoch68.pt
00:19:45 [INFO]   New best model → checkpoints/mamba_dekf/best.pt (val_loss=-4.8863)
00:22:36 [INFO] Epoch 69/100 (122.1s) | loss=30.0379 (raw=28.1066) pos=1.1343 siz=-1.1614 ori=0.6474 vel=0.7977 nis=0.5827 ua=1.00 contrast=1.3607 | val=-4.7291 val_pos=-0.2142 | k_m=9.64 k_s=14.69 k_reg=0.0000 dp_reg=0.0002 | NaN=0
00:22:36 [INFO]   New best class 1 model -> checkpoints/mamba_dekf/best_class_1.pt (class_val_loss=-31.8448)
00:22:36 [INFO]   New best class 2 model -> checkpoints/mamba_dekf/best_class_2.pt (class_val_loss=0.8723)
00:25:25 [INFO] Epoch 70/100 (119.4s) | loss=30.0444 (raw=28.1207) pos=1.1411 siz=-1.1585 ori=0.6225 vel=0.7996 nis=0.5808 ua=1.00 contrast=1.4264 | val=-4.9223 val_pos=-0.2189 | k_m=9.39 k_s=14.10 k_reg=0.0000 dp_reg=0.0002 | NaN=0
00:25:25 [INFO]   New best class 1 model -> checkpoints/mamba_dekf/best_class_1.pt (class_val_loss=-31.8639)
00:25:25 [INFO]   New best class 2 model -> checkpoints/mamba_dekf/best_class_2.pt (class_val_loss=-0.5099)
00:25:25 [INFO]   New best class 4 model -> checkpoints/mamba_dekf/best_class_4.pt (class_val_loss=51.0037)
00:25:25 [INFO]   Saved checkpoint → checkpoints/mamba_dekf/checkpoint_epoch70.pt
00:25:25 [INFO]   New best model → checkpoints/mamba_dekf/best.pt (val_loss=-4.9223)
00:28:18 [INFO] Epoch 71/100 (120.2s) | loss=30.2359 (raw=28.2939) pos=1.1429 siz=-1.1541 ori=0.6403 vel=0.7983 nis=0.5828 ua=1.00 contrast=1.3297 | val=-4.8672 val_pos=-0.2177 | k_m=9.29 k_s=13.82 k_reg=0.0000 dp_reg=0.0002 | NaN=0
00:28:18 [INFO]   New best class 1 model -> checkpoints/mamba_dekf/best_class_1.pt (class_val_loss=-31.9517)
00:28:18 [INFO]   New best class 2 model -> checkpoints/mamba_dekf/best_class_2.pt (class_val_loss=-0.7152)
00:31:08 [INFO] Epoch 72/100 (120.1s) | loss=30.0156 (raw=28.0609) pos=1.1389 siz=-1.1586 ori=0.6293 vel=0.7945 nis=0.5792 ua=1.00 contrast=1.2428 | val=-5.0313 val_pos=-0.2223 | k_m=9.16 k_s=13.67 k_reg=0.0000 dp_reg=0.0003 | NaN=0
00:31:08 [INFO]   New best class 0 model -> checkpoints/mamba_dekf/best_class_0.pt (class_val_loss=-4.8033)
00:31:08 [INFO]   New best class 1 model -> checkpoints/mamba_dekf/best_class_1.pt (class_val_loss=-31.9682)
00:31:08 [INFO]   New best class 2 model -> checkpoints/mamba_dekf/best_class_2.pt (class_val_loss=-1.4965)
00:31:09 [INFO]   Saved checkpoint → checkpoints/mamba_dekf/checkpoint_epoch72.pt
00:31:09 [INFO]   New best model → checkpoints/mamba_dekf/best.pt (val_loss=-5.0313)
00:33:56 [INFO] Epoch 73/100 (119.6s) | loss=30.1400 (raw=28.2053) pos=1.1434 siz=-1.1547 ori=0.6243 vel=0.7954 nis=0.5794 ua=1.00 contrast=1.4071 | val=-5.0550 val_pos=-0.2242 | k_m=9.24 k_s=13.92 k_reg=0.0000 dp_reg=0.0002 | NaN=0
00:33:56 [INFO]   New best class 1 model -> checkpoints/mamba_dekf/best_class_1.pt (class_val_loss=-32.0058)
00:33:56 [INFO]   New best class 2 model -> checkpoints/mamba_dekf/best_class_2.pt (class_val_loss=-1.6558)
00:33:56 [INFO]   Saved checkpoint → checkpoints/mamba_dekf/checkpoint_epoch73.pt
00:33:56 [INFO]   New best model → checkpoints/mamba_dekf/best.pt (val_loss=-5.0550)
00:36:45 [INFO] Epoch 74/100 (120.2s) | loss=29.9433 (raw=27.9941) pos=1.1415 siz=-1.1624 ori=0.6112 vel=0.8016 nis=0.5770 ua=1.00 contrast=1.3206 | val=-4.8551 val_pos=-0.2155 | k_m=9.28 k_s=13.83 k_reg=0.0000 dp_reg=0.0003 | NaN=0
00:36:45 [INFO]   New best class 1 model -> checkpoints/mamba_dekf/best_class_1.pt (class_val_loss=-32.0203)
00:36:45 [INFO]   New best class 2 model -> checkpoints/mamba_dekf/best_class_2.pt (class_val_loss=-2.1584)
00:39:35 [INFO] Epoch 75/100 (121.2s) | loss=29.7250 (raw=27.7861) pos=1.1350 siz=-1.1658 ori=0.6046 vel=0.7988 nis=0.5752 ua=1.00 contrast=1.3899 | val=-4.9986 val_pos=-0.2205 | k_m=9.26 k_s=13.81 k_reg=0.0000 dp_reg=0.0003 | NaN=0
00:39:35 [INFO]   New best class 0 model -> checkpoints/mamba_dekf/best_class_0.pt (class_val_loss=-4.8135)
00:39:35 [INFO]   New best class 1 model -> checkpoints/mamba_dekf/best_class_1.pt (class_val_loss=-32.0370)
00:39:35 [INFO]   New best class 2 model -> checkpoints/mamba_dekf/best_class_2.pt (class_val_loss=-2.6036)
00:42:25 [INFO] Epoch 76/100 (119.8s) | loss=30.0445 (raw=28.0977) pos=1.1453 siz=-1.1574 ori=0.6081 vel=0.7988 nis=0.5772 ua=1.00 contrast=1.3434 | val=-5.0395 val_pos=-0.2213 | k_m=9.18 k_s=13.42 k_reg=0.0000 dp_reg=0.0002 | NaN=0
00:45:15 [INFO] Epoch 77/100 (121.7s) | loss=29.6569 (raw=27.7143) pos=1.1307 siz=-1.1673 ori=0.6118 vel=0.7967 nis=0.5766 ua=1.00 contrast=1.3533 | val=-5.0964 val_pos=-0.2227 | k_m=9.34 k_s=14.06 k_reg=0.0000 dp_reg=0.0002 | NaN=0
00:45:15 [INFO]   New best class 0 model -> checkpoints/mamba_dekf/best_class_0.pt (class_val_loss=-4.8449)
00:45:15 [INFO]   New best class 1 model -> checkpoints/mamba_dekf/best_class_1.pt (class_val_loss=-32.0557)
00:45:15 [INFO]   New best class 2 model -> checkpoints/mamba_dekf/best_class_2.pt (class_val_loss=-3.3937)
00:45:15 [INFO]   Saved checkpoint → checkpoints/mamba_dekf/checkpoint_epoch77.pt
00:45:15 [INFO]   New best model → checkpoints/mamba_dekf/best.pt (val_loss=-5.0964)
00:48:03 [INFO] Epoch 78/100 (120.9s) | loss=30.1725 (raw=28.2296) pos=1.1500 siz=-1.1587 ori=0.6092 vel=0.8014 nis=0.5763 ua=1.00 contrast=1.3883 | val=-5.0221 val_pos=-0.2216 | k_m=8.90 k_s=13.09 k_reg=0.0000 dp_reg=0.0002 | NaN=0
00:48:04 [INFO]   New best class 1 model -> checkpoints/mamba_dekf/best_class_1.pt (class_val_loss=-32.0965)
00:48:04 [INFO]   New best class 2 model -> checkpoints/mamba_dekf/best_class_2.pt (class_val_loss=-3.6106)
00:50:55 [INFO] Epoch 79/100 (121.3s) | loss=29.7838 (raw=27.8461) pos=1.1348 siz=-1.1648 ori=0.6118 vel=0.7927 nis=0.5758 ua=1.00 contrast=1.4162 | val=-5.1950 val_pos=-0.2272 | k_m=9.15 k_s=13.52 k_reg=0.0000 dp_reg=0.0003 | NaN=0
00:50:55 [INFO]   New best class 1 model -> checkpoints/mamba_dekf/best_class_1.pt (class_val_loss=-32.1522)
00:50:55 [INFO]   New best class 2 model -> checkpoints/mamba_dekf/best_class_2.pt (class_val_loss=-4.0986)
00:50:55 [INFO]   New best class 5 model -> checkpoints/mamba_dekf/best_class_5.pt (class_val_loss=85.1059)
00:50:55 [INFO]   Saved checkpoint → checkpoints/mamba_dekf/checkpoint_epoch79.pt
00:50:55 [INFO]   New best model → checkpoints/mamba_dekf/best.pt (val_loss=-5.1950)
00:53:42 [INFO] Epoch 80/100 (118.5s) | loss=29.5675 (raw=27.6138) pos=1.1316 siz=-1.1643 ori=0.5951 vel=0.7952 nis=0.5733 ua=1.00 contrast=1.3212 | val=-5.1322 val_pos=-0.2234 | k_m=9.30 k_s=13.98 k_reg=0.0000 dp_reg=0.0003 | NaN=0
00:53:42 [INFO]   New best class 0 model -> checkpoints/mamba_dekf/best_class_0.pt (class_val_loss=-4.8674)
00:53:42 [INFO]   New best class 1 model -> checkpoints/mamba_dekf/best_class_1.pt (class_val_loss=-32.1592)
00:53:42 [INFO]   Saved checkpoint → checkpoints/mamba_dekf/checkpoint_epoch80.pt
00:56:31 [INFO] Epoch 81/100 (120.8s) | loss=29.9374 (raw=27.9914) pos=1.1431 siz=-1.1581 ori=0.6003 vel=0.7980 nis=0.5739 ua=1.00 contrast=1.3842 | val=-5.1141 val_pos=-0.2232 | k_m=9.19 k_s=13.62 k_reg=0.0000 dp_reg=0.0003 | NaN=0
00:56:32 [INFO]   New best class 2 model -> checkpoints/mamba_dekf/best_class_2.pt (class_val_loss=-4.4672)
00:59:24 [INFO] Epoch 82/100 (123.1s) | loss=29.6490 (raw=27.6862) pos=1.1344 siz=-1.1628 ori=0.5965 vel=0.7915 nis=0.5736 ua=1.00 contrast=1.2669 | val=-5.1679 val_pos=-0.2250 | k_m=9.24 k_s=13.73 k_reg=0.0000 dp_reg=0.0003 | NaN=0
00:59:24 [INFO]   New best class 1 model -> checkpoints/mamba_dekf/best_class_1.pt (class_val_loss=-32.1708)
00:59:24 [INFO]   New best class 4 model -> checkpoints/mamba_dekf/best_class_4.pt (class_val_loss=50.3340)
01:02:21 [INFO] Epoch 83/100 (123.9s) | loss=29.5030 (raw=27.5395) pos=1.1308 siz=-1.1639 ori=0.5908 vel=0.7966 nis=0.5722 ua=1.00 contrast=1.2401 | val=-5.2309 val_pos=-0.2275 | k_m=9.12 k_s=13.52 k_reg=0.0000 dp_reg=0.0003 | NaN=0
01:02:21 [INFO]   New best class 2 model -> checkpoints/mamba_dekf/best_class_2.pt (class_val_loss=-4.8586)
01:02:21 [INFO]   Saved checkpoint → checkpoints/mamba_dekf/checkpoint_epoch83.pt
01:02:21 [INFO]   New best model → checkpoints/mamba_dekf/best.pt (val_loss=-5.2309)
01:05:20 [INFO] Epoch 84/100 (127.8s) | loss=29.8406 (raw=27.8879) pos=1.1378 siz=-1.1573 ori=0.6063 vel=0.7945 nis=0.5753 ua=1.00 contrast=1.3123 | val=-5.2058 val_pos=-0.2258 | k_m=9.27 k_s=14.00 k_reg=0.0000 dp_reg=0.0003 | NaN=0
01:05:20 [INFO]   New best class 2 model -> checkpoints/mamba_dekf/best_class_2.pt (class_val_loss=-4.9151)
01:08:17 [INFO] Epoch 85/100 (127.0s) | loss=29.5657 (raw=27.6053) pos=1.1337 siz=-1.1667 ori=0.5899 vel=0.7972 nis=0.5711 ua=1.00 contrast=1.2909 | val=-5.1724 val_pos=-0.2251 | k_m=9.10 k_s=13.59 k_reg=0.0000 dp_reg=0.0003 | NaN=0
01:08:17 [INFO]   New best class 2 model -> checkpoints/mamba_dekf/best_class_2.pt (class_val_loss=-4.9873)
01:11:16 [INFO] Epoch 86/100 (126.5s) | loss=29.8506 (raw=27.8934) pos=1.1404 siz=-1.1639 ori=0.6025 vel=0.7978 nis=0.5738 ua=1.00 contrast=1.3235 | val=-5.0677 val_pos=-0.2206 | k_m=9.35 k_s=14.18 k_reg=0.0000 dp_reg=0.0003 | NaN=0
01:11:16 [INFO]   New best class 2 model -> checkpoints/mamba_dekf/best_class_2.pt (class_val_loss=-5.8361)
01:14:16 [INFO] Epoch 87/100 (127.4s) | loss=29.6037 (raw=27.6537) pos=1.1326 siz=-1.1559 ori=0.5896 vel=0.7895 nis=0.5721 ua=1.00 contrast=1.3648 | val=-5.1915 val_pos=-0.2255 | k_m=9.31 k_s=14.01 k_reg=0.0000 dp_reg=0.0003 | NaN=0
01:14:16 [INFO]   New best class 1 model -> checkpoints/mamba_dekf/best_class_1.pt (class_val_loss=-32.1717)
01:17:16 [INFO] Epoch 88/100 (127.9s) | loss=29.8196 (raw=27.8626) pos=1.1382 siz=-1.1652 ori=0.6058 vel=0.7989 nis=0.5744 ua=1.00 contrast=1.3432 | val=-5.2656 val_pos=-0.2291 | k_m=9.08 k_s=13.56 k_reg=0.0000 dp_reg=0.0002 | NaN=0
01:17:16 [INFO]   New best class 0 model -> checkpoints/mamba_dekf/best_class_0.pt (class_val_loss=-4.8706)
01:17:16 [INFO]   New best class 1 model -> checkpoints/mamba_dekf/best_class_1.pt (class_val_loss=-32.1848)
01:17:16 [INFO]   New best class 6 model -> checkpoints/mamba_dekf/best_class_6.pt (class_val_loss=56.2014)
01:17:16 [INFO]   Saved checkpoint → checkpoints/mamba_dekf/checkpoint_epoch88.pt
01:17:16 [INFO]   New best model → checkpoints/mamba_dekf/best.pt (val_loss=-5.2656)
01:20:18 [INFO] Epoch 89/100 (130.0s) | loss=29.7349 (raw=27.7724) pos=1.1344 siz=-1.1595 ori=0.6048 vel=0.7920 nis=0.5732 ua=1.00 contrast=1.2864 | val=-5.1935 val_pos=-0.2255 | k_m=9.33 k_s=14.18 k_reg=0.0000 dp_reg=0.0003 | NaN=0
01:23:14 [INFO] Epoch 90/100 (126.0s) | loss=29.8871 (raw=27.9282) pos=1.1431 siz=-1.1612 ori=0.5957 vel=0.8017 nis=0.5748 ua=1.00 contrast=1.3361 | val=-5.3570 val_pos=-0.2310 | k_m=9.30 k_s=13.97 k_reg=0.0000 dp_reg=0.0003 | NaN=0
01:23:14 [INFO]   New best class 1 model -> checkpoints/mamba_dekf/best_class_1.pt (class_val_loss=-32.2681)
01:23:14 [INFO]   New best class 6 model -> checkpoints/mamba_dekf/best_class_6.pt (class_val_loss=55.8479)
01:23:15 [INFO]   Saved checkpoint → checkpoints/mamba_dekf/checkpoint_epoch90.pt
01:23:15 [INFO]   New best model → checkpoints/mamba_dekf/best.pt (val_loss=-5.3570)
01:26:12 [INFO] Epoch 91/100 (127.4s) | loss=29.4793 (raw=27.5057) pos=1.1291 siz=-1.1582 ori=0.5891 vel=0.7943 nis=0.5713 ua=1.00 contrast=1.2200 | val=-5.1871 val_pos=-0.2245 | k_m=9.15 k_s=13.77 k_reg=0.0000 dp_reg=0.0003 | NaN=0
01:29:12 [INFO] Epoch 92/100 (127.4s) | loss=29.8410 (raw=27.8754) pos=1.1428 siz=-1.1652 ori=0.5951 vel=0.7963 nis=0.5745 ua=1.00 contrast=1.2722 | val=-5.3405 val_pos=-0.2300 | k_m=9.01 k_s=13.47 k_reg=0.0000 dp_reg=0.0003 | NaN=0
01:32:10 [INFO] Epoch 93/100 (128.3s) | loss=29.7422 (raw=27.8021) pos=1.1381 siz=-1.1611 ori=0.5920 vel=0.7968 nis=0.5724 ua=1.00 contrast=1.4291 | val=-5.2636 val_pos=-0.2273 | k_m=9.17 k_s=13.77 k_reg=0.0000 dp_reg=0.0003 | NaN=0
01:32:10 [INFO]   New best class 0 model -> checkpoints/mamba_dekf/best_class_0.pt (class_val_loss=-4.8943)
01:35:06 [INFO] Epoch 94/100 (125.0s) | loss=29.7751 (raw=27.8170) pos=1.1384 siz=-1.1532 ori=0.5920 vel=0.7950 nis=0.5708 ua=1.00 contrast=1.3263 | val=-5.1748 val_pos=-0.2245 | k_m=9.19 k_s=13.88 k_reg=0.0000 dp_reg=0.0003 | NaN=0
01:38:05 [INFO] Epoch 95/100 (127.2s) | loss=29.8241 (raw=27.8697) pos=1.1397 siz=-1.1633 ori=0.6007 vel=0.7984 nis=0.5732 ua=1.00 contrast=1.3380 | val=-5.2404 val_pos=-0.2265 | k_m=9.34 k_s=14.25 k_reg=0.0000 dp_reg=0.0003 | NaN=0
01:41:02 [INFO] Epoch 96/100 (127.5s) | loss=29.6205 (raw=27.6694) pos=1.1333 siz=-1.1681 ori=0.5978 vel=0.7946 nis=0.5728 ua=1.00 contrast=1.3601 | val=-5.3289 val_pos=-0.2305 | k_m=9.28 k_s=14.17 k_reg=0.0000 dp_reg=0.0003 | NaN=0
01:41:02 [INFO]   New best class 0 model -> checkpoints/mamba_dekf/best_class_0.pt (class_val_loss=-4.8994)
01:41:02 [INFO]   New best class 2 model -> checkpoints/mamba_dekf/best_class_2.pt (class_val_loss=-6.1569)
01:44:01 [INFO] Epoch 97/100 (127.3s) | loss=29.8614 (raw=27.8959) pos=1.1404 siz=-1.1621 ori=0.6039 vel=0.7939 nis=0.5752 ua=1.00 contrast=1.2661 | val=-5.2790 val_pos=-0.2284 | k_m=9.20 k_s=13.87 k_reg=0.0000 dp_reg=0.0003 | NaN=0
01:44:01 [INFO]   New best class 0 model -> checkpoints/mamba_dekf/best_class_0.pt (class_val_loss=-4.9139)
01:47:00 [INFO] Epoch 98/100 (126.5s) | loss=29.8361 (raw=27.8817) pos=1.1414 siz=-1.1589 ori=0.5936 vel=0.7968 nis=0.5724 ua=1.00 contrast=1.3458 | val=-5.2761 val_pos=-0.2277 | k_m=9.22 k_s=13.98 k_reg=0.0000 dp_reg=0.0003 | NaN=0
01:47:00 [INFO]   New best class 2 model -> checkpoints/mamba_dekf/best_class_2.pt (class_val_loss=-6.1869)
01:49:56 [INFO] Epoch 99/100 (126.2s) | loss=29.9167 (raw=27.9615) pos=1.1429 siz=-1.1557 ori=0.5973 vel=0.7944 nis=0.5742 ua=1.00 contrast=1.3363 | val=-5.2619 val_pos=-0.2271 | k_m=9.20 k_s=13.90 k_reg=0.0000 dp_reg=0.0003 | NaN=0
01:52:53 [INFO] Epoch 100/100 (126.9s) | loss=29.7693 (raw=27.8122) pos=1.1358 siz=-1.1580 ori=0.6029 vel=0.7982 nis=0.5735 ua=1.00 contrast=1.3309 | val=-5.1934 val_pos=-0.2256 | k_m=9.18 k_s=13.95 k_reg=0.0000 dp_reg=0.0003 | NaN=0
01:52:53 [INFO]   Saved checkpoint → checkpoints/mamba_dekf/checkpoint_epoch100.pt


在做损失函数优化之前，希望先对best_merged_classes_0_1_2.pt的结果进行评估，从结果上将，这一轮优化我觉得是失败的，因为并未使相应类别得到提升，我是否要激活motocycle bus trailer和truck试验一下
                AMOTA   AMOTP   RECALL  MOTAR   GT      MOTA    MOTP    MT      ML      FAF     TP      FP      FN      IDS     FRAG    TID     LGD
bicycle         0.579   0.587   0.611   0.850   1993    0.519   0.193   74      67      12.5    1217    183     776     0       2       0.63    0.73
bus             0.877   0.513   0.841   0.922   2112    0.776   0.433   79      15      8.7     1776    138     336     0       13      0.32    0.65
car             0.857   0.381   0.869   0.874   58317   0.758   0.249   2837    597     110.8   50548   6365    7646    123     134     0.22    0.37
motorcy         0.770   0.465   0.790   0.872   1977    0.688   0.300   88      30      14.4    1560    200     415     2       5       0.58    0.74
pedestr         0.832   0.337   0.872   0.822   25423   0.712   0.250   1288    307     87.7    22013   3913    3259    151     75      0.24    0.40
trailer         0.534   0.932   0.612   0.724   2425    0.443   0.582   65      56      39.0    1484    410     941     0       7       0.64    1.09
truck           0.717   0.544   0.771   0.752   9650    0.579   0.365   360     157     47.8    7439    1847    2209    2       19      0.27    0.42

Aggregated results:
AMOTA   0.738