# Mamba-Decoupled-EKF Training Log (cleaned — epoch summaries only)
# Config: train_nuscenes.yaml  |  Samples: Train=679,050  Val=131,343  K=3
# Model: TemporalMamba  |  Params: 89,154  |  Device: cuda
#
12:34:10 [INFO] Train: 679050 samples, 5305 batches (K=3)
12:34:10 [INFO] Val:   131343 samples, 1027 batches (K=3)
12:34:10 [INFO] TemporalMamba: 89,154 trainable parameters
12:36:36 [INFO] Epoch 1/100 (127.7s) | train_loss=-89.9885 pos=1.5312 siz=-3.2146 ori=-0.2685 contrast=0.6930 | val_loss=-76.1845 val_pos=1.5345 | kappa_m=0.340 kappa_s=0.038 | NaN=0
12:38:56 [INFO] Epoch 2/100 (122.5s) | train_loss=-69.5131 pos=1.5313 siz=-3.2143 ori=-0.0139 contrast=0.8692 | val_loss=-67.0782 val_pos=1.5349 | kappa_m=0.016 kappa_s=0.007 | NaN=0
12:41:15 [INFO] Epoch 3/100 (121.8s) | train_loss=-68.5330 pos=1.5313 siz=-3.2132 ori=-0.0025 contrast=0.9047 | val_loss=-66.8785 val_pos=1.5349 | kappa_m=0.003 kappa_s=0.001 | NaN=0
12:43:32 [INFO] Epoch 4/100 (119.5s) | train_loss=-68.3503 pos=1.5315 siz=-3.2113 ori=-0.0014 contrast=0.8724 | val_loss=-66.7422 val_pos=1.5347 | kappa_m=0.002 kappa_s=0.001 | NaN=0
12:45:51 [INFO] Epoch 5/100 (122.8s) | train_loss=-68.4324 pos=1.5313 siz=-3.2129 ori=-0.0011 contrast=0.8475 | val_loss=-66.6224 val_pos=1.5355 | kappa_m=0.001 kappa_s=0.000 | NaN=0
12:48:13 [INFO] Epoch 6/100 (123.6s) | train_loss=-68.4141 pos=1.5312 siz=-3.2132 ori=-0.0011 contrast=0.9166 | val_loss=-66.9071 val_pos=1.5351 | kappa_m=0.001 kappa_s=0.000 | NaN=0
12:50:32 [INFO] Epoch 7/100 (121.1s) | train_loss=-68.4092 pos=1.5313 siz=-3.2126 ori=-0.0010 contrast=0.8566 | val_loss=-66.6818 val_pos=1.5355 | kappa_m=0.001 kappa_s=0.000 | NaN=0
12:52:52 [INFO] Epoch 8/100 (121.3s) | train_loss=-68.3910 pos=1.5312 siz=-3.2125 ori=-0.0010 contrast=0.8804 | val_loss=-66.6766 val_pos=1.5345 | kappa_m=0.001 kappa_s=0.000 | NaN=0
12:55:12 [INFO] Epoch 9/100 (122.1s) | train_loss=-68.3858 pos=1.5313 siz=-3.2127 ori=-0.0010 contrast=0.8975 | val_loss=-66.7291 val_pos=1.5347 | kappa_m=0.001 kappa_s=0.000 | NaN=0
12:57:29 [INFO] Epoch 10/100 (119.0s) | train_loss=-68.4769 pos=1.5313 siz=-3.2141 ori=-0.0010 contrast=0.8575 | val_loss=-66.5973 val_pos=1.5350 | kappa_m=0.001 kappa_s=0.000 | NaN=0
12:59:46 [INFO] Epoch 11/100 (119.9s) | train_loss=-68.3536 pos=1.5312 siz=-3.2121 ori=-0.0010 contrast=0.9083 | val_loss=-66.8037 val_pos=1.5349 | kappa_m=0.001 kappa_s=0.000 | NaN=0
13:02:05 [INFO] Epoch 12/100 (121.6s) | train_loss=-68.4290 pos=1.5311 siz=-3.2134 ori=-0.0010 contrast=0.9018 | val_loss=-66.6507 val_pos=1.5350 | kappa_m=0.001 kappa_s=0.000 | NaN=0
13:04:23 [INFO] Epoch 13/100 (119.8s) | train_loss=-68.3664 pos=1.5314 siz=-3.2121 ori=-0.0009 contrast=0.8608 | val_loss=-66.6314 val_pos=1.5350 | kappa_m=0.001 kappa_s=0.000 | NaN=0
13:06:42 [INFO] Epoch 14/100 (121.8s) | train_loss=-68.3316 pos=1.5313 siz=-3.2114 ori=-0.0009 contrast=0.8748 | val_loss=-66.7670 val_pos=1.5350 | kappa_m=0.001 kappa_s=0.000 | NaN=0
13:09:01 [INFO] Epoch 15/100 (122.3s) | train_loss=-68.4201 pos=1.5313 siz=-3.2135 ori=-0.0009 contrast=0.8986 | val_loss=-66.7738 val_pos=1.5345 | kappa_m=0.001 kappa_s=0.000 | NaN=0
13:11:22 [INFO] Epoch 16/100 (123.3s) | train_loss=-68.4282 pos=1.5311 siz=-3.2137 ori=-0.0009 contrast=0.9308 | val_loss=-66.5787 val_pos=1.5350 | kappa_m=0.001 kappa_s=0.000 | NaN=0
13:13:41 [INFO] Epoch 17/100 (121.9s) | train_loss=-68.3736 pos=1.5315 siz=-3.2126 ori=-0.0009 contrast=0.8847 | val_loss=-66.6566 val_pos=1.5348 | kappa_m=0.001 kappa_s=0.000 | NaN=0
13:16:02 [INFO] Epoch 18/100 (124.0s) | train_loss=-68.4159 pos=1.5312 siz=-3.2130 ori=-0.0009 contrast=0.8715 | val_loss=-66.9125 val_pos=1.5352 | kappa_m=0.001 kappa_s=0.000 | NaN=0
13:18:23 [INFO] Epoch 19/100 (124.4s) | train_loss=-68.3825 pos=1.5313 siz=-3.2126 ori=-0.0009 contrast=0.8877 | val_loss=-66.7226 val_pos=1.5353 | kappa_m=0.001 kappa_s=0.000 | NaN=0
13:20:41 [INFO] Epoch 20/100 (120.0s) | train_loss=-68.4098 pos=1.5310 siz=-3.2128 ori=-0.0009 contrast=0.8884 | val_loss=-66.6920 val_pos=1.5349 | kappa_m=0.001 kappa_s=0.000 | NaN=0
13:22:59 [INFO] Epoch 21/100 (121.4s) | train_loss=-68.4197 pos=1.5315 siz=-3.2132 ori=-0.0009 contrast=0.8523 | val_loss=-66.7095 val_pos=1.5352 | kappa_m=0.001 kappa_s=0.000 | NaN=0
13:25:19 [INFO] Epoch 22/100 (122.4s) | train_loss=-68.3314 pos=1.5313 siz=-3.2118 ori=-0.0009 contrast=0.9022 | val_loss=-66.7337 val_pos=1.5350 | kappa_m=0.001 kappa_s=0.000 | NaN=0
13:27:37 [INFO] Epoch 23/100 (120.8s) | train_loss=-68.4337 pos=1.5311 siz=-3.2134 ori=-0.0009 contrast=0.8806 | val_loss=-66.7777 val_pos=1.5348 | kappa_m=0.001 kappa_s=0.000 | NaN=0
13:29:56 [INFO] Epoch 24/100 (121.8s) | train_loss=-68.3941 pos=1.5313 siz=-3.2127 ori=-0.0009 contrast=0.8790 | val_loss=-66.7136 val_pos=1.5350 | kappa_m=0.001 kappa_s=0.000 | NaN=0
13:32:14 [INFO] Epoch 25/100 (120.7s) | train_loss=-68.3582 pos=1.5312 siz=-3.2121 ori=-0.0009 contrast=0.8971 | val_loss=-66.6339 val_pos=1.5351 | kappa_m=0.001 kappa_s=0.000 | NaN=0
13:34:34 [INFO] Epoch 26/100 (121.3s) | train_loss=-68.3852 pos=1.5313 siz=-3.2128 ori=-0.0009 contrast=0.8989 | val_loss=-66.7260 val_pos=1.5348 | kappa_m=0.001 kappa_s=0.000 | NaN=0
13:36:53 [INFO] Epoch 27/100 (120.8s) | train_loss=-68.4141 pos=1.5312 siz=-3.2130 ori=-0.0009 contrast=0.8756 | val_loss=-66.7728 val_pos=1.5350 | kappa_m=0.001 kappa_s=0.000 | NaN=0
13:39:11 [INFO] Epoch 28/100 (118.7s) | train_loss=-68.3977 pos=1.5313 siz=-3.2131 ori=-0.0009 contrast=0.9032 | val_loss=-66.7400 val_pos=1.5354 | kappa_m=0.001 kappa_s=0.000 | NaN=0
13:41:29 [INFO] Epoch 29/100 (120.7s) | train_loss=-68.3575 pos=1.5313 siz=-3.2122 ori=-0.0009 contrast=0.9001 | val_loss=-66.6358 val_pos=1.5349 | kappa_m=0.001 kappa_s=0.000 | NaN=0
13:43:46 [INFO] Epoch 30/100 (118.7s) | train_loss=-68.3689 pos=1.5313 siz=-3.2123 ori=-0.0009 contrast=0.8828 | val_loss=-66.7564 val_pos=1.5349 | kappa_m=0.001 kappa_s=0.000 | NaN=0
13:46:05 [INFO] Epoch 31/100 (120.9s) | train_loss=-68.4666 pos=1.5312 siz=-3.2141 ori=-0.0009 contrast=0.8700 | val_loss=-66.8001 val_pos=1.5348 | kappa_m=0.001 kappa_s=0.000 | NaN=0
13:48:26 [INFO] Epoch 32/100 (123.2s) | train_loss=-68.3638 pos=1.5312 siz=-3.2124 ori=-0.0009 contrast=0.9159 | val_loss=-66.6890 val_pos=1.5350 | kappa_m=0.001 kappa_s=0.000 | NaN=0
13:50:44 [INFO] Epoch 33/100 (120.8s) | train_loss=-68.4843 pos=1.5313 siz=-3.2145 ori=-0.0009 contrast=0.8662 | val_loss=-66.8501 val_pos=1.5353 | kappa_m=0.001 kappa_s=0.000 | NaN=0
13:53:03 [INFO] Epoch 34/100 (122.3s) | train_loss=-68.4039 pos=1.5313 siz=-3.2134 ori=-0.0009 contrast=0.9270 | val_loss=-66.7430 val_pos=1.5349 | kappa_m=0.001 kappa_s=0.000 | NaN=0
13:55:23 [INFO] Epoch 35/100 (122.1s) | train_loss=-68.3482 pos=1.5311 siz=-3.2114 ori=-0.0009 contrast=0.8567 | val_loss=-66.7456 val_pos=1.5344 | kappa_m=0.001 kappa_s=0.000 | NaN=0
13:57:42 [INFO] Epoch 36/100 (121.7s) | train_loss=-68.3723 pos=1.5315 siz=-3.2123 ori=-0.0009 contrast=0.8521 | val_loss=-66.6747 val_pos=1.5353 | kappa_m=0.001 kappa_s=0.000 | NaN=0
14:00:01 [INFO] Epoch 37/100 (122.0s) | train_loss=-68.3884 pos=1.5314 siz=-3.2128 ori=-0.0009 contrast=0.8773 | val_loss=-66.6736 val_pos=1.5350 | kappa_m=0.001 kappa_s=0.000 | NaN=0
14:02:23 [INFO] Epoch 38/100 (124.2s) | train_loss=-68.4721 pos=1.5311 siz=-3.2139 ori=-0.0009 contrast=0.8586 | val_loss=-66.8214 val_pos=1.5348 | kappa_m=0.001 kappa_s=0.000 | NaN=0
14:04:43 [INFO] Epoch 39/100 (122.8s) | train_loss=-68.3602 pos=1.5313 siz=-3.2122 ori=-0.0009 contrast=0.8882 | val_loss=-66.6577 val_pos=1.5346 | kappa_m=0.001 kappa_s=0.000 | NaN=0
14:07:06 [INFO] Epoch 40/100 (125.9s) | train_loss=-68.4755 pos=1.5311 siz=-3.2143 ori=-0.0009 contrast=0.8825 | val_loss=-66.8052 val_pos=1.5349 | kappa_m=0.001 kappa_s=0.000 | NaN=0
14:09:24 [INFO] Epoch 41/100 (121.1s) | train_loss=-68.4042 pos=1.5313 siz=-3.2131 ori=-0.0009 contrast=0.8944 | val_loss=-66.7877 val_pos=1.5349 | kappa_m=0.001 kappa_s=0.000 | NaN=0
14:11:43 [INFO] Epoch 42/100 (121.2s) | train_loss=-68.4277 pos=1.5313 siz=-3.2140 ori=-0.0009 contrast=0.9293 | val_loss=-66.8580 val_pos=1.5351 | kappa_m=0.001 kappa_s=0.000 | NaN=0
14:14:01 [INFO] Epoch 43/100 (120.7s) | train_loss=-68.4688 pos=1.5314 siz=-3.2146 ori=-0.0009 contrast=0.9002 | val_loss=-66.9457 val_pos=1.5350 | kappa_m=0.001 kappa_s=0.000 | NaN=0
14:16:20 [INFO] Epoch 44/100 (122.5s) | train_loss=-68.4453 pos=1.5311 siz=-3.2136 ori=-0.0009 contrast=0.8775 | val_loss=-66.8390 val_pos=1.5350 | kappa_m=0.001 kappa_s=0.000 | NaN=0
14:18:39 [INFO] Epoch 45/100 (121.3s) | train_loss=-68.3764 pos=1.5314 siz=-3.2125 ori=-0.0009 contrast=0.8739 | val_loss=-66.7456 val_pos=1.5350 | kappa_m=0.001 kappa_s=0.000 | NaN=0
14:20:58 [INFO] Epoch 46/100 (121.4s) | train_loss=-68.4346 pos=1.5313 siz=-3.2133 ori=-0.0009 contrast=0.8556 | val_loss=-66.7039 val_pos=1.5352 | kappa_m=0.001 kappa_s=0.000 | NaN=0
14:23:18 [INFO] Epoch 47/100 (122.9s) | train_loss=-68.3672 pos=1.5312 siz=-3.2121 ori=-0.0009 contrast=0.8764 | val_loss=-66.8477 val_pos=1.5346 | kappa_m=0.001 kappa_s=0.000 | NaN=0
14:25:39 [INFO] Epoch 48/100 (122.3s) | train_loss=-68.4488 pos=1.5314 siz=-3.2136 ori=-0.0009 contrast=0.8360 | val_loss=-66.8113 val_pos=1.5349 | kappa_m=0.001 kappa_s=0.000 | NaN=0
14:27:58 [INFO] Epoch 49/100 (121.9s) | train_loss=-68.4204 pos=1.5313 siz=-3.2136 ori=-0.0009 contrast=0.9079 | val_loss=-66.3680 val_pos=1.5350 | kappa_m=0.001 kappa_s=0.000 | NaN=0
14:30:18 [INFO] Epoch 50/100 (120.6s) | train_loss=-68.3922 pos=1.5314 siz=-3.2127 ori=-0.0009 contrast=0.8628 | val_loss=-66.7561 val_pos=1.5348 | kappa_m=0.001 kappa_s=0.000 | NaN=0
14:32:40 [INFO] Epoch 51/100 (123.7s) | train_loss=-68.4173 pos=1.5314 siz=-3.2136 ori=-0.0009 contrast=0.9013 | val_loss=-66.7850 val_pos=1.5350 | kappa_m=0.001 kappa_s=0.000 | NaN=0
14:34:59 [INFO] Epoch 52/100 (121.4s) | train_loss=-68.3764 pos=1.5313 siz=-3.2129 ori=-0.0009 contrast=0.9302 | val_loss=-66.6605 val_pos=1.5351 | kappa_m=0.001 kappa_s=0.000 | NaN=0
14:37:13 [INFO] Epoch 53/100 (115.3s) | train_loss=-68.4084 pos=1.5312 siz=-3.2132 ori=-0.0009 contrast=0.8992 | val_loss=-66.7620 val_pos=1.5354 | kappa_m=0.001 kappa_s=0.000 | NaN=0
14:39:32 [INFO] Epoch 54/100 (121.2s) | train_loss=-68.4823 pos=1.5312 siz=-3.2147 ori=-0.0009 contrast=0.9122 | val_loss=-66.5942 val_pos=1.5348 | kappa_m=0.001 kappa_s=0.000 | NaN=0
14:41:51 [INFO] Epoch 55/100 (120.5s) | train_loss=-68.3875 pos=1.5312 siz=-3.2127 ori=-0.0009 contrast=0.9010 | val_loss=-66.7751 val_pos=1.5352 | kappa_m=0.001 kappa_s=0.000 | NaN=0
14:44:08 [INFO] Epoch 56/100 (119.1s) | train_loss=-68.3498 pos=1.5314 siz=-3.2123 ori=-0.0009 contrast=0.9050 | val_loss=-66.7798 val_pos=1.5347 | kappa_m=0.001 kappa_s=0.000 | NaN=0
14:46:30 [INFO] Epoch 57/100 (124.1s) | train_loss=-68.3644 pos=1.5314 siz=-3.2125 ori=-0.0009 contrast=0.8968 | val_loss=-66.7074 val_pos=1.5350 | kappa_m=0.001 kappa_s=0.000 | NaN=0
14:48:49 [INFO] Epoch 58/100 (121.5s) | train_loss=-68.3564 pos=1.5312 siz=-3.2122 ori=-0.0009 contrast=0.9111 | val_loss=-66.8220 val_pos=1.5350 | kappa_m=0.001 kappa_s=0.000 | NaN=0
14:51:07 [INFO] Epoch 59/100 (120.2s) | train_loss=-68.3537 pos=1.5312 siz=-3.2118 ori=-0.0009 contrast=0.8707 | val_loss=-66.7442 val_pos=1.5353 | kappa_m=0.001 kappa_s=0.000 | NaN=0
14:53:25 [INFO] Epoch 60/100 (121.2s) | train_loss=-68.3755 pos=1.5314 siz=-3.2127 ori=-0.0009 contrast=0.8960 | val_loss=-66.8353 val_pos=1.5345 | kappa_m=0.001 kappa_s=0.000 | NaN=0
14:55:47 [INFO] Epoch 61/100 (124.4s) | train_loss=-68.3046 pos=1.5313 siz=-3.2107 ori=-0.0009 contrast=0.8487 | val_loss=-66.7600 val_pos=1.5350 | kappa_m=0.001 kappa_s=0.000 | NaN=0
14:58:06 [INFO] Epoch 62/100 (121.6s) | train_loss=-68.3075 pos=1.5313 siz=-3.2111 ori=-0.0009 contrast=0.8782 | val_loss=-66.8464 val_pos=1.5347 | kappa_m=0.001 kappa_s=0.000 | NaN=0
15:00:24 [INFO] Epoch 63/100 (121.0s) | train_loss=-68.3524 pos=1.5313 siz=-3.2122 ori=-0.0009 contrast=0.8992 | val_loss=-66.9547 val_pos=1.5346 | kappa_m=0.001 kappa_s=0.000 | NaN=0
15:02:41 [INFO] Epoch 64/100 (119.5s) | train_loss=-68.3171 pos=1.5311 siz=-3.2111 ori=-0.0009 contrast=0.8874 | val_loss=-66.6768 val_pos=1.5351 | kappa_m=0.001 kappa_s=0.000 | NaN=0
15:05:00 [INFO] Epoch 65/100 (122.3s) | train_loss=-68.3670 pos=1.5311 siz=-3.2123 ori=-0.0009 contrast=0.9014 | val_loss=-66.8158 val_pos=1.5351 | kappa_m=0.001 kappa_s=0.000 | NaN=0
15:07:18 [INFO] Epoch 66/100 (120.8s) | train_loss=-68.3709 pos=1.5313 siz=-3.2123 ori=-0.0009 contrast=0.8746 | val_loss=-66.8204 val_pos=1.5349 | kappa_m=0.001 kappa_s=0.000 | NaN=0
15:09:37 [INFO] Epoch 67/100 (121.4s) | train_loss=-68.4625 pos=1.5315 siz=-3.2144 ori=-0.0009 contrast=0.8784 | val_loss=-66.8651 val_pos=1.5344 | kappa_m=0.001 kappa_s=0.000 | NaN=0
15:11:54 [INFO] Epoch 68/100 (120.0s) | train_loss=-68.4261 pos=1.5312 siz=-3.2139 ori=-0.0009 contrast=0.9440 | val_loss=-66.5844 val_pos=1.5351 | kappa_m=0.001 kappa_s=0.000 | NaN=0
15:14:12 [INFO] Epoch 69/100 (120.8s) | train_loss=-68.5214 pos=1.5309 siz=-3.2147 ori=-0.0009 contrast=0.8599 | val_loss=-66.5593 val_pos=1.5350 | kappa_m=0.001 kappa_s=0.000 | NaN=0
15:16:31 [INFO] Epoch 70/100 (121.6s) | train_loss=-68.3219 pos=1.5314 siz=-3.2117 ori=-0.0009 contrast=0.9043 | val_loss=-66.7501 val_pos=1.5350 | kappa_m=0.001 kappa_s=0.000 | NaN=0
15:18:50 [INFO] Epoch 71/100 (122.3s) | train_loss=-68.3718 pos=1.5313 siz=-3.2123 ori=-0.0009 contrast=0.8757 | val_loss=-66.6853 val_pos=1.5352 | kappa_m=0.001 kappa_s=0.000 | NaN=0
15:21:08 [INFO] Epoch 72/100 (120.8s) | train_loss=-68.2940 pos=1.5313 siz=-3.2112 ori=-0.0009 contrast=0.9208 | val_loss=-66.6628 val_pos=1.5351 | kappa_m=0.001 kappa_s=0.000 | NaN=0
15:23:25 [INFO] Epoch 73/100 (120.8s) | train_loss=-68.3550 pos=1.5313 siz=-3.2121 ori=-0.0009 contrast=0.8885 | val_loss=-66.5758 val_pos=1.5354 | kappa_m=0.001 kappa_s=0.000 | NaN=0
15:25:49 [INFO] Epoch 74/100 (124.8s) | train_loss=-68.3211 pos=1.5312 siz=-3.2114 ori=-0.0009 contrast=0.8924 | val_loss=-66.7946 val_pos=1.5350 | kappa_m=0.001 kappa_s=0.000 | NaN=0
15:28:09 [INFO] Epoch 75/100 (122.9s) | train_loss=-68.4072 pos=1.5312 siz=-3.2130 ori=-0.0009 contrast=0.8830 | val_loss=-66.8375 val_pos=1.5351 | kappa_m=0.001 kappa_s=0.000 | NaN=0
15:30:31 [INFO] Epoch 76/100 (123.3s) | train_loss=-68.3521 pos=1.5312 siz=-3.2122 ori=-0.0009 contrast=0.9176 | val_loss=-66.8515 val_pos=1.5347 | kappa_m=0.001 kappa_s=0.000 | NaN=0
15:32:50 [INFO] Epoch 77/100 (122.5s) | train_loss=-68.3724 pos=1.5314 siz=-3.2126 ori=-0.0009 contrast=0.8878 | val_loss=-66.6867 val_pos=1.5348 | kappa_m=0.001 kappa_s=0.000 | NaN=0
15:35:10 [INFO] Epoch 78/100 (123.1s) | train_loss=-68.3848 pos=1.5314 siz=-3.2129 ori=-0.0009 contrast=0.8969 | val_loss=-66.7352 val_pos=1.5351 | kappa_m=0.001 kappa_s=0.000 | NaN=0
15:37:27 [INFO] Epoch 79/100 (121.3s) | train_loss=-68.3842 pos=1.5313 siz=-3.2127 ori=-0.0009 contrast=0.8852 | val_loss=-66.8294 val_pos=1.5344 | kappa_m=0.001 kappa_s=0.000 | NaN=0
15:39:51 [INFO] Epoch 80/100 (125.1s) | train_loss=-68.4107 pos=1.5312 siz=-3.2130 ori=-0.0009 contrast=0.8753 | val_loss=-66.6675 val_pos=1.5347 | kappa_m=0.001 kappa_s=0.000 | NaN=0
15:42:10 [INFO] Epoch 81/100 (122.7s) | train_loss=-68.4455 pos=1.5313 siz=-3.2139 ori=-0.0009 contrast=0.8912 | val_loss=-66.7805 val_pos=1.5351 | kappa_m=0.001 kappa_s=0.000 | NaN=0
15:44:27 [INFO] Epoch 82/100 (119.6s) | train_loss=-68.4034 pos=1.5313 siz=-3.2128 ori=-0.0009 contrast=0.8633 | val_loss=-66.7527 val_pos=1.5353 | kappa_m=0.001 kappa_s=0.000 | NaN=0
15:46:51 [INFO] Epoch 83/100 (127.1s) | train_loss=-68.4193 pos=1.5312 siz=-3.2133 ori=-0.0009 contrast=0.8884 | val_loss=-66.7506 val_pos=1.5348 | kappa_m=0.001 kappa_s=0.000 | NaN=0
15:49:13 [INFO] Epoch 84/100 (122.8s) | train_loss=-68.4175 pos=1.5313 siz=-3.2131 ori=-0.0009 contrast=0.8703 | val_loss=-66.7409 val_pos=1.5353 | kappa_m=0.001 kappa_s=0.000 | NaN=0
