# Mamba-DEKF Training Log (cleaned — 75 epoch summaries)
# Source: /home/alvin/demo/Mamba-DEKF/checkpoints/trainlog_history/0530_train.log
# Cleaned: 2026-05-30 08:46:55
#
22:48:34 [INFO] Logging to checkpoints/mamba_dekf/train.log
22:48:34 [INFO] Device: cuda
22:48:47 [INFO] Train: 482130 samples, 3766 batches (K=4)
22:48:47 [INFO] Val:   91164 samples, 713 batches (K=4)
22:48:47 [INFO] TemporalMamba: 460,584 trainable parameters

22:55:44 [INFO] Epoch 1/100 (390.6s) | loss=31.4055 (raw=31.5590) pos=1.4240 siz=-1.0010 ori=0.0717 vel=0.0000 nis=0.4420 ua=0.00 contrast=0.6821 | val=35.3778 val_pos=1.7494 | k_m=0.63 k_s=0.00 k_reg=0.0000 dp_reg=0.0000 | NaN=0
23:02:43 [INFO] Epoch 2/100 (390.7s) | loss=31.3861 (raw=31.4792) pos=1.4240 siz=-1.0009 ori=0.0717 vel=0.0000 nis=0.4420 ua=0.00 contrast=0.4141 | val=35.3657 val_pos=1.7496 | k_m=0.63 k_s=0.00 k_reg=0.0000 dp_reg=0.0000 | NaN=0
23:09:45 [INFO] Epoch 3/100 (396.0s) | loss=31.3792 (raw=31.4460) pos=1.4240 siz=-1.0006 ori=0.0718 vel=0.0000 nis=0.4420 ua=0.00 contrast=0.2970 | val=35.3687 val_pos=1.7497 | k_m=0.63 k_s=0.00 k_reg=0.0000 dp_reg=0.0000 | NaN=0
23:16:45 [INFO] Epoch 4/100 (391.4s) | loss=31.3822 (raw=31.4404) pos=1.4242 siz=-1.0004 ori=0.0719 vel=0.0000 nis=0.4420 ua=0.00 contrast=0.2585 | val=35.3640 val_pos=1.7495 | k_m=0.63 k_s=0.00 k_reg=0.0000 dp_reg=0.0000 | NaN=0
23:23:52 [INFO] Epoch 5/100 (397.0s) | loss=31.3790 (raw=31.4275) pos=1.4242 siz=-1.0001 ori=0.0718 vel=0.0000 nis=0.4420 ua=0.00 contrast=0.2156 | val=35.3615 val_pos=1.7496 | k_m=0.63 k_s=0.00 k_reg=0.0000 dp_reg=0.0000 | NaN=0
23:30:58 [INFO] Epoch 6/100 (397.1s) | loss=-14.0994 (raw=-14.0595) pos=-0.2627 siz=-1.2031 ori=-0.2291 vel=0.0000 nis=0.3725 ua=0.20 contrast=0.1831 | val=-22.2823 val_pos=-0.2331 | k_m=5.10 k_s=0.36 k_reg=0.0011 dp_reg=0.0002 | NaN=0
23:38:58 [INFO] Epoch 7/100 (451.1s) | loss=-17.4413 (raw=-17.3995) pos=-0.2994 siz=-1.2427 ori=-0.5251 vel=-0.0718 nis=0.3622 ua=0.40 contrast=0.1916 | val=-23.3623 val_pos=-0.2741 | k_m=5.21 k_s=0.29 k_reg=0.0012 dp_reg=0.0001 | NaN=0
23:46:58 [INFO] Epoch 8/100 (451.6s) | loss=-19.8032 (raw=-19.7704) pos=-0.3051 siz=-1.2463 ori=-0.8184 vel=-0.0762 nis=0.3617 ua=0.60 contrast=0.1524 | val=-23.5424 val_pos=-0.2803 | k_m=5.28 k_s=0.32 k_reg=0.0015 dp_reg=0.0001 | NaN=0
23:55:04 [INFO] Epoch 9/100 (457.0s) | loss=-22.1081 (raw=-22.0717) pos=-0.3093 siz=-1.2474 ori=-1.1112 vel=-0.0772 nis=0.3614 ua=0.80 contrast=0.1698 | val=-23.5625 val_pos=-0.2808 | k_m=5.33 k_s=0.37 k_reg=0.0018 dp_reg=0.0001 | NaN=0
00:03:10 [INFO] Epoch 10/100 (459.2s) | loss=-24.3508 (raw=-24.3150) pos=-0.3112 siz=-1.2475 ori=-1.4038 vel=-0.0786 nis=0.3613 ua=1.00 contrast=0.1690 | val=-23.6768 val_pos=-0.2859 | k_m=5.40 k_s=0.40 k_reg=0.0022 dp_reg=0.0001 | NaN=0
00:11:02 [INFO] Epoch 11/100 (446.2s) | loss=-24.3514 (raw=-24.3200) pos=-0.3111 siz=-1.2477 ori=-1.4038 vel=-0.0786 nis=0.3609 ua=1.00 contrast=0.1494 | val=-23.7082 val_pos=-0.2876 | k_m=5.39 k_s=0.41 k_reg=0.0021 dp_reg=0.0000 | NaN=0
00:18:56 [INFO] Epoch 12/100 (448.1s) | loss=-24.4320 (raw=-24.3892) pos=-0.3145 siz=-1.2475 ori=-1.4038 vel=-0.0800 nis=0.3608 ua=1.00 contrast=0.1997 | val=-23.7312 val_pos=-0.2872 | k_m=5.38 k_s=0.42 k_reg=0.0021 dp_reg=0.0000 | NaN=0
00:26:55 [INFO] Epoch 13/100 (453.7s) | loss=-24.4158 (raw=-24.3807) pos=-0.3140 siz=-1.2474 ori=-1.4031 vel=-0.0795 nis=0.3607 ua=1.00 contrast=0.1654 | val=-23.7426 val_pos=-0.2884 | k_m=5.39 k_s=0.41 k_reg=0.0021 dp_reg=0.0000 | NaN=0
00:34:56 [INFO] Epoch 14/100 (453.9s) | loss=-24.4393 (raw=-24.4045) pos=-0.3152 siz=-1.2471 ori=-1.4026 vel=-0.0800 nis=0.3609 ua=1.00 contrast=0.1637 | val=-23.7435 val_pos=-0.2880 | k_m=5.37 k_s=0.42 k_reg=0.0020 dp_reg=0.0000 | NaN=0
00:42:57 [INFO] Epoch 15/100 (453.9s) | loss=-24.4669 (raw=-24.4339) pos=-0.3157 siz=-1.2473 ori=-1.4041 vel=-0.0802 nis=0.3606 ua=1.00 contrast=0.1558 | val=-23.7683 val_pos=-0.2891 | k_m=5.36 k_s=0.41 k_reg=0.0020 dp_reg=0.0000 | NaN=0
00:51:04 [INFO] Epoch 16/100 (459.9s) | loss=-24.4786 (raw=-24.4450) pos=-0.3164 siz=-1.2471 ori=-1.4037 vel=-0.0802 nis=0.3609 ua=1.00 contrast=0.1577 | val=-23.7815 val_pos=-0.2894 | k_m=5.35 k_s=0.42 k_reg=0.0019 dp_reg=0.0000 | NaN=0
00:59:14 [INFO] Epoch 17/100 (462.1s) | loss=-24.4953 (raw=-24.4610) pos=-0.3172 siz=-1.2471 ori=-1.4032 vel=-0.0803 nis=0.3607 ua=1.00 contrast=0.1606 | val=-23.8002 val_pos=-0.2907 | k_m=5.34 k_s=0.41 k_reg=0.0018 dp_reg=0.0000 | NaN=0
01:07:13 [INFO] Epoch 18/100 (452.5s) | loss=-24.5036 (raw=-24.4730) pos=-0.3172 siz=-1.2473 ori=-1.4040 vel=-0.0802 nis=0.3606 ua=1.00 contrast=0.1448 | val=-23.7276 val_pos=-0.2875 | k_m=5.34 k_s=0.42 k_reg=0.0019 dp_reg=0.0000 | NaN=0
01:15:14 [INFO] Epoch 19/100 (454.5s) | loss=-24.5352 (raw=-24.5021) pos=-0.3185 siz=-1.2472 ori=-1.4041 vel=-0.0802 nis=0.3605 ua=1.00 contrast=0.1555 | val=-23.7876 val_pos=-0.2902 | k_m=5.34 k_s=0.43 k_reg=0.0019 dp_reg=0.0000 | NaN=0
01:23:16 [INFO] Epoch 20/100 (456.7s) | loss=-24.5276 (raw=-24.4979) pos=-0.3181 siz=-1.2469 ori=-1.4044 vel=-0.0795 nis=0.3606 ua=1.00 contrast=0.1401 | val=-23.8271 val_pos=-0.2915 | k_m=5.33 k_s=0.42 k_reg=0.0018 dp_reg=0.0000 | NaN=0
01:31:14 [INFO] Epoch 21/100 (451.8s) | loss=-24.5377 (raw=-24.5061) pos=-0.3185 siz=-1.2475 ori=-1.4040 vel=-0.0796 nis=0.3605 ua=1.00 contrast=0.1483 | val=-23.7956 val_pos=-0.2903 | k_m=5.32 k_s=0.42 k_reg=0.0018 dp_reg=0.0000 | NaN=0
01:39:06 [INFO] Epoch 22/100 (446.6s) | loss=-24.5930 (raw=-24.5607) pos=-0.3209 siz=-1.2471 ori=-1.4038 vel=-0.0806 nis=0.3603 ua=1.00 contrast=0.1516 | val=-23.7382 val_pos=-0.2881 | k_m=5.33 k_s=0.42 k_reg=0.0018 dp_reg=0.0000 | NaN=0
01:47:01 [INFO] Epoch 23/100 (448.6s) | loss=-24.5595 (raw=-24.5283) pos=-0.3193 siz=-1.2479 ori=-1.4040 vel=-0.0802 nis=0.3603 ua=1.00 contrast=0.1466 | val=-23.8410 val_pos=-0.2920 | k_m=5.32 k_s=0.43 k_reg=0.0018 dp_reg=0.0000 | NaN=0
01:54:56 [INFO] Epoch 24/100 (448.7s) | loss=-24.6315 (raw=-24.6016) pos=-0.3224 siz=-1.2474 ori=-1.4036 vel=-0.0815 nis=0.3603 ua=1.00 contrast=0.1409 | val=-23.7772 val_pos=-0.2894 | k_m=5.32 k_s=0.43 k_reg=0.0018 dp_reg=0.0000 | NaN=0
02:03:02 [INFO] Epoch 25/100 (460.1s) | loss=-24.5993 (raw=-24.5696) pos=-0.3212 siz=-1.2476 ori=-1.4032 vel=-0.0809 nis=0.3602 ua=1.00 contrast=0.1401 | val=-23.8032 val_pos=-0.2907 | k_m=5.31 k_s=0.43 k_reg=0.0017 dp_reg=0.0000 | NaN=0
02:11:02 [INFO] Epoch 26/100 (452.1s) | loss=-24.6195 (raw=-24.5901) pos=-0.3217 siz=-1.2473 ori=-1.4043 vel=-0.0809 nis=0.3602 ua=1.00 contrast=0.1385 | val=-23.7223 val_pos=-0.2874 | k_m=5.30 k_s=0.42 k_reg=0.0017 dp_reg=0.0000 | NaN=0
02:19:12 [INFO] Epoch 27/100 (462.4s) | loss=-24.5913 (raw=-24.5626) pos=-0.3206 siz=-1.2480 ori=-1.4038 vel=-0.0810 nis=0.3602 ua=1.00 contrast=0.1353 | val=-23.7540 val_pos=-0.2886 | k_m=5.31 k_s=0.43 k_reg=0.0017 dp_reg=0.0000 | NaN=0
02:27:04 [INFO] Epoch 28/100 (444.7s) | loss=-24.6536 (raw=-24.6251) pos=-0.3230 siz=-1.2475 ori=-1.4044 vel=-0.0818 nis=0.3600 ua=1.00 contrast=0.1340 | val=-23.9551 val_pos=-0.2963 | k_m=5.30 k_s=0.43 k_reg=0.0017 dp_reg=0.0000 | NaN=0
02:35:04 [INFO] Epoch 29/100 (454.3s) | loss=-24.6276 (raw=-24.5985) pos=-0.3221 siz=-1.2475 ori=-1.4039 vel=-0.0804 nis=0.3600 ua=1.00 contrast=0.1368 | val=-23.8682 val_pos=-0.2933 | k_m=5.31 k_s=0.42 k_reg=0.0017 dp_reg=0.0000 | NaN=0
02:42:53 [INFO] Epoch 30/100 (442.4s) | loss=-24.7039 (raw=-24.6752) pos=-0.3251 siz=-1.2477 ori=-1.4040 vel=-0.0812 nis=0.3601 ua=1.00 contrast=0.1354 | val=-23.9467 val_pos=-0.2962 | k_m=5.31 k_s=0.42 k_reg=0.0017 dp_reg=0.0000 | NaN=0
02:50:44 [INFO] Epoch 31/100 (446.0s) | loss=-24.6849 (raw=-24.6556) pos=-0.3242 siz=-1.2477 ori=-1.4043 vel=-0.0811 nis=0.3602 ua=1.00 contrast=0.1377 | val=-23.7766 val_pos=-0.2897 | k_m=5.30 k_s=0.42 k_reg=0.0017 dp_reg=0.0000 | NaN=0
02:58:38 [INFO] Epoch 32/100 (446.4s) | loss=-24.6663 (raw=-24.6401) pos=-0.3237 siz=-1.2473 ori=-1.4038 vel=-0.0807 nis=0.3599 ua=1.00 contrast=0.1243 | val=-23.8207 val_pos=-0.2909 | k_m=5.30 k_s=0.43 k_reg=0.0017 dp_reg=0.0000 | NaN=0
03:06:28 [INFO] Epoch 33/100 (443.8s) | loss=-24.6764 (raw=-24.6499) pos=-0.3240 siz=-1.2472 ori=-1.4040 vel=-0.0813 nis=0.3600 ua=1.00 contrast=0.1249 | val=-23.7941 val_pos=-0.2904 | k_m=5.30 k_s=0.42 k_reg=0.0016 dp_reg=0.0000 | NaN=0
03:14:21 [INFO] Epoch 34/100 (446.3s) | loss=-24.7135 (raw=-24.6842) pos=-0.3253 siz=-1.2478 ori=-1.4043 vel=-0.0807 nis=0.3596 ua=1.00 contrast=0.1372 | val=-23.8674 val_pos=-0.2935 | k_m=5.29 k_s=0.41 k_reg=0.0016 dp_reg=0.0000 | NaN=0
03:22:28 [INFO] Epoch 35/100 (461.1s) | loss=-24.6976 (raw=-24.6696) pos=-0.3251 siz=-1.2473 ori=-1.4032 vel=-0.0811 nis=0.3598 ua=1.00 contrast=0.1318 | val=-23.8103 val_pos=-0.2906 | k_m=5.29 k_s=0.41 k_reg=0.0016 dp_reg=0.0000 | NaN=0
03:30:32 [INFO] Epoch 36/100 (455.5s) | loss=-24.7340 (raw=-24.7065) pos=-0.3262 siz=-1.2475 ori=-1.4043 vel=-0.0815 nis=0.3599 ua=1.00 contrast=0.1296 | val=-23.8102 val_pos=-0.2913 | k_m=5.29 k_s=0.41 k_reg=0.0016 dp_reg=0.0000 | NaN=0
03:38:41 [INFO] Epoch 37/100 (461.9s) | loss=-24.7668 (raw=-24.7412) pos=-0.3277 siz=-1.2480 ori=-1.4034 vel=-0.0816 nis=0.3597 ua=1.00 contrast=0.1211 | val=-23.7762 val_pos=-0.2897 | k_m=5.29 k_s=0.41 k_reg=0.0016 dp_reg=0.0000 | NaN=0
03:46:39 [INFO] Epoch 38/100 (452.2s) | loss=-24.7226 (raw=-24.6945) pos=-0.3260 siz=-1.2472 ori=-1.4037 vel=-0.0814 nis=0.3597 ua=1.00 contrast=0.1319 | val=-23.8655 val_pos=-0.2930 | k_m=5.28 k_s=0.40 k_reg=0.0015 dp_reg=0.0000 | NaN=0
03:54:32 [INFO] Epoch 39/100 (446.8s) | loss=-24.6995 (raw=-24.6719) pos=-0.3251 siz=-1.2470 ori=-1.4038 vel=-0.0811 nis=0.3597 ua=1.00 contrast=0.1294 | val=-23.8358 val_pos=-0.2917 | k_m=5.27 k_s=0.41 k_reg=0.0015 dp_reg=0.0000 | NaN=0
04:02:35 [INFO] Epoch 40/100 (456.0s) | loss=-24.7219 (raw=-24.6938) pos=-0.3259 siz=-1.2474 ori=-1.4039 vel=-0.0814 nis=0.3598 ua=1.00 contrast=0.1320 | val=-23.8641 val_pos=-0.2933 | k_m=5.28 k_s=0.41 k_reg=0.0016 dp_reg=0.0000 | NaN=0
04:10:36 [INFO] Epoch 41/100 (457.0s) | loss=-24.7572 (raw=-24.7323) pos=-0.3272 siz=-1.2479 ori=-1.4038 vel=-0.0817 nis=0.3596 ua=1.00 contrast=0.1177 | val=-23.8983 val_pos=-0.2944 | k_m=5.28 k_s=0.42 k_reg=0.0016 dp_reg=0.0000 | NaN=0
04:18:28 [INFO] Epoch 42/100 (447.4s) | loss=-24.7671 (raw=-24.7408) pos=-0.3276 siz=-1.2472 ori=-1.4042 vel=-0.0820 nis=0.3595 ua=1.00 contrast=0.1235 | val=-23.8245 val_pos=-0.2914 | k_m=5.27 k_s=0.41 k_reg=0.0015 dp_reg=0.0000 | NaN=0
04:26:15 [INFO] Epoch 43/100 (442.8s) | loss=-24.7720 (raw=-24.7505) pos=-0.3277 siz=-1.2476 ori=-1.4042 vel=-0.0818 nis=0.3596 ua=1.00 contrast=0.1028 | val=-23.8297 val_pos=-0.2918 | k_m=5.28 k_s=0.41 k_reg=0.0015 dp_reg=0.0000 | NaN=0
04:34:28 [INFO] Epoch 44/100 (462.5s) | loss=-24.7836 (raw=-24.7605) pos=-0.3282 siz=-1.2478 ori=-1.4038 vel=-0.0812 nis=0.3596 ua=1.00 contrast=0.1095 | val=-23.8757 val_pos=-0.2934 | k_m=5.27 k_s=0.41 k_reg=0.0015 dp_reg=0.0000 | NaN=0
04:42:43 [INFO] Epoch 45/100 (467.1s) | loss=-24.7943 (raw=-24.7684) pos=-0.3286 siz=-1.2475 ori=-1.4044 vel=-0.0811 nis=0.3593 ua=1.00 contrast=0.1219 | val=-23.8262 val_pos=-0.2915 | k_m=5.27 k_s=0.40 k_reg=0.0015 dp_reg=0.0000 | NaN=0
04:50:57 [INFO] Epoch 46/100 (466.4s) | loss=-24.8083 (raw=-24.7828) pos=-0.3293 siz=-1.2478 ori=-1.4038 vel=-0.0819 nis=0.3596 ua=1.00 contrast=0.1201 | val=-23.8874 val_pos=-0.2940 | k_m=5.27 k_s=0.41 k_reg=0.0015 dp_reg=0.0000 | NaN=0
04:59:05 [INFO] Epoch 47/100 (462.3s) | loss=-24.7766 (raw=-24.7538) pos=-0.3279 siz=-1.2474 ori=-1.4041 vel=-0.0808 nis=0.3596 ua=1.00 contrast=0.1080 | val=-23.8927 val_pos=-0.2943 | k_m=5.26 k_s=0.41 k_reg=0.0015 dp_reg=0.0000 | NaN=0
05:07:11 [INFO] Epoch 48/100 (459.6s) | loss=-24.8097 (raw=-24.7845) pos=-0.3293 siz=-1.2477 ori=-1.4039 vel=-0.0816 nis=0.3595 ua=1.00 contrast=0.1186 | val=-23.8119 val_pos=-0.2912 | k_m=5.26 k_s=0.40 k_reg=0.0015 dp_reg=0.0000 | NaN=0
05:15:22 [INFO] Epoch 49/100 (463.7s) | loss=-24.8198 (raw=-24.7984) pos=-0.3298 siz=-1.2475 ori=-1.4037 vel=-0.0814 nis=0.3595 ua=1.00 contrast=0.1018 | val=-23.8334 val_pos=-0.2924 | k_m=5.27 k_s=0.41 k_reg=0.0015 dp_reg=0.0000 | NaN=0
05:23:35 [INFO] Epoch 50/100 (463.6s) | loss=-24.8422 (raw=-24.8178) pos=-0.3306 siz=-1.2477 ori=-1.4038 vel=-0.0822 nis=0.3595 ua=1.00 contrast=0.1152 | val=-23.8853 val_pos=-0.2933 | k_m=5.27 k_s=0.40 k_reg=0.0015 dp_reg=0.0000 | NaN=0
05:31:40 [INFO] Epoch 51/100 (457.8s) | loss=-24.8355 (raw=-24.8106) pos=-0.3305 siz=-1.2471 ori=-1.4036 vel=-0.0821 nis=0.3594 ua=1.00 contrast=0.1176 | val=-23.7981 val_pos=-0.2903 | k_m=5.27 k_s=0.40 k_reg=0.0015 dp_reg=0.0000 | NaN=0
05:39:39 [INFO] Epoch 52/100 (453.0s) | loss=-24.8468 (raw=-24.8244) pos=-0.3309 siz=-1.2471 ori=-1.4037 vel=-0.0810 nis=0.3595 ua=1.00 contrast=0.1062 | val=-23.8194 val_pos=-0.2912 | k_m=5.26 k_s=0.40 k_reg=0.0015 dp_reg=0.0000 | NaN=0
05:47:44 [INFO] Epoch 53/100 (459.4s) | loss=-24.8208 (raw=-24.7966) pos=-0.3298 siz=-1.2474 ori=-1.4038 vel=-0.0816 nis=0.3595 ua=1.00 contrast=0.1141 | val=-23.7544 val_pos=-0.2882 | k_m=5.26 k_s=0.40 k_reg=0.0015 dp_reg=0.0000 | NaN=0
05:55:54 [INFO] Epoch 54/100 (462.6s) | loss=-24.8532 (raw=-24.8308) pos=-0.3311 siz=-1.2471 ori=-1.4040 vel=-0.0817 nis=0.3594 ua=1.00 contrast=0.1066 | val=-23.7973 val_pos=-0.2901 | k_m=5.27 k_s=0.41 k_reg=0.0015 dp_reg=0.0000 | NaN=0
06:03:56 [INFO] Epoch 55/100 (455.6s) | loss=-24.8771 (raw=-24.8559) pos=-0.3320 siz=-1.2472 ori=-1.4040 vel=-0.0816 nis=0.3593 ua=1.00 contrast=0.1007 | val=-23.9224 val_pos=-0.2956 | k_m=5.27 k_s=0.41 k_reg=0.0015 dp_reg=0.0000 | NaN=0
06:12:00 [INFO] Epoch 56/100 (457.5s) | loss=-24.8753 (raw=-24.8525) pos=-0.3320 siz=-1.2472 ori=-1.4038 vel=-0.0826 nis=0.3594 ua=1.00 contrast=0.1080 | val=-23.8164 val_pos=-0.2915 | k_m=5.26 k_s=0.41 k_reg=0.0015 dp_reg=0.0000 | NaN=0
06:20:07 [INFO] Epoch 57/100 (459.5s) | loss=-24.8534 (raw=-24.8311) pos=-0.3309 siz=-1.2476 ori=-1.4041 vel=-0.0816 nis=0.3592 ua=1.00 contrast=0.1055 | val=-23.8322 val_pos=-0.2915 | k_m=5.26 k_s=0.40 k_reg=0.0014 dp_reg=0.0000 | NaN=0
06:28:13 [INFO] Epoch 58/100 (459.9s) | loss=-24.8980 (raw=-24.8760) pos=-0.3327 siz=-1.2472 ori=-1.4045 vel=-0.0822 nis=0.3591 ua=1.00 contrast=0.1040 | val=-23.7904 val_pos=-0.2903 | k_m=5.25 k_s=0.40 k_reg=0.0014 dp_reg=0.0000 | NaN=0
06:36:21 [INFO] Epoch 59/100 (461.8s) | loss=-24.8563 (raw=-24.8336) pos=-0.3312 siz=-1.2474 ori=-1.4037 vel=-0.0819 nis=0.3590 ua=1.00 contrast=0.1076 | val=-23.8748 val_pos=-0.2931 | k_m=5.26 k_s=0.41 k_reg=0.0015 dp_reg=0.0000 | NaN=0
06:44:28 [INFO] Epoch 60/100 (460.0s) | loss=-24.8810 (raw=-24.8593) pos=-0.3322 siz=-1.2472 ori=-1.4039 vel=-0.0819 nis=0.3592 ua=1.00 contrast=0.1028 | val=-23.8050 val_pos=-0.2904 | k_m=5.25 k_s=0.41 k_reg=0.0014 dp_reg=0.0000 | NaN=0
06:52:42 [INFO] Epoch 61/100 (468.6s) | loss=-24.8921 (raw=-24.8702) pos=-0.3325 siz=-1.2476 ori=-1.4040 vel=-0.0815 nis=0.3589 ua=1.00 contrast=0.1038 | val=-23.8622 val_pos=-0.2930 | k_m=5.25 k_s=0.41 k_reg=0.0014 dp_reg=0.0000 | NaN=0
07:00:53 [INFO] Epoch 62/100 (465.2s) | loss=-24.8882 (raw=-24.8651) pos=-0.3324 siz=-1.2474 ori=-1.4040 vel=-0.0813 nis=0.3591 ua=1.00 contrast=0.1093 | val=-23.8032 val_pos=-0.2911 | k_m=5.25 k_s=0.41 k_reg=0.0014 dp_reg=0.0000 | NaN=0
07:08:50 [INFO] Epoch 63/100 (450.0s) | loss=-24.9032 (raw=-24.8824) pos=-0.3329 siz=-1.2475 ori=-1.4044 vel=-0.0815 nis=0.3593 ua=1.00 contrast=0.0991 | val=-23.8341 val_pos=-0.2919 | k_m=5.25 k_s=0.41 k_reg=0.0014 dp_reg=0.0000 | NaN=0
07:16:52 [INFO] Epoch 64/100 (456.2s) | loss=-24.9249 (raw=-24.9026) pos=-0.3336 siz=-1.2478 ori=-1.4047 vel=-0.0815 nis=0.3590 ua=1.00 contrast=0.1053 | val=-23.7928 val_pos=-0.2897 | k_m=5.25 k_s=0.41 k_reg=0.0014 dp_reg=0.0000 | NaN=0
07:24:56 [INFO] Epoch 65/100 (458.1s) | loss=-24.9152 (raw=-24.8920) pos=-0.3334 siz=-1.2475 ori=-1.4041 vel=-0.0815 nis=0.3591 ua=1.00 contrast=0.1098 | val=-23.8475 val_pos=-0.2920 | k_m=5.25 k_s=0.41 k_reg=0.0014 dp_reg=0.0000 | NaN=0
07:32:54 [INFO] Epoch 66/100 (453.5s) | loss=-24.9126 (raw=-24.8894) pos=-0.3335 siz=-1.2472 ori=-1.4036 vel=-0.0823 nis=0.3592 ua=1.00 contrast=0.1097 | val=-23.9179 val_pos=-0.2953 | k_m=5.24 k_s=0.41 k_reg=0.0014 dp_reg=0.0000 | NaN=0
07:40:58 [INFO] Epoch 67/100 (457.0s) | loss=-24.9241 (raw=-24.9027) pos=-0.3338 siz=-1.2477 ori=-1.4038 vel=-0.0815 nis=0.3591 ua=1.00 contrast=0.1014 | val=-23.7825 val_pos=-0.2895 | k_m=5.25 k_s=0.41 k_reg=0.0014 dp_reg=0.0000 | NaN=0
07:49:02 [INFO] Epoch 68/100 (459.3s) | loss=-24.9187 (raw=-24.8967) pos=-0.3337 siz=-1.2474 ori=-1.4039 vel=-0.0822 nis=0.3590 ua=1.00 contrast=0.1038 | val=-23.8260 val_pos=-0.2912 | k_m=5.24 k_s=0.41 k_reg=0.0014 dp_reg=0.0000 | NaN=0
07:57:01 [INFO] Epoch 69/100 (453.5s) | loss=-24.9022 (raw=-24.8815) pos=-0.3334 siz=-1.2471 ori=-1.4027 vel=-0.0818 nis=0.3591 ua=1.00 contrast=0.0981 | val=-23.7715 val_pos=-0.2891 | k_m=5.24 k_s=0.41 k_reg=0.0014 dp_reg=0.0000 | NaN=0
08:05:02 [INFO] Epoch 70/100 (455.0s) | loss=-24.9380 (raw=-24.9171) pos=-0.3346 siz=-1.2475 ori=-1.4032 vel=-0.0822 nis=0.3592 ua=1.00 contrast=0.0990 | val=-23.7478 val_pos=-0.2880 | k_m=5.24 k_s=0.41 k_reg=0.0014 dp_reg=0.0000 | NaN=0
08:13:06 [INFO] Epoch 71/100 (458.0s) | loss=-24.9781 (raw=-24.9552) pos=-0.3360 siz=-1.2472 ori=-1.4043 vel=-0.0827 nis=0.3588 ua=1.00 contrast=0.1082 | val=-23.8141 val_pos=-0.2909 | k_m=5.24 k_s=0.41 k_reg=0.0014 dp_reg=0.0000 | NaN=0
08:21:08 [INFO] Epoch 72/100 (457.0s) | loss=-24.9613 (raw=-24.9410) pos=-0.3355 siz=-1.2470 ori=-1.4037 vel=-0.0827 nis=0.3590 ua=1.00 contrast=0.0966 | val=-23.8537 val_pos=-0.2924 | k_m=5.23 k_s=0.41 k_reg=0.0013 dp_reg=0.0000 | NaN=0
08:29:16 [INFO] Epoch 73/100 (461.3s) | loss=-24.9458 (raw=-24.9246) pos=-0.3346 siz=-1.2474 ori=-1.4044 vel=-0.0814 nis=0.3590 ua=1.00 contrast=0.1002 | val=-23.8332 val_pos=-0.2915 | k_m=5.24 k_s=0.41 k_reg=0.0014 dp_reg=0.0000 | NaN=0
08:37:25 [INFO] Epoch 74/100 (462.6s) | loss=-24.9579 (raw=-24.9348) pos=-0.3355 siz=-1.2467 ori=-1.4036 vel=-0.0820 nis=0.3591 ua=1.00 contrast=0.1088 | val=-23.7608 val_pos=-0.2888 | k_m=5.24 k_s=0.41 k_reg=0.0013 dp_reg=0.0000 | NaN=0
08:45:18 [INFO] Epoch 75/100 (449.4s) | loss=-24.9717 (raw=-24.9506) pos=-0.3359 siz=-1.2471 ori=-1.4035 vel=-0.0827 nis=0.3589 ua=1.00 contrast=0.0999 | val=-23.7408 val_pos=-0.2885 | k_m=5.24 k_s=0.42 k_reg=0.0014 dp_reg=0.0000 | NaN=0
