Computing metrics for class bicycle...

Computed thresholds                                                                                                                                                     

                MOTAR   MOTP    Recall  Frames  GT      GT-Mtch GT-Miss GT-IDS  Pred    Pred-TP Pred-FP Pred-IDS                                                        
thr_0.4861      0.884   0.230   0.797   1428    1993    1585    404     4       1773    1585    184     4

                MOTAR   MOTP    Recall  Frames  GT      GT-Mtch GT-Miss GT-IDS  Pred    Pred-TP Pred-FP Pred-IDS                                                        
thr_0.5757      0.894   0.223   0.774   1414    1993    1539    451     3       1705    1539    163     3

                MOTAR   MOTP    Recall  Frames  GT      GT-Mtch GT-Miss GT-IDS  Pred    Pred-TP Pred-FP Pred-IDS                                                        
thr_0.6376      0.904   0.216   0.751   1410    1993    1495    496     2       1641    1495    144     2

                MOTAR   MOTP    Recall  Frames  GT      GT-Mtch GT-Miss GT-IDS  Pred    Pred-TP Pred-FP Pred-IDS                                                        
thr_0.6881      0.907   0.213   0.726   1406    1993    1446    546     1       1581    1446    134     1

                MOTAR   MOTP    Recall  Frames  GT      GT-Mtch GT-Miss GT-IDS  Pred    Pred-TP Pred-FP Pred-IDS                                                        
thr_0.7160      0.914   0.209   0.703   1402    1993    1401    591     1       1522    1401    120     1

                MOTAR   MOTP    Recall  Frames  GT      GT-Mtch GT-Miss GT-IDS  Pred    Pred-TP Pred-FP Pred-IDS                                                        
thr_0.7864      0.919   0.205   0.679   1396    1993    1353    640     0       1463    1353    110     0

                MOTAR   MOTP    Recall  Frames  GT      GT-Mtch GT-Miss GT-IDS  Pred    Pred-TP Pred-FP Pred-IDS                                                        
thr_0.8015      0.920   0.204   0.660   1394    1993    1316    677     0       1421    1316    105     0

                MOTAR   MOTP    Recall  Frames  GT      GT-Mtch GT-Miss GT-IDS  Pred    Pred-TP Pred-FP Pred-IDS                                                        
thr_0.8165      0.933   0.194   0.633   1380    1993    1262    731     0       1346    1262    84      0

                MOTAR   MOTP    Recall  Frames  GT      GT-Mtch GT-Miss GT-IDS  Pred    Pred-TP Pred-FP Pred-IDS                                                        
thr_0.8227      0.937   0.188   0.610   1380    1993    1216    777     0       1293    1216    77      0

                MOTAR   MOTP    Recall  Frames  GT      GT-Mtch GT-Miss GT-IDS  Pred    Pred-TP Pred-FP Pred-IDS                                                        
thr_0.8415      0.940   0.182   0.590   1374    1993    1175    818     0       1245    1175    70      0

                MOTAR   MOTP    Recall  Frames  GT      GT-Mtch GT-Miss GT-IDS  Pred    Pred-TP Pred-FP Pred-IDS                                                        
thr_0.8440      0.946   0.180   0.565   1370    1993    1127    866     0       1188    1127    61      0

                MOTAR   MOTP    Recall  Frames  GT      GT-Mtch GT-Miss GT-IDS  Pred    Pred-TP Pred-FP Pred-IDS                                                        
thr_0.8457      0.947   0.171   0.544   1369    1993    1085    908     0       1143    1085    58      0

                MOTAR   MOTP    Recall  Frames  GT      GT-Mtch GT-Miss GT-IDS  Pred    Pred-TP Pred-FP Pred-IDS                                                        
thr_0.8578      0.947   0.165   0.521   1369    1993    1038    955     0       1093    1038    55      0

                MOTAR   MOTP    Recall  Frames  GT      GT-Mtch GT-Miss GT-IDS  Pred    Pred-TP Pred-FP Pred-IDS                                                        
thr_0.8746      0.948   0.161   0.497   1365    1993    990     1003    0       1041    990     51      0

                MOTAR   MOTP    Recall  Frames  GT      GT-Mtch GT-Miss GT-IDS  Pred    Pred-TP Pred-FP Pred-IDS                                                        
thr_0.8805      0.953   0.162   0.476   1362    1993    948     1045    0       993     948     45      0

                MOTAR   MOTP    Recall  Frames  GT      GT-Mtch GT-Miss GT-IDS  Pred    Pred-TP Pred-FP Pred-IDS                                                        
thr_0.8884      0.957   0.161   0.448   1361    1993    892     1101    0       930     892     38      0

                MOTAR   MOTP    Recall  Frames  GT      GT-Mtch GT-Miss GT-IDS  Pred    Pred-TP Pred-FP Pred-IDS                                                        
thr_0.8926      0.957   0.155   0.428   1360    1993    853     1140    0       890     853     37      0

                MOTAR   MOTP    Recall  Frames  GT      GT-Mtch GT-Miss GT-IDS  Pred    Pred-TP Pred-FP Pred-IDS                                                        
thr_0.8974      0.959   0.153   0.406   1357    1993    809     1184    0       842     809     33      0

                MOTAR   MOTP    Recall  Frames  GT      GT-Mtch GT-Miss GT-IDS  Pred    Pred-TP Pred-FP Pred-IDS                                                        
thr_0.8982      0.964   0.154   0.387   1355    1993    771     1222    0       799     771     28      0

                MOTAR   MOTP    Recall  Frames  GT      GT-Mtch GT-Miss GT-IDS  Pred    Pred-TP Pred-FP Pred-IDS                                                        
thr_0.8997      0.966   0.150   0.358   1353    1993    714     1279    0       738     714     24      0

                MOTAR   MOTP    Recall  Frames  GT      GT-Mtch GT-Miss GT-IDS  Pred    Pred-TP Pred-FP Pred-IDS                                                        
thr_0.9080      0.973   0.150   0.334   1347    1993    665     1328    0       683     665     18      0

                MOTAR   MOTP    Recall  Frames  GT      GT-Mtch GT-Miss GT-IDS  Pred    Pred-TP Pred-FP Pred-IDS                                                        
thr_0.9109      0.978   0.153   0.313   1343    1993    624     1369    0       638     624     14      0

                MOTAR   MOTP    Recall  Frames  GT      GT-Mtch GT-Miss GT-IDS  Pred    Pred-TP Pred-FP Pred-IDS                                                        
thr_0.9126      0.976   0.145   0.293   1343    1993    584     1409    0       598     584     14      0

                MOTAR   MOTP    Recall  Frames  GT      GT-Mtch GT-Miss GT-IDS  Pred    Pred-TP Pred-FP Pred-IDS                                                        
thr_0.9135      0.980   0.142   0.270   1340    1993    538     1455    0       549     538     11      0

                MOTAR   MOTP    Recall  Frames  GT      GT-Mtch GT-Miss GT-IDS  Pred    Pred-TP Pred-FP Pred-IDS                                                        
thr_0.9166      0.981   0.149   0.243   1340    1993    485     1508    0       494     485     9       0

                MOTAR   MOTP    Recall  Frames  GT      GT-Mtch GT-Miss GT-IDS  Pred    Pred-TP Pred-FP Pred-IDS                                                        
thr_0.9177      0.979   0.152   0.220   1340    1993    438     1555    0       447     438     9       0

                MOTAR   MOTP    Recall  Frames  GT      GT-Mtch GT-Miss GT-IDS  Pred    Pred-TP Pred-FP Pred-IDS                                                        
thr_0.9183      0.978   0.147   0.203   1340    1993    405     1588    0       414     405     9       0

                MOTAR   MOTP    Recall  Frames  GT      GT-Mtch GT-Miss GT-IDS  Pred    Pred-TP Pred-FP Pred-IDS                                                        
thr_0.9204      0.980   0.142   0.174   1340    1993    346     1647    0       353     346     7       0

                MOTAR   MOTP    Recall  Frames  GT      GT-Mtch GT-Miss GT-IDS  Pred    Pred-TP Pred-FP Pred-IDS                                                        
thr_0.9224      0.976   0.136   0.146   1340    1993    291     1702    0       298     291     7       0

                MOTAR   MOTP    Recall  Frames  GT      GT-Mtch GT-Miss GT-IDS  Pred    Pred-TP Pred-FP Pred-IDS                                                        
thr_0.9251      0.973   0.131   0.128   1340    1993    256     1737    0       263     256     7       0

                MOTAR   MOTP    Recall  Frames  GT      GT-Mtch GT-Miss GT-IDS  Pred    Pred-TP Pred-FP Pred-IDS                                                        
thr_0.9265      0.976   0.140   0.105   1340    1993    210     1783    0       215     210     5       0

Computing metrics for class bus...

Computed thresholds                                                                                                                                                     

                MOTAR   MOTP    Recall  Frames  GT      GT-Mtch GT-Miss GT-IDS  Pred    Pred-TP Pred-FP Pred-IDS                                                        
thr_0.0973      0.795   0.446   0.887   1742    2112    1869    238     5       2258    1869    384     5

                MOTAR   MOTP    Recall  Frames  GT      GT-Mtch GT-Miss GT-IDS  Pred    Pred-TP Pred-FP Pred-IDS                                                        
thr_0.6091      0.954   0.435   0.865   1533    2112    1825    286     1       1910    1825    84      1

                MOTAR   MOTP    Recall  Frames  GT      GT-Mtch GT-Miss GT-IDS  Pred    Pred-TP Pred-FP Pred-IDS                                                        
thr_0.6566      0.963   0.425   0.839   1530    2112    1772    340     0       1837    1772    65      0

                MOTAR   MOTP    Recall  Frames  GT      GT-Mtch GT-Miss GT-IDS  Pred    Pred-TP Pred-FP Pred-IDS                                                        
thr_0.7365      0.966   0.421   0.821   1530    2112    1734    378     0       1793    1734    59      0

                MOTAR   MOTP    Recall  Frames  GT      GT-Mtch GT-Miss GT-IDS  Pred    Pred-TP Pred-FP Pred-IDS                                                        
thr_0.7574      0.968   0.415   0.796   1529    2112    1682    430     0       1736    1682    54      0

                MOTAR   MOTP    Recall  Frames  GT      GT-Mtch GT-Miss GT-IDS  Pred    Pred-TP Pred-FP Pred-IDS                                                        
thr_0.8366      0.970   0.411   0.770   1527    2112    1626    486     0       1674    1626    48      0

                MOTAR   MOTP    Recall  Frames  GT      GT-Mtch GT-Miss GT-IDS  Pred    Pred-TP Pred-FP Pred-IDS                                                        
thr_0.8437      0.971   0.407   0.747   1527    2112    1577    535     0       1622    1577    45      0

                MOTAR   MOTP    Recall  Frames  GT      GT-Mtch GT-Miss GT-IDS  Pred    Pred-TP Pred-FP Pred-IDS                                                        
thr_0.8734      0.971   0.398   0.724   1527    2112    1530    582     0       1575    1530    45      0

                MOTAR   MOTP    Recall  Frames  GT      GT-Mtch GT-Miss GT-IDS  Pred    Pred-TP Pred-FP Pred-IDS                                                        
thr_0.8814      0.989   0.391   0.703   1527    2112    1485    627     0       1502    1485    17      0

                MOTAR   MOTP    Recall  Frames  GT      GT-Mtch GT-Miss GT-IDS  Pred    Pred-TP Pred-FP Pred-IDS                                                        
thr_0.8838      0.988   0.394   0.688   1527    2112    1453    659     0       1470    1453    17      0

                MOTAR   MOTP    Recall  Frames  GT      GT-Mtch GT-Miss GT-IDS  Pred    Pred-TP Pred-FP Pred-IDS                                                        
thr_0.8874      0.988   0.393   0.656   1527    2112    1386    726     0       1402    1386    16      0

                MOTAR   MOTP    Recall  Frames  GT      GT-Mtch GT-Miss GT-IDS  Pred    Pred-TP Pred-FP Pred-IDS                                                        
thr_0.8978      0.988   0.387   0.633   1527    2112    1336    776     0       1352    1336    16      0

                MOTAR   MOTP    Recall  Frames  GT      GT-Mtch GT-Miss GT-IDS  Pred    Pred-TP Pred-FP Pred-IDS                                                        
thr_0.8984      0.989   0.381   0.610   1527    2112    1288    824     0       1302    1288    14      0

                MOTAR   MOTP    Recall  Frames  GT      GT-Mtch GT-Miss GT-IDS  Pred    Pred-TP Pred-FP Pred-IDS                                                        
thr_0.9122      0.991   0.378   0.588   1527    2112    1241    871     0       1252    1241    11      0

                MOTAR   MOTP    Recall  Frames  GT      GT-Mtch GT-Miss GT-IDS  Pred    Pred-TP Pred-FP Pred-IDS                                                        
thr_0.9206      0.999   0.361   0.567   1525    2112    1198    914     0       1199    1198    1       0

                MOTAR   MOTP    Recall  Frames  GT      GT-Mtch GT-Miss GT-IDS  Pred    Pred-TP Pred-FP Pred-IDS                                                        
thr_0.9245      0.999   0.352   0.545   1525    2112    1152    960     0       1153    1152    1       0

                MOTAR   MOTP    Recall  Frames  GT      GT-Mtch GT-Miss GT-IDS  Pred    Pred-TP Pred-FP Pred-IDS                                                        
thr_0.9287      0.999   0.348   0.520   1525    2112    1098    1014    0       1099    1098    1       0

                MOTAR   MOTP    Recall  Frames  GT      GT-Mtch GT-Miss GT-IDS  Pred    Pred-TP Pred-FP Pred-IDS                                                        
thr_0.9341      0.999   0.349   0.495   1525    2112    1045    1067    0       1046    1045    1       0

                MOTAR   MOTP    Recall  Frames  GT      GT-Mtch GT-Miss GT-IDS  Pred    Pred-TP Pred-FP Pred-IDS                                                        
thr_0.9345      0.999   0.351   0.476   1525    2112    1006    1106    0       1007    1006    1       0

                MOTAR   MOTP    Recall  Frames  GT      GT-Mtch GT-Miss GT-IDS  Pred    Pred-TP Pred-FP Pred-IDS                                                        
thr_0.9363      0.999   0.356   0.457   1525    2112    965     1147    0       966     965     1       0

                MOTAR   MOTP    Recall  Frames  GT      GT-Mtch GT-Miss GT-IDS  Pred    Pred-TP Pred-FP Pred-IDS                                                        
thr_0.9397      1.000   0.357   0.429   1525    2112    905     1207    0       905     905     0       0

                MOTAR   MOTP    Recall  Frames  GT      GT-Mtch GT-Miss GT-IDS  Pred    Pred-TP Pred-FP Pred-IDS                                                        
thr_0.9405      1.000   0.346   0.404   1525    2112    853     1259    0       853     853     0       0

                MOTAR   MOTP    Recall  Frames  GT      GT-Mtch GT-Miss GT-IDS  Pred    Pred-TP Pred-FP Pred-IDS                                                        
thr_0.9458      1.000   0.346   0.377   1525    2112    796     1316    0       796     796     0       0

                MOTAR   MOTP    Recall  Frames  GT      GT-Mtch GT-Miss GT-IDS  Pred    Pred-TP Pred-FP Pred-IDS                                                        
thr_0.9473      1.000   0.325   0.357   1525    2112    755     1357    0       755     755     0       0

                MOTAR   MOTP    Recall  Frames  GT      GT-Mtch GT-Miss GT-IDS  Pred    Pred-TP Pred-FP Pred-IDS                                                        
thr_0.9482      1.000   0.323   0.342   1525    2112    722     1390    0       722     722     0       0

                MOTAR   MOTP    Recall  Frames  GT      GT-Mtch GT-Miss GT-IDS  Pred    Pred-TP Pred-FP Pred-IDS                                                        
thr_0.9546      1.000   0.322   0.313   1525    2112    661     1451    0       661     661     0       0

                MOTAR   MOTP    Recall  Frames  GT      GT-Mtch GT-Miss GT-IDS  Pred    Pred-TP Pred-FP Pred-IDS                                                        
thr_0.9575      1.000   0.308   0.286   1525    2112    604     1508    0       604     604     0       0

                MOTAR   MOTP    Recall  Frames  GT      GT-Mtch GT-Miss GT-IDS  Pred    Pred-TP Pred-FP Pred-IDS                                                        
thr_0.9591      1.000   0.315   0.275   1525    2112    580     1532    0       580     580     0       0

                MOTAR   MOTP    Recall  Frames  GT      GT-Mtch GT-Miss GT-IDS  Pred    Pred-TP Pred-FP Pred-IDS                                                        
thr_0.9602      1.000   0.309   0.241   1525    2112    510     1602    0       510     510     0       0

                MOTAR   MOTP    Recall  Frames  GT      GT-Mtch GT-Miss GT-IDS  Pred    Pred-TP Pred-FP Pred-IDS                                                        
thr_0.9612      1.000   0.308   0.223   1525    2112    470     1642    0       470     470     0       0

                MOTAR   MOTP    Recall  Frames  GT      GT-Mtch GT-Miss GT-IDS  Pred    Pred-TP Pred-FP Pred-IDS                                                        
thr_0.9613      1.000   0.302   0.203   1525    2112    429     1683    0       429     429     0       0

                MOTAR   MOTP    Recall  Frames  GT      GT-Mtch GT-Miss GT-IDS  Pred    Pred-TP Pred-FP Pred-IDS                                                        
thr_0.9630      1.000   0.288   0.171   1525    2112    361     1751    0       361     361     0       0

                MOTAR   MOTP    Recall  Frames  GT      GT-Mtch GT-Miss GT-IDS  Pred    Pred-TP Pred-FP Pred-IDS                                                        
thr_0.9645      1.000   0.288   0.152   1525    2112    321     1791    0       321     321     0       0

                MOTAR   MOTP    Recall  Frames  GT      GT-Mtch GT-Miss GT-IDS  Pred    Pred-TP Pred-FP Pred-IDS                                                        
thr_0.9650      1.000   0.253   0.133   1525    2112    281     1831    0       281     281     0       0

                MOTAR   MOTP    Recall  Frames  GT      GT-Mtch GT-Miss GT-IDS  Pred    Pred-TP Pred-FP Pred-IDS                                                        
thr_0.9655      1.000   0.247   0.114   1525    2112    240     1872    0       240     240     0       0

Computing metrics for class car...

Computed thresholds                                                                                                                                                     

                MOTAR   MOTP    Recall  Frames  GT      GT-Mtch GT-Miss GT-IDS  Pred    Pred-TP Pred-FP Pred-IDS                                                        
thr_0.2558      0.871   0.287   0.935   5748    58317   54443   3783    91      61555   54443   7021    91

                MOTAR   MOTP    Recall  Frames  GT      GT-Mtch GT-Miss GT-IDS  Pred    Pred-TP Pred-FP Pred-IDS                                                        
thr_0.5683      0.899   0.277   0.911   5747    58317   53103   5179    35      58479   53103   5341    35

                MOTAR   MOTP    Recall  Frames  GT      GT-Mtch GT-Miss GT-IDS  Pred    Pred-TP Pred-FP Pred-IDS                                                        
thr_0.6813      0.910   0.271   0.888   5743    58317   51753   6545    19      56416   51753   4644    19

                MOTAR   MOTP    Recall  Frames  GT      GT-Mtch GT-Miss GT-IDS  Pred    Pred-TP Pred-FP Pred-IDS                                                        
thr_0.7338      0.920   0.264   0.864   5740    58317   50365   7936    16      54430   50365   4049    16

                MOTAR   MOTP    Recall  Frames  GT      GT-Mtch GT-Miss GT-IDS  Pred    Pred-TP Pred-FP Pred-IDS                                                        
thr_0.7668      0.926   0.261   0.841   5740    58317   49014   9289    14      52666   49014   3638    14

                MOTAR   MOTP    Recall  Frames  GT      GT-Mtch GT-Miss GT-IDS  Pred    Pred-TP Pred-FP Pred-IDS                                                        
thr_0.7928      0.933   0.257   0.817   5740    58317   47651   10655   11      50873   47651   3211    11

                MOTAR   MOTP    Recall  Frames  GT      GT-Mtch GT-Miss GT-IDS  Pred    Pred-TP Pred-FP Pred-IDS                                                        
thr_0.8116      0.937   0.252   0.794   5740    58317   46297   12011   9       49221   46297   2915    9

                MOTAR   MOTP    Recall  Frames  GT      GT-Mtch GT-Miss GT-IDS  Pred    Pred-TP Pred-FP Pred-IDS                                                        
thr_0.8244      0.941   0.249   0.771   5740    58317   44935   13375   7       47599   44935   2657    7

                MOTAR   MOTP    Recall  Frames  GT      GT-Mtch GT-Miss GT-IDS  Pred    Pred-TP Pred-FP Pred-IDS                                                        
thr_0.8339      0.944   0.245   0.748   5740    58317   43594   14718   5       46049   43594   2450    5

                MOTAR   MOTP    Recall  Frames  GT      GT-Mtch GT-Miss GT-IDS  Pred    Pred-TP Pred-FP Pred-IDS                                                        
thr_0.8448      0.947   0.242   0.724   5740    58317   42243   16070   4       44496   42243   2249    4

                MOTAR   MOTP    Recall  Frames  GT      GT-Mtch GT-Miss GT-IDS  Pred    Pred-TP Pred-FP Pred-IDS                                                        
thr_0.8521      0.949   0.239   0.701   5738    58317   40896   17418   3       42991   40896   2092    3

                MOTAR   MOTP    Recall  Frames  GT      GT-Mtch GT-Miss GT-IDS  Pred    Pred-TP Pred-FP Pred-IDS                                                        
thr_0.8585      0.951   0.236   0.678   5738    58317   39549   18766   2       41477   39549   1926    2

                MOTAR   MOTP    Recall  Frames  GT      GT-Mtch GT-Miss GT-IDS  Pred    Pred-TP Pred-FP Pred-IDS                                                        
thr_0.8648      0.954   0.234   0.655   5738    58317   38194   20122   1       39941   38194   1746    1

                MOTAR   MOTP    Recall  Frames  GT      GT-Mtch GT-Miss GT-IDS  Pred    Pred-TP Pred-FP Pred-IDS                                                        
thr_0.8711      0.956   0.233   0.632   5738    58317   36841   21475   1       38466   36841   1624    1

                MOTAR   MOTP    Recall  Frames  GT      GT-Mtch GT-Miss GT-IDS  Pred    Pred-TP Pred-FP Pred-IDS                                                        
thr_0.8772      0.957   0.230   0.609   5738    58317   35490   22827   0       37002   35490   1512    0

                MOTAR   MOTP    Recall  Frames  GT      GT-Mtch GT-Miss GT-IDS  Pred    Pred-TP Pred-FP Pred-IDS                                                        
thr_0.8833      0.961   0.227   0.585   5738    58317   34141   24176   0       35474   34141   1333    0

                MOTAR   MOTP    Recall  Frames  GT      GT-Mtch GT-Miss GT-IDS  Pred    Pred-TP Pred-FP Pred-IDS                                                        
thr_0.8887      0.963   0.223   0.562   5738    58317   32802   25515   0       34028   32802   1226    0

                MOTAR   MOTP    Recall  Frames  GT      GT-Mtch GT-Miss GT-IDS  Pred    Pred-TP Pred-FP Pred-IDS                                                        
thr_0.8933      0.965   0.220   0.539   5738    58317   31440   26877   0       32538   31440   1098    0

                MOTAR   MOTP    Recall  Frames  GT      GT-Mtch GT-Miss GT-IDS  Pred    Pred-TP Pred-FP Pred-IDS                                                        
thr_0.8975      0.967   0.218   0.516   5738    58317   30096   28221   0       31104   30096   1008    0

                MOTAR   MOTP    Recall  Frames  GT      GT-Mtch GT-Miss GT-IDS  Pred    Pred-TP Pred-FP Pred-IDS                                                        
thr_0.9015      0.968   0.217   0.493   5736    58317   28760   29557   0       29689   28760   929     0

                MOTAR   MOTP    Recall  Frames  GT      GT-Mtch GT-Miss GT-IDS  Pred    Pred-TP Pred-FP Pred-IDS                                                        
thr_0.9052      0.968   0.216   0.470   5736    58317   27405   30912   0       28280   27405   875     0

                MOTAR   MOTP    Recall  Frames  GT      GT-Mtch GT-Miss GT-IDS  Pred    Pred-TP Pred-FP Pred-IDS                                                        
thr_0.9084      0.970   0.213   0.447   5736    58317   26049   32268   0       26829   26049   780     0

                MOTAR   MOTP    Recall  Frames  GT      GT-Mtch GT-Miss GT-IDS  Pred    Pred-TP Pred-FP Pred-IDS                                                        
thr_0.9121      0.972   0.211   0.424   5735    58317   24704   33613   0       25389   24704   685     0

                MOTAR   MOTP    Recall  Frames  GT      GT-Mtch GT-Miss GT-IDS  Pred    Pred-TP Pred-FP Pred-IDS                                                        
thr_0.9159      0.973   0.208   0.400   5735    58317   23346   34971   0       23975   23346   629     0

                MOTAR   MOTP    Recall  Frames  GT      GT-Mtch GT-Miss GT-IDS  Pred    Pred-TP Pred-FP Pred-IDS                                                        
thr_0.9191      0.973   0.205   0.377   5732    58317   22011   36306   0       22595   22011   584     0

                MOTAR   MOTP    Recall  Frames  GT      GT-Mtch GT-Miss GT-IDS  Pred    Pred-TP Pred-FP Pred-IDS                                                        
thr_0.9228      0.975   0.205   0.354   5732    58317   20660   37657   0       21172   20660   512     0

                MOTAR   MOTP    Recall  Frames  GT      GT-Mtch GT-Miss GT-IDS  Pred    Pred-TP Pred-FP Pred-IDS                                                        
thr_0.9258      0.977   0.204   0.331   5729    58317   19321   38996   0       19773   19321   452     0

                MOTAR   MOTP    Recall  Frames  GT      GT-Mtch GT-Miss GT-IDS  Pred    Pred-TP Pred-FP Pred-IDS                                                        
thr_0.9286      0.978   0.201   0.308   5729    58317   17963   40354   0       18360   17963   397     0

                MOTAR   MOTP    Recall  Frames  GT      GT-Mtch GT-Miss GT-IDS  Pred    Pred-TP Pred-FP Pred-IDS                                                        
thr_0.9319      0.980   0.200   0.285   5729    58317   16632   41685   0       16962   16632   330     0

                MOTAR   MOTP    Recall  Frames  GT      GT-Mtch GT-Miss GT-IDS  Pred    Pred-TP Pred-FP Pred-IDS                                                        
thr_0.9347      0.981   0.198   0.262   5729    58317   15262   43055   0       15558   15262   296     0

                MOTAR   MOTP    Recall  Frames  GT      GT-Mtch GT-Miss GT-IDS  Pred    Pred-TP Pred-FP Pred-IDS                                                        
thr_0.9376      0.981   0.195   0.239   5729    58317   13931   44386   0       14199   13931   268     0

                MOTAR   MOTP    Recall  Frames  GT      GT-Mtch GT-Miss GT-IDS  Pred    Pred-TP Pred-FP Pred-IDS                                                        
thr_0.9404      0.982   0.196   0.216   5729    58317   12575   45742   0       12799   12575   224     0

                MOTAR   MOTP    Recall  Frames  GT      GT-Mtch GT-Miss GT-IDS  Pred    Pred-TP Pred-FP Pred-IDS                                                        
thr_0.9437      0.983   0.195   0.193   5727    58317   11245   47072   0       11435   11245   190     0

                MOTAR   MOTP    Recall  Frames  GT      GT-Mtch GT-Miss GT-IDS  Pred    Pred-TP Pred-FP Pred-IDS                                                        
thr_0.9461      0.986   0.192   0.170   5727    58317   9907    48410   0       10049   9907    142     0

                MOTAR   MOTP    Recall  Frames  GT      GT-Mtch GT-Miss GT-IDS  Pred    Pred-TP Pred-FP Pred-IDS                                                        
thr_0.9491      0.986   0.187   0.146   5727    58317   8537    49780   0       8655    8537    118     0

                MOTAR   MOTP    Recall  Frames  GT      GT-Mtch GT-Miss GT-IDS  Pred    Pred-TP Pred-FP Pred-IDS                                                        
thr_0.9522      0.989   0.182   0.123   5727    58317   7184    51133   0       7263    7184    79      0

                MOTAR   MOTP    Recall  Frames  GT      GT-Mtch GT-Miss GT-IDS  Pred    Pred-TP Pred-FP Pred-IDS                                                        
thr_0.9562      0.994   0.181   0.100   5727    58317   5834    52483   0       5868    5834    34      0

Computing metrics for class motorcycle...

Computed thresholds                                                                                                                                                     

                MOTAR   MOTP    Recall  Frames  GT      GT-Mtch GT-Miss GT-IDS  Pred    Pred-TP Pred-FP Pred-IDS                                                        
thr_0.3941      0.930   0.289   0.899   1341    1977    1766    199     12      1902    1766    124     12

                MOTAR   MOTP    Recall  Frames  GT      GT-Mtch GT-Miss GT-IDS  Pred    Pred-TP Pred-FP Pred-IDS                                                        
thr_0.6396      0.938   0.267   0.873   1339    1977    1720    252     5       1831    1720    106     5

                MOTAR   MOTP    Recall  Frames  GT      GT-Mtch GT-Miss GT-IDS  Pred    Pred-TP Pred-FP Pred-IDS                                                        
thr_0.7173      0.943   0.262   0.848   1338    1977    1674    301     2       1772    1674    96      2

                MOTAR   MOTP    Recall  Frames  GT      GT-Mtch GT-Miss GT-IDS  Pred    Pred-TP Pred-FP Pred-IDS                                                        
thr_0.7909      0.949   0.262   0.824   1333    1977    1628    347     2       1713    1628    83      2

                MOTAR   MOTP    Recall  Frames  GT      GT-Mtch GT-Miss GT-IDS  Pred    Pred-TP Pred-FP Pred-IDS                                                        
thr_0.8296      0.949   0.258   0.801   1330    1977    1581    394     2       1663    1581    80      2

                MOTAR   MOTP    Recall  Frames  GT      GT-Mtch GT-Miss GT-IDS  Pred    Pred-TP Pred-FP Pred-IDS                                                        
thr_0.8434      0.956   0.253   0.777   1325    1977    1536    440     1       1605    1536    68      1

                MOTAR   MOTP    Recall  Frames  GT      GT-Mtch GT-Miss GT-IDS  Pred    Pred-TP Pred-FP Pred-IDS                                                        
thr_0.8509      0.959   0.247   0.758   1321    1977    1498    478     1       1560    1498    61      1

                MOTAR   MOTP    Recall  Frames  GT      GT-Mtch GT-Miss GT-IDS  Pred    Pred-TP Pred-FP Pred-IDS                                                        
thr_0.8567      0.961   0.246   0.730   1321    1977    1442    534     1       1499    1442    56      1

                MOTAR   MOTP    Recall  Frames  GT      GT-Mtch GT-Miss GT-IDS  Pred    Pred-TP Pred-FP Pred-IDS                                                        
thr_0.8606      0.963   0.243   0.708   1320    1977    1399    577     1       1452    1399    52      1

                MOTAR   MOTP    Recall  Frames  GT      GT-Mtch GT-Miss GT-IDS  Pred    Pred-TP Pred-FP Pred-IDS                                                        
thr_0.8668      0.962   0.242   0.690   1320    1977    1363    613     1       1416    1363    52      1

                MOTAR   MOTP    Recall  Frames  GT      GT-Mtch GT-Miss GT-IDS  Pred    Pred-TP Pred-FP Pred-IDS                                                        
thr_0.8685      0.962   0.240   0.662   1318    1977    1308    668     1       1359    1308    50      1

                MOTAR   MOTP    Recall  Frames  GT      GT-Mtch GT-Miss GT-IDS  Pred    Pred-TP Pred-FP Pred-IDS                                                        
thr_0.8692      0.963   0.240   0.641   1316    1977    1267    709     1       1315    1267    47      1

                MOTAR   MOTP    Recall  Frames  GT      GT-Mtch GT-Miss GT-IDS  Pred    Pred-TP Pred-FP Pred-IDS                                                        
thr_0.8745      0.964   0.238   0.616   1313    1977    1216    760     1       1261    1216    44      1

                MOTAR   MOTP    Recall  Frames  GT      GT-Mtch GT-Miss GT-IDS  Pred    Pred-TP Pred-FP Pred-IDS                                                        
thr_0.8778      0.965   0.236   0.596   1313    1977    1178    798     1       1220    1178    41      1

                MOTAR   MOTP    Recall  Frames  GT      GT-Mtch GT-Miss GT-IDS  Pred    Pred-TP Pred-FP Pred-IDS                                                        
thr_0.8817      0.965   0.234   0.569   1312    1977    1124    853     0       1163    1124    39      0

                MOTAR   MOTP    Recall  Frames  GT      GT-Mtch GT-Miss GT-IDS  Pred    Pred-TP Pred-FP Pred-IDS                                                        
thr_0.8847      0.967   0.231   0.546   1312    1977    1080    897     0       1116    1080    36      0

                MOTAR   MOTP    Recall  Frames  GT      GT-Mtch GT-Miss GT-IDS  Pred    Pred-TP Pred-FP Pred-IDS                                                        
thr_0.8919      0.966   0.228   0.527   1311    1977    1042    935     0       1077    1042    35      0

                MOTAR   MOTP    Recall  Frames  GT      GT-Mtch GT-Miss GT-IDS  Pred    Pred-TP Pred-FP Pred-IDS                                                        
thr_0.8971      0.965   0.224   0.508   1311    1977    1004    973     0       1039    1004    35      0

                MOTAR   MOTP    Recall  Frames  GT      GT-Mtch GT-Miss GT-IDS  Pred    Pred-TP Pred-FP Pred-IDS                                                        
thr_0.9005      0.966   0.224   0.480   1308    1977    949     1028    0       981     949     32      0

                MOTAR   MOTP    Recall  Frames  GT      GT-Mtch GT-Miss GT-IDS  Pred    Pred-TP Pred-FP Pred-IDS                                                        
thr_0.9025      0.964   0.222   0.454   1308    1977    898     1079    0       930     898     32      0

                MOTAR   MOTP    Recall  Frames  GT      GT-Mtch GT-Miss GT-IDS  Pred    Pred-TP Pred-FP Pred-IDS                                                        
thr_0.9061      0.965   0.219   0.429   1307    1977    848     1129    0       878     848     30      0

                MOTAR   MOTP    Recall  Frames  GT      GT-Mtch GT-Miss GT-IDS  Pred    Pred-TP Pred-FP Pred-IDS                                                        
thr_0.9063      0.964   0.210   0.404   1306    1977    799     1178    0       828     799     29      0

                MOTAR   MOTP    Recall  Frames  GT      GT-Mtch GT-Miss GT-IDS  Pred    Pred-TP Pred-FP Pred-IDS                                                        
thr_0.9105      0.962   0.198   0.382   1306    1977    756     1221    0       785     756     29      0

                MOTAR   MOTP    Recall  Frames  GT      GT-Mtch GT-Miss GT-IDS  Pred    Pred-TP Pred-FP Pred-IDS                                                        
thr_0.9109      0.966   0.195   0.360   1306    1977    711     1266    0       735     711     24      0

                MOTAR   MOTP    Recall  Frames  GT      GT-Mtch GT-Miss GT-IDS  Pred    Pred-TP Pred-FP Pred-IDS                                                        
thr_0.9127      0.970   0.197   0.337   1303    1977    667     1310    0       687     667     20      0

                MOTAR   MOTP    Recall  Frames  GT      GT-Mtch GT-Miss GT-IDS  Pred    Pred-TP Pred-FP Pred-IDS                                                        
thr_0.9143      0.968   0.190   0.316   1303    1977    624     1353    0       644     624     20      0

                MOTAR   MOTP    Recall  Frames  GT      GT-Mtch GT-Miss GT-IDS  Pred    Pred-TP Pred-FP Pred-IDS                                                        
thr_0.9161      0.965   0.180   0.292   1303    1977    578     1399    0       598     578     20      0

                MOTAR   MOTP    Recall  Frames  GT      GT-Mtch GT-Miss GT-IDS  Pred    Pred-TP Pred-FP Pred-IDS                                                        
thr_0.9179      0.962   0.182   0.266   1303    1977    526     1451    0       546     526     20      0

                MOTAR   MOTP    Recall  Frames  GT      GT-Mtch GT-Miss GT-IDS  Pred    Pred-TP Pred-FP Pred-IDS                                                        
thr_0.9187      0.963   0.182   0.245   1303    1977    485     1492    0       503     485     18      0

                MOTAR   MOTP    Recall  Frames  GT      GT-Mtch GT-Miss GT-IDS  Pred    Pred-TP Pred-FP Pred-IDS                                                        
thr_0.9200      0.959   0.185   0.222   1303    1977    438     1539    0       456     438     18      0

                MOTAR   MOTP    Recall  Frames  GT      GT-Mtch GT-Miss GT-IDS  Pred    Pred-TP Pred-FP Pred-IDS                                                        
thr_0.9235      0.953   0.180   0.194   1303    1977    383     1594    0       401     383     18      0

                MOTAR   MOTP    Recall  Frames  GT      GT-Mtch GT-Miss GT-IDS  Pred    Pred-TP Pred-FP Pred-IDS                                                        
thr_0.9271      0.947   0.171   0.171   1303    1977    339     1638    0       357     339     18      0

                MOTAR   MOTP    Recall  Frames  GT      GT-Mtch GT-Miss GT-IDS  Pred    Pred-TP Pred-FP Pred-IDS                                                        
thr_0.9278      0.942   0.134   0.149   1302    1977    294     1683    0       311     294     17      0

                MOTAR   MOTP    Recall  Frames  GT      GT-Mtch GT-Miss GT-IDS  Pred    Pred-TP Pred-FP Pred-IDS                                                        
thr_0.9289      0.938   0.136   0.139   1302    1977    275     1702    0       292     275     17      0

                MOTAR   MOTP    Recall  Frames  GT      GT-Mtch GT-Miss GT-IDS  Pred    Pred-TP Pred-FP Pred-IDS                                                        
thr_0.9359      0.926   0.114   0.103   1301    1977    204     1773    0       219     204     15      0

Computing metrics for class pedestrian...

Computed thresholds                                                                                                                                                     

                MOTAR   MOTP    Recall  Frames  GT      GT-Mtch GT-Miss GT-IDS  Pred    Pred-TP Pred-FP Pred-IDS                                                        
thr_0.2496      0.890   0.233   0.931   4315    25423   23455   1748    220     26251   23455   2576    220

                MOTAR   MOTP    Recall  Frames  GT      GT-Mtch GT-Miss GT-IDS  Pred    Pred-TP Pred-FP Pred-IDS                                                        
thr_0.4517      0.922   0.227   0.913   4315    25423   23050   2207    166     25020   23050   1804    166

                MOTAR   MOTP    Recall  Frames  GT      GT-Mtch GT-Miss GT-IDS  Pred    Pred-TP Pred-FP Pred-IDS                                                        
thr_0.5635      0.934   0.210   0.889   4314    25423   22498   2819    106     24079   22498   1475    106

                MOTAR   MOTP    Recall  Frames  GT      GT-Mtch GT-Miss GT-IDS  Pred    Pred-TP Pred-FP Pred-IDS                                                        
thr_0.6352      0.942   0.202   0.864   4299    25423   21904   3445    74      23241   21904   1263    74

                MOTAR   MOTP    Recall  Frames  GT      GT-Mtch GT-Miss GT-IDS  Pred    Pred-TP Pred-FP Pred-IDS                                                        
thr_0.6926      0.946   0.196   0.839   4299    25423   21282   4087    54      22495   21282   1159    54

                MOTAR   MOTP    Recall  Frames  GT      GT-Mtch GT-Miss GT-IDS  Pred    Pred-TP Pred-FP Pred-IDS                                                        
thr_0.7276      0.949   0.194   0.814   4295    25423   20647   4738    38      21732   20647   1047    38

                MOTAR   MOTP    Recall  Frames  GT      GT-Mtch GT-Miss GT-IDS  Pred    Pred-TP Pred-FP Pred-IDS                                                        
thr_0.7549      0.952   0.191   0.789   4292    25423   20033   5362    28      21017   20033   956     28

                MOTAR   MOTP    Recall  Frames  GT      GT-Mtch GT-Miss GT-IDS  Pred    Pred-TP Pred-FP Pred-IDS                                                        
thr_0.7753      0.955   0.187   0.766   4292    25423   19451   5952    20      20349   19451   878     20

                MOTAR   MOTP    Recall  Frames  GT      GT-Mtch GT-Miss GT-IDS  Pred    Pred-TP Pred-FP Pred-IDS                                                        
thr_0.7919      0.957   0.181   0.741   4291    25423   18820   6586    17      19645   18820   808     17

                MOTAR   MOTP    Recall  Frames  GT      GT-Mtch GT-Miss GT-IDS  Pred    Pred-TP Pred-FP Pred-IDS                                                        
thr_0.8046      0.960   0.178   0.716   4288    25423   18198   7210    15      18941   18198   728     15

                MOTAR   MOTP    Recall  Frames  GT      GT-Mtch GT-Miss GT-IDS  Pred    Pred-TP Pred-FP Pred-IDS                                                        
thr_0.8167      0.961   0.177   0.692   4288    25423   17579   7836    8       18275   17579   688     8

                MOTAR   MOTP    Recall  Frames  GT      GT-Mtch GT-Miss GT-IDS  Pred    Pred-TP Pred-FP Pred-IDS                                                        
thr_0.8256      0.964   0.175   0.667   4286    25423   16951   8467    5       17567   16951   611     5

                MOTAR   MOTP    Recall  Frames  GT      GT-Mtch GT-Miss GT-IDS  Pred    Pred-TP Pred-FP Pred-IDS                                                        
thr_0.8333      0.966   0.175   0.643   4279    25423   16342   9075    6       16898   16342   550     6

                MOTAR   MOTP    Recall  Frames  GT      GT-Mtch GT-Miss GT-IDS  Pred    Pred-TP Pred-FP Pred-IDS                                                        
thr_0.8425      0.968   0.172   0.619   4279    25423   15734   9684    5       16240   15734   501     5

                MOTAR   MOTP    Recall  Frames  GT      GT-Mtch GT-Miss GT-IDS  Pred    Pred-TP Pred-FP Pred-IDS                                                        
thr_0.8516      0.969   0.170   0.595   4279    25423   15116   10302   5       15584   15116   463     5

                MOTAR   MOTP    Recall  Frames  GT      GT-Mtch GT-Miss GT-IDS  Pred    Pred-TP Pred-FP Pred-IDS                                                        
thr_0.8567      0.971   0.167   0.570   4272    25423   14482   10936   5       14905   14482   418     5

                MOTAR   MOTP    Recall  Frames  GT      GT-Mtch GT-Miss GT-IDS  Pred    Pred-TP Pred-FP Pred-IDS                                                        
thr_0.8625      0.972   0.166   0.547   4272    25423   13890   11528   5       14277   13890   382     5

                MOTAR   MOTP    Recall  Frames  GT      GT-Mtch GT-Miss GT-IDS  Pred    Pred-TP Pred-FP Pred-IDS                                                        
thr_0.8687      0.973   0.163   0.522   4271    25423   13270   12150   3       13625   13270   352     3

                MOTAR   MOTP    Recall  Frames  GT      GT-Mtch GT-Miss GT-IDS  Pred    Pred-TP Pred-FP Pred-IDS                                                        
thr_0.8727      0.976   0.154   0.498   4270    25423   12655   12767   1       12961   12655   305     1

                MOTAR   MOTP    Recall  Frames  GT      GT-Mtch GT-Miss GT-IDS  Pred    Pred-TP Pred-FP Pred-IDS                                                        
thr_0.8783      0.977   0.154   0.475   4268    25423   12078   13342   3       12353   12078   272     3

                MOTAR   MOTP    Recall  Frames  GT      GT-Mtch GT-Miss GT-IDS  Pred    Pred-TP Pred-FP Pred-IDS                                                        
thr_0.8824      0.980   0.154   0.452   4266    25423   11478   13942   3       11715   11478   234     3

                MOTAR   MOTP    Recall  Frames  GT      GT-Mtch GT-Miss GT-IDS  Pred    Pred-TP Pred-FP Pred-IDS                                                        
thr_0.8848      0.981   0.153   0.428   4266    25423   10867   14554   2       11074   10867   205     2

                MOTAR   MOTP    Recall  Frames  GT      GT-Mtch GT-Miss GT-IDS  Pred    Pred-TP Pred-FP Pred-IDS                                                        
thr_0.8872      0.982   0.151   0.404   4266    25423   10274   15148   1       10464   10274   189     1

                MOTAR   MOTP    Recall  Frames  GT      GT-Mtch GT-Miss GT-IDS  Pred    Pred-TP Pred-FP Pred-IDS                                                        
thr_0.8901      0.982   0.149   0.381   4265    25423   9680    15742   1       9853    9680    172     1

                MOTAR   MOTP    Recall  Frames  GT      GT-Mtch GT-Miss GT-IDS  Pred    Pred-TP Pred-FP Pred-IDS                                                        
thr_0.8936      0.983   0.147   0.357   4262    25423   9085    16337   1       9239    9085    153     1

                MOTAR   MOTP    Recall  Frames  GT      GT-Mtch GT-Miss GT-IDS  Pred    Pred-TP Pred-FP Pred-IDS                                                        
thr_0.8957      0.985   0.144   0.334   4259    25423   8484    16938   1       8611    8484    126     1

                MOTAR   MOTP    Recall  Frames  GT      GT-Mtch GT-Miss GT-IDS  Pred    Pred-TP Pred-FP Pred-IDS                                                        
thr_0.8998      0.987   0.144   0.311   4259    25423   7897    17525   1       8002    7897    104     1

                MOTAR   MOTP    Recall  Frames  GT      GT-Mtch GT-Miss GT-IDS  Pred    Pred-TP Pred-FP Pred-IDS                                                        
thr_0.9019      0.988   0.143   0.287   4259    25423   7287    18135   1       7376    7287    88      1

                MOTAR   MOTP    Recall  Frames  GT      GT-Mtch GT-Miss GT-IDS  Pred    Pred-TP Pred-FP Pred-IDS                                                        
thr_0.9047      0.988   0.143   0.265   4256    25423   6724    18698   1       6806    6724    81      1

                MOTAR   MOTP    Recall  Frames  GT      GT-Mtch GT-Miss GT-IDS  Pred    Pred-TP Pred-FP Pred-IDS                                                        
thr_0.9069      0.990   0.146   0.240   4253    25423   6108    19314   1       6173    6108    64      1

                MOTAR   MOTP    Recall  Frames  GT      GT-Mtch GT-Miss GT-IDS  Pred    Pred-TP Pred-FP Pred-IDS                                                        
thr_0.9095      0.990   0.141   0.217   4253    25423   5515    19908   0       5572    5515    57      0

                MOTAR   MOTP    Recall  Frames  GT      GT-Mtch GT-Miss GT-IDS  Pred    Pred-TP Pred-FP Pred-IDS                                                        
thr_0.9127      0.992   0.141   0.194   4253    25423   4938    20485   0       4977    4938    39      0

                MOTAR   MOTP    Recall  Frames  GT      GT-Mtch GT-Miss GT-IDS  Pred    Pred-TP Pred-FP Pred-IDS                                                        
thr_0.9156      0.993   0.144   0.170   4253    25423   4333    21090   0       4365    4333    32      0

                MOTAR   MOTP    Recall  Frames  GT      GT-Mtch GT-Miss GT-IDS  Pred    Pred-TP Pred-FP Pred-IDS                                                        
thr_0.9202      0.993   0.137   0.147   4253    25423   3747    21676   0       3775    3747    28      0

                MOTAR   MOTP    Recall  Frames  GT      GT-Mtch GT-Miss GT-IDS  Pred    Pred-TP Pred-FP Pred-IDS                                                        
thr_0.9248      0.994   0.132   0.123   4253    25423   3137    22286   0       3157    3137    20      0

                MOTAR   MOTP    Recall  Frames  GT      GT-Mtch GT-Miss GT-IDS  Pred    Pred-TP Pred-FP Pred-IDS                                                        
thr_0.9282      0.995   0.131   0.100   4251    25423   2553    22870   0       2565    2553    12      0

Computing metrics for class trailer...

Computed thresholds                                                                                                                                                     

                MOTAR   MOTP    Recall  Frames  GT      GT-Mtch GT-Miss GT-IDS  Pred    Pred-TP Pred-FP Pred-IDS                                                        
thr_0.3971      0.943   0.604   0.701   970     2425    1699    725     1       1796    1699    96      1

                MOTAR   MOTP    Recall  Frames  GT      GT-Mtch GT-Miss GT-IDS  Pred    Pred-TP Pred-FP Pred-IDS                                                        
thr_0.6659      0.947   0.598   0.677   968     2425    1641    784     0       1728    1641    87      0

                MOTAR   MOTP    Recall  Frames  GT      GT-Mtch GT-Miss GT-IDS  Pred    Pred-TP Pred-FP Pred-IDS                                                        
thr_0.7500      0.950   0.598   0.660   968     2425    1601    824     0       1681    1601    80      0

                MOTAR   MOTP    Recall  Frames  GT      GT-Mtch GT-Miss GT-IDS  Pred    Pred-TP Pred-FP Pred-IDS                                                        
thr_0.8103      0.951   0.592   0.632   968     2425    1532    893     0       1607    1532    75      0

                MOTAR   MOTP    Recall  Frames  GT      GT-Mtch GT-Miss GT-IDS  Pred    Pred-TP Pred-FP Pred-IDS                                                        
thr_0.8226      0.949   0.598   0.612   968     2425    1484    941     0       1559    1484    75      0

                MOTAR   MOTP    Recall  Frames  GT      GT-Mtch GT-Miss GT-IDS  Pred    Pred-TP Pred-FP Pred-IDS                                                        
thr_0.8412      0.953   0.591   0.588   968     2425    1427    998     0       1494    1427    67      0

                MOTAR   MOTP    Recall  Frames  GT      GT-Mtch GT-Miss GT-IDS  Pred    Pred-TP Pred-FP Pred-IDS                                                        
thr_0.8668      0.955   0.589   0.563   968     2425    1365    1060    0       1426    1365    61      0

                MOTAR   MOTP    Recall  Frames  GT      GT-Mtch GT-Miss GT-IDS  Pred    Pred-TP Pred-FP Pred-IDS                                                        
thr_0.8733      0.954   0.593   0.541   968     2425    1311    1114    0       1371    1311    60      0

                MOTAR   MOTP    Recall  Frames  GT      GT-Mtch GT-Miss GT-IDS  Pred    Pred-TP Pred-FP Pred-IDS                                                        
thr_0.8772      0.957   0.593   0.520   966     2425    1260    1165    0       1314    1260    54      0

                MOTAR   MOTP    Recall  Frames  GT      GT-Mtch GT-Miss GT-IDS  Pred    Pred-TP Pred-FP Pred-IDS                                                        
thr_0.8799      0.961   0.607   0.492   960     2425    1193    1232    0       1239    1193    46      0

                MOTAR   MOTP    Recall  Frames  GT      GT-Mtch GT-Miss GT-IDS  Pred    Pred-TP Pred-FP Pred-IDS                                                        
thr_0.8846      0.975   0.589   0.477   960     2425    1156    1269    0       1185    1156    29      0

                MOTAR   MOTP    Recall  Frames  GT      GT-Mtch GT-Miss GT-IDS  Pred    Pred-TP Pred-FP Pred-IDS                                                        
thr_0.8930      0.974   0.577   0.456   960     2425    1107    1318    0       1136    1107    29      0

                MOTAR   MOTP    Recall  Frames  GT      GT-Mtch GT-Miss GT-IDS  Pred    Pred-TP Pred-FP Pred-IDS                                                        
thr_0.8996      0.980   0.540   0.425   960     2425    1030    1395    0       1051    1030    21      0

                MOTAR   MOTP    Recall  Frames  GT      GT-Mtch GT-Miss GT-IDS  Pred    Pred-TP Pred-FP Pred-IDS                                                        
thr_0.9011      0.980   0.527   0.406   959     2425    984     1441    0       1004    984     20      0

                MOTAR   MOTP    Recall  Frames  GT      GT-Mtch GT-Miss GT-IDS  Pred    Pred-TP Pred-FP Pred-IDS                                                        
thr_0.9032      0.979   0.493   0.381   959     2425    925     1500    0       944     925     19      0

                MOTAR   MOTP    Recall  Frames  GT      GT-Mtch GT-Miss GT-IDS  Pred    Pred-TP Pred-FP Pred-IDS                                                        
thr_0.9121      0.978   0.499   0.364   959     2425    882     1543    0       901     882     19      0

                MOTAR   MOTP    Recall  Frames  GT      GT-Mtch GT-Miss GT-IDS  Pred    Pred-TP Pred-FP Pred-IDS                                                        
thr_0.9223      0.978   0.498   0.338   959     2425    820     1605    0       838     820     18      0

                MOTAR   MOTP    Recall  Frames  GT      GT-Mtch GT-Miss GT-IDS  Pred    Pred-TP Pred-FP Pred-IDS                                                        
thr_0.9267      0.979   0.482   0.313   959     2425    760     1665    0       776     760     16      0

                MOTAR   MOTP    Recall  Frames  GT      GT-Mtch GT-Miss GT-IDS  Pred    Pred-TP Pred-FP Pred-IDS                                                        
thr_0.9285      0.977   0.488   0.291   959     2425    705     1720    0       721     705     16      0

                MOTAR   MOTP    Recall  Frames  GT      GT-Mtch GT-Miss GT-IDS  Pred    Pred-TP Pred-FP Pred-IDS                                                        
thr_0.9289      0.981   0.512   0.266   959     2425    644     1781    0       656     644     12      0

                MOTAR   MOTP    Recall  Frames  GT      GT-Mtch GT-Miss GT-IDS  Pred    Pred-TP Pred-FP Pred-IDS                                                        
thr_0.9339      0.979   0.535   0.240   959     2425    583     1842    0       595     583     12      0

                MOTAR   MOTP    Recall  Frames  GT      GT-Mtch GT-Miss GT-IDS  Pred    Pred-TP Pred-FP Pred-IDS                                                        
thr_0.9357      0.977   0.562   0.218   959     2425    529     1896    0       541     529     12      0

                MOTAR   MOTP    Recall  Frames  GT      GT-Mtch GT-Miss GT-IDS  Pred    Pred-TP Pred-FP Pred-IDS                                                        
thr_0.9357      0.976   0.555   0.202   959     2425    491     1934    0       503     491     12      0

                MOTAR   MOTP    Recall  Frames  GT      GT-Mtch GT-Miss GT-IDS  Pred    Pred-TP Pred-FP Pred-IDS                                                        
thr_0.9409      0.971   0.554   0.173   959     2425    420     2005    0       432     420     12      0

                MOTAR   MOTP    Recall  Frames  GT      GT-Mtch GT-Miss GT-IDS  Pred    Pred-TP Pred-FP Pred-IDS                                                        
thr_0.9492      0.981   0.469   0.148   959     2425    359     2066    0       366     359     7       0

                MOTAR   MOTP    Recall  Frames  GT      GT-Mtch GT-Miss GT-IDS  Pred    Pred-TP Pred-FP Pred-IDS                                                        
thr_0.9501      0.978   0.428   0.132   959     2425    319     2106    0       326     319     7       0

                MOTAR   MOTP    Recall  Frames  GT      GT-Mtch GT-Miss GT-IDS  Pred    Pred-TP Pred-FP Pred-IDS                                                        
thr_0.9579      0.996   0.422   0.108   959     2425    261     2164    0       262     261     1       0

Computing metrics for class truck...

Computed thresholds                                                                                                                                                     

                MOTAR   MOTP    Recall  Frames  GT      GT-Mtch GT-Miss GT-IDS  Pred    Pred-TP Pred-FP Pred-IDS                                                        
thr_0.5046      0.963   0.375   0.863   3610    9650    8317    1326    7       8634    8317    310     7

                MOTAR   MOTP    Recall  Frames  GT      GT-Mtch GT-Miss GT-IDS  Pred    Pred-TP Pred-FP Pred-IDS                                                        
thr_0.6538      0.968   0.370   0.839   3605    9650    8093    1553    4       8354    8093    257     4

                MOTAR   MOTP    Recall  Frames  GT      GT-Mtch GT-Miss GT-IDS  Pred    Pred-TP Pred-FP Pred-IDS                                                        
thr_0.7238      0.972   0.364   0.817   3599    9650    7884    1764    2       8103    7884    217     2

                MOTAR   MOTP    Recall  Frames  GT      GT-Mtch GT-Miss GT-IDS  Pred    Pred-TP Pred-FP Pred-IDS                                                        
thr_0.7725      0.976   0.357   0.793   3594    9650    7654    1994    2       7840    7654    184     2

                MOTAR   MOTP    Recall  Frames  GT      GT-Mtch GT-Miss GT-IDS  Pred    Pred-TP Pred-FP Pred-IDS                                                        
thr_0.7984      0.979   0.356   0.770   3587    9650    7428    2221    1       7587    7428    158     1

                MOTAR   MOTP    Recall  Frames  GT      GT-Mtch GT-Miss GT-IDS  Pred    Pred-TP Pred-FP Pred-IDS                                                        
thr_0.8190      0.980   0.348   0.747   3587    9650    7211    2438    1       7353    7211    141     1

                MOTAR   MOTP    Recall  Frames  GT      GT-Mtch GT-Miss GT-IDS  Pred    Pred-TP Pred-FP Pred-IDS                                                        
thr_0.8328      0.982   0.343   0.723   3586    9650    6980    2670    0       7108    6980    128     0

                MOTAR   MOTP    Recall  Frames  GT      GT-Mtch GT-Miss GT-IDS  Pred    Pred-TP Pred-FP Pred-IDS                                                        
thr_0.8520      0.982   0.340   0.701   3585    9650    6763    2887    0       6886    6763    123     0

                MOTAR   MOTP    Recall  Frames  GT      GT-Mtch GT-Miss GT-IDS  Pred    Pred-TP Pred-FP Pred-IDS                                                        
thr_0.8581      0.982   0.341   0.678   3584    9650    6547    3103    0       6662    6547    115     0

                MOTAR   MOTP    Recall  Frames  GT      GT-Mtch GT-Miss GT-IDS  Pred    Pred-TP Pred-FP Pred-IDS                                                        
thr_0.8616      0.983   0.341   0.655   3577    9650    6321    3329    0       6426    6321    105     0

                MOTAR   MOTP    Recall  Frames  GT      GT-Mtch GT-Miss GT-IDS  Pred    Pred-TP Pred-FP Pred-IDS                                                        
thr_0.8685      0.985   0.337   0.631   3577    9650    6088    3562    0       6182    6088    94      0

                MOTAR   MOTP    Recall  Frames  GT      GT-Mtch GT-Miss GT-IDS  Pred    Pred-TP Pred-FP Pred-IDS                                                        
thr_0.8748      0.985   0.334   0.610   3577    9650    5882    3768    0       5970    5882    88      0

                MOTAR   MOTP    Recall  Frames  GT      GT-Mtch GT-Miss GT-IDS  Pred    Pred-TP Pred-FP Pred-IDS                                                        
thr_0.8809      0.985   0.332   0.585   3577    9650    5650    4000    0       5736    5650    86      0

                MOTAR   MOTP    Recall  Frames  GT      GT-Mtch GT-Miss GT-IDS  Pred    Pred-TP Pred-FP Pred-IDS                                                        
thr_0.8838      0.986   0.329   0.563   3574    9650    5437    4213    0       5512    5437    75      0

                MOTAR   MOTP    Recall  Frames  GT      GT-Mtch GT-Miss GT-IDS  Pred    Pred-TP Pred-FP Pred-IDS                                                        
thr_0.8862      0.987   0.329   0.540   3573    9650    5213    4437    0       5279    5213    66      0

                MOTAR   MOTP    Recall  Frames  GT      GT-Mtch GT-Miss GT-IDS  Pred    Pred-TP Pred-FP Pred-IDS                                                        
thr_0.8903      0.987   0.327   0.516   3573    9650    4981    4669    0       5044    4981    63      0

                MOTAR   MOTP    Recall  Frames  GT      GT-Mtch GT-Miss GT-IDS  Pred    Pred-TP Pred-FP Pred-IDS                                                        
thr_0.8947      0.989   0.326   0.496   3570    9650    4784    4866    0       4837    4784    53      0

                MOTAR   MOTP    Recall  Frames  GT      GT-Mtch GT-Miss GT-IDS  Pred    Pred-TP Pred-FP Pred-IDS                                                        
thr_0.9005      0.991   0.318   0.472   3570    9650    4556    5094    0       4598    4556    42      0

                MOTAR   MOTP    Recall  Frames  GT      GT-Mtch GT-Miss GT-IDS  Pred    Pred-TP Pred-FP Pred-IDS                                                        
thr_0.9041      0.991   0.314   0.448   3568    9650    4324    5326    0       4361    4324    37      0

                MOTAR   MOTP    Recall  Frames  GT      GT-Mtch GT-Miss GT-IDS  Pred    Pred-TP Pred-FP Pred-IDS                                                        
thr_0.9086      0.993   0.312   0.423   3568    9650    4086    5564    0       4113    4086    27      0

                MOTAR   MOTP    Recall  Frames  GT      GT-Mtch GT-Miss GT-IDS  Pred    Pred-TP Pred-FP Pred-IDS                                                        
thr_0.9117      0.995   0.317   0.400   3568    9650    3862    5788    0       3882    3862    20      0

                MOTAR   MOTP    Recall  Frames  GT      GT-Mtch GT-Miss GT-IDS  Pred    Pred-TP Pred-FP Pred-IDS                                                        
thr_0.9146      0.995   0.315   0.378   3567    9650    3647    6003    0       3665    3647    18      0

                MOTAR   MOTP    Recall  Frames  GT      GT-Mtch GT-Miss GT-IDS  Pred    Pred-TP Pred-FP Pred-IDS                                                        
thr_0.9174      0.995   0.309   0.355   3567    9650    3421    6229    0       3437    3421    16      0

                MOTAR   MOTP    Recall  Frames  GT      GT-Mtch GT-Miss GT-IDS  Pred    Pred-TP Pred-FP Pred-IDS                                                        
thr_0.9229      0.996   0.309   0.333   3567    9650    3216    6434    0       3229    3216    13      0

                MOTAR   MOTP    Recall  Frames  GT      GT-Mtch GT-Miss GT-IDS  Pred    Pred-TP Pred-FP Pred-IDS                                                        
thr_0.9249      0.996   0.306   0.310   3567    9650    2994    6656    0       3005    2994    11      0

                MOTAR   MOTP    Recall  Frames  GT      GT-Mtch GT-Miss GT-IDS  Pred    Pred-TP Pred-FP Pred-IDS                                                        
thr_0.9289      0.997   0.310   0.285   3567    9650    2747    6903    0       2756    2747    9       0

                MOTAR   MOTP    Recall  Frames  GT      GT-Mtch GT-Miss GT-IDS  Pred    Pred-TP Pred-FP Pred-IDS                                                        
thr_0.9333      0.996   0.310   0.262   3567    9650    2530    7120    0       2539    2530    9       0

                MOTAR   MOTP    Recall  Frames  GT      GT-Mtch GT-Miss GT-IDS  Pred    Pred-TP Pred-FP Pred-IDS                                                        
thr_0.9370      0.997   0.318   0.239   3567    9650    2305    7345    0       2311    2305    6       0

                MOTAR   MOTP    Recall  Frames  GT      GT-Mtch GT-Miss GT-IDS  Pred    Pred-TP Pred-FP Pred-IDS                                                        
thr_0.9391      0.999   0.326   0.216   3567    9650    2089    7561    0       2092    2089    3       0

                MOTAR   MOTP    Recall  Frames  GT      GT-Mtch GT-Miss GT-IDS  Pred    Pred-TP Pred-FP Pred-IDS                                                        
thr_0.9443      0.999   0.335   0.194   3567    9650    1870    7780    0       1872    1870    2       0

                MOTAR   MOTP    Recall  Frames  GT      GT-Mtch GT-Miss GT-IDS  Pred    Pred-TP Pred-FP Pred-IDS                                                        
thr_0.9472      0.999   0.314   0.170   3567    9650    1639    8011    0       1641    1639    2       0

                MOTAR   MOTP    Recall  Frames  GT      GT-Mtch GT-Miss GT-IDS  Pred    Pred-TP Pred-FP Pred-IDS                                                        
thr_0.9511      0.999   0.319   0.148   3567    9650    1427    8223    0       1429    1427    2       0

                MOTAR   MOTP    Recall  Frames  GT      GT-Mtch GT-Miss GT-IDS  Pred    Pred-TP Pred-FP Pred-IDS                                                        
thr_0.9541      1.000   0.328   0.124   3567    9650    1200    8450    0       1200    1200    0       0

                MOTAR   MOTP    Recall  Frames  GT      GT-Mtch GT-Miss GT-IDS  Pred    Pred-TP Pred-FP Pred-IDS                                                        
thr_0.9579      1.000   0.284   0.100   3567    9650    965     8685    0       965     965     0       0

Calculating metrics...
Saving metrics to: /root/folder/Mamba_DEKF/debug/compare_calibrated/cal_eval

### Final results ###

Per-class results:
                AMOTA   AMOTP   RECALL  MOTAR   GT      MOTA    MOTP    MT      ML      FAF     TP      FP      FN      IDS     FRAG    TID     LGD
bicycle         0.736   0.582   0.797   0.884   1993    0.703   0.230   102     13      12.9    1585    184     404     4       3       0.75    0.91
bus             0.862   0.561   0.865   0.954   2112    0.824   0.435   80      11      5.5     1825    84      286     1       9       0.44    0.87
car             0.887   0.357   0.911   0.899   58317   0.819   0.277   2987    498     92.9    53103   5341    5179    35      118     0.22    0.32
motorcy         0.838   0.439   0.899   0.930   1977    0.831   0.289   109     10      9.2     1766    124     199     12      6       0.40    0.50
pedestr         0.873   0.349   0.913   0.922   25423   0.836   0.227   1383    146     41.8    23050   1804    2207    166     107     0.24    0.43
trailer         0.654   1.017   0.701   0.943   2425    0.661   0.604   78      38      9.9     1699    96      725     1       12      1.13    1.51
truck           0.840   0.580   0.863   0.963   9650    0.830   0.375   401     76      8.6     8317    310     1326    7       28      0.40    0.60

Aggregated results:
AMOTA   0.813
AMOTP   0.555
RECALL  0.850
MOTAR   0.928
GT      14556
MOTA    0.786
MOTP    0.348
MT      5140
ML      792
FAF     25.8
TP      91345
FP      7943
FN      10326
IDS     226
FRAG    283
TID     0.51
LGD     0.73
Eval time: 3230.7s

0611 19：56
Rendering curves
Aggregated results:
  AMOTA    0.701 -> 0.813  delta=+0.112
  RECALL   0.738 -> 0.850  delta=+0.112
  MOTA     0.595 -> 0.786  delta=+0.191

Per-class deltas:
class                          AMOTA                  RECALL                    MOTA
bicycle        0.522->0.736 (+0.214)   0.542->0.797 (+0.255)   0.457->0.703 (+0.246)
bus            0.843->0.862 (+0.019)   0.818->0.865 (+0.047)   0.761->0.824 (+0.063)
car            0.833->0.887 (+0.054)   0.842->0.911 (+0.069)   0.688->0.819 (+0.131)
motorcycle     0.719->0.838 (+0.119)   0.743->0.899 (+0.157)   0.605->0.831 (+0.226)
pedestrian     0.812->0.873 (+0.061)   0.863->0.913 (+0.050)   0.700->0.836 (+0.136)
trailer        0.507->0.654 (+0.148)   0.609->0.701 (+0.092)   0.417->0.661 (+0.244)
truck          0.670->0.840 (+0.170)   0.748->0.863 (+0.114)   0.536->0.830 (+0.293)




nuscenes_single_stage_mctrack_exact.yaml
                AMOTA   AMOTP   RECALL  MOTAR   GT      MOTA    MOTP    MT      ML      FAF     TP      FP      FN      IDS     FRAG    TID     LGD
bicycle         0.570   0.587   0.610   0.826   1993    0.504   0.193   73      67      14.3    1216    212     777     0       2       0.65    0.75
bus             0.853   0.539   0.793   0.959   2112    0.760   0.403   74      23      4.5     1674    69      438     0       10      0.25    0.61
car             0.864   0.338   0.869   0.871   58317   0.755   0.249   2861    568     113.3   50546   6523    7621    150     141     0.23    0.37
motorcy         0.762   0.476   0.762   0.885   1977    0.674   0.300   87      33      12.6    1505    173     471     1       4       0.53    0.68
pedestr         0.834   0.336   0.872   0.816   25423   0.707   0.244   1295    306     90.5    22007   4044    3259    157     73      0.23    0.36
trailer         0.530   0.960   0.590   0.746   2425    0.440   0.548   63      58      35.4    1431    364     994     0       13      0.64    1.15
truck           0.717   0.543   0.771   0.750   9650    0.579   0.365   360     157     48.1    7442    1858    2207    1       26      0.27    0.41

Aggregated results:
AMOTA   0.733
AMOTP   0.540
RECALL  0.752
MOTAR   0.836
GT      14556
MOTA    0.631
MOTP    0.329
MT      4813
ML      1212
FAF     45.5
TP      85821
FP      13243
FN      15767
IDS     309
FRAG    269
TID     0.40
LGD     0.62
Eval time: 3320.4s

                AMOTA   AMOTP   RECALL  MOTAR   GT      MOTA    MOTP    MT      ML      FAF     TP      FP      FN      IDS     FRAG    TID     LGD
bicycle         0.570   0.589   0.610   0.818   1993    0.499   0.196   73      67      14.9    1216    221     777     0       2       0.65    0.75
bus             0.853   0.539   0.793   0.959   2112    0.760   0.403   74      23      4.5     1674    69      438     0       10      0.25    0.61
car             0.864   0.338   0.869   0.871   58317   0.755   0.249   2861    568     113.3   50546   6523    7621    150     141     0.23    0.37
motorcy         0.754   0.483   0.773   0.889   1977    0.686   0.309   88      31      12.4    1526    170     449     2       3       0.55    0.72
pedestr         0.834   0.336   0.872   0.816   25423   0.707   0.244   1295    306     90.5    22007   4044    3259    157     73      0.23    0.36
trailer         0.533   0.960   0.610   0.720   2425    0.439   0.570   65      56      39.4    1479    414     946     0       11      0.63    1.10
truck           0.718   0.543   0.772   0.751   9650    0.580   0.364   359     158     47.9    7447    1851    2202    1       20      0.27    0.42


bicycle         0.570   0.587   0.610   0.826   1993    0.504   0.193   73      67      14.3    1216    212     777     0       2       0.65    0.75
bus             0.849   0.556   0.793   0.957   2112    0.759   0.420   72      23      4.7     1675    72      437     0       10      0.30    0.67
car             0.856   0.393   0.870   0.870   58317   0.754   0.256   2859    565     114.6   50576   6597    7584    157     134     0.23    0.37
motorcy         0.762   0.476   0.762   0.885   1977    0.674   0.299   87      33      12.6    1505    173     471     1       4       0.53    0.68
pedestr         0.833   0.336   0.872   0.816   25423   0.706   0.246   1295    307     90.7    22014   4054    3255    154     79      0.22    0.35
trailer         0.533   0.927   0.610   0.720   2425    0.440   0.571   65      56      39.4    1480    414     945     0       11      0.63    1.09
truck           0.718   0.545   0.772   0.752   9650    0.580   0.366   360     157     47.9    7447    1850    2202    1       21      0.26    0.41
Aggregated results:
AMOTA   0.732
AMOTP   0.541
RECALL  0.757
MOTAR   0.832
GT      14556
MOTA    0.632
MOTP    0.334
MT      4815
ML      1209
FAF     46.1
TP      85895
FP      13292
FN      15692
IDS     310
FRAG    260
TID     0.40
LGD     0.62
Eval time: 3323.0s

› AMOTA   AMOTP   RECALL  MOTAR   GT      MOTA    MOTP    MT      ML      FAF     TP      FP      FN      IDS     FRAG    TID     LGD
  bicycle         0.570   0.587   0.610   0.826   1993    0.504   0.193   73      67      14.3    1216    212     777     0       2       0.65    0.75
  bus             0.877   0.513   0.841   0.922   2112    0.776   0.433   79      15      8.7     1776    138     336     0       13      0.32    0.65
  car             0.864   0.338   0.869   0.871   58317   0.755   0.249   2861    568     113.3   50546   6523    7621    150     141     0.23    0.37
  motorcy         0.762   0.476   0.762   0.885   1977    0.674   0.300   87      33      12.6    1505    173     471     1       4       0.53    0.68
  pedestr         0.834   0.336   0.872   0.816   25423   0.707   0.244   1295    306     90.5    22007   4044    3259    157     73      0.23    0.36
  trailer         0.534   0.932   0.612   0.724   2425    0.443   0.582   65      56      39.0    1484    410     941     0       7       0.64    1.09
  truck           0.717   0.544   0.771   0.752   9650    0.579   0.365   360     157     47.8    7439    1847    2209    2       19      0.27    0.42

  Aggregated results:
  AMOTA   0.737
  
Per-class results:
                AMOTA   AMOTP   RECALL  MOTAR   GT      MOTA    MOTP    MT      ML      FAF     TP      FP      FN      IDS     FRAG    TID     LGD
bicycle         0.570   0.587   0.610   0.826   1993    0.504   0.193   73      67      14.3    1216    212     777     0       2       0.65    0.75
bus             0.877   0.513   0.841   0.922   2112    0.776   0.433   79      15      8.7     1776    138     336     0       13      0.32    0.65
car             0.864   0.338   0.869   0.871   58317   0.755   0.249   2861    568     113.3   50546   6523    7621    150     141     0.23    0.37
motorcy         0.762   0.476   0.762   0.885   1977    0.674   0.300   87      33      12.6    1505    173     471     1       4       0.53    0.68
pedestr         0.834   0.336   0.872   0.816   25423   0.707   0.244   1295    306     90.5    22007   4044    3259    157     73      0.23    0.36
trailer         0.534   0.932   0.612   0.724   2425    0.443   0.582   65      56      39.0    1484    410     941     0       7       0.64    1.09
truck           0.717   0.544   0.771   0.752   9650    0.579   0.365   360     157     47.8    7439    1847    2209    2       19      0.27    0.42

Aggregated results:
AMOTA   0.737
AMOTP   0.532
RECALL  0.762
MOTAR   0.828
GT      14556
MOTA    0.634
MOTP    0.338
MT      4820
ML      1202
FAF     46.6
TP      85973
FP      13347
FN      15614
IDS     310
FRAG    259
TID     0.41
LGD     0.62
Eval time: 3323.6s

  现在需要谨慎思考后逐步进行如下工作（原则就是不能够使当前的AMOTA下降要保住现有的成果）：1.当前的mamba模型的推理模式是否能够完美契合跟踪逻辑，如滤波逻辑及数据更新逻辑；2.通过调参很显而易见的情况是，不同类别的轨迹质量对噪声及检测置信度的敏感度是不同的，那么我们统一的训练策略是否得当，能否借鉴MOE的思路进行类别自适应以及窗口时长自适应的训练；3.当前的TRACK_SCORE=true 是在排序层引入了一个启发式的轨迹质量分数，这个分数和真正的匹配主链没有同步改变，所以它更像是“重新定义排序规则”，而不是“单纯去噪”，所以需要重新设计一套更合理的去噪策略；4，理论上讲BetyTrack的逻辑是应该对我们的跟踪结果有贡献的但是当前该模式的启用引入的确是负面影响，所以需要分析一下当前的实现细节，如有必要可以去参考开源的实现，看看我们的项目是否有不合理的地方。
  
  



以下是suppressor 分支评估结果，当前的AMOTA已经达到了0.739，主要贡献来自于bicycle和motocycle。
                AMOTA   AMOTP   RECALL  MOTAR   GT      MOTA    MOTP    MT      ML      FAF     TP      FP      FN      IDS     FRAG    TID     LGD
bicycle         0.579   0.587   0.611   0.850   1993    0.519   0.193   74      67      12.5    1217    183     776     0       2       0.63    0.73
bus             0.877   0.513   0.841   0.922   2112    0.776   0.433   79      15      8.7     1776    138     336     0       13      0.32    0.65
car             0.865   0.338   0.869   0.875   58317   0.758   0.248   2838    600     110.0   50549   6323    7645    123     135     0.23    0.36
motorcy         0.770   0.465   0.790   0.872   1977    0.688   0.300   88      30      14.4    1560    200     415     2       5       0.58    0.74
pedestr         0.834   0.334   0.872   0.818   25423   0.708   0.238   1291    309     90.0    22023   4015    3255    145     78      0.22    0.37
trailer         0.534   0.932   0.612   0.724   2425    0.443   0.582   65      56      39.0    1484    410     941     0       7       0.64    1.09
truck           0.717   0.544   0.771   0.752   9650    0.579   0.365   360     157     47.8    7439    1847    2209    2       19      0.27    0.


                AMOTA   AMOTP   RECALL  MOTAR   GT      MOTA    MOTP    MT      ML      FAF     TP      FP      FN      IDS     FRAG    TID     LGD
bicycle         0.580   0.587   0.609   0.853   1993    0.519   0.192   73      67      12.3    1214    179     779     0       1       0.63    0.75
bus             0.877   0.513   0.841   0.922   2112    0.776   0.433   79      15      8.7     1776    138     336     0       13      0.32    0.65
car             0.865   0.338   0.869   0.875   58317   0.758   0.248   2838    601     110.0   50543   6323    7653    121     136     0.23    0.36
motorcy         0.770   0.465   0.790   0.872   1977    0.688   0.300   88      30      14.4    1560    200     415     2       5       0.58    0.74
pedestr         0.834   0.334   0.872   0.817   25423   0.708   0.238   1291    309     90.3    22022   4025    3255    146     78      0.22    0.37
trailer         0.533   0.928   0.612   0.721   2425    0.441   0.583   65      56      39.4    1483    414     941     1       7       0.64    1.09
truck           0.717   0.544   0.771   0.751   9650    0.579   0.365   360     157     48.0    7439    1855    2209    2       19      0.27    0.42



config/nuscenes_single_stage_mctrack_exact_noise_hybrid_dirty_suppressor_tuned.yaml results:
                AMOTA   AMOTP   RECALL  MOTAR   GT      MOTA    MOTP    MT      ML      FAF     TP      FP      FN      IDS     FRAG    TID     LGD
bicycle         0.580   0.587   0.609   0.853   1993    0.519   0.192   73      67      12.3    1214    179     779     0       1       0.63    0.75
bus             0.877   0.513   0.841   0.922   2112    0.776   0.433   79      15      8.7     1776    138     336     0       13      0.32    0.65
car             0.865   0.338   0.869   0.875   58317   0.758   0.248   2838    601     110.0   50543   6323    7653    121     136     0.23    0.36
motorcy         0.770   0.465   0.790   0.872   1977    0.688   0.300   88      30      14.4    1560    200     415     2       5       0.58    0.74
pedestr         0.834   0.334   0.872   0.817   25423   0.708   0.238   1291    309     90.3    22022   4025    3255    146     78      0.22    0.37
trailer         0.533   0.928   0.612   0.721   2425    0.441   0.583   65      56      39.4    1483    414     941     1       7       0.64    1.09
truck           0.717   0.544   0.771   0.751   9650    0.579   0.365   360     157     48.0    7439    1855    2209    2       19      0.27    0.42
Aggregated results:
AMOTA   0.739
config/nuscenes_single_stage_mctrack_exact_noise_hybrid_mamba_multihead_closure.yaml results:
                AMOTA   AMOTP   RECALL  MOTAR   GT      MOTA    MOTP    MT      ML      FAF     TP      FP      FN      IDS     FRAG    TID     LGD
bicycle         0.577   0.603   0.610   0.842   1993    0.513   0.211   74      68      13.1    1215    192     778     0       2       0.60    0.71
bus             0.764   0.724   0.774   0.910   2112    0.704   0.523   66      21      9.6     1634    147     478     0       34      0.51    1.13
car             0.856   0.375   0.845   0.891   58317   0.752   0.240   2737    697     93.2    49189   5359    9013    115     146     0.24    0.39
motorcy         0.770   0.450   0.787   0.871   1977    0.684   0.274   87      31      14.6    1553    201     422     2       5       0.50    0.74
pedestr         0.834   0.330   0.872   0.820   25423   0.711   0.239   1295    305     88.7    22025   3959    3251    147     82      0.21    0.36
trailer         0.384   1.119   0.478   0.645   2425    0.308   0.608   49      70      40.1    1159    411     1265    1       1       0.71    1.52
truck           0.707   0.534   0.748   0.770   9650    0.576   0.354   344     165     44.0    7213    1658    2435    2       37      0.33    0.52
Aggregated results:
AMOTA   0.699


Calculating metrics...
Saving metrics to: /root/autodl-tmp/results/nuscenes/nuscenes/20260626_164051/eval_result/

### Final results ###

Per-class results:
                AMOTA   AMOTP   RECALL  MOTAR   GT      MOTA    MOTP    MT      ML      FAF     TP      FP      FN      IDS     FRAG    TID     LGD
bicycle         0.577   0.603   0.610   0.842   1993    0.513   0.211   74      68      13.1    1215    192     778     0       2       0.60    0.71
bus             0.764   0.724   0.774   0.910   2112    0.704   0.523   66      21      9.6     1634    147     478     0       34      0.51    1.13
car             0.856   0.375   0.845   0.891   58317   0.752   0.240   2737    697     93.2    49189   5359    9013    115     146     0.24    0.39
motorcy         0.770   0.450   0.787   0.871   1977    0.684   0.274   87      31      14.6    1553    201     422     2       5       0.50    0.74
pedestr         0.834   0.330   0.872   0.820   25423   0.711   0.239   1295    305     88.7    22025   3959    3251    147     82      0.21    0.36
trailer         0.384   1.119   0.478   0.645   2425    0.308   0.608   49      70      40.1    1159    411     1265    1       1       0.71    1.52
truck           0.707   0.534   0.748   0.770   9650    0.576   0.354   344     165     44.0    7213    1658    2435    2       37      0.33    0.52

Aggregated results:
AMOTA   0.699


Per-class results:
                AMOTA   AMOTP   RECALL  MOTAR   GT      MOTA    MOTP    MT      ML      FAF     TP      FP      FN      IDS     FRAG    TID     LGD
bicycle         0.572   0.586   0.610   0.845   1993    0.515   0.187   74      67      12.9    1215    188     777     1       2       0.66    0.76
bus             0.847   0.586   0.821   0.915   2112    0.751   0.461   74      18      9.3     1735    148     377     0       18      0.38    0.78
car             0.855   0.387   0.870   0.868   58317   0.753   0.255   2857    565     116.1   50568   6683    7585    164     139     0.23    0.38
motorcy         0.768   0.486   0.761   0.886   1977    0.673   0.316   88      34      12.5    1503    172     473     1       4       0.48    0.60
pedestr         0.832   0.335   0.872   0.814   25423   0.705   0.244   1297    300     91.7    22017   4102    3248    158     76      0.24    0.38
trailer         0.530   0.962   0.610   0.720   2425    0.440   0.578   63      55      39.4    1480    414     945     0       6       0.66    1.15
truck           0.707   0.567   0.749   0.763   9650    0.571   0.386   347     167     45.5    7221    1713    2426    3       24      0.29    0.45

Aggregated results:
AMOTA   0.730
Per-class results:
                AMOTA   AMOTP   RECALL  MOTAR   GT      MOTA    MOTP    MT      ML      FAF     TP      FP      FN      IDS     FRAG    TID     LGD
bicycle         0.574   0.586   0.610   0.845   1993    0.515   0.187   74      67      12.9    1215    188     777     1       2       0.66    0.76
bus             0.847   0.586   0.821   0.915   2112    0.751   0.460   74      18      9.3     1735    148     377     0       17      0.38    0.79
car             0.855   0.387   0.870   0.868   58317   0.752   0.255   2856    565     116.3   50555   6691    7598    164     139     0.23    0.38
motorcy         0.768   0.486   0.761   0.886   1977    0.673   0.316   88      34      12.5    1503    172     473     1       4       0.48    0.60
pedestr         0.832   0.334   0.871   0.813   25423   0.703   0.242   1294    306     91.8    21982   4105    3285    156     75      0.24    0.37
trailer         0.529   0.962   0.594   0.749   2425    0.445   0.558   62      56      35.1    1440    361     985     0       6       0.67    1.17
truck           0.707   0.567   0.747   0.763   9650    0.570   0.389   346     168     45.5    7210    1709    2437    3       26      0.29    0.46

Aggregated results:
AMOTA   0.730


python - <<'PY'
import torch
ckpt = torch.load("checkpoints/mamba_dekf/best.pt", map_location="cpu")
sd = ckpt.get("model_state_dict", ckpt)
print(ckpt.get("runtime_contract", {}))
print("fallback_gru keys:", sum(k.startswith("fallback_gru") for k in sd))
print("mamba_layers keys:", sum(k.startswith("mamba_layers") for k in sd))
PY