Computing metrics for class bicycle...
Computed thresholds
                MOTAR   MOTP    Recall  Frames  GT      GT-Mtch GT-Miss GT-IDS  Pred    Pred-TP Pred-FP Pred-IDS
thr_0.0835      0.000   0.224   0.796   5704    1993    1581    407     5       20166   1581    18580   5
thr_0.1124      0.000   0.222   0.775   5061    1993    1540    449     4       12399   1540    10855   4
thr_0.1418      0.000   0.212   0.750   4246    1993    1490    499     4       7969    1490    6475    4
thr_0.1586      0.000   0.205   0.727   3799    1993    1445    545     3       6341    1445    4893    3
thr_0.2261      0.000   0.208   0.704   2513    1993    1400    589     4       3277    1400    1873    4
thr_0.2643      0.267   0.202   0.679   2030    1993    1352    639     2       2345    1352    991     2
thr_0.2950      0.564   0.200   0.658   1739    1993    1309    682     2       1882    1309    571     2
thr_0.3157      0.631   0.201   0.639   1664    1993    1271    720     2       1742    1271    469     2
thr_0.3470      0.765   0.190   0.613   1534    1993    1220    771     2       1509    1220    287     2
thr_0.3745      0.815   0.187   0.592   1483    1993    1178    814     1       1397    1178    218     1
thr_0.3994      0.830   0.178   0.568   1469    1993    1132    860     1       1325    1132    192     1
thr_0.4107      0.837   0.175   0.546   1466    1993    1087    905     1       1265    1087    177     1
thr_0.4334      0.847   0.173   0.520   1450    1993    1035    957     1       1194    1035    158     1
thr_0.4467      0.858   0.164   0.503   1448    1993    1001    991     1       1144    1001    142     1
thr_0.4526      0.857   0.158   0.478   1443    1993    951     1041    1       1088    951     136     1
thr_0.4730      0.851   0.163   0.453   1442    1993    902     1090    1       1037    902     134     1
thr_0.4954      0.891   0.152   0.424   1405    1993    846     1147    0       938     846     92      0
thr_0.5211      0.901   0.155   0.401   1393    1993    799     1194    0       878     799     79      0
thr_0.5453      0.924   0.156   0.382   1378    1993    762     1231    0       820     762     58      0
thr_0.5505      0.923   0.153   0.358   1378    1993    714     1279    0       769     714     55      0
thr_0.5625      0.937   0.156   0.335   1368    1993    667     1326    0       709     667     42      0
thr_0.5725      0.940   0.153   0.312   1366    1993    621     1372    0       658     621     37      0
thr_0.5843      0.961   0.153   0.295   1356    1993    588     1405    0       611     588     23      0
thr_0.5975      0.968   0.152   0.264   1352    1993    526     1467    0       543     526     17      0
thr_0.6132      0.973   0.150   0.239   1348    1993    477     1516    0       490     477     13      0
thr_0.6234      0.971   0.150   0.226   1348    1993    450     1543    0       463     450     13      0
thr_0.6345      0.967   0.152   0.198   1348    1993    394     1599    0       407     394     13      0
thr_0.6480      0.968   0.142   0.173   1346    1993    344     1649    0       355     344     11      0
thr_0.6624      0.987   0.148   0.158   1339    1993    315     1678    0       319     315     4       0
thr_0.6661      0.989   0.145   0.136   1338    1993    272     1721    0       275     272     3       0
thr_0.6735      0.985   0.129   0.103   1338    1993    206     1787    0       209     206     3       0
Computing metrics for class bus...
Computed thresholds
                MOTAR   MOTP    Recall  Frames  GT      GT-Mtch GT-Miss GT-IDS  Pred    Pred-TP Pred-FP Pred-IDS
thr_0.2482      0.812   0.437   0.890   1713    2112    1879    232     1       2234    1879    354     1
thr_0.2877      0.853   0.435   0.876   1677    2112    1850    261     1       2123    1850    272     1
thr_0.3561      0.900   0.431   0.841   1623    2112    1775    336     1       1953    1775    177     1
thr_0.4071      0.925   0.421   0.821   1590    2112    1732    379     1       1863    1732    130     1
thr_0.4364      0.941   0.414   0.795   1567    2112    1679    433     0       1778    1679    99      0
thr_0.4545      0.962   0.414   0.773   1535    2112    1632    480     0       1694    1632    62      0
thr_0.4568      0.961   0.414   0.747   1535    2112    1578    534     0       1640    1578    62      0
thr_0.5136      0.963   0.412   0.727   1531    2112    1535    577     0       1592    1535    57      0
thr_0.5153      0.963   0.411   0.714   1531    2112    1509    603     0       1565    1509    56      0
thr_0.5510      0.963   0.394   0.678   1530    2112    1432    680     0       1485    1432    53      0
thr_0.6186      0.986   0.387   0.657   1528    2112    1388    724     0       1407    1388    19      0
thr_0.6298      0.986   0.374   0.634   1528    2112    1339    773     0       1358    1339    19      0
thr_0.6374      0.985   0.366   0.617   1528    2112    1303    809     0       1322    1303    19      0
thr_0.6391      0.985   0.369   0.598   1528    2112    1264    848     0       1283    1264    19      0
thr_0.6666      0.984   0.368   0.566   1528    2112    1195    917     0       1214    1195    19      0
thr_0.6803      0.983   0.368   0.545   1528    2112    1150    962     0       1169    1150    19      0
thr_0.7061      0.985   0.356   0.518   1528    2112    1094    1018    0       1110    1094    16      0
thr_0.7130      0.994   0.334   0.507   1526    2112    1071    1041    0       1077    1071    6       0
thr_0.7477      0.994   0.324   0.473   1526    2112    999     1113    0       1005    999     6       0
thr_0.7645      0.994   0.320   0.446   1526    2112    943     1169    0       949     943     6       0
thr_0.7654      0.994   0.316   0.441   1526    2112    931     1181    0       937     931     6       0
thr_0.7712      0.994   0.309   0.407   1526    2112    860     1252    0       865     860     5       0
thr_0.7731      0.994   0.310   0.388   1526    2112    819     1293    0       824     819     5       0
thr_0.7769      0.993   0.310   0.357   1526    2112    753     1359    0       758     753     5       0
thr_0.7850      0.993   0.311   0.332   1526    2112    701     1411    0       706     701     5       0
thr_0.7879      0.992   0.315   0.311   1526    2112    656     1456    0       661     656     5       0
thr_0.7919      0.992   0.318   0.301   1526    2112    636     1476    0       641     636     5       0
thr_0.7977      0.995   0.299   0.263   1525    2112    555     1557    0       558     555     3       0
thr_0.8100      0.994   0.286   0.239   1525    2112    504     1608    0       507     504     3       0
thr_0.8198      0.994   0.284   0.223   1525    2112    470     1642    0       473     470     3       0
thr_0.8200      0.993   0.270   0.204   1525    2112    430     1682    0       433     430     3       0
thr_0.8254      0.992   0.271   0.179   1525    2112    379     1733    0       382     379     3       0
thr_0.8329      0.991   0.281   0.152   1525    2112    320     1792    0       323     320     3       0
thr_0.8466      0.989   0.256   0.125   1525    2112    264     1848    0       267     264     3       0
thr_0.8559      0.988   0.256   0.116   1525    2112    246     1866    0       249     246     3       0
Computing metrics for class car...
Computed thresholds
                MOTAR   MOTP    Recall  Frames  GT      GT-Mtch GT-Miss GT-IDS  Pred    Pred-TP Pred-FP Pred-IDS
thr_0.0933      0.519   0.285   0.936   5897    58317   54359   3747    211     80692   54359   26122   211
thr_0.1792      0.718   0.276   0.913   5812    58317   53115   5081    121     68238   53115   15002   121
thr_0.2294      0.778   0.270   0.890   5777    58317   51825   6409    83      63431   51825   11523   83
thr_0.2734      0.822   0.263   0.867   5757    58317   50475   7783    59      59512   50475   8978    59
thr_0.3037      0.849   0.259   0.843   5754    58317   49116   9153    48      56576   49116   7412    48
thr_0.3366      0.872   0.255   0.820   5751    58317   47779   10499   39      53915   47779   6097    39
thr_0.3688      0.891   0.253   0.796   5748    58317   46403   11880   34      51493   46403   5056    34
thr_0.3911      0.900   0.249   0.773   5748    58317   45048   13239   30      49594   45048   4516    30
thr_0.4172      0.911   0.245   0.750   5743    58317   43686   14603   28      47616   43686   3902    28
thr_0.4339      0.919   0.241   0.726   5739    58317   42315   15981   21      45755   42315   3419    21
thr_0.4529      0.923   0.238   0.703   5738    58317   40976   17321   20      44151   40976   3155    20
thr_0.4688      0.929   0.235   0.680   5738    58317   39611   18687   19      42437   39611   2807    19
thr_0.4896      0.936   0.231   0.656   5738    58317   38254   20050   13      40727   38254   2460    13
thr_0.5042      0.940   0.228   0.633   5738    58317   36911   21396   10      39136   36911   2215    10
thr_0.5208      0.943   0.225   0.610   5738    58317   35541   22767   9       37560   35541   2010    9
thr_0.5375      0.948   0.223   0.587   5738    58317   34204   24109   4       35981   34204   1773    4
thr_0.5511      0.952   0.221   0.563   5738    58317   32847   25466   4       34442   32847   1591    4
thr_0.5650      0.956   0.219   0.540   5737    58317   31488   26825   4       32869   31488   1377    4
thr_0.5781      0.960   0.218   0.517   5737    58317   30137   28178   2       31349   30137   1210    2
thr_0.5905      0.963   0.215   0.494   5737    58317   28785   29530   2       29854   28785   1067    2
thr_0.6007      0.966   0.213   0.470   5734    58317   27436   30880   1       28374   27436   937     1
thr_0.6106      0.968   0.210   0.447   5734    58317   26088   32229   0       26931   26088   843     0
thr_0.6198      0.969   0.207   0.424   5732    58317   24734   33583   0       25507   24734   773     0
thr_0.6269      0.970   0.204   0.401   5732    58317   23389   34928   0       24096   23389   707     0
thr_0.6345      0.973   0.203   0.378   5729    58317   22048   36269   0       22638   22048   590     0
thr_0.6432      0.976   0.201   0.355   5729    58317   20689   37628   0       21191   20689   502     0
thr_0.6530      0.979   0.200   0.332   5729    58317   19348   38969   0       19759   19348   411     0
thr_0.6630      0.981   0.199   0.309   5729    58317   18005   40312   0       18347   18005   342     0
thr_0.6711      0.982   0.196   0.286   5729    58317   16653   41664   0       16955   16653   302     0
thr_0.6782      0.984   0.195   0.263   5729    58317   15316   43001   0       15558   15316   242     0
thr_0.6885      0.988   0.193   0.239   5727    58317   13962   44355   0       14123   13962   161     0
thr_0.6975      0.989   0.194   0.216   5727    58317   12614   45703   0       12747   12614   133     0
thr_0.7071      0.992   0.190   0.193   5727    58317   11266   47051   0       11359   11266   93      0
thr_0.7155      0.993   0.190   0.170   5727    58317   9893    48424   0       9961    9893    68      0
thr_0.7235      0.995   0.190   0.147   5727    58317   8560    49757   0       8606    8560    46      0
thr_0.7336      0.996   0.186   0.123   5727    58317   7194    51123   0       7226    7194    32      0
thr_0.7455      0.997   0.187   0.100   5727    58317   5852    52465   0       5869    5852    17      0
Computing metrics for class motorcycle...
Computed thresholds
                MOTAR   MOTP    Recall  Frames  GT      GT-Mtch GT-Miss GT-IDS  Pred    Pred-TP Pred-FP Pred-IDS
thr_0.0783      0.000   0.284   0.898   4603    1977    1758    202     17      9838    1758    8063    17
thr_0.1542      0.000   0.279   0.879   2671    1977    1727    239     11      4037    1727    2299    11
thr_0.2183      0.335   0.275   0.851   2051    1977    1677    294     6       2798    1677    1115    6
thr_0.2572      0.519   0.271   0.835   1839    1977    1649    326     2       2444    1649    793     2
thr_0.3085      0.728   0.265   0.809   1566    1977    1598    377     2       2035    1598    435     2
thr_0.3217      0.776   0.267   0.795   1532    1977    1570    406     1       1922    1570    351     1
thr_0.3775      0.873   0.272   0.770   1414    1977    1522    454     1       1717    1522    194     1
thr_0.3828      0.875   0.271   0.751   1409    1977    1483    493     1       1670    1483    186     1
thr_0.4104      0.898   0.261   0.717   1389    1977    1416    559     2       1562    1416    144     2
thr_0.4181      0.895   0.258   0.695   1389    1977    1372    603     2       1518    1372    144     2
thr_0.4348      0.907   0.253   0.673   1371    1977    1329    647     1       1453    1329    123     1
thr_0.4523      0.911   0.246   0.646   1362    1977    1276    700     1       1390    1276    113     1
thr_0.4732      0.928   0.249   0.622   1349    1977    1228    748     1       1318    1228    89      1
thr_0.4884      0.932   0.251   0.599   1340    1977    1184    792     1       1265    1184    80      1
thr_0.4972      0.938   0.254   0.576   1333    1977    1137    839     1       1209    1137    71      1
thr_0.5055      0.939   0.254   0.562   1331    1977    1110    866     1       1179    1110    68      1
thr_0.5221      0.954   0.254   0.534   1316    1977    1054    922     1       1104    1054    49      1
thr_0.5253      0.952   0.257   0.506   1316    1977    1000    976     1       1049    1000    48      1
thr_0.5277      0.952   0.251   0.486   1314    1977    961     1016    0       1007    961     46      0
thr_0.5380      0.958   0.258   0.465   1314    1977    920     1057    0       959     920     39      0
thr_0.5426      0.957   0.251   0.445   1314    1977    880     1097    0       918     880     38      0
thr_0.5427      0.956   0.241   0.426   1313    1977    842     1135    0       879     842     37      0
thr_0.5479      0.954   0.241   0.393   1312    1977    777     1200    0       813     777     36      0
thr_0.5505      0.952   0.241   0.372   1311    1977    736     1241    0       771     736     35      0
thr_0.5649      0.957   0.236   0.352   1311    1977    696     1281    0       726     696     30      0
thr_0.5733      0.960   0.237   0.330   1310    1977    653     1324    0       679     653     26      0
thr_0.6150      0.961   0.238   0.301   1308    1977    595     1382    0       618     595     23      0
thr_0.6229      0.961   0.235   0.282   1307    1977    558     1419    0       580     558     22      0
thr_0.6286      0.957   0.230   0.262   1307    1977    517     1460    0       539     517     22      0
thr_0.6309      0.957   0.209   0.236   1305    1977    467     1510    0       487     467     20      0
thr_0.6403      0.960   0.212   0.200   1302    1977    396     1581    0       412     396     16      0
thr_0.6413      0.955   0.219   0.179   1302    1977    354     1623    0       370     354     16      0
thr_0.6604      0.947   0.211   0.153   1302    1977    303     1674    0       319     303     16      0
thr_0.6677      0.941   0.216   0.137   1302    1977    270     1707    0       286     270     16      0
thr_0.6810      0.925   0.155   0.102   1301    1977    201     1776    0       216     201     15      0
Computing metrics for class pedestrian...
Computed thresholds
                MOTAR   MOTP    Recall  Frames  GT      GT-Mtch GT-Miss GT-IDS  Pred    Pred-TP Pred-FP Pred-IDS
thr_0.2087      0.650   0.236   0.919   4711    25423   23143   2052    228     31482   23143   8111    228
thr_0.3095      0.778   0.227   0.899   4478    25423   22662   2578    183     27878   22662   5033    183
thr_0.3582      0.817   0.225   0.878   4442    25423   22166   3095    162     26395   22166   4067    162
thr_0.3998      0.843   0.227   0.855   4427    25423   21604   3674    145     25151   21604   3402    145
thr_0.4304      0.857   0.226   0.833   4419    25423   21046   4249    128     24188   21046   3014    128
thr_0.4557      0.865   0.223   0.810   4405    25423   20480   4832    111     23358   20480   2767    111
thr_0.4783      0.875   0.219   0.787   4404    25423   19899   5422    102     22494   19899   2493    102
thr_0.5003      0.888   0.211   0.764   4387    25423   19338   6005    80      21581   19338   2163    80
thr_0.5158      0.896   0.206   0.740   4379    25423   18729   6622    72      20752   18729   1951    72
thr_0.5325      0.900   0.202   0.716   4368    25423   18148   7212    63      20022   18148   1811    63
thr_0.5488      0.915   0.197   0.692   4362    25423   17549   7818    56      19098   17549   1493    56
thr_0.5634      0.922   0.193   0.669   4362    25423   16961   8418    44      18332   16961   1327    44
thr_0.5743      0.930   0.195   0.647   4359    25423   16401   8982    40      17595   16401   1154    40
thr_0.5842      0.934   0.193   0.621   4358    25423   15764   9627    32      16835   15764   1039    32
thr_0.5926      0.937   0.194   0.598   4358    25423   15179   10219   25      16162   15179   958     25
thr_0.6018      0.940   0.187   0.574   4343    25423   14579   10826   18      15466   14579   869     18
thr_0.6098      0.944   0.187   0.550   4341    25423   13968   11440   15      14771   13968   788     15
thr_0.6193      0.946   0.186   0.527   4325    25423   13382   12030   11      14111   13382   718     11
thr_0.6278      0.950   0.183   0.503   4297    25423   12771   12643   9       13415   12771   635     9
thr_0.6403      0.952   0.180   0.479   4287    25423   12173   13241   9       12770   12173   588     9
thr_0.6469      0.952   0.174   0.457   4285    25423   11598   13816   9       12159   11598   552     9
thr_0.6561      0.954   0.171   0.432   4278    25423   10981   14435   7       11489   10981   501     7
thr_0.6657      0.959   0.173   0.409   4273    25423   10384   15030   9       10820   10384   427     9
thr_0.6748      0.962   0.173   0.384   4273    25423   9747    15669   7       10128   9747    374     7
thr_0.6839      0.968   0.169   0.360   4253    25423   9140    16276   7       9441    9140    294     7
thr_0.6921      0.970   0.171   0.336   4253    25423   8544    16875   4       8807    8544    259     4
thr_0.6986      0.970   0.170   0.314   4251    25423   7981    17438   4       8223    7981    238     4
thr_0.7061      0.973   0.168   0.289   4250    25423   7340    18079   4       7541    7340    197     4
thr_0.7132      0.976   0.169   0.266   4248    25423   6756    18664   3       6924    6756    165     3
thr_0.7183      0.977   0.162   0.242   4248    25423   6154    19267   2       6298    6154    142     2
thr_0.7234      0.976   0.154   0.218   4248    25423   5553    19870   0       5684    5553    131     0
thr_0.7289      0.976   0.144   0.195   4246    25423   4958    20465   0       5078    4958    120     0
thr_0.7343      0.975   0.143   0.172   4246    25423   4366    21057   0       4476    4366    110     0
thr_0.7394      0.972   0.144   0.148   4246    25423   3757    21666   0       3863    3757    106     0
thr_0.7484      0.971   0.147   0.124   4246    25423   3160    22263   0       3251    3160    91      0
thr_0.7548      0.967   0.152   0.101   4246    25423   2568    22855   0       2653    2568    85      0
Computing metrics for class trailer...
Computed thresholds
                MOTAR   MOTP    Recall  Frames  GT      GT-Mtch GT-Miss GT-IDS  Pred    Pred-TP Pred-FP Pred-IDS
thr_0.1400      0.000   0.610   0.708   1675    2425    1715    708     2       3535    1715    1818    2
thr_0.1871      0.230   0.609   0.685   1428    2425    1658    765     2       2937    1658    1277    2
thr_0.2990      0.571   0.609   0.660   1155    2425    1600    824     1       2288    1600    687     1
thr_0.3141      0.578   0.580   0.643   1146    2425    1558    866     1       2217    1558    658     1
thr_0.3748      0.615   0.573   0.610   1101    2425    1480    945     0       2050    1480    570     0
thr_0.4160      0.712   0.547   0.586   1045    2425    1420    1005    0       1829    1420    409     0
thr_0.4510      0.751   0.551   0.566   1030    2425    1372    1053    0       1714    1372    342     0
thr_0.4713      0.742   0.542   0.540   1030    2425    1310    1115    0       1648    1310    338     0
thr_0.4787      0.741   0.540   0.519   1022    2425    1258    1167    0       1584    1258    326     0
thr_0.4939      0.779   0.517   0.496   1022    2425    1203    1222    0       1469    1203    266     0
thr_0.5175      0.828   0.506   0.469   1005    2425    1137    1288    0       1332    1137    195     0
thr_0.5452      0.840   0.510   0.448   991     2425    1086    1339    0       1260    1086    174     0
thr_0.5673      0.895   0.497   0.425   985     2425    1031    1394    0       1139    1031    108     0
thr_0.5774      0.893   0.495   0.404   985     2425    980     1445    0       1085    980     105     0
thr_0.5858      0.888   0.504   0.378   985     2425    917     1508    0       1020    917     103     0
thr_0.5906      0.883   0.499   0.354   985     2425    858     1567    0       958     858     100     0
thr_0.6109      0.877   0.489   0.336   985     2425    815     1610    0       915     815     100     0
thr_0.6328      0.868   0.466   0.313   985     2425    760     1665    0       860     760     100     0
thr_0.6522      0.923   0.475   0.290   985     2425    704     1721    0       758     704     54      0
thr_0.6612      0.918   0.489   0.262   983     2425    635     1790    0       687     635     52      0
thr_0.6644      0.918   0.497   0.246   980     2425    596     1829    0       645     596     49      0
thr_0.6735      0.909   0.478   0.217   980     2425    527     1898    0       575     527     48      0
thr_0.6908      0.899   0.502   0.195   980     2425    473     1952    0       521     473     48      0
thr_0.7011      0.894   0.466   0.171   980     2425    415     2010    0       459     415     44      0
thr_0.7128      0.882   0.415   0.150   980     2425    363     2062    0       406     363     43      0
thr_0.7236      0.870   0.422   0.136   980     2425    331     2094    0       374     331     43      0
thr_0.7408      0.829   0.403   0.104   980     2425    252     2173    0       295     252     43      0
Computing metrics for class truck...
Computed thresholds
                MOTAR   MOTP    Recall  Frames  GT      GT-Mtch GT-Miss GT-IDS  Pred    Pred-TP Pred-FP Pred-IDS
thr_0.1394      0.026   0.373   0.863   4684    9650    8320    1319    11      16431   8320    8100    11
thr_0.1991      0.470   0.367   0.840   4259    9650    8099    1543    8       12401   8099    4294    8
thr_0.2417      0.623   0.366   0.818   4054    9650    7883    1761    6       10860   7883    2971    6
thr_0.2788      0.697   0.365   0.794   3918    9650    7652    1992    6       9979    7652    2321    6
thr_0.3119      0.732   0.363   0.771   3867    9650    7432    2214    4       9426    7432    1990    4
thr_0.3386      0.762   0.362   0.749   3835    9650    7229    2418    3       8953    7229    1721    3
thr_0.3675      0.797   0.362   0.726   3736    9650    7000    2647    3       8421    7000    1418    3
thr_0.3835      0.802   0.356   0.702   3715    9650    6773    2874    3       8114    6773    1338    3
thr_0.4023      0.816   0.355   0.678   3715    9650    6538    3109    3       7743    6538    1202    3
thr_0.4173      0.819   0.354   0.655   3713    9650    6320    3329    1       7464    6320    1143    1
thr_0.4281      0.818   0.354   0.634   3712    9650    6120    3529    1       7235    6120    1114    1
thr_0.4432      0.820   0.349   0.609   3707    9650    5876    3774    0       6933    5876    1057    0
thr_0.4487      0.817   0.349   0.585   3705    9650    5649    4001    0       6685    5649    1036    0
thr_0.4604      0.823   0.345   0.562   3700    9650    5423    4227    0       6384    5423    961     0
thr_0.4703      0.820   0.345   0.539   3699    9650    5202    4448    0       6137    5202    935     0
thr_0.4853      0.846   0.338   0.517   3664    9650    4989    4661    0       5758    4989    769     0
thr_0.4927      0.863   0.332   0.493   3643    9650    4760    4890    0       5414    4760    654     0
thr_0.5039      0.864   0.334   0.471   3642    9650    4542    5108    0       5160    4542    618     0
thr_0.5130      0.865   0.333   0.448   3639    9650    4323    5327    0       4908    4323    585     0
thr_0.5305      0.901   0.335   0.426   3631    9650    4108    5542    0       4516    4108    408     0
thr_0.5439      0.911   0.332   0.401   3608    9650    3865    5785    0       4210    3865    345     0
thr_0.5595      0.911   0.335   0.377   3608    9650    3639    6011    0       3963    3639    324     0
thr_0.5682      0.913   0.328   0.355   3608    9650    3430    6220    0       3730    3430    300     0
thr_0.5796      0.917   0.323   0.332   3595    9650    3205    6445    0       3472    3205    267     0
thr_0.5856      0.914   0.329   0.308   3594    9650    2970    6680    0       3226    2970    256     0
thr_0.5925      0.923   0.321   0.288   3594    9650    2776    6874    0       2991    2776    215     0
thr_0.6078      0.939   0.304   0.262   3594    9650    2531    7119    0       2686    2531    155     0
thr_0.6216      0.945   0.304   0.242   3578    9650    2333    7317    0       2461    2333    128     0
thr_0.6296      0.938   0.309   0.215   3578    9650    2078    7572    0       2206    2078    128     0
thr_0.6436      0.949   0.309   0.193   3567    9650    1865    7785    0       1960    1865    95      0
thr_0.6524      0.945   0.308   0.173   3567    9650    1666    7984    0       1758    1666    92      0
thr_0.6645      0.964   0.300   0.147   3567    9650    1418    8232    0       1469    1418    51      0
thr_0.6769      0.992   0.328   0.124   3567    9650    1200    8450    0       1210    1200    10      0
thr_0.6951      0.993   0.312   0.100   3567    9650    969     8681    0       976     969     7       0
Calculating metrics...
Saving metrics to: /root/autodl-tmp/results/nuscenes/nuscenes/20260610_103218/eval_result/

### Final results ###

Per-class results:
                AMOTA   AMOTP   RECALL  MOTAR   GT      MOTA    MOTP    MT      ML      FAF     TP      FP      FN      IDS     FRAG    TID     LGD
bicycle         0.560   0.583   0.592   0.815   1993    0.482   0.187   67      71      14.7    1178    218     814     1       1       0.75    0.84
bus             0.850   0.554   0.821   0.925   2112    0.759   0.421   77      20      8.2     1732    130     379     1       9       0.22    0.58
car             0.858   0.355   0.843   0.849   58317   0.715   0.259   2688    813     128.8   49116   7412    9153    48      110     0.24    0.32
motorcy         0.739   0.465   0.770   0.873   1977    0.672   0.272   90      29      13.7    1522    194     454     1       0       0.77    0.85
pedestr         0.831   0.367   0.855   0.843   25423   0.716   0.227   1249    311     76.8    21604   3402    3674    145     93      0.28    0.45
trailer         0.518   0.995   0.566   0.751   2425    0.425   0.551   64      60      33.2    1372    342     1053    0       12      1.08    1.47
truck           0.703   0.587   0.726   0.797   9650    0.578   0.362   326     179     38.0    7000    1418    2647    3       20      0.44    0.59

Aggregated results:
AMOTA   0.723
AMOTP   0.558
RECALL  0.739
MOTAR   0.836
GT      14556
MOTA    0.621
MOTP    0.326
MT      4561
ML      1483
FAF     44.8
TP      83524
FP      13116
FN      18174
IDS     199
FRAG    245
TID     0.54
LGD     0.73
Eval time: 3300.5s