Computing metrics for class bicycle...
Computed thresholds
                MOTAR   MOTP    Recall  Frames  GT      GT-Mtch GT-Miss GT-IDS  Pred    Pred-TP Pred-FP Pred-IDS
thr_0.0835      0.000   0.224   0.796   5704    1993    1581    407     5       20166   1581    18580   5
thr_0.1124      0.000   0.222   0.775   5061    1993    1540    449     4       12399   1540    10855   4
thr_0.1418      0.000   0.212   0.750   4246    1993    1490    499     4       7969    1490    6475    4
thr_0.1586      0.000   0.205   0.727   3799    1993    1445    545     3       6341    1445    4893    3
thr_0.2261      0.000   0.208   0.704   2513    1993    1400    589     4       3277    1400    1873    4
thr_0.2643      0.267   0.202   0.679   2030    1993    1352    639     2       2345    1352    991     2
thr_0.2950      0.564   0.200   0.658   1739    1993    1309    682     2       1882    1309    571     2
thr_0.3157      0.631   0.201   0.639   1664    1993    1271    720     2       1742    1271    469     2
thr_0.3470      0.765   0.190   0.613   1534    1993    1220    771     2       1509    1220    287     2
thr_0.3745      0.815   0.187   0.592   1483    1993    1178    814     1       1397    1178    218     1
thr_0.3994      0.830   0.178   0.568   1469    1993    1132    860     1       1325    1132    192     1
thr_0.4107      0.837   0.175   0.546   1466    1993    1087    905     1       1265    1087    177     1
thr_0.4334      0.847   0.173   0.520   1450    1993    1035    957     1       1194    1035    158     1
thr_0.4467      0.858   0.164   0.503   1448    1993    1001    991     1       1144    1001    142     1
thr_0.4526      0.857   0.158   0.478   1443    1993    951     1041    1       1088    951     136     1
thr_0.4730      0.851   0.163   0.453   1442    1993    902     1090    1       1037    902     134     1
thr_0.4954      0.891   0.152   0.424   1405    1993    846     1147    0       938     846     92      0
thr_0.5211      0.901   0.154   0.401   1393    1993    799     1194    0       878     799     79      0
thr_0.5453      0.924   0.155   0.382   1378    1993    762     1231    0       820     762     58      0
thr_0.5505      0.923   0.153   0.358   1378    1993    714     1279    0       769     714     55      0
thr_0.5625      0.937   0.156   0.335   1368    1993    667     1326    0       709     667     42      0
thr_0.5725      0.940   0.153   0.312   1366    1993    621     1372    0       658     621     37      0
thr_0.5843      0.961   0.152   0.295   1356    1993    588     1405    0       611     588     23      0
thr_0.5975      0.968   0.152   0.264   1352    1993    526     1467    0       543     526     17      0
thr_0.6132      0.973   0.150   0.239   1348    1993    477     1516    0       490     477     13      0
thr_0.6234      0.971   0.150   0.226   1348    1993    450     1543    0       463     450     13      0
thr_0.6345      0.967   0.152   0.198   1348    1993    394     1599    0       407     394     13      0
thr_0.6480      0.968   0.142   0.173   1346    1993    344     1649    0       355     344     11      0
thr_0.6624      0.987   0.148   0.158   1339    1993    315     1678    0       319     315     4       0
thr_0.6661      0.989   0.146   0.136   1338    1993    272     1721    0       275     272     3       0
thr_0.6735      0.985   0.128   0.103   1338    1993    206     1787    0       209     206     3       0
Computing metrics for class bus...
Computed thresholds
                MOTAR   MOTP    Recall  Frames  GT      GT-Mtch GT-Miss GT-IDS  Pred    Pred-TP Pred-FP Pred-IDS
thr_0.2482      0.813   0.421   0.892   1713    2112    1882    229     1       2234    1882    351     1
thr_0.2898      0.858   0.421   0.864   1677    2112    1823    288     1       2082    1823    258     1
thr_0.3561      0.903   0.414   0.842   1622    2112    1778    333     1       1952    1778    173     1
thr_0.4071      0.927   0.404   0.822   1589    2112    1735    376     1       1862    1735    126     1
thr_0.4364      0.944   0.396   0.796   1566    2112    1682    430     0       1777    1682    95      0
thr_0.4545      0.965   0.394   0.775   1534    2112    1636    476     0       1693    1636    57      0
thr_0.4568      0.964   0.394   0.749   1534    2112    1582    530     0       1639    1582    57      0
thr_0.5152      0.966   0.388   0.724   1530    2112    1530    582     0       1582    1530    52      0
thr_0.5153      0.966   0.388   0.716   1530    2112    1513    599     0       1564    1513    51      0
thr_0.5643      0.967   0.372   0.678   1528    2112    1432    680     0       1479    1432    47      0
thr_0.6201      0.991   0.365   0.656   1527    2112    1385    727     0       1398    1385    13      0
thr_0.6298      0.990   0.353   0.636   1527    2112    1344    768     0       1357    1344    13      0
thr_0.6374      0.990   0.344   0.619   1527    2112    1308    804     0       1321    1308    13      0
thr_0.6391      0.990   0.346   0.601   1527    2112    1269    843     0       1282    1269    13      0
thr_0.6666      0.989   0.344   0.568   1527    2112    1200    912     0       1213    1200    13      0
thr_0.6718      0.989   0.344   0.547   1527    2112    1155    957     0       1168    1155    13      0
thr_0.7130      0.989   0.334   0.519   1526    2112    1096    1016    0       1108    1096    12      0
thr_0.7281      0.989   0.332   0.500   1526    2112    1055    1057    0       1067    1055    12      0
thr_0.7477      0.997   0.300   0.474   1525    2112    1001    1111    0       1004    1001    3       0
thr_0.7645      0.997   0.295   0.447   1525    2112    945     1167    0       948     945     3       0
thr_0.7658      0.997   0.280   0.423   1525    2112    893     1219    0       896     893     3       0
thr_0.7712      0.998   0.282   0.408   1525    2112    862     1250    0       864     862     2       0
thr_0.7731      0.998   0.284   0.389   1525    2112    821     1291    0       823     821     2       0
thr_0.7785      0.997   0.283   0.354   1525    2112    748     1364    0       750     748     2       0
thr_0.7850      0.997   0.282   0.333   1525    2112    703     1409    0       705     703     2       0
thr_0.7880      0.997   0.286   0.307   1525    2112    649     1463    0       651     649     2       0
thr_0.7919      0.997   0.287   0.302   1525    2112    638     1474    0       640     638     2       0
thr_0.7977      0.998   0.284   0.270   1525    2112    570     1542    0       571     570     1       0
thr_0.8100      0.998   0.265   0.240   1525    2112    506     1606    0       507     506     1       0
thr_0.8198      0.998   0.261   0.223   1525    2112    472     1640    0       473     472     1       0
thr_0.8200      0.998   0.252   0.205   1525    2112    432     1680    0       433     432     1       0
thr_0.8278      0.997   0.265   0.169   1525    2112    357     1755    0       358     357     1       0
thr_0.8329      0.997   0.265   0.152   1525    2112    322     1790    0       323     322     1       0
thr_0.8467      0.996   0.245   0.123   1525    2112    259     1853    0       260     259     1       0
thr_0.8559      0.996   0.244   0.117   1525    2112    248     1864    0       249     248     1       0
Computing metrics for class car...
Computed thresholds
                MOTAR   MOTP    Recall  Frames  GT      GT-Mtch GT-Miss GT-IDS  Pred    Pred-TP Pred-FP Pred-IDS
thr_0.0928      0.518   0.280   0.936   5897    58317   54359   3739    219     80802   54359   26224   219
thr_0.1771      0.715   0.270   0.913   5812    58317   53104   5083    130     68392   53104   15158   130
thr_0.2294      0.776   0.263   0.890   5777    58317   51819   6407    91      63492   51819   11582   91
thr_0.2719      0.821   0.257   0.866   5757    58317   50456   7794    67      59553   50456   9030    67
thr_0.3032      0.849   0.253   0.844   5754    58317   49142   9122    53      56629   49142   7434    53
thr_0.3362      0.873   0.248   0.820   5751    58317   47764   10513   40      53880   47764   6076    40
thr_0.3682      0.891   0.245   0.796   5748    58317   46398   11884   35      51471   46398   5038    35
thr_0.3893      0.900   0.242   0.773   5748    58317   45054   13232   31      49582   45054   4497    31
thr_0.4164      0.910   0.237   0.750   5743    58317   43693   14595   29      47644   43693   3922    29
thr_0.4333      0.918   0.232   0.726   5739    58317   42318   15975   24      45813   42318   3471    24
thr_0.4523      0.923   0.229   0.703   5738    58317   40979   17315   23      44154   40979   3152    23
thr_0.4687      0.929   0.226   0.680   5738    58317   39611   18686   20      42460   39611   2829    20
thr_0.4896      0.935   0.223   0.657   5738    58317   38274   20027   16      40772   38274   2482    16
thr_0.5042      0.940   0.219   0.633   5738    58317   36913   21392   12      39158   36913   2233    12
thr_0.5216      0.943   0.216   0.610   5738    58317   35545   22762   10      37587   35545   2032    10
thr_0.5379      0.948   0.213   0.587   5738    58317   34208   24102   7       36010   34208   1795    7
thr_0.5511      0.951   0.211   0.563   5738    58317   32842   25468   7       34464   32842   1615    7
thr_0.5645      0.956   0.209   0.540   5737    58317   31504   26807   6       32907   31504   1397    6
thr_0.5780      0.959   0.207   0.517   5737    58317   30136   28178   3       31378   30136   1239    3
thr_0.5901      0.962   0.204   0.494   5737    58317   28785   29529   3       29879   28785   1091    3
thr_0.5996      0.964   0.202   0.471   5734    58317   27452   30863   2       28436   27452   982     2
thr_0.6104      0.967   0.198   0.447   5734    58317   26093   32223   1       26955   26093   861     1
thr_0.6195      0.969   0.195   0.424   5732    58317   24754   33562   1       25533   24754   778     1
thr_0.6266      0.969   0.192   0.401   5732    58317   23396   34920   1       24113   23396   716     1
thr_0.6345      0.973   0.190   0.378   5729    58317   22041   36275   1       22644   22041   602     1
thr_0.6428      0.975   0.189   0.355   5729    58317   20703   37613   1       21225   20703   521     1
thr_0.6527      0.978   0.186   0.332   5729    58317   19346   38970   1       19763   19346   416     1
thr_0.6628      0.981   0.185   0.309   5729    58317   17993   40323   1       18340   17993   346     1
thr_0.6707      0.982   0.183   0.285   5729    58317   16649   41668   0       16954   16649   305     0
thr_0.6780      0.984   0.181   0.262   5729    58317   15289   43028   0       15536   15289   247     0
thr_0.6883      0.988   0.177   0.239   5727    58317   13954   44363   0       14120   13954   166     0
thr_0.6975      0.989   0.176   0.216   5727    58317   12621   45696   0       12758   12621   137     0
thr_0.7071      0.991   0.172   0.193   5727    58317   11272   47045   0       11368   11272   96      0
thr_0.7152      0.993   0.169   0.170   5727    58317   9903    48414   0       9973    9903    70      0
thr_0.7236      0.995   0.168   0.147   5727    58317   8544    49773   0       8590    8544    46      0
thr_0.7336      0.996   0.163   0.123   5727    58317   7193    51124   0       7225    7193    32      0
thr_0.7455      0.997   0.162   0.101   5727    58317   5864    52453   0       5881    5864    17      0
Computing metrics for class motorcycle...
Computed thresholds
                MOTAR   MOTP    Recall  Frames  GT      GT-Mtch GT-Miss GT-IDS  Pred    Pred-TP Pred-FP Pred-IDS
thr_0.0783      0.000   0.285   0.898   4603    1977    1758    202     17      9838    1758    8063    17
thr_0.1542      0.000   0.280   0.879   2671    1977    1727    239     11      4037    1727    2299    11
thr_0.2183      0.335   0.277   0.851   2051    1977    1677    294     6       2798    1677    1115    6
thr_0.2572      0.519   0.273   0.835   1839    1977    1649    326     2       2444    1649    793     2
thr_0.3085      0.728   0.266   0.809   1566    1977    1598    377     2       2035    1598    435     2
thr_0.3217      0.776   0.268   0.795   1532    1977    1570    406     1       1922    1570    351     1
thr_0.3775      0.873   0.273   0.770   1414    1977    1522    454     1       1717    1522    194     1
thr_0.3828      0.875   0.272   0.751   1409    1977    1483    493     1       1670    1483    186     1
thr_0.4104      0.898   0.262   0.717   1389    1977    1416    559     2       1562    1416    144     2
thr_0.4181      0.895   0.259   0.695   1389    1977    1372    603     2       1518    1372    144     2
thr_0.4348      0.907   0.255   0.673   1371    1977    1329    647     1       1453    1329    123     1
thr_0.4523      0.911   0.247   0.646   1362    1977    1276    700     1       1390    1276    113     1
thr_0.4732      0.928   0.251   0.622   1349    1977    1228    748     1       1318    1228    89      1
thr_0.4884      0.932   0.253   0.599   1340    1977    1184    792     1       1265    1184    80      1
thr_0.4972      0.938   0.255   0.576   1333    1977    1137    839     1       1209    1137    71      1
thr_0.5055      0.939   0.256   0.562   1331    1977    1110    866     1       1179    1110    68      1
thr_0.5221      0.954   0.256   0.534   1316    1977    1054    922     1       1104    1054    49      1
thr_0.5253      0.952   0.258   0.506   1316    1977    1000    976     1       1049    1000    48      1
thr_0.5277      0.952   0.253   0.486   1314    1977    961     1016    0       1007    961     46      0
thr_0.5380      0.958   0.260   0.465   1314    1977    920     1057    0       959     920     39      0
thr_0.5426      0.957   0.252   0.445   1314    1977    880     1097    0       918     880     38      0
thr_0.5427      0.956   0.244   0.426   1313    1977    842     1135    0       879     842     37      0
thr_0.5479      0.954   0.243   0.393   1312    1977    777     1200    0       813     777     36      0
thr_0.5505      0.952   0.243   0.372   1311    1977    736     1241    0       771     736     35      0
thr_0.5649      0.957   0.239   0.352   1311    1977    696     1281    0       726     696     30      0
thr_0.5733      0.960   0.239   0.330   1310    1977    653     1324    0       679     653     26      0
thr_0.6150      0.961   0.241   0.301   1308    1977    595     1382    0       618     595     23      0
thr_0.6229      0.961   0.237   0.282   1307    1977    558     1419    0       580     558     22      0
thr_0.6286      0.957   0.231   0.262   1307    1977    517     1460    0       539     517     22      0
thr_0.6309      0.957   0.207   0.236   1305    1977    467     1510    0       487     467     20      0
thr_0.6403      0.960   0.210   0.200   1302    1977    396     1581    0       412     396     16      0
thr_0.6413      0.955   0.216   0.179   1302    1977    354     1623    0       370     354     16      0
thr_0.6604      0.947   0.209   0.153   1302    1977    303     1674    0       319     303     16      0
thr_0.6677      0.941   0.213   0.137   1302    1977    270     1707    0       286     270     16      0
thr_0.6810      0.925   0.156   0.102   1301    1977    201     1776    0       216     201     15      0
Computing metrics for class pedestrian...
Computed thresholds
                MOTAR   MOTP    Recall  Frames  GT      GT-Mtch GT-Miss GT-IDS  Pred    Pred-TP Pred-FP Pred-IDS
thr_0.2036      0.640   0.238   0.919   4727    25423   23133   2053    237     31702   23133   8332    237
thr_0.3041      0.775   0.231   0.900   4486    25423   22676   2555    192     27975   22676   5107    192
thr_0.3582      0.816   0.226   0.878   4442    25423   22147   3112    164     26384   22147   4073    164
thr_0.3982      0.841   0.228   0.856   4427    25423   21615   3662    146     25196   21615   3435    146
thr_0.4276      0.856   0.227   0.834   4420    25423   21059   4231    133     24227   21059   3035    133
thr_0.4539      0.866   0.224   0.810   4405    25423   20477   4833    113     23340   20477   2750    113
thr_0.4750      0.874   0.220   0.786   4404    25423   19883   5435    105     22496   19883   2508    105
thr_0.5002      0.888   0.212   0.764   4387    25423   19331   6011    81      21577   19331   2165    81
thr_0.5135      0.896   0.208   0.740   4379    25423   18731   6619    73      20758   18731   1954    73
thr_0.5318      0.899   0.205   0.717   4368    25423   18155   7201    67      20053   18155   1831    67
thr_0.5484      0.914   0.199   0.693   4362    25423   17561   7804    58      19132   17561   1513    58
thr_0.5612      0.921   0.194   0.669   4362    25423   16961   8414    48      18349   16961   1340    48
thr_0.5738      0.930   0.196   0.646   4359    25423   16391   8992    40      17581   16391   1150    40
thr_0.5842      0.934   0.193   0.621   4358    25423   15766   9623    34      16842   15766   1042    34
thr_0.5942      0.936   0.194   0.598   4358    25423   15174   10221   28      16180   15174   978     28
thr_0.6031      0.941   0.189   0.574   4343    25423   14559   10841   23      15444   14559   862     23
thr_0.6099      0.944   0.188   0.551   4341    25423   13985   11419   19      14785   13985   781     19
thr_0.6193      0.946   0.186   0.526   4325    25423   13369   12040   14      14099   13369   716     14
thr_0.6282      0.950   0.183   0.502   4297    25423   12757   12653   13      13403   12757   633     13
thr_0.6403      0.952   0.180   0.480   4287    25423   12183   13227   13      12779   12183   583     13
thr_0.6470      0.952   0.174   0.456   4285    25423   11586   13824   13      12150   11586   551     13
thr_0.6559      0.955   0.171   0.432   4278    25423   10971   14443   9       11475   10971   495     9
thr_0.6657      0.959   0.173   0.408   4273    25423   10370   15042   11      10807   10370   426     11
thr_0.6738      0.962   0.173   0.385   4273    25423   9775    15639   9       10160   9775    376     9
thr_0.6839      0.968   0.171   0.361   4253    25423   9166    16251   6       9465    9166    293     6
thr_0.6921      0.970   0.173   0.337   4253    25423   8561    16859   3       8824    8561    260     3
thr_0.6986      0.970   0.170   0.313   4251    25423   7967    17453   3       8209    7967    239     3
thr_0.7061      0.973   0.168   0.289   4250    25423   7339    18081   3       7540    7339    198     3
thr_0.7128      0.976   0.163   0.265   4248    25423   6735    18687   1       6898    6735    162     1
thr_0.7183      0.977   0.156   0.242   4248    25423   6150    19273   0       6290    6150    140     0
thr_0.7233      0.976   0.152   0.218   4248    25423   5540    19883   0       5671    5540    131     0
thr_0.7289      0.976   0.142   0.195   4246    25423   4956    20467   0       5076    4956    120     0
thr_0.7343      0.975   0.144   0.172   4246    25423   4366    21057   0       4476    4366    110     0
thr_0.7396      0.972   0.146   0.148   4246    25423   3760    21663   0       3866    3760    106     0
thr_0.7487      0.971   0.147   0.125   4246    25423   3173    22250   0       3264    3173    91      0
thr_0.7562      0.967   0.153   0.101   4246    25423   2571    22852   0       2656    2571    85      0
Computing metrics for class trailer...
Computed thresholds
                MOTAR   MOTP    Recall  Frames  GT      GT-Mtch GT-Miss GT-IDS  Pred    Pred-TP Pred-FP Pred-IDS
thr_0.1400      0.000   0.610   0.708   1675    2425    1715    708     2       3534    1715    1817    2
thr_0.1871      0.230   0.609   0.685   1428    2425    1658    765     2       2936    1658    1276    2
thr_0.2990      0.571   0.609   0.660   1155    2425    1600    824     1       2287    1600    686     1
thr_0.3141      0.578   0.580   0.643   1146    2425    1558    866     1       2216    1558    657     1
thr_0.3748      0.616   0.573   0.610   1101    2425    1480    945     0       2049    1480    569     0
thr_0.4160      0.713   0.547   0.586   1045    2425    1420    1005    0       1828    1420    408     0
thr_0.4510      0.751   0.551   0.566   1030    2425    1372    1053    0       1713    1372    341     0
thr_0.4713      0.743   0.542   0.540   1030    2425    1310    1115    0       1647    1310    337     0
thr_0.4787      0.742   0.540   0.519   1022    2425    1258    1167    0       1583    1258    325     0
thr_0.4939      0.780   0.517   0.496   1022    2425    1203    1222    0       1468    1203    265     0
thr_0.5175      0.829   0.506   0.469   1005    2425    1137    1288    0       1331    1137    194     0
thr_0.5452      0.841   0.510   0.448   991     2425    1086    1339    0       1259    1086    173     0
thr_0.5673      0.895   0.496   0.425   985     2425    1030    1395    0       1138    1030    108     0
thr_0.5774      0.893   0.494   0.404   985     2425    979     1446    0       1084    979     105     0
thr_0.5858      0.888   0.502   0.378   985     2425    916     1509    0       1019    916     103     0
thr_0.5897      0.884   0.497   0.362   985     2425    877     1548    0       979     877     102     0
thr_0.6109      0.877   0.488   0.336   985     2425    814     1611    0       914     814     100     0
thr_0.6328      0.868   0.465   0.313   985     2425    759     1666    0       859     759     100     0
thr_0.6522      0.923   0.474   0.290   985     2425    703     1722    0       757     703     54      0
thr_0.6607      0.918   0.488   0.261   983     2425    634     1791    0       686     634     52      0
thr_0.6644      0.918   0.495   0.245   980     2425    595     1830    0       644     595     49      0
thr_0.6735      0.909   0.476   0.217   980     2425    526     1899    0       574     526     48      0
thr_0.6908      0.898   0.501   0.195   980     2425    472     1953    0       520     472     48      0
thr_0.7011      0.894   0.463   0.171   980     2425    414     2011    0       458     414     44      0
thr_0.7128      0.881   0.413   0.149   980     2425    362     2063    0       405     362     43      0
thr_0.7236      0.870   0.421   0.136   980     2425    331     2094    0       374     331     43      0
thr_0.7408      0.829   0.401   0.104   980     2425    252     2173    0       295     252     43      0
Computing metrics for class truck...
Computed thresholds
                MOTAR   MOTP    Recall  Frames  GT      GT-Mtch GT-Miss GT-IDS  Pred    Pred-TP Pred-FP Pred-IDS
thr_0.1394      0.026   0.371   0.863   4685    9650    8318    1320    12      16430   8318    8100    12
thr_0.1991      0.469   0.365   0.840   4260    9650    8094    1547    9       12403   8094    4300    9
thr_0.2417      0.622   0.364   0.816   4055    9650    7872    1772    6       10852   7872    2974    6
thr_0.2767      0.687   0.362   0.795   3922    9650    7670    1974    6       10080   7670    2404    6
thr_0.3118      0.732   0.361   0.770   3868    9650    7428    2218    4       9421    7428    1989    4
thr_0.3386      0.763   0.361   0.750   3828    9650    7231    2416    3       8945    7231    1711    3
thr_0.3675      0.798   0.360   0.726   3736    9650    7001    2646    3       8420    7001    1416    3
thr_0.3835      0.802   0.353   0.702   3715    9650    6772    2875    3       8113    6772    1338    3
thr_0.4022      0.816   0.352   0.679   3715    9650    6552    3095    3       7758    6552    1203    3
thr_0.4173      0.819   0.351   0.655   3713    9650    6319    3330    1       7463    6319    1143    1
thr_0.4281      0.818   0.351   0.634   3712    9650    6119    3530    1       7234    6119    1114    1
thr_0.4432      0.820   0.347   0.609   3707    9650    5875    3775    0       6932    5875    1057    0
thr_0.4487      0.817   0.346   0.585   3705    9650    5648    4002    0       6684    5648    1036    0
thr_0.4603      0.823   0.342   0.563   3700    9650    5434    4216    0       6395    5434    961     0
thr_0.4703      0.820   0.343   0.539   3699    9650    5201    4449    0       6136    5201    935     0
thr_0.4853      0.846   0.336   0.517   3664    9650    4989    4661    0       5757    4989    768     0
thr_0.4927      0.863   0.329   0.493   3643    9650    4759    4891    0       5413    4759    654     0
thr_0.5039      0.864   0.331   0.471   3642    9650    4541    5109    0       5159    4541    618     0
thr_0.5130      0.865   0.329   0.448   3639    9650    4322    5328    0       4907    4322    585     0
thr_0.5305      0.901   0.331   0.426   3631    9650    4107    5543    0       4515    4107    408     0
thr_0.5439      0.911   0.328   0.400   3608    9650    3864    5786    0       4209    3864    345     0
thr_0.5596      0.911   0.330   0.377   3608    9650    3638    6012    0       3962    3638    324     0
thr_0.5682      0.913   0.323   0.355   3608    9650    3430    6220    0       3730    3430    300     0
thr_0.5796      0.917   0.319   0.332   3595    9650    3205    6445    0       3472    3205    267     0
thr_0.5856      0.914   0.324   0.308   3594    9650    2970    6680    0       3226    2970    256     0
thr_0.5925      0.923   0.315   0.288   3594    9650    2776    6874    0       2991    2776    215     0
thr_0.6078      0.939   0.297   0.262   3594    9650    2531    7119    0       2686    2531    155     0
thr_0.6216      0.945   0.298   0.242   3578    9650    2333    7317    0       2461    2333    128     0
thr_0.6296      0.938   0.302   0.215   3578    9650    2078    7572    0       2206    2078    128     0
thr_0.6436      0.949   0.303   0.193   3567    9650    1865    7785    0       1960    1865    95      0
thr_0.6524      0.945   0.304   0.173   3567    9650    1666    7984    0       1758    1666    92      0
thr_0.6645      0.964   0.298   0.147   3567    9650    1418    8232    0       1469    1418    51      0
thr_0.6769      0.992   0.325   0.124   3567    9650    1200    8450    0       1210    1200    10      0
thr_0.6951      0.993   0.313   0.100   3567    9650    969     8681    0       976     969     7       0
Calculating metrics...
Saving metrics to: /root/autodl-tmp/results/nuscenes/nuscenes/20260609_101551/eval_result/

### Final results ###

Per-class results:
                AMOTA   AMOTP   RECALL  MOTAR   GT      MOTA    MOTP    MT      ML      FAF     TP      FP      FN      IDS     FRAG    TID     LGD
bicycle         0.560   0.583   0.592   0.815   1993    0.482   0.187   67      71      14.7    1178    218     814     1       1       0.75    0.84
bus             0.854   0.535   0.822   0.927   2112    0.762   0.404   77      20      7.9     1735    126     376     1       8       0.22    0.56
car             0.858   0.344   0.844   0.849   58317   0.715   0.253   2690    810     129.2   49142   7434    9122    53      112     0.24    0.32
motorcy         0.739   0.466   0.770   0.873   1977    0.672   0.273   90      29      13.7    1522    194     454     1       0       0.77    0.85
pedestr         0.830   0.367   0.856   0.841   25423   0.715   0.228   1249    306     77.6    21615   3435    3662    146     93      0.29    0.46
trailer         0.518   0.994   0.566   0.751   2425    0.425   0.551   64      60      33.1    1372    341     1053    0       12      1.08    1.47
truck           0.703   0.584   0.726   0.798   9650    0.579   0.360   326     179     37.9    7001    1416    2646    3       20      0.45    0.59

Aggregated results:
AMOTA   0.723
AMOTP   0.553
RECALL  0.739
MOTAR   0.836
GT      14556
MOTA    0.621
MOTP    0.322
MT      4563
ML      1475
FAF     44.9
TP      83565
FP      13164
FN      18127
IDS     205
FRAG    246
TID     0.54
LGD     0.73
Eval time: 3255.9s


Per-class results:
                AMOTA   AMOTP   RECALL  MOTAR   GT      MOTA    MOTP    MT      ML      FAF     TP      FP      FN      IDS     FRAG    TID     LGD
bicycle         0.561   0.583   0.592   0.815   1993    0.482   0.188   67      71      14.7    1179    218     813     1       1       0.75    0.84
bus             0.864   0.497   0.822   0.927   2112    0.762   0.404   77      20      8.0     1736    127     375     1       9       0.21    0.56
car             0.857   0.344   0.843   0.849   58317   0.715   0.253   2691    812     129.0   49100   7425    9162    55      111     0.24    0.32
motorcy         0.738   0.466   0.770   0.872   1977    0.671   0.273   90      29      13.8    1522    195     454     1       0       0.77    0.85
pedestr         0.830   0.371   0.856   0.840   25423   0.714   0.230   1248    310     78.2    21611   3462    3669    143     88      0.28    0.45
trailer         0.518   0.994   0.566   0.751   2425    0.425   0.551   64      60      33.1    1372    341     1053    0       12      1.08    1.47
truck           0.704   0.585   0.726   0.798   9650    0.579   0.361   327     179     37.9    7006    1416    2641    3       20      0.44    0.58

Aggregated results:
AMOTA   0.725
AMOTP   0.549
RECALL  0.739
MOTAR   0.836
GT      14556
MOTA    0.621
MOTP    0.323
MT      4564
ML      1481
FAF     45.0
TP      83526
FP      13184
FN      18167
IDS     204
FRAG    241
TID     0.54
LGD     0.72
Eval time: 3274.5s
Per-class results:
                AMOTA   AMOTP   RECALL  MOTAR   GT      MOTA    MOTP    MT      ML      FAF     TP      FP      FN      IDS     FRAG    TID     LGD
bicycle         0.562   0.611   0.592   0.818   1993    0.484   0.221   67      71      14.4    1179    214     814     0       1       0.75    0.84
bus             0.837   0.614   0.819   0.911   2112    0.746   0.491   76      18      9.7     1730    154     382     0       23      0.29    0.72
car             0.855   0.376   0.843   0.849   58317   0.715   0.285   2672    807     128.8   49094   7412    9169    54      155     0.27    0.35
motorcy         0.734   0.502   0.771   0.867   1977    0.668   0.310   91      28      14.3    1523    202     452     2       5       0.74    0.84
pedestr         0.829   0.416   0.857   0.836   25423   0.711   0.273   1253    300     80.1    21640   3552    3625    158     97      0.29    0.48
trailer         0.512   1.027   0.597   0.700   2425    0.418   0.621   65      55      41.5    1448    435     977     0       18      0.93    1.40
truck           0.696   0.616   0.725   0.789   9650    0.572   0.395   325     176     39.4    6994    1475    2654    2       46      0.52    0.70

Aggregated results:
AMOTA   0.718
AMOTP   0.595
RECALL  0.743
MOTAR   0.824
GT      14556
MOTA    0.616
MOTP    0.371
MT      4549
ML      1455
FAF     46.9
TP      83608
FP      13444
FN      18073
IDS     216
FRAG    345
TID     0.54
LGD     0.76
Eval time: 3348.8s