Computing metrics for class bicycle...
Computed thresholds
                MOTAR   MOTP    Recall  Frames  GT      GT-Mtch GT-Miss GT-IDS  Pred    Pred-TP Pred-FP Pred-IDS
thr_0.3354      0.000   0.230   0.564   2816    1993    1123    869     1       3778    1123    2654    1
thr_0.4761      0.341   0.219   0.541   1843    1993    1079    914     0       1790    1079    711     0
thr_0.5009      0.497   0.212   0.517   1700    1993    1030    963     0       1548    1030    518     0
thr_0.5077      0.518   0.217   0.496   1676    1993    988     1005    0       1464    988     476     0
thr_0.5214      0.621   0.214   0.471   1598    1993    939     1054    0       1295    939     356     0
thr_0.5373      0.652   0.212   0.448   1566    1993    893     1100    0       1204    893     311     0
thr_0.5442      0.678   0.213   0.426   1533    1993    850     1143    0       1124    850     274     0
thr_0.5626      0.713   0.212   0.402   1498    1993    801     1192    0       1031    801     230     0
thr_0.5656      0.715   0.214   0.389   1489    1993    775     1218    0       996     775     221     0
thr_0.5806      0.809   0.213   0.355   1432    1993    708     1285    0       843     708     135     0
thr_0.5949      0.824   0.216   0.333   1417    1993    664     1329    0       781     664     117     0
thr_0.6093      0.846   0.212   0.309   1409    1993    616     1377    0       711     616     95      0
thr_0.6169      0.839   0.215   0.288   1407    1993    573     1420    0       665     573     92      0
thr_0.6423      0.870   0.221   0.263   1386    1993    524     1469    0       592     524     68      0
thr_0.6518      0.901   0.230   0.243   1368    1993    485     1508    0       533     485     48      0
thr_0.6525      0.891   0.231   0.222   1368    1993    442     1551    0       490     442     48      0
thr_0.6678      0.896   0.226   0.199   1364    1993    396     1597    0       437     396     41      0
thr_0.6735      0.897   0.234   0.186   1364    1993    370     1623    0       408     370     38      0
thr_0.6933      0.902   0.234   0.148   1363    1993    295     1698    0       324     295     29      0
thr_0.6987      0.896   0.184   0.125   1361    1993    249     1744    0       275     249     26      0
thr_0.7041      0.888   0.183   0.103   1358    1993    206     1787    0       229     206     23      0
Computing metrics for class bus...
Computed thresholds
                MOTAR   MOTP    Recall  Frames  GT      GT-Mtch GT-Miss GT-IDS  Pred    Pred-TP Pred-FP Pred-IDS
thr_0.3860      0.685   0.514   0.845   1832    2112    1772    327     13      2343    1772    558     13
thr_0.4295      0.738   0.512   0.822   1771    2112    1726    376     10      2189    1726    453     10
thr_0.4439      0.772   0.502   0.799   1728    2112    1679    424     9       2070    1679    382     9
thr_0.4731      0.808   0.500   0.785   1691    2112    1650    454     8       1975    1650    317     8
thr_0.4773      0.805   0.506   0.754   1685    2112    1585    519     8       1902    1585    309     8
thr_0.4859      0.817   0.504   0.740   1685    2112    1554    550     8       1847    1554    285     8
thr_0.5181      0.900   0.497   0.706   1564    2112    1483    621     8       1640    1483    149     8
thr_0.5237      0.902   0.491   0.687   1557    2112    1442    662     8       1592    1442    142     8
thr_0.5410      0.905   0.494   0.665   1552    2112    1397    707     8       1538    1397    133     8
thr_0.5719      0.918   0.492   0.635   1538    2112    1336    770     6       1451    1336    109     6
thr_0.5837      0.920   0.497   0.614   1538    2112    1293    815     4       1400    1293    103     4
thr_0.5966      0.947   0.485   0.590   1536    2112    1245    865     2       1313    1245    66      2
thr_0.6144      0.964   0.464   0.566   1527    2112    1194    916     2       1239    1194    43      2
thr_0.6188      0.963   0.466   0.553   1527    2112    1165    945     2       1210    1165    43      2
thr_0.6242      0.964   0.457   0.520   1527    2112    1098    1013    1       1138    1098    39      1
thr_0.6386      0.966   0.454   0.499   1526    2112    1052    1059    1       1089    1052    36      1
thr_0.6697      0.973   0.449   0.474   1526    2112    1002    1110    0       1029    1002    27      0
thr_0.6745      0.979   0.450   0.460   1525    2112    971     1141    0       991     971     20      0
thr_0.7058      0.978   0.455   0.438   1525    2112    925     1187    0       945     925     20      0
thr_0.7082      0.981   0.454   0.404   1525    2112    854     1258    0       870     854     16      0
thr_0.7332      0.990   0.434   0.378   1525    2112    799     1313    0       807     799     8       0
thr_0.7421      0.989   0.431   0.359   1525    2112    759     1353    0       767     759     8       0
thr_0.7673      0.993   0.425   0.343   1525    2112    725     1387    0       730     725     5       0
thr_0.7794      0.992   0.418   0.313   1525    2112    662     1450    0       667     662     5       0
thr_0.7919      0.992   0.429   0.286   1525    2112    605     1507    0       610     605     5       0
thr_0.7943      0.996   0.421   0.263   1525    2112    555     1557    0       557     555     2       0
thr_0.7970      0.998   0.412   0.244   1525    2112    516     1596    0       517     516     1       0
thr_0.8007      0.998   0.401   0.225   1525    2112    476     1636    0       477     476     1       0
thr_0.8136      0.998   0.405   0.201   1525    2112    424     1688    0       425     424     1       0
thr_0.8189      0.997   0.374   0.176   1525    2112    372     1740    0       373     372     1       0
thr_0.8342      0.997   0.371   0.150   1525    2112    316     1796    0       317     316     1       0
thr_0.8388      0.996   0.364   0.132   1525    2112    279     1833    0       280     279     1       0
thr_0.8492      0.995   0.421   0.102   1525    2112    215     1897    0       216     215     1       0
Computing metrics for class car...
Computed thresholds
                MOTAR   MOTP    Recall  Frames  GT      GT-Mtch GT-Miss GT-IDS  Pred    Pred-TP Pred-FP Pred-IDS
thr_0.2238      0.542   0.296   0.869   5885    58317   50273   7642    402     73716   50273   23041   402
thr_0.3301      0.700   0.288   0.847   5829    58317   49070   8909    338     64113   49070   14705   338
thr_0.3636      0.748   0.281   0.824   5806    58317   47749   10259   309     60074   47749   12016   309
thr_0.3835      0.776   0.277   0.801   5802    58317   46432   11592   293     57141   46432   10416   293
thr_0.4006      0.798   0.275   0.778   5800    58317   45101   12938   278     54494   45101   9115    278
thr_0.4136      0.816   0.272   0.755   5794    58317   43740   14312   265     52038   43740   8033    265
thr_0.4255      0.827   0.270   0.732   5786    58317   42405   15656   256     50018   42405   7357    256
thr_0.4352      0.833   0.267   0.708   5779    58317   41039   17035   243     48149   41039   6867    243
thr_0.4450      0.840   0.264   0.685   5775    58317   39689   18393   235     46257   39689   6333    235
thr_0.4563      0.850   0.263   0.662   5773    58317   38350   19738   229     44325   38350   5746    229
thr_0.4672      0.860   0.261   0.638   5772    58317   36986   21110   221     42381   36986   5174    221
thr_0.4770      0.867   0.257   0.615   5769    58317   35647   22456   214     40590   35647   4729    214
thr_0.4852      0.872   0.253   0.591   5769    58317   34278   23830   209     38866   34278   4379    209
thr_0.4946      0.878   0.251   0.568   5769    58317   32927   25184   206     37146   32927   4013    206
thr_0.5064      0.885   0.251   0.545   5764    58317   31577   26544   196     35400   31577   3627    196
thr_0.5166      0.889   0.249   0.521   5764    58317   30206   27919   192     33736   30206   3338    192
thr_0.5271      0.894   0.247   0.498   5763    58317   28864   29266   187     32121   28864   3070    187
thr_0.5375      0.900   0.247   0.475   5763    58317   27518   30615   184     30461   27518   2759    184
thr_0.5482      0.905   0.245   0.452   5761    58317   26177   31962   178     28837   26177   2482    178
thr_0.5621      0.911   0.243   0.428   5743    58317   24810   33341   166     27188   24810   2212    166
thr_0.5733      0.914   0.240   0.405   5743    58317   23452   34705   160     25631   23452   2019    160
thr_0.5872      0.917   0.239   0.382   5741    58317   22113   36056   148     24099   22113   1838    148
thr_0.5975      0.920   0.237   0.358   5741    58317   20751   37425   141     22547   20751   1655    141
thr_0.6117      0.922   0.236   0.335   5741    58317   19393   38790   134     21040   19393   1513    134
thr_0.6277      0.928   0.232   0.312   5741    58317   18037   40150   130     19472   18037   1305    130
thr_0.6411      0.934   0.231   0.288   5741    58317   16684   41513   120     17908   16684   1104    120
thr_0.6554      0.938   0.232   0.265   5739    58317   15331   42880   106     16388   15331   951     106
thr_0.6702      0.941   0.231   0.241   5739    58317   13971   44251   95      14891   13971   825     95
thr_0.6845      0.943   0.228   0.218   5736    58317   12654   45582   81      13450   12654   715     81
thr_0.7031      0.946   0.224   0.194   5730    58317   11273   46976   68      11952   11273   611     68
thr_0.7203      0.952   0.225   0.171   5730    58317   9944    48320   53      10479   9944    482     53
thr_0.7364      0.955   0.222   0.148   5730    58317   8575    49698   44      9003    8575    384     44
thr_0.7531      0.963   0.221   0.124   5729    58317   7222    51063   32      7521    7222    267     32
thr_0.7699      0.966   0.217   0.101   5729    58317   5865    52424   28      6095    5865    202     28
Computing metrics for class motorcycle...
Computed thresholds
                MOTAR   MOTP    Recall  Frames  GT      GT-Mtch GT-Miss GT-IDS  Pred    Pred-TP Pred-FP Pred-IDS
thr_0.3069      0.000   0.310   0.694   2513    1977    1353    605     19      3561    1353    2189    19
thr_0.4151      0.522   0.301   0.672   1706    1977    1315    649     13      1956    1315    628     13
thr_0.4379      0.599   0.303   0.648   1611    1977    1270    696     11      1790    1270    509     11
thr_0.4652      0.693   0.312   0.626   1539    1977    1229    739     9       1615    1229    377     9
thr_0.4655      0.688   0.304   0.611   1539    1977    1199    770     8       1581    1199    374     8
thr_0.4684      0.683   0.294   0.582   1539    1977    1142    827     8       1512    1142    362     8
thr_0.4790      0.711   0.291   0.559   1506    1977    1098    871     8       1423    1098    317     8
thr_0.4818      0.709   0.291   0.532   1500    1977    1043    926     8       1355    1043    304     8
thr_0.4900      0.729   0.291   0.508   1499    1977    997     973     7       1274    997     270     7
thr_0.4915      0.724   0.293   0.498   1499    1977    977     993     7       1254    977     270     7
thr_0.4969      0.744   0.297   0.465   1463    1977    913     1057    7       1154    913     234     7
thr_0.5244      0.794   0.299   0.442   1410    1977    866     1104    7       1051    866     178     7
thr_0.5480      0.814   0.294   0.408   1389    1977    800     1170    7       956     800     149     7
thr_0.5551      0.818   0.296   0.402   1385    1977    787     1183    7       937     787     143     7
thr_0.5601      0.807   0.307   0.370   1382    1977    724     1246    7       871     724     140     7
thr_0.5796      0.818   0.313   0.341   1367    1977    669     1302    6       797     669     122     6
thr_0.5835      0.809   0.319   0.323   1366    1977    632     1339    6       759     632     121     6
thr_0.5978      0.806   0.311   0.297   1362    1977    582     1390    5       700     582     113     5
thr_0.6111      0.851   0.279   0.268   1341    1977    524     1448    5       607     524     78      5
thr_0.6252      0.880   0.275   0.247   1322    1977    484     1488    5       547     484     58      5
thr_0.6337      0.871   0.261   0.229   1322    1977    448     1525    4       510     448     58      4
thr_0.6423      0.859   0.273   0.200   1322    1977    391     1582    4       450     391     55      4
thr_0.6536      0.874   0.283   0.175   1313    1977    341     1632    4       388     341     43      4
thr_0.6649      0.864   0.255   0.154   1313    1977    301     1673    3       345     301     41      3
thr_0.6884      0.858   0.251   0.126   1308    1977    247     1727    3       285     247     35      3
thr_0.6997      0.855   0.206   0.106   1305    1977    207     1767    3       240     207     30      3
Computing metrics for class pedestrian...
Computed thresholds
                MOTAR   MOTP    Recall  Frames  GT      GT-Mtch GT-Miss GT-IDS  Pred    Pred-TP Pred-FP Pred-IDS
thr_0.2397      0.269   0.335   0.924   5186    25423   23123   1943    357     40394   23123   16914   357
thr_0.3879      0.600   0.331   0.908   4759    25423   22783   2332    308     32194   22783   9103    308
thr_0.4143      0.657   0.333   0.889   4720    25423   22296   2827    300     30236   22296   7640    300
thr_0.4345      0.706   0.334   0.869   4647    25423   21795   3340    288     28489   21795   6406    288
thr_0.4495      0.727   0.336   0.848   4614    25423   21288   3856    279     27378   21288   5811    279
thr_0.4616      0.741   0.336   0.826   4580    25423   20725   4428    270     26364   20725   5369    270
thr_0.4744      0.762   0.333   0.803   4496    25423   20159   5015    249     25213   20159   4805    249
thr_0.4843      0.773   0.337   0.783   4488    25423   19648   5529    246     24359   19648   4465    246
thr_0.4957      0.786   0.336   0.759   4424    25423   19069   6122    232     23384   19069   4083    232
thr_0.5067      0.802   0.336   0.736   4392    25423   18495   6714    214     22362   18495   3653    214
thr_0.5133      0.809   0.336   0.711   4377    25423   17886   7340    197     21491   17886   3408    197
thr_0.5252      0.816   0.333   0.687   4373    25423   17276   7964    183     20644   17276   3185    183
thr_0.5319      0.827   0.332   0.662   4366    25423   16662   8586    175     19719   16662   2882    175
thr_0.5408      0.838   0.333   0.639   4359    25423   16083   9172    168     18862   16083   2611    168
thr_0.5488      0.845   0.332   0.617   4353    25423   15526   9733    164     18095   15526   2405    164
thr_0.5566      0.853   0.324   0.593   4335    25423   14933   10342   148     17278   14933   2197    148
thr_0.5658      0.858   0.323   0.571   4332    25423   14398   10895   130     16566   14398   2038    130
thr_0.5735      0.861   0.324   0.549   4331    25423   13830   11470   123     15877   13830   1924    123
thr_0.5831      0.875   0.322   0.525   4323    25423   13223   12087   113     14993   13223   1657    113
thr_0.5908      0.878   0.322   0.500   4314    25423   12612   12704   107     14258   12612   1539    107
thr_0.5991      0.883   0.322   0.477   4308    25423   12029   13291   103     13540   12029   1408    103
thr_0.6075      0.888   0.328   0.453   4297    25423   11418   13906   99      12799   11418   1282    99
thr_0.6193      0.896   0.331   0.428   4294    25423   10797   14533   93      12011   10797   1121    93
thr_0.6278      0.899   0.337   0.404   4294    25423   10192   15144   87      11308   10192   1029    87
thr_0.6354      0.901   0.340   0.380   4293    25423   9574    15764   85      10611   9574    952     85
thr_0.6444      0.905   0.337   0.356   4293    25423   8973    16376   74      9897    8973    850     74
thr_0.6552      0.914   0.335   0.332   4293    25423   8365    16992   66      9153    8365    722     66
thr_0.6667      0.921   0.339   0.307   4276    25423   7742    17618   63      8414    7742    609     63
thr_0.6788      0.929   0.347   0.282   4275    25423   7120    18245   58      7681    7120    503     58
thr_0.6901      0.935   0.350   0.258   4270    25423   6500    18872   51      6976    6500    425     51
thr_0.7021      0.943   0.342   0.233   4253    25423   5893    19488   42      6269    5893    334     42
thr_0.7150      0.945   0.327   0.209   4253    25423   5265    20120   38      5594    5265    291     38
thr_0.7238      0.944   0.317   0.185   4248    25423   4670    20729   24      4955    4670    261     24
thr_0.7359      0.958   0.307   0.157   4248    25423   3983    21423   17      4168    3983    168     17
thr_0.7462      0.967   0.300   0.133   4248    25423   3366    22046   11      3487    3366    110     11
thr_0.7590      0.976   0.289   0.107   4248    25423   2703    22713   7       2776    2703    66      7
Computing metrics for class trailer...
Computed thresholds
                MOTAR   MOTP    Recall  Frames  GT      GT-Mtch GT-Miss GT-IDS  Pred    Pred-TP Pred-FP Pred-IDS
thr_0.2206      0.000   0.646   0.706   2083    2425    1700    714     11      4319    1700    2608    11
thr_0.2969      0.000   0.648   0.680   1748    2425    1642    776     7       3638    1642    1989    7
thr_0.3946      0.282   0.641   0.659   1294    2425    1592    828     5       2740    1592    1143    5
thr_0.4221      0.353   0.639   0.641   1224    2425    1551    871     3       2558    1551    1004    3
thr_0.4262      0.333   0.633   0.616   1224    2425    1491    931     3       2488    1491    994     3
thr_0.4323      0.340   0.608   0.588   1221    2425    1422    1000    3       2363    1422    938     3
thr_0.4392      0.350   0.605   0.568   1217    2425    1376    1047    2       2273    1376    895     2
thr_0.4693      0.482   0.602   0.551   1187    2425    1333    1090    2       2025    1333    690     2
thr_0.4867      0.544   0.576   0.517   1144    2425    1251    1172    2       1824    1251    571     2
thr_0.5014      0.556   0.570   0.493   1132    2425    1195    1229    1       1726    1195    530     1
thr_0.5098      0.548   0.579   0.475   1128    2425    1150    1274    1       1671    1150    520     1
thr_0.5203      0.551   0.575   0.449   1124    2425    1088    1336    1       1577    1088    488     1
thr_0.5482      0.718   0.568   0.425   1039    2425    1030    1395    0       1320    1030    290     0
thr_0.5498      0.716   0.568   0.412   1039    2425    998     1427    0       1281    998     283     0
thr_0.5560      0.700   0.553   0.385   1039    2425    933     1492    0       1213    933     280     0
thr_0.5637      0.686   0.558   0.362   1038    2425    877     1548    0       1152    877     275     0
thr_0.5652      0.674   0.562   0.346   1037    2425    840     1585    0       1114    840     274     0
thr_0.5738      0.679   0.577   0.312   1021    2425    756     1669    0       999     756     243     0
thr_0.6068      0.709   0.564   0.291   1007    2425    705     1720    0       910     705     205     0
thr_0.6219      0.744   0.530   0.271   1007    2425    657     1768    0       825     657     168     0
thr_0.6369      0.740   0.514   0.242   1003    2425    588     1837    0       741     588     153     0
thr_0.6508      0.729   0.535   0.222   1002    2425    539     1886    0       685     539     146     0
thr_0.6740      0.826   0.541   0.197   992     2425    478     1947    0       561     478     83      0
thr_0.7005      0.816   0.504   0.177   992     2425    430     1995    0       509     430     79      0
thr_0.7322      0.871   0.525   0.153   976     2425    372     2053    0       420     372     48      0
thr_0.7623      0.930   0.466   0.129   969     2425    313     2112    0       335     313     22      0
thr_0.7730      0.917   0.525   0.109   969     2425    265     2160    0       287     265     22      0
Computing metrics for class truck...
Computed thresholds
                MOTAR   MOTP    Recall  Frames  GT      GT-Mtch GT-Miss GT-IDS  Pred    Pred-TP Pred-FP Pred-IDS
thr_0.2628      0.000   0.406   0.866   4897    9650    8322    1293    35      18677   8322    10320   35
thr_0.3233      0.302   0.397   0.844   4418    9650    8117    1508    25      13810   8117    5668    25
thr_0.3515      0.491   0.398   0.820   4168    9650    7891    1736    23      11931   7891    4017    23
thr_0.3592      0.520   0.398   0.796   4120    9650    7657    1971    22      11353   7657    3674    22
thr_0.3699      0.570   0.396   0.774   4107    9650    7447    2181    22      10674   7447    3205    22
thr_0.3803      0.593   0.394   0.750   4074    9650    7216    2414    20      10170   7216    2934    20
thr_0.3922      0.623   0.392   0.727   4006    9650    6995    2638    17      9652    6995    2640    17
thr_0.4046      0.669   0.388   0.706   3935    9650    6798    2836    16      9064    6798    2250    16
thr_0.4102      0.671   0.384   0.680   3924    9650    6550    3084    16      8723    6550    2157    16
thr_0.4166      0.682   0.386   0.658   3892    9650    6334    3302    14      8364    6334    2016    14
thr_0.4281      0.696   0.383   0.634   3887    9650    6106    3530    14      7979    6106    1859    14
thr_0.4356      0.703   0.387   0.612   3855    9650    5889    3747    14      7652    5889    1749    14
thr_0.4400      0.720   0.388   0.591   3803    9650    5691    3947    12      7298    5691    1595    12
thr_0.4460      0.740   0.383   0.566   3785    9650    5449    4190    11      6876    5449    1416    11
thr_0.4546      0.758   0.377   0.544   3753    9650    5241    4400    9       6518    5241    1268    9
thr_0.4642      0.755   0.370   0.518   3753    9650    4986    4656    8       6215    4986    1221    8
thr_0.4739      0.771   0.372   0.496   3740    9650    4777    4865    8       5879    4777    1094    8
thr_0.4784      0.777   0.373   0.472   3728    9650    4543    5100    7       5562    4543    1012    7
thr_0.4862      0.788   0.370   0.449   3717    9650    4322    5321    7       5247    4322    918     7
thr_0.4982      0.798   0.360   0.425   3696    9650    4099    5546    5       4932    4099    828     5
thr_0.5076      0.805   0.364   0.403   3692    9650    3884    5763    3       4643    3884    756     3
thr_0.5172      0.800   0.358   0.379   3692    9650    3660    5988    2       4395    3660    733     2
thr_0.5270      0.807   0.358   0.356   3680    9650    3431    6217    2       4095    3431    662     2
thr_0.5345      0.808   0.357   0.335   3679    9650    3231    6417    2       3852    3231    619     2
thr_0.5441      0.801   0.355   0.310   3679    9650    2992    6657    1       3588    2992    595     1
thr_0.5593      0.826   0.354   0.287   3646    9650    2771    6878    1       3254    2771    482     1
thr_0.5656      0.833   0.360   0.263   3625    9650    2539    7111    0       2962    2539    423     0
thr_0.5802      0.837   0.353   0.239   3624    9650    2310    7340    0       2686    2310    376     0
thr_0.6011      0.852   0.357   0.219   3602    9650    2111    7539    0       2424    2111    313     0
thr_0.6165      0.861   0.342   0.196   3582    9650    1887    7763    0       2150    1887    263     0
thr_0.6230      0.853   0.337   0.170   3576    9650    1642    8008    0       1883    1642    241     0
thr_0.6342      0.830   0.338   0.147   3576    9650    1418    8232    0       1659    1418    241     0
thr_0.6504      0.804   0.349   0.123   3576    9650    1190    8460    0       1423    1190    233     0
thr_0.6827      0.944   0.351   0.101   3567    9650    975     8675    0       1030    975     55      0
