Accumulating metric data...
Computing metrics for class bicycle...
Computed thresholds
                MOTAR   MOTP    Recall  Frames  GT      GT-Mtch GT-Miss GT-IDS  Pred    Pred-TP Pred-FP Pred-IDS
thr_0.3621      0.000   0.227   0.634   2982    1993    1262    730     1       4115    1262    2852    1
thr_0.4452      0.000   0.212   0.608   2368    1993    1212    781     0       2674    1212    1462    0
thr_0.5126      0.358   0.211   0.587   1821    1993    1170    823     0       1921    1170    751     0
thr_0.5199      0.387   0.208   0.569   1773    1993    1135    858     0       1831    1135    696     0
thr_0.5415      0.498   0.206   0.539   1695    1993    1075    918     0       1615    1075    540     0
thr_0.5516      0.535   0.206   0.522   1649    1993    1041    952     0       1525    1041    484     0
thr_0.5550      0.529   0.203   0.498   1642    1993    992     1001    0       1459    992     467     0
thr_0.5611      0.546   0.204   0.488   1622    1993    972     1021    0       1413    972     441     0
thr_0.5714      0.567   0.209   0.453   1590    1993    902     1091    0       1293    902     391     0
thr_0.5828      0.646   0.212   0.431   1553    1993    859     1134    0       1163    859     304     0
thr_0.6004      0.726   0.213   0.406   1505    1993    810     1183    0       1032    810     222     0
thr_0.6124      0.751   0.213   0.389   1483    1993    776     1217    0       969     776     193     0
thr_0.6148      0.729   0.209   0.358   1483    1993    713     1280    0       906     713     193     0
thr_0.6215      0.750   0.211   0.335   1459    1993    667     1326    0       834     667     167     0
thr_0.6310      0.772   0.211   0.312   1443    1993    622     1371    0       764     622     142     0
thr_0.6420      0.815   0.216   0.288   1412    1993    573     1420    0       679     573     106     0
thr_0.6518      0.866   0.212   0.265   1384    1993    529     1464    0       600     529     71      0
thr_0.6596      0.863   0.215   0.242   1381    1993    482     1511    0       548     482     66      0
thr_0.6656      0.868   0.195   0.224   1380    1993    446     1547    0       505     446     59      0
thr_0.6735      0.859   0.196   0.203   1379    1993    404     1589    0       461     404     57      0
thr_0.6808      0.832   0.206   0.171   1379    1993    340     1653    0       397     340     57      0
thr_0.6860      0.834   0.207   0.151   1377    1993    301     1692    0       351     301     50      0
thr_0.6950      0.827   0.209   0.128   1371    1993    255     1738    0       299     255     44      0
thr_0.7103      0.841   0.171   0.101   1365    1993    201     1792    0       233     201     32      0
Computing metrics for class bus...
Computed thresholds
                MOTAR   MOTP    Recall  Frames  GT      GT-Mtch GT-Miss GT-IDS  Pred    Pred-TP Pred-FP Pred-IDS
thr_0.3992      0.732   0.512   0.848   1791    2112    1781    321     10      2268    1781    477     10
thr_0.5017      0.791   0.513   0.825   1710    2112    1735    369     8       2106    1735    363     8
thr_0.5425      0.831   0.519   0.798   1659    2112    1678    427     7       1968    1678    283     7
thr_0.5532      0.861   0.517   0.778   1628    2112    1637    469     6       1870    1637    227     6
thr_0.5688      0.882   0.513   0.755   1603    2112    1588    518     6       1781    1588    187     6
thr_0.5848      0.904   0.504   0.730   1565    2112    1535    571     6       1688    1535    147     6
thr_0.6077      0.909   0.497   0.705   1560    2112    1484    623     5       1624    1484    135     5
thr_0.6437      0.913   0.485   0.682   1555    2112    1438    672     2       1565    1438    125     2
thr_0.6482      0.913   0.485   0.661   1555    2112    1394    717     1       1516    1394    121     1
thr_0.6524      0.933   0.475   0.640   1555    2112    1351    760     1       1443    1351    91      1
thr_0.6594      0.931   0.465   0.620   1555    2112    1308    803     1       1399    1308    90      1
thr_0.6782      0.953   0.472   0.590   1530    2112    1245    866     1       1305    1245    59      1
thr_0.6922      0.959   0.478   0.567   1530    2112    1197    914     1       1247    1197    49      1
thr_0.6932      0.957   0.477   0.546   1530    2112    1152    959     1       1202    1152    49      1
thr_0.7071      0.955   0.482   0.521   1530    2112    1099    1012    1       1149    1099    49      1
thr_0.7142      0.960   0.476   0.498   1530    2112    1050    1061    1       1093    1050    42      1
thr_0.7314      0.962   0.471   0.473   1528    2112    997     1114    1       1036    997     38      1
thr_0.7333      0.963   0.471   0.460   1528    2112    971     1140    1       1008    971     36      1
thr_0.7513      0.967   0.462   0.426   1527    2112    899     1212    1       930     899     30      1
thr_0.7584      0.985   0.448   0.407   1525    2112    858     1253    1       872     858     13      1
thr_0.7742      0.986   0.455   0.379   1525    2112    799     1312    1       811     799     11      1
thr_0.7917      0.985   0.447   0.359   1525    2112    757     1354    1       769     757     11      1
thr_0.7921      0.985   0.459   0.340   1525    2112    717     1394    1       729     717     11      1
thr_0.7943      0.988   0.455   0.316   1525    2112    667     1444    1       676     667     8       1
thr_0.7970      0.989   0.450   0.298   1525    2112    628     1483    1       636     628     7       1
thr_0.8022      0.989   0.433   0.263   1525    2112    556     1556    0       562     556     6       0
thr_0.8071      0.988   0.405   0.241   1525    2112    508     1604    0       514     508     6       0
thr_0.8140      0.988   0.416   0.228   1525    2112    481     1631    0       487     481     6       0
thr_0.8189      0.986   0.403   0.201   1525    2112    425     1687    0       431     425     6       0
thr_0.8321      0.984   0.396   0.174   1525    2112    367     1745    0       373     367     6       0
thr_0.8347      0.988   0.377   0.163   1525    2112    344     1768    0       348     344     4       0
thr_0.8442      0.985   0.389   0.125   1525    2112    264     1848    0       268     264     4       0
thr_0.8591      0.991   0.408   0.101   1525    2112    214     1898    0       216     214     2       0
Computing metrics for class car...
Computed thresholds
                MOTAR   MOTP    Recall  Frames  GT      GT-Mtch GT-Miss GT-IDS  Pred    Pred-TP Pred-FP Pred-IDS
thr_0.2426      0.614   0.293   0.866   5866    58317   50254   7789    274     69937   50254   19409   274
thr_0.4137      0.752   0.284   0.843   5792    58317   48966   9131    220     61338   48966   12152   220
thr_0.4771      0.796   0.279   0.821   5771    58317   47666   10457   194     57605   47666   9745    194
thr_0.4944      0.812   0.274   0.798   5771    58317   46342   11788   187     55264   46342   8735    187
thr_0.5099      0.829   0.269   0.774   5764    58317   44940   13202   175     52783   44940   7668    175
thr_0.5215      0.839   0.267   0.751   5759    58317   43622   14525   170     50830   43622   7038    170
thr_0.5318      0.849   0.265   0.727   5755    58317   42253   15895   169     48783   42253   6361    169
thr_0.5396      0.858   0.262   0.704   5754    58317   40901   17248   168     46881   40901   5812    168
thr_0.5476      0.865   0.259   0.681   5754    58317   39560   18595   162     45059   39560   5337    162
thr_0.5549      0.871   0.256   0.658   5754    58317   38215   19944   158     43291   38215   4918    158
thr_0.5619      0.877   0.254   0.635   5754    58317   36875   21291   151     41576   36875   4550    151
thr_0.5692      0.879   0.252   0.612   5749    58317   35531   22643   143     39957   35531   4283    143
thr_0.5758      0.882   0.249   0.588   5749    58317   34174   24005   138     38333   34174   4021    138
thr_0.5819      0.883   0.248   0.566   5747    58317   32854   25333   130     36814   32854   3830    130
thr_0.5884      0.887   0.246   0.542   5747    58317   31494   26697   126     35176   31494   3556    126
thr_0.5958      0.891   0.245   0.519   5746    58317   30168   28028   121     33572   30168   3283    121
thr_0.6020      0.893   0.243   0.496   5746    58317   28801   29403   113     32008   28801   3094    113
thr_0.6075      0.894   0.240   0.473   5746    58317   27458   30748   111     30467   27458   2898    111
thr_0.6142      0.897   0.239   0.449   5746    58317   26092   32120   105     28877   26092   2680    105
thr_0.6210      0.901   0.238   0.426   5746    58317   24750   33465   102     27292   24750   2440    102
thr_0.6292      0.902   0.237   0.403   5746    58317   23393   34825   99      25777   23393   2285    99
thr_0.6359      0.904   0.235   0.380   5746    58317   22049   36171   97      24253   22049   2107    97
thr_0.6427      0.909   0.233   0.357   5746    58317   20703   37520   94      22675   20703   1878    94
thr_0.6512      0.910   0.233   0.333   5746    58317   19345   38888   84      21162   19345   1733    84
thr_0.6581      0.913   0.232   0.310   5744    58317   18005   40231   81      19660   18005   1574    81
thr_0.6674      0.915   0.228   0.287   5744    58317   16655   41584   78      18142   16655   1409    78
thr_0.6762      0.921   0.227   0.264   5744    58317   15321   42924   72      16610   15321   1217    72
thr_0.6864      0.922   0.227   0.241   5737    58317   13976   44278   63      15125   13976   1086    63
thr_0.6992      0.927   0.224   0.217   5737    58317   12621   45644   52      13592   12621   919     52
thr_0.7122      0.933   0.222   0.194   5731    58317   11252   47017   48      12050   11252   750     48
thr_0.7262      0.934   0.221   0.171   5731    58317   9912    48360   45      10607   9912    650     45
thr_0.7419      0.939   0.219   0.148   5731    58317   8579    49699   39      9142    8579    524     39
thr_0.7569      0.949   0.218   0.124   5729    58317   7204    51084   29      7604    7204    371     29
thr_0.7711      0.950   0.217   0.101   5729    58317   5848    52442   27      6168    5848    293     27
Computing metrics for class motorcycle...
Computed thresholds
                MOTAR   MOTP    Recall  Frames  GT      GT-Mtch GT-Miss GT-IDS  Pred    Pred-TP Pred-FP Pred-IDS
thr_0.4473      0.427   0.322   0.718   1807    1977    1406    557     14      2225    1406    805     14
thr_0.4794      0.500   0.310   0.699   1717    1977    1368    596     13      2065    1368    684     13
thr_0.5166      0.660   0.310   0.684   1549    1977    1343    624     10      1809    1343    456     10
thr_0.5322      0.675   0.308   0.649   1517    1977    1273    694     10      1697    1273    414     10
thr_0.5387      0.677   0.309   0.633   1508    1977    1243    725     9       1653    1243    401     9
thr_0.5569      0.721   0.310   0.605   1469    1977    1188    780     9       1529    1188    332     9
thr_0.5576      0.712   0.315   0.587   1469    1977    1152    816     9       1493    1152    332     9
thr_0.5703      0.743   0.314   0.554   1439    1977    1087    882     8       1374    1087    279     8
thr_0.5823      0.749   0.318   0.531   1427    1977    1043    927     7       1312    1043    262     7
thr_0.5953      0.758   0.314   0.509   1423    1977    999     971     7       1248    999     242     7
thr_0.6067      0.787   0.313   0.486   1390    1977    955     1016    6       1164    955     203     6
thr_0.6121      0.794   0.315   0.465   1386    1977    913     1058    6       1107    913     188     6
thr_0.6182      0.821   0.303   0.432   1386    1977    849     1122    6       1007    849     152     6
thr_0.6203      0.817   0.301   0.417   1386    1977    819     1152    6       975     819     150     6
thr_0.6253      0.833   0.288   0.389   1366    1977    765     1207    5       898     765     128     5
thr_0.6267      0.823   0.278   0.369   1366    1977    725     1247    5       858     725     128     5
thr_0.6330      0.825   0.271   0.345   1361    1977    679     1294    4       802     679     119     4
thr_0.6364      0.812   0.271   0.323   1361    1977    634     1339    4       757     634     119     4
thr_0.6508      0.806   0.274   0.294   1359    1977    577     1396    4       693     577     112     4
thr_0.6530      0.806   0.275   0.271   1350    1977    532     1441    4       639     532     103     4
thr_0.6606      0.793   0.273   0.248   1348    1977    488     1486    3       592     488     101     3
thr_0.6729      0.829   0.254   0.221   1334    1977    434     1540    3       511     434     74      3
thr_0.6828      0.812   0.262   0.200   1334    1977    393     1581    3       470     393     74      3
thr_0.6963      0.816   0.258   0.175   1327    1977    342     1632    3       408     342     63      3
thr_0.7062      0.825   0.249   0.154   1321    1977    302     1672    3       358     302     53      3
thr_0.7088      0.797   0.261   0.131   1321    1977    256     1719    2       310     256     52      2
thr_0.7113      0.802   0.227   0.116   1314    1977    227     1748    2       274     227     45      2
Computing metrics for class pedestrian...
Computed thresholds
                MOTAR   MOTP    Recall  Frames  GT      GT-Mtch GT-Miss GT-IDS  Pred    Pred-TP Pred-FP Pred-IDS
thr_0.4582      0.764   0.316   0.872   4549    25423   21965   3247    211     27370   21965   5194    211
thr_0.5545      0.817   0.312   0.851   4453    25423   21460   3785    178     25573   21460   3935    178
thr_0.5814      0.837   0.307   0.830   4432    25423   20940   4320    163     24521   20940   3418    163
thr_0.6005      0.850   0.306   0.809   4406    25423   20419   4861    143     23619   20419   3057    143
thr_0.6092      0.860   0.311   0.786   4402    25423   19857   5428    138     22772   19857   2777    138
thr_0.6164      0.872   0.312   0.765   4393    25423   19315   5979    129     21920   19315   2476    129
thr_0.6239      0.881   0.312   0.742   4377    25423   18740   6562    121     21099   18740   2238    121
thr_0.6289      0.887   0.311   0.719   4374    25423   18175   7133    115     20342   18175   2052    115
thr_0.6341      0.891   0.306   0.696   4372    25423   17581   7733    109     19614   17581   1924    109
thr_0.6386      0.889   0.303   0.673   4365    25423   17007   8315    101     18988   17007   1880    101
thr_0.6422      0.895   0.298   0.650   4351    25423   16442   8891    90      18265   16442   1733    90
thr_0.6463      0.895   0.299   0.627   4332    25423   15864   9472    87      17611   15864   1660    87
thr_0.6515      0.899   0.302   0.604   4308    25423   15263   10078   82      16887   15263   1542    82
thr_0.6564      0.900   0.301   0.580   4306    25423   14663   10680   80      16205   14663   1462    80
thr_0.6605      0.906   0.301   0.557   4301    25423   14098   11251   74      15492   14098   1320    74
thr_0.6646      0.907   0.296   0.534   4299    25423   13514   11842   67      14832   13514   1251    67
thr_0.6688      0.914   0.298   0.510   4283    25423   12909   12451   63      14081   12909   1109    63
thr_0.6728      0.917   0.297   0.487   4282    25423   12310   13051   62      13399   12310   1027    62
thr_0.6780      0.919   0.295   0.462   4282    25423   11691   13674   58      12693   11691   944     58
thr_0.6819      0.922   0.296   0.439   4276    25423   11100   14268   55      12018   11100   863     55
thr_0.6863      0.924   0.293   0.416   4274    25423   10516   14858   49      11368   10516   803     49
thr_0.6906      0.925   0.292   0.392   4268    25423   9911    15468   44      10697   9911    742     44
thr_0.6962      0.930   0.295   0.369   4267    25423   9332    16050   41      10030   9332    657     41
thr_0.7012      0.933   0.293   0.344   4266    25423   8705    16678   40      9332    8705    587     40
thr_0.7074      0.931   0.296   0.321   4264    25423   8112    17272   39      8711    8112    560     39
thr_0.7138      0.933   0.297   0.298   4263    25423   7530    17857   36      8072    7530    506     36
thr_0.7193      0.933   0.298   0.274   4255    25423   6922    18466   35      7419    6922    462     35
thr_0.7250      0.938   0.297   0.249   4251    25423   6303    19087   33      6724    6303    388     33
thr_0.7309      0.937   0.286   0.225   4251    25423   5693    19703   27      6078    5693    358     27
thr_0.7385      0.944   0.282   0.202   4248    25423   5100    20300   23      5411    5100    288     23
thr_0.7454      0.948   0.294   0.178   4248    25423   4495    20909   19      4746    4495    232     19
thr_0.7533      0.958   0.296   0.154   4248    25423   3897    21510   16      4076    3897    163     16
thr_0.7612      0.969   0.295   0.129   4248    25423   3274    22136   13      3389    3274    102     13
thr_0.7685      0.969   0.277   0.106   4247    25423   2675    22740   8       2767    2675    84      8
Computing metrics for class trailer...
Computed thresholds
                MOTAR   MOTP    Recall  Frames  GT      GT-Mtch GT-Miss GT-IDS  Pred    Pred-TP Pred-FP Pred-IDS
thr_0.3106      0.000   0.653   0.678   1636    2425    1641    781     3       3392    1641    1748    3
thr_0.4298      0.321   0.646   0.657   1299    2425    1592    831     2       2675    1592    1081    2
thr_0.4447      0.342   0.634   0.631   1281    2425    1529    895     1       2536    1529    1006    1
thr_0.4847      0.438   0.636   0.609   1214    2425    1476    948     1       2306    1476    829     1
thr_0.4857      0.427   0.617   0.593   1208    2425    1437    987     1       2261    1437    823     1
thr_0.4940      0.437   0.617   0.571   1191    2425    1384    1040    1       2164    1384    779     1
thr_0.5283      0.557   0.587   0.539   1148    2425    1306    1118    1       1886    1306    579     1
thr_0.5483      0.574   0.588   0.517   1125    2425    1252    1172    1       1786    1252    533     1
thr_0.5659      0.651   0.582   0.498   1095    2425    1206    1218    1       1628    1206    421     1
thr_0.5692      0.646   0.575   0.475   1089    2425    1152    1272    1       1561    1152    408     1
thr_0.5748      0.627   0.579   0.451   1089    2425    1093    1331    1       1502    1093    408     1
thr_0.5783      0.635   0.585   0.424   1067    2425    1026    1398    1       1401    1026    374     1
thr_0.5912      0.663   0.575   0.410   1062    2425    993     1431    1       1329    993     335     1
thr_0.6131      0.721   0.578   0.379   1023    2425    919     1506    0       1175    919     256     0
thr_0.6222      0.707   0.569   0.359   1023    2425    870     1555    0       1125    870     255     0
thr_0.6255      0.731   0.556   0.339   1018    2425    822     1603    0       1043    822     221     0
thr_0.6388      0.724   0.562   0.308   1018    2425    746     1679    0       952     746     206     0
thr_0.6454      0.746   0.543   0.287   1017    2425    696     1729    0       873     696     177     0
thr_0.6560      0.743   0.553   0.263   1009    2425    638     1787    0       802     638     164     0
thr_0.6737      0.824   0.550   0.247   997     2425    598     1827    0       703     598     105     0
thr_0.6762      0.811   0.518   0.216   997     2425    525     1900    0       624     525     99      0
thr_0.7085      0.838   0.492   0.198   996     2425    480     1945    0       558     480     78      0
thr_0.7329      0.875   0.509   0.175   981     2425    424     2001    0       477     424     53      0
thr_0.7623      0.926   0.457   0.151   974     2425    366     2059    0       393     366     27      0
thr_0.7733      0.917   0.498   0.134   974     2425    325     2100    0       352     325     27      0
thr_0.7776      0.922   0.484   0.106   974     2425    257     2168    0       277     257     20      0
Computing metrics for class truck...
Computed thresholds
                MOTAR   MOTP    Recall  Frames  GT      GT-Mtch GT-Miss GT-IDS  Pred    Pred-TP Pred-FP Pred-IDS
thr_0.3026      0.240   0.389   0.819   4347    9650    7884    1743    23      13898   7884    5991    23
thr_0.4104      0.565   0.389   0.795   4084    9650    7652    1981    17      10995   7652    3326    17
thr_0.4460      0.626   0.386   0.772   4015    9650    7434    2200    16      10233   7434    2783    16
thr_0.4680      0.665   0.380   0.749   3961    9650    7214    2421    15      9646    7214    2417    15
thr_0.4819      0.705   0.376   0.726   3913    9650    6992    2645    13      9069    6992    2064    13
thr_0.4927      0.726   0.377   0.703   3913    9650    6768    2870    12      8632    6768    1852    12
thr_0.5023      0.740   0.371   0.679   3896    9650    6544    3096    10      8258    6544    1704    10
thr_0.5083      0.747   0.368   0.656   3888    9650    6318    3323    9       7925    6318    1598    9
thr_0.5142      0.748   0.368   0.632   3882    9650    6094    3547    9       7637    6094    1534    9
thr_0.5187      0.746   0.366   0.610   3860    9650    5880    3763    7       7381    5880    1494    7
thr_0.5250      0.750   0.363   0.588   3821    9650    5667    3978    5       7091    5667    1419    5
thr_0.5346      0.759   0.364   0.564   3806    9650    5438    4208    4       6755    5438    1313    4
thr_0.5411      0.779   0.366   0.540   3765    9650    5209    4437    4       6362    5209    1149    4
thr_0.5451      0.797   0.363   0.518   3753    9650    4995    4652    3       6013    4995    1015    3
thr_0.5549      0.800   0.361   0.495   3733    9650    4771    4876    3       5726    4771    952     3
thr_0.5619      0.819   0.361   0.475   3697    9650    4578    5069    3       5411    4578    830     3
thr_0.5674      0.832   0.363   0.451   3693    9650    4348    5300    2       5081    4348    731     2
thr_0.5743      0.839   0.358   0.424   3685    9650    4095    5554    1       4754    4095    658     1
thr_0.5805      0.848   0.360   0.402   3652    9650    3878    5771    1       4467    3878    588     1
thr_0.5865      0.851   0.357   0.380   3652    9650    3666    5983    1       4215    3666    548     1
thr_0.5989      0.873   0.357   0.355   3627    9650    3420    6229    1       3856    3420    435     1
thr_0.6052      0.867   0.346   0.332   3625    9650    3206    6443    1       3633    3206    426     1
thr_0.6113      0.872   0.343   0.309   3624    9650    2979    6670    1       3361    2979    381     1
thr_0.6184      0.867   0.341   0.285   3624    9650    2752    6897    1       3120    2752    367     1
thr_0.6296      0.874   0.338   0.262   3593    9650    2530    7120    0       2850    2530    320     0
thr_0.6327      0.864   0.335   0.241   3593    9650    2322    7328    0       2637    2322    315     0
thr_0.6404      0.862   0.346   0.216   3580    9650    2083    7567    0       2370    2083    287     0
thr_0.6494      0.852   0.351   0.193   3580    9650    1864    7786    0       2139    1864    275     0
thr_0.6606      0.887   0.358   0.170   3580    9650    1644    8006    0       1829    1644    185     0
thr_0.6674      0.903   0.342   0.148   3578    9650    1427    8223    0       1565    1427    138     0
thr_0.6843      0.932   0.345   0.126   3575    9650    1218    8432    0       1301    1218    83      0
thr_0.7010      0.976   0.333   0.102   3570    9650    987     8663    0       1011    987     24      0
Calculating metrics...
Saving metrics to: /root/autodl-tmp/results/nuscenes/nuscenes/20260608_204142/eval_result/

### Final results ###

Per-class results:
                AMOTA   AMOTP   RECALL  MOTAR   GT      MOTA    MOTP    MT      ML      FAF     TP      FP      FN      IDS     FRAG    TID     LGD
bicycle         0.385   0.925   0.406   0.726   1993    0.295   0.213   33      89      14.8    810     222     1183    0       2       1.55    1.62
bus             0.777   0.730   0.778   0.861   2112    0.668   0.517   64      16      13.9    1637    227     469     6       34      0.58    1.10
car             0.747   0.508   0.821   0.796   58317   0.650   0.279   2423    726     168.9   47666   9745    10457   194     261     0.53    0.70
motorcy         0.511   0.845   0.684   0.660   1977    0.449   0.310   60      33      29.4    1343    456     624     10      16      1.45    1.85
pedestr         0.770   0.554   0.851   0.817   25423   0.689   0.312   1194    264     88.4    21460   3935    3785    178     139     0.47    0.67
trailer         0.420   1.069   0.498   0.651   2425    0.324   0.582   55      68      38.4    1206    421     1218    1       13      0.66    1.20
truck           0.630   0.688   0.726   0.705   9650    0.511   0.376   299     162     52.7    6992    2064    2645    13      40      0.66    0.90

Aggregated results:
AMOTA   0.606
AMOTP   0.760
RECALL  0.681
MOTAR   0.745
GT      14556
MOTA    0.512
MOTP    0.370
MT      4128
ML      1358
FAF     58.1
TP      81114
FP      17070
FN      20381
IDS     402
FRAG    505
TID     0.84
LGD     1.15
Eval time: 2981.3s