Computing metrics for class bicycle...

Computed thresholds                                                                                                                                                                                                                                 

                MOTAR   MOTP    Recall  Frames  GT      GT-Mtch GT-Miss GT-IDS  Pred    Pred-TP Pred-FP Pred-IDS                                                                                                                                    
thr_0.2719      0.000   0.209   0.655   3821    1993    1304    688     1       7031    1304    5726    1

                MOTAR   MOTP    Recall  Frames  GT      GT-Mtch GT-Miss GT-IDS  Pred    Pred-TP Pred-FP Pred-IDS                                                                                                                                    
thr_0.3895      0.000   0.200   0.635   2946    1993    1265    727     1       3878    1265    2612    1

                MOTAR   MOTP    Recall  Frames  GT      GT-Mtch GT-Miss GT-IDS  Pred    Pred-TP Pred-FP Pred-IDS                                                                                                                                    
thr_0.4493      0.000   0.182   0.611   2400    1993    1217    776     0       2794    1217    1577    0

                MOTAR   MOTP    Recall  Frames  GT      GT-Mtch GT-Miss GT-IDS  Pred    Pred-TP Pred-FP Pred-IDS                                                                                                                                    
thr_0.4881      0.229   0.172   0.588   1936    1993    1171    822     0       2074    1171    903     0

                MOTAR   MOTP    Recall  Frames  GT      GT-Mtch GT-Miss GT-IDS  Pred    Pred-TP Pred-FP Pred-IDS                                                                                                                                    
thr_0.4903      0.214   0.177   0.568   1923    1993    1132    861     0       2022    1132    890     0

                MOTAR   MOTP    Recall  Frames  GT      GT-Mtch GT-Miss GT-IDS  Pred    Pred-TP Pred-FP Pred-IDS                                                                                                                                    
thr_0.5152      0.386   0.171   0.542   1750    1993    1080    913     0       1743    1080    663     0

                MOTAR   MOTP    Recall  Frames  GT      GT-Mtch GT-Miss GT-IDS  Pred    Pred-TP Pred-FP Pred-IDS                                                                                                                                    
thr_0.5190      0.400   0.172   0.521   1716    1993    1038    955     0       1661    1038    623     0

                MOTAR   MOTP    Recall  Frames  GT      GT-Mtch GT-Miss GT-IDS  Pred    Pred-TP Pred-FP Pred-IDS                                                                                                                                    
thr_0.5279      0.434   0.168   0.498   1693    1993    992     1001    0       1553    992     561     0

                MOTAR   MOTP    Recall  Frames  GT      GT-Mtch GT-Miss GT-IDS  Pred    Pred-TP Pred-FP Pred-IDS                                                                                                                                    
thr_0.5407      0.490   0.168   0.472   1620    1993    941     1052    0       1421    941     480     0

                MOTAR   MOTP    Recall  Frames  GT      GT-Mtch GT-Miss GT-IDS  Pred    Pred-TP Pred-FP Pred-IDS                                                                                                                                    
thr_0.5495      0.523   0.165   0.456   1588    1993    908     1085    0       1341    908     433     0

                MOTAR   MOTP    Recall  Frames  GT      GT-Mtch GT-Miss GT-IDS  Pred    Pred-TP Pred-FP Pred-IDS                                                                                                                                    
thr_0.5606      0.553   0.169   0.427   1561    1993    852     1141    0       1233    852     381     0

                MOTAR   MOTP    Recall  Frames  GT      GT-Mtch GT-Miss GT-IDS  Pred    Pred-TP Pred-FP Pred-IDS                                                                                                                                    
thr_0.5673      0.560   0.168   0.406   1552    1993    809     1184    0       1165    809     356     0

                MOTAR   MOTP    Recall  Frames  GT      GT-Mtch GT-Miss GT-IDS  Pred    Pred-TP Pred-FP Pred-IDS                                                                                                                                    
thr_0.5745      0.624   0.170   0.385   1520    1993    768     1225    0       1057    768     289     0

                MOTAR   MOTP    Recall  Frames  GT      GT-Mtch GT-Miss GT-IDS  Pred    Pred-TP Pred-FP Pred-IDS                                                                                                                                    
thr_0.6004      0.749   0.173   0.356   1454    1993    709     1284    0       887     709     178     0

                MOTAR   MOTP    Recall  Frames  GT      GT-Mtch GT-Miss GT-IDS  Pred    Pred-TP Pred-FP Pred-IDS                                                                                                                                    
thr_0.6116      0.759   0.176   0.337   1442    1993    671     1322    0       833     671     162     0

                MOTAR   MOTP    Recall  Frames  GT      GT-Mtch GT-Miss GT-IDS  Pred    Pred-TP Pred-FP Pred-IDS                                                                                                                                    
thr_0.6141      0.748   0.175   0.323   1442    1993    643     1350    0       805     643     162     0

                MOTAR   MOTP    Recall  Frames  GT      GT-Mtch GT-Miss GT-IDS  Pred    Pred-TP Pred-FP Pred-IDS                                                                                                                                    
thr_0.6243      0.777   0.172   0.288   1418    1993    574     1419    0       702     574     128     0

                MOTAR   MOTP    Recall  Frames  GT      GT-Mtch GT-Miss GT-IDS  Pred    Pred-TP Pred-FP Pred-IDS                                                                                                                                    
thr_0.6372      0.805   0.168   0.265   1405    1993    528     1465    0       631     528     103     0

                MOTAR   MOTP    Recall  Frames  GT      GT-Mtch GT-Miss GT-IDS  Pred    Pred-TP Pred-FP Pred-IDS                                                                                                                                    
thr_0.6457      0.829   0.172   0.240   1391    1993    479     1514    0       561     479     82      0

                MOTAR   MOTP    Recall  Frames  GT      GT-Mtch GT-Miss GT-IDS  Pred    Pred-TP Pred-FP Pred-IDS                                                                                                                                    
thr_0.6518      0.840   0.174   0.226   1385    1993    450     1543    0       522     450     72      0

                MOTAR   MOTP    Recall  Frames  GT      GT-Mtch GT-Miss GT-IDS  Pred    Pred-TP Pred-FP Pred-IDS                                                                                                                                    
thr_0.6656      0.832   0.173   0.197   1385    1993    392     1601    0       458     392     66      0

                MOTAR   MOTP    Recall  Frames  GT      GT-Mtch GT-Miss GT-IDS  Pred    Pred-TP Pred-FP Pred-IDS                                                                                                                                    
thr_0.6735      0.835   0.176   0.170   1381    1993    339     1654    0       395     339     56      0

                MOTAR   MOTP    Recall  Frames  GT      GT-Mtch GT-Miss GT-IDS  Pred    Pred-TP Pred-FP Pred-IDS                                                                                                                                    
thr_0.6808      0.811   0.182   0.149   1381    1993    296     1697    0       352     296     56      0

                MOTAR   MOTP    Recall  Frames  GT      GT-Mtch GT-Miss GT-IDS  Pred    Pred-TP Pred-FP Pred-IDS                                                                                                                                    
thr_0.6927      0.819   0.185   0.124   1375    1993    248     1745    0       293     248     45      0

                MOTAR   MOTP    Recall  Frames  GT      GT-Mtch GT-Miss GT-IDS  Pred    Pred-TP Pred-FP Pred-IDS                                                                                                                                    
thr_0.6950      0.795   0.183   0.110   1375    1993    219     1774    0       264     219     45      0

Computing metrics for class bus...

Computed thresholds                                                                                                                                                                                                                                 

                MOTAR   MOTP    Recall  Frames  GT      GT-Mtch GT-Miss GT-IDS  Pred    Pred-TP Pred-FP Pred-IDS                                                                                                                                    
thr_0.4839      0.812   0.412   0.852   1710    2112    1791    313     8       2136    1791    337     8

                MOTAR   MOTP    Recall  Frames  GT      GT-Mtch GT-Miss GT-IDS  Pred    Pred-TP Pred-FP Pred-IDS                                                                                                                                    
thr_0.4970      0.810   0.416   0.825   1702    2112    1735    369     8       2072    1735    329     8

                MOTAR   MOTP    Recall  Frames  GT      GT-Mtch GT-Miss GT-IDS  Pred    Pred-TP Pred-FP Pred-IDS                                                                                                                                    
thr_0.5510      0.898   0.414   0.800   1587    2112    1683    423     6       1860    1683    171     6

                MOTAR   MOTP    Recall  Frames  GT      GT-Mtch GT-Miss GT-IDS  Pred    Pred-TP Pred-FP Pred-IDS                                                                                                                                    
thr_0.5553      0.902   0.409   0.782   1582    2112    1646    460     6       1813    1646    161     6

                MOTAR   MOTP    Recall  Frames  GT      GT-Mtch GT-Miss GT-IDS  Pred    Pred-TP Pred-FP Pred-IDS                                                                                                                                    
thr_0.5720      0.924   0.399   0.753   1559    2112    1585    522     5       1711    1585    121     5

                MOTAR   MOTP    Recall  Frames  GT      GT-Mtch GT-Miss GT-IDS  Pred    Pred-TP Pred-FP Pred-IDS                                                                                                                                    
thr_0.5845      0.928   0.397   0.742   1552    2112    1562    545     5       1680    1562    113     5

                MOTAR   MOTP    Recall  Frames  GT      GT-Mtch GT-Miss GT-IDS  Pred    Pred-TP Pred-FP Pred-IDS                                                                                                                                    
thr_0.6111      0.959   0.388   0.711   1536    2112    1497    611     4       1563    1497    62      4

                MOTAR   MOTP    Recall  Frames  GT      GT-Mtch GT-Miss GT-IDS  Pred    Pred-TP Pred-FP Pred-IDS                                                                                                                                    
thr_0.6144      0.961   0.376   0.688   1532    2112    1451    659     2       1509    1451    56      2

                MOTAR   MOTP    Recall  Frames  GT      GT-Mtch GT-Miss GT-IDS  Pred    Pred-TP Pred-FP Pred-IDS                                                                                                                                    
thr_0.6240      0.960   0.371   0.657   1532    2112    1386    724     2       1444    1386    56      2

                MOTAR   MOTP    Recall  Frames  GT      GT-Mtch GT-Miss GT-IDS  Pred    Pred-TP Pred-FP Pred-IDS                                                                                                                                    
thr_0.6478      0.962   0.374   0.635   1531    2112    1341    770     1       1393    1341    51      1

                MOTAR   MOTP    Recall  Frames  GT      GT-Mtch GT-Miss GT-IDS  Pred    Pred-TP Pred-FP Pred-IDS                                                                                                                                    
thr_0.6520      0.962   0.367   0.620   1531    2112    1308    803     1       1359    1308    50      1

                MOTAR   MOTP    Recall  Frames  GT      GT-Mtch GT-Miss GT-IDS  Pred    Pred-TP Pred-FP Pred-IDS                                                                                                                                    
thr_0.6594      0.961   0.353   0.599   1531    2112    1265    846     1       1315    1265    49      1

                MOTAR   MOTP    Recall  Frames  GT      GT-Mtch GT-Miss GT-IDS  Pred    Pred-TP Pred-FP Pred-IDS                                                                                                                                    
thr_0.6782      0.964   0.356   0.570   1531    2112    1202    909     1       1246    1202    43      1

                MOTAR   MOTP    Recall  Frames  GT      GT-Mtch GT-Miss GT-IDS  Pred    Pred-TP Pred-FP Pred-IDS                                                                                                                                    
thr_0.6873      0.971   0.358   0.548   1531    2112    1156    955     1       1190    1156    33      1

                MOTAR   MOTP    Recall  Frames  GT      GT-Mtch GT-Miss GT-IDS  Pred    Pred-TP Pred-FP Pred-IDS                                                                                                                                    
thr_0.7013      0.970   0.353   0.526   1531    2112    1109    1002    1       1143    1109    33      1

                MOTAR   MOTP    Recall  Frames  GT      GT-Mtch GT-Miss GT-IDS  Pred    Pred-TP Pred-FP Pred-IDS                                                                                                                                    
thr_0.7071      0.968   0.358   0.494   1531    2112    1043    1068    1       1077    1043    33      1

                MOTAR   MOTP    Recall  Frames  GT      GT-Mtch GT-Miss GT-IDS  Pred    Pred-TP Pred-FP Pred-IDS                                                                                                                                    
thr_0.7110      0.971   0.356   0.475   1531    2112    1003    1108    1       1033    1003    29      1

                MOTAR   MOTP    Recall  Frames  GT      GT-Mtch GT-Miss GT-IDS  Pred    Pred-TP Pred-FP Pred-IDS                                                                                                                                    
thr_0.7319      0.976   0.348   0.448   1528    2112    945     1166    1       969     945     23      1

                MOTAR   MOTP    Recall  Frames  GT      GT-Mtch GT-Miss GT-IDS  Pred    Pred-TP Pred-FP Pred-IDS                                                                                                                                    
thr_0.7333      0.976   0.350   0.441   1528    2112    930     1181    1       953     930     22      1

                MOTAR   MOTP    Recall  Frames  GT      GT-Mtch GT-Miss GT-IDS  Pred    Pred-TP Pred-FP Pred-IDS                                                                                                                                    
thr_0.7550      0.980   0.354   0.409   1527    2112    862     1249    1       880     862     17      1

                MOTAR   MOTP    Recall  Frames  GT      GT-Mtch GT-Miss GT-IDS  Pred    Pred-TP Pred-FP Pred-IDS                                                                                                                                    
thr_0.7673      0.993   0.324   0.389   1526    2112    821     1290    1       828     821     6       1

                MOTAR   MOTP    Recall  Frames  GT      GT-Mtch GT-Miss GT-IDS  Pred    Pred-TP Pred-FP Pred-IDS                                                                                                                                    
thr_0.7917      0.992   0.325   0.355   1526    2112    749     1362    1       756     749     6       1

                MOTAR   MOTP    Recall  Frames  GT      GT-Mtch GT-Miss GT-IDS  Pred    Pred-TP Pred-FP Pred-IDS                                                                                                                                    
thr_0.7919      0.992   0.332   0.336   1526    2112    709     1402    1       716     709     6       1

                MOTAR   MOTP    Recall  Frames  GT      GT-Mtch GT-Miss GT-IDS  Pred    Pred-TP Pred-FP Pred-IDS                                                                                                                                    
thr_0.7943      0.994   0.330   0.309   1526    2112    652     1460    0       656     652     4       0

                MOTAR   MOTP    Recall  Frames  GT      GT-Mtch GT-Miss GT-IDS  Pred    Pred-TP Pred-FP Pred-IDS                                                                                                                                    
thr_0.7970      0.993   0.328   0.290   1526    2112    612     1500    0       616     612     4       0

                MOTAR   MOTP    Recall  Frames  GT      GT-Mtch GT-Miss GT-IDS  Pred    Pred-TP Pred-FP Pred-IDS                                                                                                                                    
thr_0.8006      0.993   0.327   0.271   1526    2112    572     1540    0       576     572     4       0

                MOTAR   MOTP    Recall  Frames  GT      GT-Mtch GT-Miss GT-IDS  Pred    Pred-TP Pred-FP Pred-IDS                                                                                                                           
thr_0.8047      0.992   0.309   0.243   1526    2112    513     1599    0       517     513     4       0

                MOTAR   MOTP    Recall  Frames  GT      GT-Mtch GT-Miss GT-IDS  Pred    Pred-TP Pred-FP Pred-IDS                                                                                                                           
thr_0.8140      0.992   0.315   0.230   1526    2112    486     1626    0       490     486     4       0

                MOTAR   MOTP    Recall  Frames  GT      GT-Mtch GT-Miss GT-IDS  Pred    Pred-TP Pred-FP Pred-IDS                                                                                                                           
thr_0.8189      0.995   0.308   0.199   1526    2112    420     1692    0       422     420     2       0

                MOTAR   MOTP    Recall  Frames  GT      GT-Mtch GT-Miss GT-IDS  Pred    Pred-TP Pred-FP Pred-IDS                                                                                                                           
thr_0.8321      0.994   0.297   0.171   1526    2112    362     1750    0       364     362     2       0

                MOTAR   MOTP    Recall  Frames  GT      GT-Mtch GT-Miss GT-IDS  Pred    Pred-TP Pred-FP Pred-IDS                                                                                                                           
thr_0.8341      0.997   0.287   0.159   1525    2112    336     1776    0       337     336     1       0

                MOTAR   MOTP    Recall  Frames  GT      GT-Mtch GT-Miss GT-IDS  Pred    Pred-TP Pred-FP Pred-IDS                                                                                                                           
thr_0.8388      0.997   0.259   0.140   1525    2112    296     1816    0       297     296     1       0

                MOTAR   MOTP    Recall  Frames  GT      GT-Mtch GT-Miss GT-IDS  Pred    Pred-TP Pred-FP Pred-IDS                                                                                                                           
thr_0.8526      0.996   0.287   0.110   1525    2112    232     1880    0       233     232     1       0

Computing metrics for class car...

 60%|██████████████████████████████████████████████████████████████████████████████████████████████████████████████████████▏                                                                              | 90/150 [00:15<00:09,  6.33it/s]Computed thresholds                                                                                                                                                                                                                        

                MOTAR   MOTP    Recall  Frames  GT      GT-Mtch GT-Miss GT-IDS  Pred    Pred-TP Pred-FP Pred-IDS                                                                                                                           
thr_0.3367      0.674   0.263   0.867   5832    58317   50304   7768    245     66966   50304   16417   245

                MOTAR   MOTP    Recall  Frames  GT      GT-Mtch GT-Miss GT-IDS  Pred    Pred-TP Pred-FP Pred-IDS                                                                                                                           
thr_0.4361      0.761   0.254   0.844   5788    58317   49003   9099    215     60906   49003   11688   215

                MOTAR   MOTP    Recall  Frames  GT      GT-Mtch GT-Miss GT-IDS  Pred    Pred-TP Pred-FP Pred-IDS                                                                                                                           
thr_0.4816      0.797   0.250   0.821   5771    58317   47676   10441   200     57561   47676   9685    200

                MOTAR   MOTP    Recall  Frames  GT      GT-Mtch GT-Miss GT-IDS  Pred    Pred-TP Pred-FP Pred-IDS                                                                                                                           
thr_0.4967      0.814   0.243   0.797   5771    58317   46301   11826   190     55094   46301   8603    190

                MOTAR   MOTP    Recall  Frames  GT      GT-Mtch GT-Miss GT-IDS  Pred    Pred-TP Pred-FP Pred-IDS                                                                                                                           
thr_0.5093      0.828   0.240   0.774   5771    58317   44955   13184   178     52878   44955   7745    178

                MOTAR   MOTP    Recall  Frames  GT      GT-Mtch GT-Miss GT-IDS  Pred    Pred-TP Pred-FP Pred-IDS                                                                                                                           
thr_0.5211      0.838   0.237   0.751   5756    58317   43613   14533   171     50838   43613   7054    171

                MOTAR   MOTP    Recall  Frames  GT      GT-Mtch GT-Miss GT-IDS  Pred    Pred-TP Pred-FP Pred-IDS                                                                                                                           
thr_0.5313      0.848   0.234   0.728   5754    58317   42265   15885   167     48873   42265   6441    167

                MOTAR   MOTP    Recall  Frames  GT      GT-Mtch GT-Miss GT-IDS  Pred    Pred-TP Pred-FP Pred-IDS                                                                                                                           
thr_0.5394      0.856   0.231   0.705   5754    58317   40929   17223   165     46983   40929   5889    165

                MOTAR   MOTP    Recall  Frames  GT      GT-Mtch GT-Miss GT-IDS  Pred    Pred-TP Pred-FP Pred-IDS                                                                                                                           
thr_0.5478      0.863   0.229   0.681   5754    58317   39585   18574   158     45166   39585   5423    158

                MOTAR   MOTP    Recall  Frames  GT      GT-Mtch GT-Miss GT-IDS  Pred    Pred-TP Pred-FP Pred-IDS                                                                                                                           
thr_0.5552      0.869   0.226   0.658   5754    58317   38236   19925   156     43401   38236   5009    156

                MOTAR   MOTP    Recall  Frames  GT      GT-Mtch GT-Miss GT-IDS  Pred    Pred-TP Pred-FP Pred-IDS                                                                                                                           
thr_0.5622      0.874   0.224   0.635   5754    58317   36893   21276   148     41679   36893   4638    148

                MOTAR   MOTP    Recall  Frames  GT      GT-Mtch GT-Miss GT-IDS  Pred    Pred-TP Pred-FP Pred-IDS                                                                                                                           
thr_0.5700      0.877   0.221   0.612   5749    58317   35543   22632   142     40052   35543   4367    142

                MOTAR   MOTP    Recall  Frames  GT      GT-Mtch GT-Miss GT-IDS  Pred    Pred-TP Pred-FP Pred-IDS                                                                                                                           
thr_0.5764      0.880   0.219   0.589   5749    58317   34199   23982   136     38442   34199   4107    136

                MOTAR   MOTP    Recall  Frames  GT      GT-Mtch GT-Miss GT-IDS  Pred    Pred-TP Pred-FP Pred-IDS                                                                                                                           
thr_0.5821      0.881   0.218   0.566   5747    58317   32856   25332   129     36889   32856   3904    129

                MOTAR   MOTP    Recall  Frames  GT      GT-Mtch GT-Miss GT-IDS  Pred    Pred-TP Pred-FP Pred-IDS                                                                                                                           
thr_0.5885      0.885   0.216   0.543   5747    58317   31517   26675   125     35272   31517   3630    125

                MOTAR   MOTP    Recall  Frames  GT      GT-Mtch GT-Miss GT-IDS  Pred    Pred-TP Pred-FP Pred-IDS                                                                                                                           
thr_0.5950      0.890   0.214   0.519   5746    58317   30166   28031   120     33610   30166   3324    120

                MOTAR   MOTP    Recall  Frames  GT      GT-Mtch GT-Miss GT-IDS  Pred    Pred-TP Pred-FP Pred-IDS                                                                                                                           
thr_0.6009      0.890   0.213   0.496   5746    58317   28813   29388   116     32087   28813   3158    116

                MOTAR   MOTP    Recall  Frames  GT      GT-Mtch GT-Miss GT-IDS  Pred    Pred-TP Pred-FP Pred-IDS                                                                                                                           
thr_0.6058      0.891   0.211   0.473   5746    58317   27469   30733   115     30574   27469   2990    115

                MOTAR   MOTP    Recall  Frames  GT      GT-Mtch GT-Miss GT-IDS  Pred    Pred-TP Pred-FP Pred-IDS                                                                                                                           
thr_0.6127      0.895   0.209   0.450   5746    58317   26125   32082   110     28972   26125   2737    110

                MOTAR   MOTP    Recall  Frames  GT      GT-Mtch GT-Miss GT-IDS  Pred    Pred-TP Pred-FP Pred-IDS                                                                                                                           
thr_0.6201      0.899   0.207   0.427   5746    58317   24764   33444   109     27368   24764   2495    109

                MOTAR   MOTP    Recall  Frames  GT      GT-Mtch GT-Miss GT-IDS  Pred    Pred-TP Pred-FP Pred-IDS                                                                                                                           
thr_0.6267      0.900   0.206   0.403   5746    58317   23417   34792   108     25877   23417   2352    108

                MOTAR   MOTP    Recall  Frames  GT      GT-Mtch GT-Miss GT-IDS  Pred    Pred-TP Pred-FP Pred-IDS                                                                                                                           
thr_0.6348      0.903   0.205   0.380   5746    58317   22077   36135   105     24319   22077   2137    105

                MOTAR   MOTP    Recall  Frames  GT      GT-Mtch GT-Miss GT-IDS  Pred    Pred-TP Pred-FP Pred-IDS                                                                                                                           
thr_0.6417      0.907   0.202   0.357   5746    58317   20733   37483   101     22756   20733   1922    101

                MOTAR   MOTP    Recall  Frames  GT      GT-Mtch GT-Miss GT-IDS  Pred    Pred-TP Pred-FP Pred-IDS                                                                                                                           
thr_0.6503      0.908   0.200   0.334   5746    58317   19392   38832   93      21262   19392   1777    93

                MOTAR   MOTP    Recall  Frames  GT      GT-Mtch GT-Miss GT-IDS  Pred    Pred-TP Pred-FP Pred-IDS                                                                                                                           
thr_0.6574      0.911   0.199   0.311   5744    58317   18032   40197   88      19728   18032   1608    88

                MOTAR   MOTP    Recall  Frames  GT      GT-Mtch GT-Miss GT-IDS  Pred    Pred-TP Pred-FP Pred-IDS                                                                                                                           
thr_0.6671      0.912   0.196   0.287   5744    58317   16677   41556   84      18230   16677   1469    84

                MOTAR   MOTP    Recall  Frames  GT      GT-Mtch GT-Miss GT-IDS  Pred    Pred-TP Pred-FP Pred-IDS                                                                                                                           
thr_0.6761      0.919   0.195   0.265   5744    58317   15348   42891   78      16673   15348   1247    78

                MOTAR   MOTP    Recall  Frames  GT      GT-Mtch GT-Miss GT-IDS  Pred    Pred-TP Pred-FP Pred-IDS                                                                                                                           
thr_0.6864      0.921   0.194   0.241   5737    58317   13993   44258   66      15158   13993   1099    66

                MOTAR   MOTP    Recall  Frames  GT      GT-Mtch GT-Miss GT-IDS  Pred    Pred-TP Pred-FP Pred-IDS                                                                                                                           
thr_0.6990      0.925   0.190   0.217   5737    58317   12625   45636   56      13624   12625   943     56

                MOTAR   MOTP    Recall  Frames  GT      GT-Mtch GT-Miss GT-IDS  Pred    Pred-TP Pred-FP Pred-IDS                                                                                                                           
thr_0.7110      0.928   0.190   0.194   5731    58317   11277   46988   52      12138   11277   809     52

                MOTAR   MOTP    Recall  Frames  GT      GT-Mtch GT-Miss GT-IDS  Pred    Pred-TP Pred-FP Pred-IDS                                                                                                                           
thr_0.7259      0.932   0.189   0.171   5731    58317   9911    48359   47      10634   9911    676     47

                MOTAR   MOTP    Recall  Frames  GT      GT-Mtch GT-Miss GT-IDS  Pred    Pred-TP Pred-FP Pred-IDS                                                                                                                           
thr_0.7415      0.938   0.185   0.147   5731    58317   8558    49721   38      9124    8558    528     38

                MOTAR   MOTP    Recall  Frames  GT      GT-Mtch GT-Miss GT-IDS  Pred    Pred-TP Pred-FP Pred-IDS                                                                                                                           
thr_0.7562      0.947   0.185   0.125   5729    58317   7236    51051   30      7653    7236    387     30

                MOTAR   MOTP    Recall  Frames  GT      GT-Mtch GT-Miss GT-IDS  Pred    Pred-TP Pred-FP Pred-IDS                                                                                                                           
thr_0.7713      0.948   0.182   0.101   5729    58317   5852    52437   28      6184    5852    304     28

Computing metrics for class motorcycle...

Computed thresholds                                                                                                                                                                                                                        

                MOTAR   MOTP    Recall  Frames  GT      GT-Mtch GT-Miss GT-IDS  Pred    Pred-TP Pred-FP Pred-IDS                                                                                                                           
thr_0.4423      0.360   0.245   0.731   1886    1977    1433    532     12      2362    1433    917     12

                MOTAR   MOTP    Recall  Frames  GT      GT-Mtch GT-Miss GT-IDS  Pred    Pred-TP Pred-FP Pred-IDS                                                                                                                           
thr_0.4744      0.481   0.235   0.714   1755    1977    1399    566     12      2137    1399    726     12

                MOTAR   MOTP    Recall  Frames  GT      GT-Mtch GT-Miss GT-IDS  Pred    Pred-TP Pred-FP Pred-IDS                                                                                                                           
thr_0.4794      0.476   0.232   0.697   1750    1977    1366    600     11      2093    1366    716     11

                MOTAR   MOTP    Recall  Frames  GT      GT-Mtch GT-Miss GT-IDS  Pred    Pred-TP Pred-FP Pred-IDS                                                                                                                           
thr_0.5079      0.615   0.232   0.667   1611    1977    1309    659     9       1822    1309    504     9

                MOTAR   MOTP    Recall  Frames  GT      GT-Mtch GT-Miss GT-IDS  Pred    Pred-TP Pred-FP Pred-IDS                                                                                                                           
thr_0.5165      0.634   0.231   0.656   1583    1977    1288    680     9       1769    1288    472     9

                MOTAR   MOTP    Recall  Frames  GT      GT-Mtch GT-Miss GT-IDS  Pred    Pred-TP Pred-FP Pred-IDS                                                                                                                           
thr_0.5321      0.652   0.233   0.621   1547    1977    1219    750     8       1651    1219    424     8

                MOTAR   MOTP    Recall  Frames  GT      GT-Mtch GT-Miss GT-IDS  Pred    Pred-TP Pred-FP Pred-IDS                                                                                                                           
thr_0.5383      0.695   0.234   0.604   1522    1977    1186    783     8       1556    1186    362     8

                MOTAR   MOTP    Recall  Frames  GT      GT-Mtch GT-Miss GT-IDS  Pred    Pred-TP Pred-FP Pred-IDS                                                                                                                           
thr_0.5457      0.708   0.231   0.588   1506    1977    1155    814     8       1500    1155    337     8

                MOTAR   MOTP    Recall  Frames  GT      GT-Mtch GT-Miss GT-IDS  Pred    Pred-TP Pred-FP Pred-IDS                                                                                                                           
thr_0.5568      0.735   0.229   0.556   1476    1977    1091    878     8       1388    1091    289     8

                MOTAR   MOTP    Recall  Frames  GT      GT-Mtch GT-Miss GT-IDS  Pred    Pred-TP Pred-FP Pred-IDS                                                                                                                           
thr_0.5668      0.733   0.231   0.532   1469    1977    1043    926     8       1330    1043    279     8

                MOTAR   MOTP    Recall  Frames  GT      GT-Mtch GT-Miss GT-IDS  Pred    Pred-TP Pred-FP Pred-IDS                                                                                                                           
thr_0.5741      0.751   0.235   0.514   1445    1977    1009    960     8       1268    1009    251     8

                MOTAR   MOTP    Recall  Frames  GT      GT-Mtch GT-Miss GT-IDS  Pred    Pred-TP Pred-FP Pred-IDS                                                                                                                           
thr_0.5837      0.751   0.233   0.488   1440    1977    959     1012    6       1204    959     239     6

                MOTAR   MOTP    Recall  Frames  GT      GT-Mtch GT-Miss GT-IDS  Pred    Pred-TP Pred-FP Pred-IDS                                                                                                                           
thr_0.5971      0.772   0.236   0.465   1420    1977    913     1058    6       1127    913     208     6

                MOTAR   MOTP    Recall  Frames  GT      GT-Mtch GT-Miss GT-IDS  Pred    Pred-TP Pred-FP Pred-IDS                                                                                                                           
thr_0.5992      0.770   0.231   0.440   1419    1977    865     1107    5       1069    865     199     5

                MOTAR   MOTP    Recall  Frames  GT      GT-Mtch GT-Miss GT-IDS  Pred    Pred-TP Pred-FP Pred-IDS                                                                                                                           
thr_0.6073      0.793   0.229   0.419   1397    1977    823     1149    5       998     823     170     5

                MOTAR   MOTP    Recall  Frames  GT      GT-Mtch GT-Miss GT-IDS  Pred    Pred-TP Pred-FP Pred-IDS                                                                                                                           
thr_0.6144      0.805   0.230   0.405   1389    1977    795     1177    5       955     795     155     5

                MOTAR   MOTP    Recall  Frames  GT      GT-Mtch GT-Miss GT-IDS  Pred    Pred-TP Pred-FP Pred-IDS                                                                                                                           
thr_0.6233      0.816   0.210   0.365   1369    1977    716     1256    5       853     716     132     5

                MOTAR   MOTP    Recall  Frames  GT      GT-Mtch GT-Miss GT-IDS  Pred    Pred-TP Pred-FP Pred-IDS                                                                                                                           
thr_0.6249      0.808   0.213   0.349   1369    1977    686     1287    4       822     686     132     4

                MOTAR   MOTP    Recall  Frames  GT      GT-Mtch GT-Miss GT-IDS  Pred    Pred-TP Pred-FP Pred-IDS                                                                                                                           
thr_0.6304      0.799   0.207   0.321   1369    1977    631     1343    3       761     631     127     3

                MOTAR   MOTP    Recall  Frames  GT      GT-Mtch GT-Miss GT-IDS  Pred    Pred-TP Pred-FP Pred-IDS                                                                                                                           
thr_0.6337      0.794   0.205   0.300   1364    1977    591     1383    3       716     591     122     3

                MOTAR   MOTP    Recall  Frames  GT      GT-Mtch GT-Miss GT-IDS  Pred    Pred-TP Pred-FP Pred-IDS                                                                                                                           
thr_0.6508      0.787   0.204   0.272   1362    1977    535     1439    3       652     535     114     3

                MOTAR   MOTP    Recall  Frames  GT      GT-Mtch GT-Miss GT-IDS  Pred    Pred-TP Pred-FP Pred-IDS                                                                                                                           
thr_0.6530      0.783   0.203   0.246   1353    1977    483     1491    3       591     483     105     3

                MOTAR   MOTP    Recall  Frames  GT      GT-Mtch GT-Miss GT-IDS  Pred    Pred-TP Pred-FP Pred-IDS                                                                                                                           
thr_0.6551      0.769   0.199   0.227   1351    1977    446     1528    3       552     446     103     3

                MOTAR   MOTP    Recall  Frames  GT      GT-Mtch GT-Miss GT-IDS  Pred    Pred-TP Pred-FP Pred-IDS                                                                                                                           
thr_0.6670      0.801   0.182   0.199   1337    1977    392     1583    2       472     392     78      2

                MOTAR   MOTP    Recall  Frames  GT      GT-Mtch GT-Miss GT-IDS  Pred    Pred-TP Pred-FP Pred-IDS                                                                                                                           
thr_0.6798      0.782   0.179   0.175   1337    1977    344     1631    2       421     344     75      2

                MOTAR   MOTP    Recall  Frames  GT      GT-Mtch GT-Miss GT-IDS  Pred    Pred-TP Pred-FP Pred-IDS                                                                                                                           
thr_0.7022      0.824   0.163   0.153   1321    1977    301     1674    2       356     301     53      2

                MOTAR   MOTP    Recall  Frames  GT      GT-Mtch GT-Miss GT-IDS  Pred    Pred-TP Pred-FP Pred-IDS                                                                                                                           
thr_0.7085      0.796   0.165   0.129   1321    1977    255     1721    1       308     255     52      1

                MOTAR   MOTP    Recall  Frames  GT      GT-Mtch GT-Miss GT-IDS  Pred    Pred-TP Pred-FP Pred-IDS                                                                                                                           
thr_0.7088      0.758   0.169   0.107   1320    1977    211     1765    1       263     211     51      1

Computing metrics for class pedestrian...

Computed thresholds                                                                                                                                                                                                                        

                MOTAR   MOTP    Recall  Frames  GT      GT-Mtch GT-Miss GT-IDS  Pred    Pred-TP Pred-FP Pred-IDS                                                                                                                           
thr_0.4570      0.768   0.246   0.873   4554    25423   21974   3236    213     27287   21974   5100    213

                MOTAR   MOTP    Recall  Frames  GT      GT-Mtch GT-Miss GT-IDS  Pred    Pred-TP Pred-FP Pred-IDS                                                                                                                           
thr_0.5517      0.821   0.241   0.851   4453    25423   21465   3784    174     25477   21465   3838    174

                MOTAR   MOTP    Recall  Frames  GT      GT-Mtch GT-Miss GT-IDS  Pred    Pred-TP Pred-FP Pred-IDS                                                                                                                           
thr_0.5812      0.840   0.236   0.830   4432    25423   20940   4327    156     24443   20940   3347    156

                MOTAR   MOTP    Recall  Frames  GT      GT-Mtch GT-Miss GT-IDS  Pred    Pred-TP Pred-FP Pred-IDS                                                                                                                           
thr_0.6005      0.853   0.235   0.808   4406    25423   20393   4884    146     23533   20393   2994    146

                MOTAR   MOTP    Recall  Frames  GT      GT-Mtch GT-Miss GT-IDS  Pred    Pred-TP Pred-FP Pred-IDS                                                                                                                           
thr_0.6092      0.863   0.239   0.786   4402    25423   19833   5449    141     22686   19833   2712    141

                MOTAR   MOTP    Recall  Frames  GT      GT-Mtch GT-Miss GT-IDS  Pred    Pred-TP Pred-FP Pred-IDS                                                                                                                           
thr_0.6161      0.874   0.241   0.764   4394    25423   19289   6004    130     21845   19289   2426    130

                MOTAR   MOTP    Recall  Frames  GT      GT-Mtch GT-Miss GT-IDS  Pred    Pred-TP Pred-FP Pred-IDS                                                                                                                           
thr_0.6221      0.882   0.241   0.742   4383    25423   18744   6562    117     21071   18744   2210    117

                MOTAR   MOTP    Recall  Frames  GT      GT-Mtch GT-Miss GT-IDS  Pred    Pred-TP Pred-FP Pred-IDS                                                                                                                           
thr_0.6279      0.889   0.239   0.719   4374    25423   18176   7138    109     20297   18176   2012    109

                MOTAR   MOTP    Recall  Frames  GT      GT-Mtch GT-Miss GT-IDS  Pred    Pred-TP Pred-FP Pred-IDS                                                                                                                           
thr_0.6337      0.893   0.239   0.696   4372    25423   17582   7739    102     19563   17582   1879    102

                MOTAR   MOTP    Recall  Frames  GT      GT-Mtch GT-Miss GT-IDS  Pred    Pred-TP Pred-FP Pred-IDS                                                                                                                           
thr_0.6383      0.892   0.236   0.673   4365    25423   17027   8301    95      18959   17027   1837    95

                MOTAR   MOTP    Recall  Frames  GT      GT-Mtch GT-Miss GT-IDS  Pred    Pred-TP Pred-FP Pred-IDS                                                                                                                           
thr_0.6422      0.898   0.231   0.650   4351    25423   16434   8906    83      18199   16434   1682    83

                MOTAR   MOTP    Recall  Frames  GT      GT-Mtch GT-Miss GT-IDS  Pred    Pred-TP Pred-FP Pred-IDS                                                                                                                           
thr_0.6456      0.899   0.233   0.626   4332    25423   15845   9501    77      17530   15845   1608    77

                MOTAR   MOTP    Recall  Frames  GT      GT-Mtch GT-Miss GT-IDS  Pred    Pred-TP Pred-FP Pred-IDS                                                                                                                           
thr_0.6515      0.901   0.232   0.604   4308    25423   15276   10077   70      16862   15276   1516    70

                MOTAR   MOTP    Recall  Frames  GT      GT-Mtch GT-Miss GT-IDS  Pred    Pred-TP Pred-FP Pred-IDS                                                                                                                           
thr_0.6565      0.905   0.229   0.579   4306    25423   14650   10706   67      16105   14650   1388    67

                MOTAR   MOTP    Recall  Frames  GT      GT-Mtch GT-Miss GT-IDS  Pred    Pred-TP Pred-FP Pred-IDS                                                                                                                           
thr_0.6605      0.910   0.228   0.555   4301    25423   14060   11302   61      15391   14060   1270    61

                MOTAR   MOTP    Recall  Frames  GT      GT-Mtch GT-Miss GT-IDS  Pred    Pred-TP Pred-FP Pred-IDS                                                                                                                           
thr_0.6646      0.911   0.227   0.533   4299    25423   13490   11871   62      14749   13490   1197    62

                MOTAR   MOTP    Recall  Frames  GT      GT-Mtch GT-Miss GT-IDS  Pred    Pred-TP Pred-FP Pred-IDS                                                                                                                           
thr_0.6688      0.915   0.228   0.509   4283    25423   12877   12492   54      14023   12877   1092    54

                MOTAR   MOTP    Recall  Frames  GT      GT-Mtch GT-Miss GT-IDS  Pred    Pred-TP Pred-FP Pred-IDS                                                                                                                           
thr_0.6725      0.919   0.229   0.485   4282    25423   12278   13093   52      13330   12278   1000    52

                MOTAR   MOTP    Recall  Frames  GT      GT-Mtch GT-Miss GT-IDS  Pred    Pred-TP Pred-FP Pred-IDS                                                                                                                           
thr_0.6780      0.924   0.228   0.461   4282    25423   11676   13699   48      12617   11676   893     48

                MOTAR   MOTP    Recall  Frames  GT      GT-Mtch GT-Miss GT-IDS  Pred    Pred-TP Pred-FP Pred-IDS                                                                                                                           
thr_0.6818      0.927   0.227   0.437   4276    25423   11062   14317   44      11910   11062   804     44

                MOTAR   MOTP    Recall  Frames  GT      GT-Mtch GT-Miss GT-IDS  Pred    Pred-TP Pred-FP Pred-IDS                                                                                                                           
thr_0.6871      0.929   0.227   0.414   4274    25423   10473   14909   41      11260   10473   746     41

                MOTAR   MOTP    Recall  Frames  GT      GT-Mtch GT-Miss GT-IDS  Pred    Pred-TP Pred-FP Pred-IDS                                                                                                                           
thr_0.6911      0.928   0.227   0.390   4268    25423   9868    15517   38      10619   9868    713     38

                MOTAR   MOTP    Recall  Frames  GT      GT-Mtch GT-Miss GT-IDS  Pred    Pred-TP Pred-FP Pred-IDS                                                                                                                           
thr_0.6965      0.933   0.224   0.368   4267    25423   9324    16064   35      9983    9324    624     35

                MOTAR   MOTP    Recall  Frames  GT      GT-Mtch GT-Miss GT-IDS  Pred    Pred-TP Pred-FP Pred-IDS                                                                                                                           
thr_0.7014      0.935   0.223   0.343   4266    25423   8696    16695   32      9292    8696    564     32

                MOTAR   MOTP    Recall  Frames  GT      GT-Mtch GT-Miss GT-IDS  Pred    Pred-TP Pred-FP Pred-IDS                                                                                                                           
thr_0.7078      0.933   0.227   0.319   4264    25423   8090    17302   31      8660    8090    539     31

                MOTAR   MOTP    Recall  Frames  GT      GT-Mtch GT-Miss GT-IDS  Pred    Pred-TP Pred-FP Pred-IDS                                                                                                                           
thr_0.7139      0.933   0.225   0.296   4263    25423   7501    17896   26      8033    7501    506     26

                MOTAR   MOTP    Recall  Frames  GT      GT-Mtch GT-Miss GT-IDS  Pred    Pred-TP Pred-FP Pred-IDS                                                                                                                           
thr_0.7193      0.933   0.226   0.272   4255    25423   6894    18504   25      7379    6894    460     25

                MOTAR   MOTP    Recall  Frames  GT      GT-Mtch GT-Miss GT-IDS  Pred    Pred-TP Pred-FP Pred-IDS                                                                                                                           
thr_0.7252      0.941   0.224   0.248   4251    25423   6274    19127   22      6666    6274    370     22

                MOTAR   MOTP    Recall  Frames  GT      GT-Mtch GT-Miss GT-IDS  Pred    Pred-TP Pred-FP Pred-IDS                                                                                                                           
thr_0.7316      0.938   0.223   0.223   4251    25423   5657    19747   19      6029    5657    353     19

                MOTAR   MOTP    Recall  Frames  GT      GT-Mtch GT-Miss GT-IDS  Pred    Pred-TP Pred-FP Pred-IDS                                                                                                                           
thr_0.7394      0.942   0.216   0.201   4248    25423   5093    20316   14      5403    5093    296     14

                MOTAR   MOTP    Recall  Frames  GT      GT-Mtch GT-Miss GT-IDS  Pred    Pred-TP Pred-FP Pred-IDS                                                                                                                           
thr_0.7454      0.954   0.221   0.176   4248    25423   4473    20939   11      4689    4473    205     11

                MOTAR   MOTP    Recall  Frames  GT      GT-Mtch GT-Miss GT-IDS  Pred    Pred-TP Pred-FP Pred-IDS                                                                                                                           
thr_0.7536      0.965   0.230   0.153   4248    25423   3873    21540   10      4017    3873    134     10

                MOTAR   MOTP    Recall  Frames  GT      GT-Mtch GT-Miss GT-IDS  Pred    Pred-TP Pred-FP Pred-IDS                                                                                                                           
thr_0.7607      0.971   0.227   0.129   4248    25423   3268    22148   7       3369    3268    94      7

                MOTAR   MOTP    Recall  Frames  GT      GT-Mtch GT-Miss GT-IDS  Pred    Pred-TP Pred-FP Pred-IDS                                                                                                                           
thr_0.7685      0.973   0.221   0.105   4247    25423   2662    22757   4       2739    2662    73      4

Computing metrics for class trailer...

Computed thresholds                                                                                                                                                                                                                        

                MOTAR   MOTP    Recall  Frames  GT      GT-Mtch GT-Miss GT-IDS  Pred    Pred-TP Pred-FP Pred-IDS                                                                                                                           
thr_0.4141      0.352   0.611   0.656   1282    2425    1588    835     2       2619    1588    1029    2

                MOTAR   MOTP    Recall  Frames  GT      GT-Mtch GT-Miss GT-IDS  Pred    Pred-TP Pred-FP Pred-IDS                                                                                                                           
thr_0.4532      0.392   0.603   0.634   1218    2425    1537    887     1       2472    1537    934     1

                MOTAR   MOTP    Recall  Frames  GT      GT-Mtch GT-Miss GT-IDS  Pred    Pred-TP Pred-FP Pred-IDS                                                                                                                           
thr_0.4767      0.460   0.605   0.615   1189    2425    1490    934     1       2296    1490    805     1

                MOTAR   MOTP    Recall  Frames  GT      GT-Mtch GT-Miss GT-IDS  Pred    Pred-TP Pred-FP Pred-IDS                                                                                                                           
thr_0.4845      0.479   0.600   0.596   1180    2425    1445    979     1       2199    1445    753     1

                MOTAR   MOTP    Recall  Frames  GT      GT-Mtch GT-Miss GT-IDS  Pred    Pred-TP Pred-FP Pred-IDS                                                                                                                           
thr_0.4939      0.481   0.582   0.573   1172    2425    1389    1035    1       2111    1389    721     1

                MOTAR   MOTP    Recall  Frames  GT      GT-Mtch GT-Miss GT-IDS  Pred    Pred-TP Pred-FP Pred-IDS                                                                                                                           
thr_0.5070      0.503   0.550   0.540   1165    2425    1309    1115    1       1961    1309    651     1

                MOTAR   MOTP    Recall  Frames  GT      GT-Mtch GT-Miss GT-IDS  Pred    Pred-TP Pred-FP Pred-IDS                                                                                                                           
thr_0.5274      0.561   0.557   0.518   1140    2425    1255    1169    1       1807    1255    551     1

                MOTAR   MOTP    Recall  Frames  GT      GT-Mtch GT-Miss GT-IDS  Pred    Pred-TP Pred-FP Pred-IDS                                                                                                                           
thr_0.5438      0.600   0.553   0.493   1124    2425    1194    1230    1       1673    1194    478     1

                MOTAR   MOTP    Recall  Frames  GT      GT-Mtch GT-Miss GT-IDS  Pred    Pred-TP Pred-FP Pred-IDS                                                                                                                           
thr_0.5622      0.714   0.538   0.471   1038    2425    1142    1282    1       1470    1142    327     1

                MOTAR   MOTP    Recall  Frames  GT      GT-Mtch GT-Miss GT-IDS  Pred    Pred-TP Pred-FP Pred-IDS                                                                                                                           
thr_0.5646      0.706   0.537   0.456   1038    2425    1106    1318    1       1432    1106    325     1

                MOTAR   MOTP    Recall  Frames  GT      GT-Mtch GT-Miss GT-IDS  Pred    Pred-TP Pred-FP Pred-IDS                                                                                                                           
thr_0.5730      0.698   0.543   0.426   1037    2425    1031    1393    1       1343    1031    311     1

                MOTAR   MOTP    Recall  Frames  GT      GT-Mtch GT-Miss GT-IDS  Pred    Pred-TP Pred-FP Pred-IDS                                                                                                                           
thr_0.5798      0.687   0.557   0.401   1032    2425    971     1453    1       1276    971     304     1

                MOTAR   MOTP    Recall  Frames  GT      GT-Mtch GT-Miss GT-IDS  Pred    Pred-TP Pred-FP Pred-IDS                                                                                                                           
thr_0.5986      0.728   0.554   0.379   1003    2425    918     1506    1       1169    918     250     1

                MOTAR   MOTP    Recall  Frames  GT      GT-Mtch GT-Miss GT-IDS  Pred    Pred-TP Pred-FP Pred-IDS                                                                                                                           
thr_0.6130      0.751   0.548   0.354   1003    2425    858     1567    0       1072    858     214     0

                MOTAR   MOTP    Recall  Frames  GT      GT-Mtch GT-Miss GT-IDS  Pred    Pred-TP Pred-FP Pred-IDS                                                                                                                           
thr_0.6222      0.745   0.549   0.344   1003    2425    834     1591    0       1047    834     213     0

                MOTAR   MOTP    Recall  Frames  GT      GT-Mtch GT-Miss GT-IDS  Pred    Pred-TP Pred-FP Pred-IDS                                                                                                                           
thr_0.6255      0.759   0.535   0.320   998     2425    775     1650    0       962     775     187     0

                MOTAR   MOTP    Recall  Frames  GT      GT-Mtch GT-Miss GT-IDS  Pred    Pred-TP Pred-FP Pred-IDS                                                                                                                           
thr_0.6285      0.732   0.541   0.288   998     2425    699     1726    0       886     699     187     0

                MOTAR   MOTP    Recall  Frames  GT      GT-Mtch GT-Miss GT-IDS  Pred    Pred-TP Pred-FP Pred-IDS                                                                                                                           
thr_0.6442      0.772   0.498   0.264   997     2425    640     1785    0       786     640     146     0

                MOTAR   MOTP    Recall  Frames  GT      GT-Mtch GT-Miss GT-IDS  Pred    Pred-TP Pred-FP Pred-IDS                                                                                                                           
thr_0.6507      0.754   0.518   0.245   997     2425    594     1831    0       740     594     146     0

                MOTAR   MOTP    Recall  Frames  GT      GT-Mtch GT-Miss GT-IDS  Pred    Pred-TP Pred-FP Pred-IDS                                                                                                                           
thr_0.6707      0.817   0.530   0.219   997     2425    531     1894    0       628     531     97      0

                MOTAR   MOTP    Recall  Frames  GT      GT-Mtch GT-Miss GT-IDS  Pred    Pred-TP Pred-FP Pred-IDS                                                                                                                           
thr_0.6740      0.811   0.496   0.198   997     2425    481     1944    0       572     481     91      0

                MOTAR   MOTP    Recall  Frames  GT      GT-Mtch GT-Miss GT-IDS  Pred    Pred-TP Pred-FP Pred-IDS                                                                                                                           
thr_0.7085      0.819   0.473   0.171   996     2425    414     2011    0       489     414     75      0

                MOTAR   MOTP    Recall  Frames  GT      GT-Mtch GT-Miss GT-IDS  Pred    Pred-TP Pred-FP Pred-IDS                                                                                                                           
thr_0.7326      0.863   0.496   0.151   981     2425    365     2060    0       415     365     50      0

                MOTAR   MOTP    Recall  Frames  GT      GT-Mtch GT-Miss GT-IDS  Pred    Pred-TP Pred-FP Pred-IDS                                                                                                                           
thr_0.7623      0.923   0.444   0.128   974     2425    310     2115    0       334     310     24      0

                MOTAR   MOTP    Recall  Frames  GT      GT-Mtch GT-Miss GT-IDS  Pred    Pred-TP Pred-FP Pred-IDS                                                                                                                           
thr_0.7733      0.911   0.493   0.111   974     2425    269     2156    0       293     269     24      0

Computing metrics for class truck...

Computed thresholds                                                                                                                                                                                                                        

                MOTAR   MOTP    Recall  Frames  GT      GT-Mtch GT-Miss GT-IDS  Pred    Pred-TP Pred-FP Pred-IDS                                                                                                                           
thr_0.3758      0.450   0.363   0.820   4197    9650    7900    1736    14      12256   7900    4342    14

                MOTAR   MOTP    Recall  Frames  GT      GT-Mtch GT-Miss GT-IDS  Pred    Pred-TP Pred-FP Pred-IDS                                                                                                                           
thr_0.4212      0.583   0.362   0.796   4094    9650    7668    1969    13      10880   7668    3199    13

                MOTAR   MOTP    Recall  Frames  GT      GT-Mtch GT-Miss GT-IDS  Pred    Pred-TP Pred-FP Pred-IDS                                                                                                                           
thr_0.4498      0.657   0.360   0.774   3991    9650    7456    2182    12      10025   7456    2557    12

                MOTAR   MOTP    Recall  Frames  GT      GT-Mtch GT-Miss GT-IDS  Pred    Pred-TP Pred-FP Pred-IDS                                                                                                                           
thr_0.4625      0.682   0.352   0.749   3966    9650    7216    2422    12      9524    7216    2296    12

                MOTAR   MOTP    Recall  Frames  GT      GT-Mtch GT-Miss GT-IDS  Pred    Pred-TP Pred-FP Pred-IDS                                                                                                                           
thr_0.4753      0.705   0.350   0.726   3957    9650    6993    2647    10      9064    6993    2061    10

                MOTAR   MOTP    Recall  Frames  GT      GT-Mtch GT-Miss GT-IDS  Pred    Pred-TP Pred-FP Pred-IDS                                                                                                                           
thr_0.4861      0.727   0.347   0.702   3920    9650    6764    2876    10      8620    6764    1846    10

                MOTAR   MOTP    Recall  Frames  GT      GT-Mtch GT-Miss GT-IDS  Pred    Pred-TP Pred-FP Pred-IDS                                                                                                                           
thr_0.4942      0.745   0.350   0.678   3918    9650    6537    3104    9       8214    6537    1668    9

                MOTAR   MOTP    Recall  Frames  GT      GT-Mtch GT-Miss GT-IDS  Pred    Pred-TP Pred-FP Pred-IDS                                                                                                                           
thr_0.5010      0.748   0.345   0.656   3918    9650    6322    3321    7       7924    6322    1595    7

                MOTAR   MOTP    Recall  Frames  GT      GT-Mtch GT-Miss GT-IDS  Pred    Pred-TP Pred-FP Pred-IDS                                                                                                                           
thr_0.5068      0.763   0.341   0.633   3900    9650    6105    3538    7       7560    6105    1448    7

                MOTAR   MOTP    Recall  Frames  GT      GT-Mtch GT-Miss GT-IDS  Pred    Pred-TP Pred-FP Pred-IDS                                                                                                                           
thr_0.5098      0.762   0.340   0.611   3870    9650    5889    3754    7       7295    5889    1399    7

                MOTAR   MOTP    Recall  Frames  GT      GT-Mtch GT-Miss GT-IDS  Pred    Pred-TP Pred-FP Pred-IDS                                                                                                                           
thr_0.5148      0.778   0.342   0.588   3829    9650    5668    3975    7       6936    5668    1261    7

                MOTAR   MOTP    Recall  Frames  GT      GT-Mtch GT-Miss GT-IDS  Pred    Pred-TP Pred-FP Pred-IDS                                                                                                                           
thr_0.5188      0.778   0.338   0.564   3793    9650    5434    4211    5       6643    5434    1204    5

                MOTAR   MOTP    Recall  Frames  GT      GT-Mtch GT-Miss GT-IDS  Pred    Pred-TP Pred-FP Pred-IDS                                                                                                                           
thr_0.5275      0.779   0.335   0.542   3789    9650    5226    4420    4       6383    5226    1153    4

                MOTAR   MOTP    Recall  Frames  GT      GT-Mtch GT-Miss GT-IDS  Pred    Pred-TP Pred-FP Pred-IDS                                                                                                                           
thr_0.5372      0.798   0.338   0.518   3787    9650    4992    4654    4       6003    4992    1007    4

                MOTAR   MOTP    Recall  Frames  GT      GT-Mtch GT-Miss GT-IDS  Pred    Pred-TP Pred-FP Pred-IDS                                                                                                                           
thr_0.5414      0.798   0.330   0.493   3773    9650    4758    4888    4       5725    4758    963     4

                MOTAR   MOTP    Recall  Frames  GT      GT-Mtch GT-Miss GT-IDS  Pred    Pred-TP Pred-FP Pred-IDS                                                                                                                           
thr_0.5468      0.796   0.332   0.470   3767    9650    4537    5110    3       5466    4537    926     3

                MOTAR   MOTP    Recall  Frames  GT      GT-Mtch GT-Miss GT-IDS  Pred    Pred-TP Pred-FP Pred-IDS                                                                                                                           
thr_0.5549      0.803   0.336   0.448   3742    9650    4316    5331    3       5170    4316    851     3

                MOTAR   MOTP    Recall  Frames  GT      GT-Mtch GT-Miss GT-IDS  Pred    Pred-TP Pred-FP Pred-IDS                                                                                                                           
thr_0.5618      0.825   0.334   0.427   3706    9650    4119    5528    3       4843    4119    721     3

                MOTAR   MOTP    Recall  Frames  GT      GT-Mtch GT-Miss GT-IDS  Pred    Pred-TP Pred-FP Pred-IDS                                                                                                                           
thr_0.5674      0.825   0.339   0.402   3706    9650    3873    5775    2       4551    3873    676     2

                MOTAR   MOTP    Recall  Frames  GT      GT-Mtch GT-Miss GT-IDS  Pred    Pred-TP Pred-FP Pred-IDS                                                                                                                           
thr_0.5725      0.834   0.335   0.378   3698    9650    3646    6003    1       4251    3646    604     1

                MOTAR   MOTP    Recall  Frames  GT      GT-Mtch GT-Miss GT-IDS  Pred    Pred-TP Pred-FP Pred-IDS                                                                                                                           
thr_0.5806      0.848   0.337   0.355   3649    9650    3422    6227    1       3942    3422    519     1

                MOTAR   MOTP    Recall  Frames  GT      GT-Mtch GT-Miss GT-IDS  Pred    Pred-TP Pred-FP Pred-IDS                                                                                                                           
thr_0.5914      0.852   0.338   0.333   3629    9650    3214    6435    1       3691    3214    476     1

                MOTAR   MOTP    Recall  Frames  GT      GT-Mtch GT-Miss GT-IDS  Pred    Pred-TP Pred-FP Pred-IDS                                                                                                                           
thr_0.6021      0.867   0.322   0.310   3610    9650    2987    6662    1       3384    2987    396     1

                MOTAR   MOTP    Recall  Frames  GT      GT-Mtch GT-Miss GT-IDS  Pred    Pred-TP Pred-FP Pred-IDS                                                                                                                           
thr_0.6091      0.869   0.322   0.286   3608    9650    2758    6891    1       3121    2758    362     1

                MOTAR   MOTP    Recall  Frames  GT      GT-Mtch GT-Miss GT-IDS  Pred    Pred-TP Pred-FP Pred-IDS                                                                                                                           
thr_0.6185      0.867   0.314   0.262   3608    9650    2528    7121    1       2866    2528    337     1

                MOTAR   MOTP    Recall  Frames  GT      GT-Mtch GT-Miss GT-IDS  Pred    Pred-TP Pred-FP Pred-IDS                                                                                                                           
thr_0.6269      0.868   0.317   0.239   3590    9650    2304    7346    0       2607    2304    303     0

                MOTAR   MOTP    Recall  Frames  GT      GT-Mtch GT-Miss GT-IDS  Pred    Pred-TP Pred-FP Pred-IDS                                                                                                                           
thr_0.6338      0.866   0.312   0.217   3583    9650    2090    7560    0       2371    2090    281     0

                MOTAR   MOTP    Recall  Frames  GT      GT-Mtch GT-Miss GT-IDS  Pred    Pred-TP Pred-FP Pred-IDS                                                                                                                           
thr_0.6416      0.854   0.315   0.192   3581    9650    1857    7793    0       2129    1857    272     0

                MOTAR   MOTP    Recall  Frames  GT      GT-Mtch GT-Miss GT-IDS  Pred    Pred-TP Pred-FP Pred-IDS                                                                                                                           
thr_0.6535      0.883   0.322   0.169   3581    9650    1635    8015    0       1827    1635    192     0

                MOTAR   MOTP    Recall  Frames  GT      GT-Mtch GT-Miss GT-IDS  Pred    Pred-TP Pred-FP Pred-IDS                                                                                                                           
thr_0.6637      0.906   0.316   0.150   3579    9650    1443    8207    0       1579    1443    136     0

                MOTAR   MOTP    Recall  Frames  GT      GT-Mtch GT-Miss GT-IDS  Pred    Pred-TP Pred-FP Pred-IDS                                                                                                                           
thr_0.6842      0.935   0.313   0.123   3576    9650    1191    8459    0       1268    1191    77      0

                MOTAR   MOTP    Recall  Frames  GT      GT-Mtch GT-Miss GT-IDS  Pred    Pred-TP Pred-FP Pred-IDS                                                                                                                           
thr_0.7010      0.981   0.308   0.101   3570    9650    975     8675    0       994     975     19      0

Calculating metrics...
Saving metrics to: /root/autodl-tmp/results/nuscenes/nuscenes/20260609_090328/eval_result/

### Final results ###

Per-class results:
                AMOTA   AMOTP   RECALL  MOTAR   GT      MOTA    MOTP    MT      ML      FAF     TP      FP      FN      IDS     FRAG    TID     LGD
bicycle         0.350   0.860   0.356   0.749   1993    0.266   0.173   30      97      12.2    709     178     1284    0       1       1.48    1.63
bus             0.793   0.638   0.800   0.898   2112    0.716   0.414   67      15      10.8    1683    171     423     6       19      0.58    1.05
car             0.748   0.482   0.821   0.797   58317   0.651   0.250   2443    758     167.8   47676   9685    10441   200     233     0.49    0.65
motorcy         0.506   0.751   0.604   0.695   1977    0.417   0.234   53      44      23.8    1186    362     783     8       12      1.60    2.01
pedestr         0.772   0.496   0.851   0.821   25423   0.693   0.241   1192    269     86.2    21465   3838    3784    174     121     0.48    0.67
trailer         0.425   1.088   0.471   0.714   2425    0.336   0.538   53      71      31.5    1142    327     1282    1       9       0.64    1.13
truck           0.636   0.668   0.726   0.705   9650    0.511   0.350   309     169     52.1    6993    2061    2647    10      31      0.57    0.76

Aggregated results:
AMOTA   0.604
AMOTP   0.712
RECALL  0.661
MOTAR   0.768
GT      14556
MOTA    0.513
MOTP    0.314
MT      4147
ML      1423
FAF     54.9
TP      80854
FP      16622
FN      20644
IDS     399
FRAG    426
TID     0.83
LGD     1.13
Eval time: 2989.7s
