Computing metrics for class bicycle...
Computed thresholds
                MOTAR   MOTP    Recall  Frames  GT      GT-Mtch GT-Miss GT-IDS  Pred    Pred-TP Pred-FP Pred-IDS
thr_0.2210      0.000   0.228   0.797   5848    1993    1579    405     9       24553   1579    22965   9
thr_0.2567      0.000   0.221   0.775   5778    1993    1536    449     8       21321   1536    19777   8
thr_0.2728      0.000   0.214   0.751   5116    1993    1492    496     5       12318   1492    10821   5
thr_0.3215      0.000   0.203   0.727   3557    1993    1446    544     3       5845    1446    4396    3
thr_0.3415      0.000   0.206   0.706   3266    1993    1404    585     4       5015    1404    3607    4
thr_0.3704      0.000   0.204   0.681   2967    1993    1354    635     4       4085    1354    2727    4
thr_0.3999      0.000   0.205   0.662   2381    1993    1316    673     4       2944    1316    1624    4
thr_0.4312      0.214   0.197   0.636   2083    1993    1265    726     2       2261    1265    994     2
thr_0.4416      0.324   0.188   0.613   2018    1993    1221    771     1       2047    1221    825     1
thr_0.4687      0.491   0.186   0.593   1832    1993    1180    812     1       1782    1180    601     1
thr_0.4940      0.572   0.187   0.567   1731    1993    1130    862     1       1615    1130    484     1
thr_0.5061      0.603   0.179   0.541   1693    1993    1079    914     0       1507    1079    428     0
thr_0.5244      0.699   0.167   0.518   1594    1993    1033    960     0       1344    1033    311     0
thr_0.5311      0.732   0.164   0.497   1552    1993    990     1003    0       1255    990     265     0
thr_0.5584      0.788   0.162   0.477   1497    1993    951     1042    0       1153    951     202     0
thr_0.5687      0.829   0.159   0.457   1460    1993    910     1083    0       1066    910     156     0
thr_0.5799      0.820   0.159   0.425   1457    1993    848     1145    0       1001    848     153     0
thr_0.5892      0.866   0.155   0.405   1414    1993    808     1185    0       916     808     108     0
thr_0.5911      0.859   0.149   0.385   1414    1993    768     1225    0       876     768     108     0
thr_0.6101      0.890   0.146   0.361   1389    1993    719     1274    0       798     719     79      0
thr_0.6173      0.898   0.148   0.343   1382    1993    684     1309    0       754     684     70      0
thr_0.6280      0.908   0.144   0.311   1369    1993    620     1373    0       677     620     57      0
thr_0.6306      0.912   0.137   0.290   1368    1993    578     1415    0       629     578     51      0
thr_0.6527      0.915   0.132   0.266   1362    1993    530     1463    0       575     530     45      0
thr_0.6600      0.911   0.126   0.243   1362    1993    485     1508    0       528     485     43      0
thr_0.6639      0.901   0.135   0.218   1362    1993    434     1559    0       477     434     43      0
thr_0.6705      0.905   0.132   0.200   1357    1993    399     1594    0       437     399     38      0
thr_0.6933      0.908   0.130   0.175   1351    1993    349     1644    0       381     349     32      0
thr_0.7031      0.936   0.131   0.149   1351    1993    296     1697    0       315     296     19      0
thr_0.7179      0.941   0.134   0.127   1348    1993    253     1740    0       268     253     15      0
thr_0.7255      0.960   0.129   0.101   1343    1993    201     1792    0       209     201     8       0
Computing metrics for class bus...
Computed thresholds
                MOTAR   MOTP    Recall  Frames  GT      GT-Mtch GT-Miss GT-IDS  Pred    Pred-TP Pred-FP Pred-IDS
thr_0.3954      0.795   0.442   0.887   1760    2112    1873    238     1       2258    1873    384     1
thr_0.4513      0.844   0.434   0.868   1682    2112    1833    278     1       2120    1833    286     1
thr_0.5240      0.909   0.427   0.842   1614    2112    1779    333     0       1940    1779    161     0
thr_0.5631      0.935   0.422   0.818   1570    2112    1727    385     0       1840    1727    113     0
thr_0.5702      0.934   0.418   0.798   1569    2112    1686    426     0       1797    1686    111     0
thr_0.5704      0.940   0.419   0.784   1569    2112    1656    456     0       1756    1656    100     0
thr_0.5741      0.937   0.416   0.747   1569    2112    1577    535     0       1676    1577    99      0
thr_0.6054      0.936   0.412   0.725   1569    2112    1532    580     0       1630    1532    98      0
thr_0.6389      0.963   0.399   0.703   1558    2112    1484    628     0       1539    1484    55      0
thr_0.6633      0.964   0.393   0.679   1558    2112    1434    678     0       1485    1434    51      0
thr_0.6980      0.967   0.390   0.658   1558    2112    1390    722     0       1436    1390    46      0
thr_0.7143      0.966   0.392   0.634   1558    2112    1338    774     0       1384    1338    46      0
thr_0.7417      0.964   0.377   0.608   1558    2112    1284    828     0       1330    1284    46      0
thr_0.7575      0.988   0.381   0.586   1527    2112    1238    874     0       1253    1238    15      0
thr_0.7712      0.988   0.385   0.571   1527    2112    1207    905     0       1222    1207    15      0
thr_0.7814      0.988   0.378   0.544   1527    2112    1149    963     0       1163    1149    14      0
thr_0.7846      0.996   0.359   0.533   1525    2112    1126    986     0       1130    1126    4       0
thr_0.7969      0.996   0.342   0.492   1525    2112    1039    1073    0       1043    1039    4       0
thr_0.8089      0.997   0.339   0.480   1525    2112    1013    1099    0       1016    1013    3       0
thr_0.8232      0.997   0.334   0.452   1525    2112    955     1157    0       958     955     3       0
thr_0.8303      0.997   0.334   0.426   1525    2112    899     1213    0       902     899     3       0
thr_0.8363      1.000   0.330   0.402   1525    2112    848     1264    0       848     848     0       0
thr_0.8394      1.000   0.323   0.377   1525    2112    796     1316    0       796     796     0       0
thr_0.8418      1.000   0.327   0.364   1525    2112    769     1343    0       769     769     0       0
thr_0.8478      1.000   0.325   0.347   1525    2112    732     1380    0       732     732     0       0
thr_0.8519      1.000   0.321   0.320   1525    2112    676     1436    0       676     676     0       0
thr_0.8568      1.000   0.317   0.292   1525    2112    617     1495    0       617     617     0       0
thr_0.8576      1.000   0.306   0.273   1525    2112    577     1535    0       577     577     0       0
thr_0.8640      1.000   0.308   0.249   1525    2112    525     1587    0       525     525     0       0
thr_0.8647      1.000   0.290   0.215   1525    2112    454     1658    0       454     454     0       0
thr_0.8668      1.000   0.288   0.209   1525    2112    441     1671    0       441     441     0       0
thr_0.8698      1.000   0.260   0.170   1525    2112    360     1752    0       360     360     0       0
thr_0.8739      1.000   0.227   0.147   1525    2112    311     1801    0       311     311     0       0
thr_0.8800      1.000   0.181   0.125   1525    2112    263     1849    0       263     263     0       0
thr_0.8825      1.000   0.186   0.106   1525    2112    224     1888    0       224     224     0       0
Computing metrics for class car...
Computed thresholds
                MOTAR   MOTP    Recall  Frames  GT      GT-Mtch GT-Miss GT-IDS  Pred    Pred-TP Pred-FP Pred-IDS
thr_0.2490      0.496   0.287   0.936   5913    58317   54359   3749    209     81969   54359   27401   209
thr_0.3411      0.675   0.277   0.912   5844    58317   53066   5124    127     70437   53066   17244   127
thr_0.3940      0.750   0.270   0.889   5809    58317   51773   6457    87      64807   51773   12947   87
thr_0.4353      0.787   0.264   0.866   5769    58317   50418   7834    65      61229   50418   10746   65
thr_0.4730      0.821   0.260   0.843   5763    58317   49118   9161    38      57968   49118   8812    38
thr_0.4986      0.842   0.257   0.819   5752    58317   47753   10532   32      55347   47753   7562    32
thr_0.5236      0.859   0.253   0.796   5752    58317   46395   11897   25      52963   46395   6543    25
thr_0.5482      0.873   0.250   0.772   5751    58317   45019   13279   19      50751   45019   5713    19
thr_0.5637      0.880   0.246   0.749   5747    58317   43686   14617   14      48946   43686   5246    14
thr_0.5811      0.886   0.242   0.726   5747    58317   42316   15988   13      47164   42316   4835    13
thr_0.5976      0.896   0.239   0.703   5747    58317   40963   17344   10      45226   40963   4253    10
thr_0.6107      0.902   0.235   0.679   5747    58317   39601   18708   8       43507   39601   3898    8
thr_0.6233      0.907   0.231   0.655   5747    58317   38218   20091   8       41766   38218   3540    8
thr_0.6339      0.915   0.229   0.632   5742    58317   36869   21440   8       40014   36869   3137    8
thr_0.6434      0.917   0.226   0.609   5742    58317   35525   22786   6       38471   35525   2940    6
thr_0.6582      0.927   0.223   0.586   5738    58317   34177   24135   5       36680   34177   2498    5
thr_0.6693      0.933   0.220   0.563   5738    58317   32812   25501   4       35024   32812   2208    4
thr_0.6816      0.939   0.218   0.540   5738    58317   31465   26849   3       33394   31465   1926    3
thr_0.6935      0.941   0.216   0.517   5738    58317   30124   28190   3       31893   30124   1766    3
thr_0.7038      0.945   0.215   0.493   5738    58317   28762   29552   3       30335   28762   1570    3
thr_0.7125      0.948   0.213   0.470   5738    58317   27416   30899   2       28835   27416   1417    2
thr_0.7204      0.949   0.211   0.447   5738    58317   26090   32225   2       27429   26090   1337    2
thr_0.7310      0.951   0.208   0.424   5738    58317   24708   33608   1       25912   24708   1203    1
thr_0.7393      0.952   0.206   0.401   5735    58317   23367   34950   0       24480   23367   1113    0
thr_0.7479      0.955   0.204   0.377   5735    58317   22008   36309   0       22991   22008   983     0
thr_0.7573      0.958   0.203   0.354   5735    58317   20659   37658   0       21521   20659   862     0
thr_0.7664      0.960   0.202   0.331   5735    58317   19306   39011   0       20085   19306   779     0
thr_0.7751      0.961   0.198   0.308   5732    58317   17964   40353   0       18671   17964   707     0
thr_0.7839      0.965   0.194   0.285   5732    58317   16618   41699   0       17207   16618   589     0
thr_0.7910      0.964   0.192   0.262   5732    58317   15286   43031   0       15836   15286   550     0
thr_0.8013      0.964   0.189   0.239   5729    58317   13946   44371   0       14442   13946   496     0
thr_0.8093      0.969   0.186   0.216   5729    58317   12593   45724   0       12981   12593   388     0
thr_0.8185      0.971   0.182   0.192   5729    58317   11221   47096   0       11547   11221   326     0
thr_0.8271      0.972   0.178   0.170   5729    58317   9902    48415   0       10180   9902    278     0
thr_0.8376      0.974   0.175   0.147   5727    58317   8549    49768   0       8775    8549    226     0
thr_0.8450      0.979   0.173   0.123   5727    58317   7178    51139   0       7330    7178    152     0
thr_0.8541      0.981   0.173   0.100   5727    58317   5836    52481   0       5949    5836    113     0
Computing metrics for class motorcycle...
Computed thresholds
                MOTAR   MOTP    Recall  Frames  GT      GT-Mtch GT-Miss GT-IDS  Pred    Pred-TP Pred-FP Pred-IDS
thr_0.2424      0.000   0.291   0.895   5020    1977    1752    207     18      12331   1752    10561   18
thr_0.3144      0.000   0.278   0.877   2945    1977    1722    244     11      4541    1722    2808    11
thr_0.3305      0.000   0.270   0.860   2801    1977    1691    276     10      4203    1691    2502    10
thr_0.3699      0.080   0.266   0.836   2283    1977    1646    325     6       3166    1646    1514    6
thr_0.3871      0.250   0.263   0.811   2111    1977    1599    373     5       2804    1599    1200    5
thr_0.4257      0.540   0.265   0.793   1799    1977    1565    410     2       2287    1565    720     2
thr_0.4336      0.553   0.266   0.771   1767    1977    1522    453     2       2205    1522    681     2
thr_0.4416      0.586   0.262   0.753   1719    1977    1488    488     1       2105    1488    616     1
thr_0.4736      0.663   0.258   0.719   1627    1977    1420    556     1       1900    1420    479     1
thr_0.4843      0.690   0.254   0.697   1581    1977    1377    599     1       1805    1377    427     1
thr_0.4885      0.678   0.250   0.672   1581    1977    1328    648     1       1756    1328    427     1
thr_0.4974      0.679   0.248   0.658   1578    1977    1300    676     1       1718    1300    417     1
thr_0.5317      0.769   0.249   0.643   1512    1977    1271    705     1       1565    1271    293     1
thr_0.5405      0.812   0.243   0.604   1447    1977    1194    782     1       1420    1194    225     1
thr_0.5428      0.810   0.239   0.584   1442    1977    1155    822     0       1375    1155    220     0
thr_0.5560      0.819   0.235   0.556   1428    1977    1100    877     0       1299    1100    199     0
thr_0.5700      0.817   0.237   0.533   1425    1977    1054    923     0       1247    1054    193     0
thr_0.5748      0.833   0.235   0.511   1406    1977    1010    967     0       1179    1010    169     0
thr_0.5865      0.839   0.230   0.483   1395    1977    955     1022    0       1109    955     154     0
thr_0.5993      0.846   0.222   0.460   1382    1977    909     1068    0       1049    909     140     0
thr_0.6063      0.844   0.223   0.437   1377    1977    863     1114    0       998     863     135     0
thr_0.6104      0.876   0.223   0.417   1374    1977    824     1153    0       926     824     102     0
thr_0.6145      0.867   0.225   0.387   1374    1977    766     1211    0       868     766     102     0
thr_0.6264      0.915   0.222   0.365   1335    1977    721     1256    0       782     721     61      0
thr_0.6278      0.912   0.223   0.350   1335    1977    691     1286    0       752     691     61      0
thr_0.6318      0.907   0.208   0.322   1334    1977    637     1340    0       696     637     59      0
thr_0.6424      0.910   0.188   0.299   1328    1977    592     1385    0       645     592     53      0
thr_0.6456      0.917   0.166   0.276   1328    1977    545     1432    0       590     545     45      0
thr_0.6552      0.910   0.157   0.243   1328    1977    480     1497    0       523     480     43      0
thr_0.6677      0.916   0.147   0.224   1322    1977    442     1535    0       479     442     37      0
thr_0.6732      0.944   0.138   0.200   1307    1977    395     1582    0       417     395     22      0
thr_0.6775      0.952   0.133   0.189   1303    1977    374     1603    0       392     374     18      0
thr_0.6862      0.943   0.116   0.152   1302    1977    300     1677    0       317     300     17      0
thr_0.7153      0.934   0.117   0.123   1301    1977    243     1734    0       259     243     16      0
thr_0.7301      0.926   0.113   0.103   1301    1977    204     1773    0       219     204     15      0
Computing metrics for class pedestrian...
Computed thresholds
                MOTAR   MOTP    Recall  Frames  GT      GT-Mtch GT-Miss GT-IDS  Pred    Pred-TP Pred-FP Pred-IDS
thr_0.2824      0.556   0.238   0.920   4906    25423   23144   2041    238     33662   23144   10280   238
thr_0.3654      0.763   0.231   0.900   4515    25423   22685   2550    188     28252   22685   5379    188
thr_0.4099      0.808   0.223   0.877   4449    25423   22133   3124    166     26550   22133   4251    166
thr_0.4388      0.831   0.224   0.855   4444    25423   21602   3675    146     25394   21602   3646    146
thr_0.4591      0.845   0.222   0.834   4438    25423   21069   4228    126     24469   21069   3274    126
thr_0.4796      0.860   0.219   0.810   4426    25423   20465   4843    115     23445   20465   2865    115
thr_0.5027      0.873   0.216   0.786   4394    25423   19891   5437    95      22506   19891   2520    95
thr_0.5167      0.881   0.215   0.763   4383    25423   19328   6014    81      21703   19328   2294    81
thr_0.5302      0.887   0.203   0.740   4381    25423   18742   6607    74      20943   18742   2127    74
thr_0.5423      0.891   0.202   0.717   4381    25423   18150   7202    71      20202   18150   1981    71
thr_0.5566      0.897   0.198   0.693   4379    25423   17560   7805    58      19421   17560   1803    58
thr_0.5681      0.902   0.195   0.669   4352    25423   16954   8419    50      18671   16954   1667    50
thr_0.5809      0.906   0.195   0.646   4351    25423   16366   9012    45      17945   16366   1534    45
thr_0.5916      0.914   0.191   0.623   4349    25423   15810   9578    35      17209   15810   1364    35
thr_0.6007      0.918   0.186   0.599   4322    25423   15202   10186   35      16476   15202   1239    35
thr_0.6071      0.924   0.187   0.576   4322    25423   14604   10787   32      15742   14604   1106    32
thr_0.6138      0.929   0.189   0.553   4322    25423   14025   11366   32      15054   14025   997     32
thr_0.6222      0.930   0.187   0.528   4322    25423   13401   11998   24      14362   13401   937     24
thr_0.6323      0.935   0.185   0.504   4310    25423   12787   12618   18      13636   12787   831     18
thr_0.6410      0.941   0.178   0.479   4290    25423   12173   13240   10      12906   12173   723     10
thr_0.6471      0.941   0.176   0.456   4290    25423   11578   13836   9       12275   11578   688     9
thr_0.6522      0.939   0.172   0.432   4290    25423   10963   14452   8       11636   10963   665     8
thr_0.6612      0.949   0.174   0.408   4280    25423   10369   15046   8       10903   10369   526     8
thr_0.6702      0.952   0.173   0.384   4256    25423   9759    15656   8       10239   9759    472     8
thr_0.6764      0.952   0.169   0.361   4256    25423   9165    16250   8       9610    9165    437     8
thr_0.6816      0.955   0.167   0.338   4254    25423   8594    16822   7       8987    8594    386     7
thr_0.6887      0.957   0.168   0.315   4254    25423   7999    17419   5       8347    7999    343     5
thr_0.6952      0.958   0.159   0.289   4252    25423   7353    18067   3       7662    7353    306     3
thr_0.7006      0.960   0.159   0.266   4252    25423   6751    18670   2       7020    6751    267     2
thr_0.7062      0.960   0.159   0.243   4252    25423   6168    19253   2       6414    6168    244     2
thr_0.7132      0.961   0.154   0.219   4252    25423   5572    19849   2       5790    5572    216     2
thr_0.7206      0.961   0.157   0.196   4252    25423   4972    20449   2       5170    4972    196     2
thr_0.7258      0.958   0.154   0.171   4252    25423   4357    21064   2       4543    4357    184     2
thr_0.7335      0.955   0.152   0.147   4252    25423   3739    21682   2       3911    3739    170     2
thr_0.7415      0.958   0.150   0.124   4252    25423   3157    22264   2       3291    3157    132     2
thr_0.7521      0.970   0.157   0.101   4250    25423   2572    22850   1       2651    2572    78      1
Computing metrics for class trailer...
Computed thresholds
                MOTAR   MOTP    Recall  Frames  GT      GT-Mtch GT-Miss GT-IDS  Pred    Pred-TP Pred-FP Pred-IDS
thr_0.3055      0.028   0.607   0.703   1607    2425    1703    720     2       3360    1703    1655    2
thr_0.3933      0.295   0.602   0.677   1376    2425    1642    783     0       2800    1642    1158    0
thr_0.4485      0.450   0.602   0.656   1204    2425    1591    834     0       2466    1591    875     0
thr_0.5151      0.593   0.599   0.636   1133    2425    1542    883     0       2170    1542    628     0
thr_0.5411      0.635   0.602   0.609   1097    2425    1476    949     0       2015    1476    539     0
thr_0.5564      0.663   0.591   0.586   1074    2425    1420    1005    0       1899    1420    479     0
thr_0.5815      0.667   0.596   0.569   1063    2425    1381    1044    0       1841    1381    460     0
thr_0.6029      0.653   0.573   0.547   1063    2425    1326    1099    0       1786    1326    460     0
thr_0.6341      0.709   0.540   0.520   1035    2425    1260    1165    0       1627    1260    367     0
thr_0.6631      0.735   0.543   0.496   995     2425    1202    1223    0       1520    1202    318     0
thr_0.6786      0.728   0.548   0.477   995     2425    1156    1269    0       1471    1156    315     0
thr_0.6966      0.800   0.549   0.448   990     2425    1086    1339    0       1303    1086    217     0
thr_0.7069      0.796   0.551   0.427   985     2425    1036    1389    0       1247    1036    211     0
thr_0.7117      0.840   0.527   0.411   979     2425    996     1429    0       1155    996     159     0
thr_0.7310      0.857   0.514   0.377   977     2425    915     1510    0       1046    915     131     0
thr_0.7348      0.857   0.509   0.360   977     2425    873     1552    0       998     873     125     0
thr_0.7570      0.858   0.519   0.334   977     2425    811     1614    0       926     811     115     0
thr_0.7693      0.848   0.531   0.308   977     2425    748     1677    0       862     748     114     0
thr_0.7766      0.863   0.504   0.287   977     2425    695     1730    0       790     695     95      0
thr_0.7898      0.886   0.497   0.268   977     2425    651     1774    0       725     651     74      0
thr_0.7938      0.875   0.485   0.244   977     2425    591     1834    0       665     591     74      0
thr_0.8152      0.863   0.491   0.216   977     2425    524     1901    0       596     524     72      0
thr_0.8189      0.858   0.506   0.198   975     2425    479     1946    0       547     479     68      0
thr_0.8284      0.837   0.453   0.170   975     2425    412     2013    0       479     412     67      0
thr_0.8395      0.812   0.473   0.147   975     2425    357     2068    0       424     357     67      0
thr_0.8494      0.931   0.472   0.126   975     2425    305     2120    0       326     305     21      0
thr_0.8798      0.996   0.406   0.101   959     2425    245     2180    0       246     245     1       0
Computing metrics for class truck...
Computed thresholds
                MOTAR   MOTP    Recall  Frames  GT      GT-Mtch GT-Miss GT-IDS  Pred    Pred-TP Pred-FP Pred-IDS
thr_0.3325      0.035   0.376   0.862   4655    9650    8315    1327    8       16347   8315    8024    8
thr_0.4013      0.373   0.373   0.840   4342    9650    8098    1545    7       13186   8098    5081    7
thr_0.4509      0.554   0.366   0.817   4058    9650    7878    1765    7       11402   7878    3517    7
thr_0.4781      0.630   0.362   0.793   3965    9650    7649    1997    4       10481   7649    2828    4
thr_0.5022      0.656   0.358   0.770   3923    9650    7432    2215    3       9991    7432    2556    3
thr_0.5321      0.722   0.352   0.747   3862    9650    7206    2442    2       9208    7206    2000    2
thr_0.5505      0.738   0.350   0.726   3839    9650    7000    2648    2       8834    7000    1832    2
thr_0.5584      0.751   0.346   0.701   3811    9650    6760    2889    1       8441    6760    1680    1
thr_0.5711      0.763   0.342   0.678   3777    9650    6546    3103    1       8098    6546    1551    1
thr_0.5824      0.775   0.341   0.654   3750    9650    6312    3338    0       7732    6312    1420    0
thr_0.5926      0.789   0.341   0.634   3746    9650    6122    3528    0       7416    6122    1294    0
thr_0.6106      0.814   0.340   0.609   3715    9650    5875    3775    0       6967    5875    1092    0
thr_0.6225      0.823   0.339   0.587   3697    9650    5660    3990    0       6662    5660    1002    0
thr_0.6371      0.828   0.341   0.563   3687    9650    5429    4221    0       6364    5429    935     0
thr_0.6485      0.829   0.335   0.539   3683    9650    5201    4449    0       6089    5201    888     0
thr_0.6665      0.845   0.327   0.518   3646    9650    4994    4656    0       5766    4994    772     0
thr_0.6785      0.849   0.317   0.493   3623    9650    4754    4896    0       5470    4754    716     0
thr_0.6900      0.849   0.312   0.471   3617    9650    4543    5107    0       5229    4543    686     0
thr_0.7043      0.846   0.316   0.448   3608    9650    4322    5328    0       4987    4322    665     0
thr_0.7156      0.854   0.322   0.424   3607    9650    4089    5561    0       4687    4089    598     0
thr_0.7316      0.876   0.319   0.401   3592    9650    3868    5782    0       4349    3868    481     0
thr_0.7417      0.877   0.317   0.378   3582    9650    3650    6000    0       4100    3650    450     0
thr_0.7514      0.869   0.320   0.355   3581    9650    3421    6229    0       3868    3421    447     0
thr_0.7609      0.865   0.322   0.331   3581    9650    3193    6457    0       3624    3193    431     0
thr_0.7702      0.869   0.310   0.310   3581    9650    2987    6663    0       3379    2987    392     0
thr_0.7794      0.868   0.310   0.287   3581    9650    2767    6883    0       3132    2767    365     0
thr_0.7827      0.878   0.300   0.262   3580    9650    2524    7126    0       2832    2524    308     0
thr_0.7954      0.917   0.297   0.241   3580    9650    2321    7329    0       2513    2321    192     0
thr_0.8068      0.909   0.294   0.218   3580    9650    2108    7542    0       2300    2108    192     0
thr_0.8129      0.898   0.298   0.194   3580    9650    1868    7782    0       2058    1868    190     0
thr_0.8243      0.923   0.274   0.169   3567    9650    1635    8015    0       1761    1635    126     0
thr_0.8341      0.911   0.262   0.147   3567    9650    1416    8234    0       1542    1416    126     0
thr_0.8436      0.930   0.274   0.126   3567    9650    1216    8434    0       1301    1216    85      0
thr_0.8550      0.916   0.283   0.103   3567    9650    993     8657    0       1076    993     83      0
Calculating metrics...
Saving metrics to: /root/autodl-tmp/results/nuscenes/nuscenes/20260610_150005/eval_result/

### Final results ###

Per-class results:
                AMOTA   AMOTP   RECALL  MOTAR   GT      MOTA    MOTP    MT      ML      FAF     TP      FP      FN      IDS     FRAG    TID     LGD
bicycle         0.470   0.579   0.457   0.829   1993    0.378   0.159   49      95      10.7    910     156     1083    0       1       0.94    1.04
bus             0.850   0.555   0.842   0.909   2112    0.766   0.427   76      20      10.0    1779    161     333     0       9       0.29    0.70
car             0.837   0.354   0.843   0.821   58317   0.691   0.260   2610    911     152.9   49118   8812    9161    38      106     0.22    0.31
motorcy         0.623   0.442   0.643   0.769   1977    0.495   0.249   68      50      19.4    1271    293     705     1       0       0.98    1.07
pedestr         0.817   0.367   0.855   0.831   25423   0.706   0.224   1225    318     82.0    21602   3646    3675    146     102     0.30    0.49
trailer         0.498   1.010   0.586   0.663   2425    0.388   0.591   63      62      44.6    1420    479     1005    0       12      0.78    1.22
truck           0.671   0.576   0.747   0.722   9650    0.539   0.352   324     184     51.8    7206    2000    2442    2       17      0.35    0.51

Aggregated results:
AMOTA   0.681
AMOTP   0.554
RECALL  0.710
MOTAR   0.792
GT      14556
MOTA    0.566
MOTP    0.323
MT      4415
ML      1640
FAF     53.1
TP      83306
FP      15547
FN      18404
IDS     187
FRAG    247
TID     0.55
LGD     0.76
Eval time: 3391.0s