Computing metrics for class bicycle...
Computed thresholds
                MOTAR   MOTP    Recall  Frames  GT      GT-Mtch GT-Miss GT-IDS  Pred    Pred-TP Pred-FP Pred-IDS
thr_0.3322      0.000   0.228   0.609   3007    1993    1213    780     0       4270    1213    3057    0
thr_0.4414      0.000   0.211   0.585   2336    1993    1166    827     0       2578    1166    1412    0
thr_0.5140      0.403   0.207   0.568   1771    1993    1133    860     0       1809    1133    676     0
thr_0.5222      0.423   0.206   0.550   1741    1993    1097    896     0       1730    1097    633     0
thr_0.5342      0.495   0.205   0.521   1680    1993    1038    955     0       1562    1038    524     0
thr_0.5484      0.570   0.203   0.496   1596    1993    988     1005    0       1413    988     425     0
thr_0.5611      0.595   0.200   0.477   1573    1993    951     1042    0       1336    951     385     0
thr_0.5626      0.576   0.206   0.455   1573    1993    907     1086    0       1292    907     385     0
thr_0.5714      0.584   0.204   0.428   1562    1993    853     1140    0       1208    853     355     0
thr_0.5829      0.664   0.210   0.402   1515    1993    801     1192    0       1070    801     269     0
thr_0.5929      0.714   0.210   0.381   1487    1993    759     1234    0       976     759     217     0
thr_0.6124      0.767   0.214   0.360   1455    1993    717     1276    0       884     717     167     0
thr_0.6142      0.758   0.214   0.346   1455    1993    689     1304    0       856     689     167     0
thr_0.6277      0.820   0.212   0.309   1418    1993    616     1377    0       727     616     111     0
thr_0.6337      0.813   0.214   0.287   1414    1993    571     1422    0       678     571     107     0
thr_0.6394      0.808   0.218   0.264   1412    1993    526     1467    0       627     526     101     0
thr_0.6518      0.877   0.212   0.245   1377    1993    488     1505    0       548     488     60      0
thr_0.6645      0.873   0.205   0.221   1377    1993    440     1553    0       496     440     56      0
thr_0.6735      0.872   0.194   0.200   1375    1993    399     1594    0       450     399     51      0
thr_0.6839      0.864   0.197   0.174   1375    1993    346     1647    0       393     346     47      0
thr_0.6949      0.866   0.200   0.158   1372    1993    314     1679    0       356     314     42      0
thr_0.7004      0.837   0.212   0.126   1371    1993    252     1741    0       293     252     41      0
thr_0.7070      0.834   0.174   0.106   1365    1993    211     1782    0       246     211     35      0
Computing metrics for class bus...
Computed thresholds
                MOTAR   MOTP    Recall  Frames  GT      GT-Mtch GT-Miss GT-IDS  Pred    Pred-TP Pred-FP Pred-IDS
thr_0.4049      0.733   0.512   0.848   1791    2112    1781    321     10      2267    1781    476     10
thr_0.5017      0.791   0.513   0.825   1710    2112    1735    369     8       2106    1735    363     8
thr_0.5425      0.825   0.519   0.798   1669    2112    1678    427     7       1978    1678    293     7
thr_0.5533      0.861   0.516   0.781   1626    2112    1643    463     6       1877    1643    228     6
thr_0.5688      0.882   0.513   0.755   1603    2112    1588    518     6       1781    1588    187     6
thr_0.5848      0.904   0.504   0.730   1565    2112    1535    571     6       1688    1535    147     6
thr_0.6077      0.909   0.497   0.705   1560    2112    1484    623     5       1624    1484    135     5
thr_0.6437      0.913   0.485   0.682   1555    2112    1438    672     2       1565    1438    125     2
thr_0.6482      0.913   0.485   0.661   1555    2112    1394    717     1       1516    1394    121     1
thr_0.6524      0.933   0.475   0.640   1555    2112    1351    760     1       1443    1351    91      1
thr_0.6594      0.931   0.465   0.620   1555    2112    1308    803     1       1399    1308    90      1
thr_0.6782      0.953   0.472   0.590   1530    2112    1245    866     1       1305    1245    59      1
thr_0.6922      0.959   0.477   0.568   1530    2112    1199    912     1       1249    1199    49      1
thr_0.7029      0.957   0.479   0.541   1530    2112    1142    969     1       1192    1142    49      1
thr_0.7071      0.955   0.482   0.522   1530    2112    1101    1010    1       1151    1101    49      1
thr_0.7142      0.960   0.475   0.499   1530    2112    1052    1059    1       1095    1052    42      1
thr_0.7314      0.962   0.470   0.473   1528    2112    999     1112    1       1038    999     38      1
thr_0.7333      0.963   0.470   0.461   1528    2112    973     1138    1       1010    973     36      1
thr_0.7513      0.967   0.461   0.427   1527    2112    901     1210    1       932     901     30      1
thr_0.7584      0.985   0.448   0.408   1525    2112    860     1251    1       874     860     13      1
thr_0.7749      0.986   0.456   0.378   1525    2112    797     1314    1       809     797     11      1
thr_0.7917      0.986   0.447   0.360   1525    2112    759     1352    1       771     759     11      1
thr_0.7924      0.985   0.459   0.341   1525    2112    719     1392    1       731     719     11      1
thr_0.7943      0.988   0.454   0.317   1525    2112    669     1442    1       678     669     8       1
thr_0.7970      0.989   0.449   0.299   1525    2112    630     1481    1       638     630     7       1
thr_0.8022      0.989   0.432   0.264   1525    2112    558     1554    0       564     558     6       0
thr_0.8090      0.988   0.404   0.241   1525    2112    510     1602    0       516     510     6       0
thr_0.8140      0.988   0.415   0.229   1525    2112    483     1629    0       489     483     6       0
thr_0.8189      0.986   0.402   0.202   1525    2112    427     1685    0       433     427     6       0
thr_0.8321      0.984   0.395   0.175   1525    2112    369     1743    0       375     369     6       0
thr_0.8347      0.988   0.376   0.164   1525    2112    346     1766    0       350     346     4       0
thr_0.8442      0.985   0.387   0.126   1525    2112    266     1846    0       270     266     4       0
thr_0.8591      0.991   0.406   0.102   1525    2112    216     1896    0       218     216     2       0
Computing metrics for class car...
Computed thresholds
 33%|███████████████████████████████████████████████████████████████████▎                                                                                                                                          | 49/150 [00:01<00:03, 2 35%|████████████████████████████████████████████████████████████████████████▊                                                                                                                                     | 53/150 [00:01<00:03, 2 37%|████████████████████████████████████████████████████████████████████████████▉                                                                                                                                 | 56/150 [00:01<00:03, 2 39%|█████████████████████████████████████████████████████████████████████████████████                                                                                                                             | 59/150 [00:02<00:03, 2 41%|█████████████████████████████████████████████████████████████████████████████████████▏                                                                                                                        | 62/150 [00:02<00:03, 2 43%|█████████████████████████████████████████████████████████████████████████████████████████▎                                                                                                                    | 65/150 [00:02<00:03, 2 45%|█████████████████████████████████████████████████████████████████████████████████████████████▍                                                                                                                | 68/150 [00:02<00:02, 2 47%|█████████████████████████████████████████████████████████████████████████████████████████████████▌                                                                                                            | 71/150 [00:02<00:02, 2 50%|███████████████████████████████████████████████████████████████████████████████████████████████████████                                                                                                       | 75/150 [00:02<00:02, 3 53%|████████████████████████████████████████████████████████████████████████████████████████████████████████████▍                                                                                                 | 79/150 [00:02<00:02, 2 55%|████████████████████████████████████████████████████████████████████████████████████████████████████████████████▌                                                                                             | 82/150 [00:02<00:02, 2 57%|████████████████████████████████████████████████████████████████████████████████████████████████████████████████████▋                                                                                         | 85/150 [00:02<00:02, 2 59%|████████████████████████████████████████████████████████████████████████████████████████████████████████████████████████▊                                                                                     | 88/150 [00:03<00:02, 2 61%|████████████████████████████████████████████████████████████████████████████████████████████████████████████████████████████▉                                                                                 | 91/150 [00:03<00:02, 2 63%|█████████████████████████████████████████████████████████████████████████████████████████████████████████████████████████████████                                                                             | 94/150 [00:03<00:02, 2 65%|█████████████████████████████████████████████████████████████████████████████████████████████████████████████████████████████████████▏                                                                        | 97/150 [00:03<00:02, 2 67%|████████████████████████████████████████████████████████████████████████████████████████████████████████████████████████████████████████▋                                                                    | 100/150 [00:03<00:01, 2 69%|████████████████████████████████████████████████████████████████████████████████████████████████████████████████████████████████████████████▊                                                                | 103/150 [00:03<00:01, 2 71%|████████████████████████████████████████████████████████████████████████████████████████████████████████████████████████████████████████████████▊                                                            | 106/150 [00:03<00:01, 2 73%|██████████████████████████████████████████████████████████████████████████████████████████████████████████████████████████████████████████████████████▎                                                      | 110/150 [00:03<00:01, 2 76%|███████████████████████████████████████████████████████████████████████████████████████████████████████████████████████████████████████████████████████████▊                                                 | 114/150 [00:04<00:01, 2 79%|█████████████████████████████████████████████████████████████████████████████████████████████████████████████████████████████████████████████████████████████████▎                                           | 118/150 [00:04<00:01, 2 81%|█████████████████████████████████████████████████████████████████████████████████████████████████████████████████████████████████████████████████████████████████████▎                                       | 121/150 [00:04<00:01, 2 83%|██████████████████████████████████████████████████████████████████████████████████████████████████████████████████████████████████████████████████████████████████████████▊                                  | 125/150 [00:04<00:00, 3 86%|████████████████████████████████████████████████████████████████████████████████████████████████████████████████████████████████████████████████████████████████████████████████▎                            | 129/150 [00:04<00:00, 2 88%|████████████████████████████████████████████████████████████████████████████████████████████████████████████████████████████████████████████████████████████████████████████████████▍                        | 132/150 [00:04<00:00, 2 90%|████████████████████████████████████████████████████████████████████████████████████████████████████████████████████████████████████████████████████████████████████████████████████████▌                    | 135/150 [00:04<00:00, 2 93%|█████████████████████████████████████████████████████████████████████████████████████████████████████████████████████████████████████████████████████████████████████████████████████████████▉               | 139/150 [00:04<00:00, 2 95%|██████████████████████████████████████████████████████████████████████████████████████████████████████████████████████████████████████████████████████████████████████████████████████████████████           | 142/150 [00:05<00:00, 2 97%|██████████████████████████████████████████████████████████████████████████████████████████████████████████████████████████████████████████████████████████████████████████████████████████████████████▏      | 145/150 [00:05<00:00, 2 99%|███████████████████████████████████████████████████████████████████████████████████████████████████████████████████████████████████████████████████████████████████████████████████████████████████████████▋ | 149/150 [00:05<00:00, 2                                                                                                                                                                                                                                                           MOTAR   MOTP    Recall  Frames  GT      GT-Mtch GT-Miss GT-IDS  Pred    Pred-TP Pred-FP Pred-IDS
thr_0.3100      0.680   0.288   0.846   5816    58317   48979   8959    379     65041   48979   15683   379
                MOTAR   MOTP    Recall  Frames  GT      GT-Mtch GT-Miss GT-IDS  Pred    Pred-TP Pred-FP Pred-IDS
thr_0.4212      0.777   0.278   0.824   5785    58317   47731   10265   321     58714   47731   10662   321
thr_0.4880      0.820   0.273   0.800   5767    58317   46383   11645   289     55005   46383   8333    289
thr_0.5242      0.843   0.268   0.777   5762    58317   45024   13029   264     52350   45024   7062    264
thr_0.5465      0.864   0.262   0.753   5760    58317   43673   14395   249     49865   43673   5943    249
thr_0.5614      0.875   0.257   0.730   5751    58317   42312   15767   238     47819   42312   5269    238
thr_0.5706      0.885   0.254   0.707   5747    58317   40978   17113   226     45923   40978   4719    226
thr_0.5789      0.891   0.252   0.683   5747    58317   39633   18468   216     44162   39633   4313    216
thr_0.5859      0.894   0.249   0.660   5747    58317   38288   19822   207     42537   38288   4042    207
thr_0.5929      0.898   0.247   0.637   5747    58317   36954   21165   198     40904   36954   3752    198
thr_0.5996      0.904   0.245   0.614   5747    58317   35589   22539   189     39208   35589   3430    189
thr_0.6050      0.908   0.244   0.590   5747    58317   34248   23883   186     37589   34248   3155    186
thr_0.6103      0.909   0.243   0.567   5747    58317   32891   25248   178     36070   32891   3001    178
thr_0.6152      0.911   0.241   0.544   5746    58317   31534   26607   176     34501   31534   2791    176
thr_0.6206      0.913   0.240   0.521   5745    58317   30190   27954   173     32976   30190   2613    173
thr_0.6264      0.918   0.238   0.498   5745    58317   28851   29295   171     31394   28851   2372    171
thr_0.6326      0.921   0.236   0.474   5745    58317   27482   30671   164     29808   27482   2162    164
thr_0.6369      0.922   0.235   0.451   5745    58317   26142   32015   160     28340   26142   2038    160
thr_0.6426      0.926   0.235   0.428   5745    58317   24798   33364   155     26781   24798   1828    155
thr_0.6483      0.929   0.233   0.405   5743    58317   23449   34719   149     25272   23449   1674    149
thr_0.6544      0.930   0.232   0.381   5743    58317   22084   36090   143     23766   22084   1539    143
thr_0.6606      0.931   0.231   0.358   5743    58317   20727   37451   139     22302   20727   1436    139
thr_0.6671      0.931   0.229   0.335   5743    58317   19382   38803   132     20842   19382   1328    132
thr_0.6731      0.933   0.227   0.311   5741    58317   18034   40157   126     19362   18034   1202    126
thr_0.6802      0.936   0.225   0.288   5739    58317   16687   41513   117     17870   16687   1066    117
thr_0.6872      0.938   0.223   0.265   5736    58317   15338   42871   108     16394   15338   948     108
thr_0.6974      0.941   0.221   0.242   5736    58317   13999   44218   100     14920   13999   821     100
thr_0.7066      0.944   0.220   0.218   5730    58317   12642   45587   88      13433   12642   703     88
thr_0.7181      0.947   0.222   0.195   5730    58317   11296   46945   76      11967   11296   595     76
thr_0.7307      0.952   0.219   0.172   5730    58317   9953    48299   65      10496   9953    478     65
thr_0.7454      0.959   0.217   0.149   5730    58317   8606    49655   56      9014    8606    352     56
thr_0.7589      0.960   0.218   0.125   5729    58317   7225    51045   47      7564    7225    292     47
thr_0.7721      0.965   0.214   0.101   5729    58317   5868    52411   38      6113    5868    207     38
Computing metrics for class motorcycle...
Computed thresholds
                MOTAR   MOTP    Recall  Frames  GT      GT-Mtch GT-Miss GT-IDS  Pred    Pred-TP Pred-FP Pred-IDS
thr_0.3274      0.000   0.309   0.688   2313    1977    1341    617     19      3001    1341    1641    19
thr_0.4698      0.552   0.297   0.665   1682    1977    1299    663     15      1896    1299    582     15
thr_0.5003      0.666   0.285   0.652   1561    1977    1276    688     13      1715    1276    426     13
thr_0.5553      0.751   0.287   0.621   1463    1977    1215    749     13      1531    1215    303     13
thr_0.5683      0.760   0.283   0.603   1455    1977    1180    784     13      1476    1180    283     13
thr_0.5803      0.767   0.286   0.577   1443    1977    1131    836     10      1404    1131    263     10
thr_0.6039      0.808   0.288   0.567   1396    1977    1110    857     10      1333    1110    213     10
thr_0.6098      0.812   0.280   0.539   1393    1977    1056    911     10      1265    1056    199     10
thr_0.6207      0.847   0.282   0.510   1382    1977    999     968     10      1162    999     153     10
thr_0.6210      0.842   0.284   0.491   1381    1977    960     1007    10      1122    960     152     10
thr_0.6279      0.870   0.272   0.464   1349    1977    909     1060    8       1035    909     118     8
thr_0.6314      0.878   0.275   0.446   1342    1977    875     1095    7       989     875     107     7
thr_0.6342      0.876   0.279   0.424   1342    1977    832     1138    7       942     832     103     7
thr_0.6368      0.876   0.264   0.400   1340    1977    784     1186    7       888     784     97      7
thr_0.6494      0.874   0.265   0.370   1339    1977    724     1246    7       822     724     91      7
thr_0.6523      0.886   0.261   0.357   1331    1977    700     1271    6       786     700     80      6
thr_0.6598      0.880   0.268   0.332   1331    1977    651     1321    5       734     651     78      5
thr_0.6699      0.880   0.241   0.297   1329    1977    583     1390    4       657     583     70      4
thr_0.6778      0.875   0.240   0.269   1329    1977    528     1445    4       598     528     66      4
thr_0.6790      0.866   0.246   0.251   1329    1977    492     1481    4       562     492     66      4
thr_0.6862      0.871   0.259   0.221   1319    1977    433     1540    4       493     433     56      4
thr_0.6923      0.875   0.258   0.200   1315    1977    392     1581    4       445     392     49      4
thr_0.7013      0.880   0.253   0.183   1312    1977    358     1615    4       405     358     43      4
thr_0.7088      0.860   0.254   0.153   1312    1977    300     1675    2       344     300     42      2
thr_0.7145      0.842   0.264   0.129   1310    1977    253     1722    2       295     253     40      2
thr_0.7214      0.838   0.233   0.110   1306    1977    216     1759    2       253     216     35      2
Computing metrics for class pedestrian...
 66%|███████████████████████████████████████████████████████████████████████████████████████████████████████████████████████████████████████▉                                                                      | 99/150 [00:12<00:05,   67%|████████████████████████████████████████████████████████████████████████████████████████████████████████████████████████████████████████▋                                                                    | 100/150 [00:12<00:05,   67%|██████████████████████████████████████████████████████████████████████████████████████████████████████████████████████████████████████████                                                                   | 101/150 [00:12<00:06,   68%|███████████████████████████████████████████████████████████████████████████████████████████████████████████████████████████████████████████▍                                                                 | 102/150 [00:12<00:06,   69%|████████████████████████████████████████████████████████████████████████████████████████████████████████████████████████████████████████████▊                                                                | 103/150 [00:13<00:06,   69%|██████████████████████████████████████████████████████████████████████████████████████████████████████████████████████████████████████████████▏                                                              | 104/150 [00:13<00:06,   71%|████████████████████████████████████████████████████████████████████████████████████████████████████████████████████████████████████████████████▊                                                            | 106/150 [00:13<00:04,   71%|██████████████████████████████████████████████████████████████████████████████████████████████████████████████████████████████████████████████████▏                                                          | 107/150 [00:13<00:04,   72%|███████████████████████████████████████████████████████████████████████████████████████████████████████████████████████████████████████████████████▌                                                         | 108/150 [00:13<00:04,   73%|██████████████████████████████████████████████████████████████████████████████████████████████████████████████████████████████████████████████████████▎                                                      | 110/150 [00:13<00:04,   74%|███████████████████████████████████████████████████████████████████████████████████████████████████████████████████████████████████████████████████████▋                                                     | 111/150 [00:13<00:04,   75%|██████████████████████████████████████████████████████████████████████████████████████████████████████████████████████████████████████████████████████████▍                                                  | 113/150 [00:14<00:04,   76%|███████████████████████████████████████████████████████████████████████████████████████████████████████████████████████████████████████████████████████████▊                                                 | 114/150 [00:14<00:04,   77%|██████████████████████████████████████████████████████████████████████████████████████████████████████████████████████████████████████████████████████████████▌                                              | 116/150 [00:14<00:04,   79%|█████████████████████████████████████████████████████████████████████████████████████████████████████████████████████████████████████████████████████████████████▎                                           | 118/150 [00:14<00:03,   80%|████████████████████████████████████████████████████████████████████████████████████████████████████████████████████████████████████████████████████████████████████                                         | 120/150 [00:14<00:03,   81%|█████████████████████████████████████████████████████████████████████████████████████████████████████████████████████████████████████████████████████████████████████▎                                       | 121/150 [00:15<00:03,   81%|██████████████████████████████████████████████████████████████████████████████████████████████████████████████████████████████████████████████████████████████████████▋                                      | 122/150 [00:15<00:04,   82%|████████████████████████████████████████████████████████████████████████████████████████████████████████████████████████████████████████████████████████████████████████                                     | 123/150 [00:15<00:03,   84%|████████████████████████████████████████████████████████████████████████████████████████████████████████████████████████████████████████████████████████████████████████████▏                                | 126/150 [00:15<00:02,   86%|████████████████████████████████████████████████████████████████████████████████████████████████████████████████████████████████████████████████████████████████████████████████▎                            | 129/150 [00:15<00:01, 1 87%|███████████████████████████████████████████████████████████████████████████████████████████████████████████████████████████████████████████████████████████████████████████████████                          | 131/150 [00:16<00:01, 1 89%|█████████████████████████████████████████████████████████████████████████████████████████████████████████████████████████████████████████████████████████████████████████████████████▊                       | 133/150 [00:16<00:01,   90%|████████████████████████████████████████████████████████████████████████████████████████████████████████████████████████████████████████████████████████████████████████████████████████▌                    | 135/150 [00:16<00:01,   91%|█████████████████████████████████████████████████████████████████████████████████████████████████████████████████████████████████████████████████████████████████████████████████████████▊                   | 136/150 [00:16<00:01,   92%|████████████████████████████████████████████████████████████████████████████████████████████████████████████████████████████████████████████████████████████████████████████████████████████▌                | 138/150 [00:16<00:01,   93%|█████████████████████████████████████████████████████████████████████████████████████████████████████████████████████████████████████████████████████████████████████████████████████████████▉               | 139/150 [00:16<00:01,   94%|████████████████████████████████████████████████████████████████████████████████████████████████████████████████████████████████████████████████████████████████████████████████████████████████▋            | 141/150 [00:17<00:00,   96%|████████████████████████████████████████████████████████████████████████████████████████████████████████████████████████████████████████████████████████████████████████████████████████████████████▊        | 144/150 [00:17<00:00, 1 97%|███████████████████████████████████████████████████████████████████████████████████████████████████████████████████████████████████████████████████████████████████████████████████████████████████████▌     | 146/150 [00:17<00:00, 1 99%|██████████████████████████████████████████████████████████████████████████████████████████████████████████████████████████████████████████████████████████████████████████████████████████████████████████▎  | 148/150 [00:17<00:00, 1100%|█████████████████████████████████████████████████████████████████████████████████████████████████████████████████████████████████████████████████████████████████████████████████████████████████████████████| 150/150 [00:17<00:00, 1                                                                                                                                                                                                                                           Computed thresholds
                MOTAR   MOTP    Recall  Frames  GT      GT-Mtch GT-Miss GT-IDS  Pred    Pred-TP Pred-FP Pred-IDS
thr_0.4582      0.763   0.316   0.872   4549    25423   21965   3246    212     27373   21965   5196    212
thr_0.5568      0.816   0.312   0.852   4453    25423   21471   3771    181     25594   21471   3942    181
thr_0.5894      0.835   0.308   0.830   4427    25423   20929   4328    166     24555   20929   3460    166
thr_0.6055      0.851   0.308   0.809   4409    25423   20405   4866    152     23602   20405   3045    152
thr_0.6166      0.864   0.312   0.787   4400    25423   19861   5422    140     22707   19861   2706    140
thr_0.6271      0.874   0.308   0.764   4382    25423   19307   5988    128     21869   19307   2434    128
thr_0.6343      0.880   0.302   0.742   4377    25423   18744   6555    124     21113   18744   2245    124
thr_0.6389      0.880   0.301   0.720   4377    25423   18187   7123    113     20474   18187   2174    113
thr_0.6441      0.887   0.301   0.697   4344    25423   17610   7712    101     19706   17610   1995    101
thr_0.6482      0.892   0.302   0.673   4320    25423   17020   8305    98      18963   17020   1845    98
thr_0.6527      0.892   0.302   0.650   4318    25423   16434   8896    93      18310   16434   1783    93
thr_0.6574      0.896   0.299   0.627   4306    25423   15840   9495    88      17571   15840   1643    88
thr_0.6613      0.900   0.298   0.603   4299    25423   15254   10088   81      16859   15254   1524    81
thr_0.6646      0.902   0.298   0.581   4299    25423   14703   10643   77      16222   14703   1442    77
thr_0.6684      0.905   0.298   0.558   4299    25423   14103   11249   71      15520   14103   1346    71
thr_0.6714      0.911   0.300   0.534   4283    25423   13511   11844   68      14782   13511   1203    68
thr_0.6767      0.916   0.299   0.510   4282    25423   12893   12466   64      14038   12893   1081    64
thr_0.6805      0.916   0.300   0.487   4282    25423   12310   13051   62      13411   12310   1039    62
thr_0.6844      0.916   0.299   0.463   4280    25423   11722   13643   58      12770   11722   990     58
thr_0.6885      0.919   0.297   0.439   4268    25423   11100   14269   54      12053   11100   899     54
thr_0.6925      0.919   0.298   0.416   4268    25423   10527   14846   50      11425   10527   848     50
thr_0.6982      0.926   0.298   0.392   4266    25423   9930    15445   48      10711   9930    733     48
thr_0.7019      0.926   0.297   0.369   4266    25423   9326    16051   46      10063   9326    691     46
thr_0.7074      0.926   0.301   0.345   4264    25423   8725    16653   45      9419    8725    649     45
thr_0.7134      0.928   0.302   0.321   4263    25423   8126    17258   39      8749    8126    584     39
thr_0.7179      0.927   0.303   0.299   4255    25423   7562    17823   38      8151    7562    551     38
thr_0.7229      0.934   0.305   0.275   4251    25423   6964    18423   36      7460    6964    460     36
thr_0.7294      0.937   0.291   0.250   4251    25423   6317    19078   28      6740    6317    395     28
thr_0.7363      0.937   0.283   0.226   4251    25423   5720    19678   25      6106    5720    361     25
thr_0.7429      0.945   0.286   0.202   4248    25423   5125    20279   19      5426    5125    282     19
thr_0.7496      0.955   0.298   0.179   4248    25423   4538    20867   18      4758    4538    202     18
thr_0.7575      0.968   0.299   0.154   4248    25423   3910    21500   13      4048    3910    125     13
thr_0.7649      0.971   0.299   0.129   4248    25423   3274    22137   12      3380    3274    94      12
thr_0.7716      0.970   0.286   0.106   4247    25423   2693    22721   9       2782    2693    80      9
Computing metrics for class trailer...
Computed thresholds
                MOTAR   MOTP    Recall  Frames  GT      GT-Mtch GT-Miss GT-IDS  Pred    Pred-TP Pred-FP Pred-IDS
thr_0.3423      0.291   0.642   0.659   1347    2425    1594    826     5       2729    1594    1130    5
thr_0.4363      0.450   0.636   0.644   1209    2425    1559    864     2       2419    1559    858     2
thr_0.4847      0.543   0.630   0.614   1153    2425    1487    937     1       2168    1487    680     1
thr_0.4896      0.537   0.612   0.586   1146    2425    1420    1004    1       2079    1420    658     1
thr_0.5070      0.541   0.586   0.563   1129    2425    1365    1059    1       1992    1365    626     1
thr_0.5415      0.635   0.586   0.546   1097    2425    1323    1101    1       1807    1323    483     1
thr_0.5659      0.698   0.578   0.518   1083    2425    1254    1170    1       1634    1254    379     1
thr_0.5693      0.685   0.576   0.492   1083    2425    1193    1231    1       1570    1193    376     1
thr_0.5798      0.698   0.580   0.471   1065    2425    1142    1282    1       1488    1142    345     1
thr_0.5811      0.696   0.572   0.449   1064    2425    1089    1335    1       1421    1089    331     1
thr_0.5950      0.713   0.569   0.428   1040    2425    1036    1388    1       1334    1036    297     1
thr_0.6094      0.737   0.576   0.405   1015    2425    981     1444    0       1239    981     258     0
thr_0.6192      0.774   0.577   0.381   1002    2425    925     1500    0       1134    925     209     0
thr_0.6219      0.764   0.570   0.365   1002    2425    886     1539    0       1095    886     209     0
thr_0.6260      0.752   0.555   0.342   1002    2425    829     1596    0       1035    829     206     0
thr_0.6390      0.769   0.560   0.310   1002    2425    752     1673    0       926     752     174     0
thr_0.6474      0.759   0.576   0.288   1002    2425    698     1727    0       866     698     168     0
thr_0.6560      0.761   0.550   0.264   1002    2425    641     1784    0       794     641     153     0
thr_0.6737      0.775   0.549   0.251   995     2425    608     1817    0       745     608     137     0
thr_0.6798      0.768   0.520   0.216   995     2425    525     1900    0       647     525     122     0
thr_0.7085      0.761   0.489   0.198   995     2425    481     1944    0       596     481     115     0
thr_0.7329      0.880   0.506   0.176   980     2425    426     1999    0       477     426     51      0
thr_0.7623      0.932   0.452   0.152   973     2425    369     2056    0       394     369     25      0
thr_0.7730      0.924   0.493   0.135   973     2425    328     2097    0       353     328     25      0
thr_0.7776      0.931   0.478   0.107   973     2425    260     2165    0       278     260     18      0
Computing metrics for class truck...
Computed thresholds
                MOTAR   MOTP    Recall  Frames  GT      GT-Mtch GT-Miss GT-IDS  Pred    Pred-TP Pred-FP Pred-IDS
thr_0.3414      0.359   0.389   0.818   4276    9650    7872    1759    19      12934   7872    5043    19
thr_0.4190      0.597   0.389   0.795   4058    9650    7655    1978    17      10758   7655    3086    17
thr_0.4485      0.657   0.386   0.773   3981    9650    7444    2190    16      10011   7444    2551    16
thr_0.4659      0.690   0.380   0.749   3930    9650    7211    2424    15      9458    7211    2232    15
thr_0.4806      0.727   0.377   0.728   3891    9650    7010    2626    14      8938    7010    1914    14
thr_0.4922      0.743   0.374   0.703   3889    9650    6769    2868    13      8524    6769    1742    13
thr_0.5006      0.757   0.371   0.682   3867    9650    6569    3071    10      8177    6569    1598    10
thr_0.5060      0.760   0.368   0.656   3864    9650    6320    3321    9       7843    6320    1514    9
thr_0.5109      0.760   0.368   0.632   3859    9650    6092    3549    9       7562    6092    1461    9
thr_0.5165      0.765   0.366   0.610   3841    9650    5885    3759    6       7273    5885    1382    6
thr_0.5228      0.765   0.362   0.588   3817    9650    5669    3977    4       7008    5669    1335    4
thr_0.5310      0.768   0.363   0.564   3783    9650    5441    4205    4       6710    5441    1265    4
thr_0.5389      0.785   0.361   0.540   3760    9650    5206    4441    3       6330    5206    1121    3
thr_0.5447      0.803   0.360   0.518   3743    9650    4995    4653    2       5982    4995    985     2
thr_0.5540      0.814   0.359   0.495   3716    9650    4773    4875    2       5663    4773    888     2
thr_0.5619      0.836   0.359   0.471   3681    9650    4539    5109    2       5287    4539    746     2
thr_0.5674      0.841   0.362   0.447   3681    9650    4316    5332    2       5003    4316    685     2
thr_0.5720      0.847   0.359   0.424   3680    9650    4093    5555    2       4723    4093    628     2
thr_0.5792      0.857   0.358   0.401   3646    9650    3872    5776    2       4429    3872    555     2
thr_0.5861      0.859   0.353   0.380   3646    9650    3661    5987    2       4180    3661    517     2
thr_0.5967      0.861   0.355   0.355   3631    9650    3428    6220    2       3905    3428    475     2
thr_0.6023      0.876   0.343   0.333   3621    9650    3214    6434    2       3615    3214    399     2
thr_0.6108      0.875   0.340   0.308   3619    9650    2976    6673    1       3349    2976    372     1
thr_0.6183      0.874   0.341   0.288   3619    9650    2776    6873    1       3127    2776    350     1
thr_0.6270      0.883   0.338   0.262   3588    9650    2532    7117    1       2830    2532    297     1
thr_0.6318      0.872   0.333   0.239   3588    9650    2307    7342    1       2604    2307    296     1
thr_0.6402      0.872   0.343   0.217   3577    9650    2089    7560    1       2358    2089    268     1
thr_0.6494      0.861   0.351   0.193   3577    9650    1867    7783    0       2126    1867    259     0
thr_0.6606      0.895   0.360   0.170   3577    9650    1645    8005    0       1817    1645    172     0
thr_0.6674      0.911   0.343   0.148   3575    9650    1429    8221    0       1556    1429    127     0
thr_0.6843      0.940   0.345   0.126   3573    9650    1219    8431    0       1292    1219    73      0
thr_0.7010      0.983   0.336   0.103   3568    9650    998     8652    0       1015    998     17      0
Calculating metrics...
Saving metrics to: /root/autodl-tmp/results/nuscenes/nuscenes/20260608_154906/eval_result/

### Final results ###

Per-class results:
                AMOTA   AMOTP   RECALL  MOTAR   GT      MOTA    MOTP    MT      ML      FAF     TP      FP      FN      IDS     FRAG    TID     LGD
bicycle         0.375   0.969   0.477   0.595   1993    0.284   0.200   33      73      24.5    951     385     1042    0       2       1.81    1.91
bus             0.777   0.730   0.781   0.861   2112    0.670   0.516   63      16      14.0    1643    228     463     6       35      0.58    1.12
car             0.746   0.548   0.800   0.820   58317   0.652   0.273   2339    829     144.5   46383   8333    11645   289     221     0.53    0.80
motorcy         0.518   0.875   0.621   0.751   1977    0.461   0.287   48      39      20.7    1215    303     749     13      12      1.56    1.99
pedestr         0.770   0.555   0.852   0.816   25423   0.689   0.312   1195    263     88.5    21471   3942    3771    181     139     0.47    0.67
trailer         0.444   1.100   0.518   0.698   2425    0.361   0.578   55      66      35.0    1254    379     1170    1       10      0.66    1.19
truck           0.642   0.687   0.728   0.727   9650    0.528   0.377   302     166     49.2    7010    1914    2626    14      37      0.58    0.86

Aggregated results:
AMOTA   0.610
AMOTP   0.781
RECALL  0.682
MOTAR   0.753
GT      14556
MOTA    0.521
MOTP    0.363
MT      4035
ML      1452
FAF     53.8
TP      79927
FP      15484
FN      21466
IDS     504
FRAG    456
TID     0.89
LGD     1.22
Eval time: 2928.5s

Rendering curves
Elapsed time: 4182.112684726715 seconds